<?xml version="1.0" encoding="UTF-8"?>
<testsuite xmlns:xsi="http://www.w3.org/2001/XMLSchema-instance" xsi:noNamespaceSchemaLocation="https://maven.apache.org/surefire/maven-surefire-plugin/xsd/surefire-test-report-3.0.xsd" version="3.0" name="com.itranswarp.summer.context.AnnotationConfigApplicationContextTest" time="0.346" tests="10" errors="0" skipped="0" failures="0">
  <properties>
    <property name="java.specification.version" value="18"/>
    <property name="sun.cpu.isalist" value="amd64"/>
    <property name="sun.jnu.encoding" value="GBK"/>
    <property name="java.class.path" value="D:\Codes\Projects\summer\summer_framework\Summer_Framework\target\test-classes;D:\Codes\Projects\summer\summer_framework\Summer_Framework\target\classes;D:\Code\Maven\maven_repository\jakarta\annotation\jakarta.annotation-api\2.1.1\jakarta.annotation-api-2.1.1.jar;D:\Code\Maven\maven_repository\org\slf4j\slf4j-api\2.0.7\slf4j-api-2.0.7.jar;D:\Code\Maven\maven_repository\ch\qos\logback\logback-classic\1.4.6\logback-classic-1.4.6.jar;D:\Code\Maven\maven_repository\ch\qos\logback\logback-core\1.4.6\logback-core-1.4.6.jar;D:\Code\Maven\maven_repository\org\yaml\snakeyaml\2.0\snakeyaml-2.0.jar;D:\Code\Maven\maven_repository\org\junit\jupiter\junit-jupiter\5.9.2\junit-jupiter-5.9.2.jar;D:\Code\Maven\maven_repository\org\junit\jupiter\junit-jupiter-api\5.9.2\junit-jupiter-api-5.9.2.jar;D:\Code\Maven\maven_repository\org\opentest4j\opentest4j\1.2.0\opentest4j-1.2.0.jar;D:\Code\Maven\maven_repository\org\junit\platform\junit-platform-commons\1.9.2\junit-platform-commons-1.9.2.jar;D:\Code\Maven\maven_repository\org\apiguardian\apiguardian-api\1.1.2\apiguardian-api-1.1.2.jar;D:\Code\Maven\maven_repository\org\junit\jupiter\junit-jupiter-params\5.9.2\junit-jupiter-params-5.9.2.jar;D:\Code\Maven\maven_repository\org\junit\jupiter\junit-jupiter-engine\5.9.2\junit-jupiter-engine-5.9.2.jar;D:\Code\Maven\maven_repository\org\junit\platform\junit-platform-engine\1.9.2\junit-platform-engine-1.9.2.jar;D:\Code\Maven\maven_repository\net\bytebuddy\byte-buddy\1.14.2\byte-buddy-1.14.2.jar;D:\Code\Maven\maven_repository\com\zaxxer\HikariCP\5.0.1\HikariCP-5.0.1.jar;D:\Code\Maven\maven_repository\org\xerial\sqlite-jdbc\3.41.2.2\sqlite-jdbc-3.41.2.2.jar;D:\Code\Maven\maven_repository\jakarta\servlet\jakarta.servlet-api\6.0.0\jakarta.servlet-api-6.0.0.jar;"/>
    <property name="java.vm.vendor" value="Oracle Corporation"/>
    <property name="sun.arch.data.model" value="64"/>
    <property name="user.variant" value=""/>
    <property name="java.vendor.url" value="https://java.oracle.com/"/>
    <property name="user.timezone" value="Asia/Shanghai"/>
    <property name="os.name" value="Windows 10"/>
    <property name="java.vm.specification.version" value="18"/>
    <property name="sun.java.launcher" value="SUN_STANDARD"/>
    <property name="user.country" value="CN"/>
    <property name="sun.boot.library.path" value="D:\Code\jdk-18\bin"/>
    <property name="sun.java.command" value="C:\Users\Gundam\AppData\Local\Temp\surefire8140604588398297323\surefirebooter-20230817132933096_3.jar C:\Users\Gundam\AppData\Local\Temp\surefire8140604588398297323 2023-08-17T13-29-32_746-jvmRun1 surefire-20230817132933096_1tmp surefire_0-20230817132933096_2tmp"/>
    <property name="jdk.debug" value="release"/>
    <property name="surefire.test.class.path" value="D:\Codes\Projects\summer\summer_framework\Summer_Framework\target\test-classes;D:\Codes\Projects\summer\summer_framework\Summer_Framework\target\classes;D:\Code\Maven\maven_repository\jakarta\annotation\jakarta.annotation-api\2.1.1\jakarta.annotation-api-2.1.1.jar;D:\Code\Maven\maven_repository\org\slf4j\slf4j-api\2.0.7\slf4j-api-2.0.7.jar;D:\Code\Maven\maven_repository\ch\qos\logback\logback-classic\1.4.6\logback-classic-1.4.6.jar;D:\Code\Maven\maven_repository\ch\qos\logback\logback-core\1.4.6\logback-core-1.4.6.jar;D:\Code\Maven\maven_repository\org\yaml\snakeyaml\2.0\snakeyaml-2.0.jar;D:\Code\Maven\maven_repository\org\junit\jupiter\junit-jupiter\5.9.2\junit-jupiter-5.9.2.jar;D:\Code\Maven\maven_repository\org\junit\jupiter\junit-jupiter-api\5.9.2\junit-jupiter-api-5.9.2.jar;D:\Code\Maven\maven_repository\org\opentest4j\opentest4j\1.2.0\opentest4j-1.2.0.jar;D:\Code\Maven\maven_repository\org\junit\platform\junit-platform-commons\1.9.2\junit-platform-commons-1.9.2.jar;D:\Code\Maven\maven_repository\org\apiguardian\apiguardian-api\1.1.2\apiguardian-api-1.1.2.jar;D:\Code\Maven\maven_repository\org\junit\jupiter\junit-jupiter-params\5.9.2\junit-jupiter-params-5.9.2.jar;D:\Code\Maven\maven_repository\org\junit\jupiter\junit-jupiter-engine\5.9.2\junit-jupiter-engine-5.9.2.jar;D:\Code\Maven\maven_repository\org\junit\platform\junit-platform-engine\1.9.2\junit-platform-engine-1.9.2.jar;D:\Code\Maven\maven_repository\net\bytebuddy\byte-buddy\1.14.2\byte-buddy-1.14.2.jar;D:\Code\Maven\maven_repository\com\zaxxer\HikariCP\5.0.1\HikariCP-5.0.1.jar;D:\Code\Maven\maven_repository\org\xerial\sqlite-jdbc\3.41.2.2\sqlite-jdbc-3.41.2.2.jar;D:\Code\Maven\maven_repository\jakarta\servlet\jakarta.servlet-api\6.0.0\jakarta.servlet-api-6.0.0.jar;"/>
    <property name="sun.cpu.endian" value="little"/>
    <property name="user.home" value="C:\Users\Gundam"/>
    <property name="user.language" value="zh"/>
    <property name="java.specification.vendor" value="Oracle Corporation"/>
    <property name="java.version.date" value="2022-08-18"/>
    <property name="java.home" value="D:\Code\jdk-18"/>
    <property name="file.separator" value="\"/>
    <property name="basedir" value="D:\Codes\Projects\summer\summer_framework\Summer_Framework"/>
    <property name="java.vm.compressedOopsMode" value="Zero based"/>
    <property name="line.separator" value="&#10;"/>
    <property name="java.vm.specification.vendor" value="Oracle Corporation"/>
    <property name="java.specification.name" value="Java Platform API Specification"/>
    <property name="surefire.real.class.path" value="C:\Users\Gundam\AppData\Local\Temp\surefire8140604588398297323\surefirebooter-20230817132933096_3.jar"/>
    <property name="user.script" value=""/>
    <property name="sun.management.compiler" value="HotSpot 64-Bit Tiered Compilers"/>
    <property name="java.runtime.version" value="18.0.2.1+1-1"/>
    <property name="user.name" value="Gundam"/>
    <property name="path.separator" value=";"/>
    <property name="os.version" value="10.0"/>
    <property name="java.runtime.name" value="Java(TM) SE Runtime Environment"/>
    <property name="file.encoding" value="UTF-8"/>
    <property name="java.vm.name" value="Java HotSpot(TM) 64-Bit Server VM"/>
    <property name="localRepository" value="D:\Code\Maven\maven_repository"/>
    <property name="java.vendor.url.bug" value="https://bugreport.java.com/bugreport/"/>
    <property name="java.io.tmpdir" value="C:\Users\Gundam\AppData\Local\Temp\"/>
    <property name="idea.version" value="2022.2.2"/>
    <property name="java.version" value="18.0.2.1"/>
    <property name="user.dir" value="D:\Codes\Projects\summer\summer_framework\Summer_Framework"/>
    <property name="os.arch" value="amd64"/>
    <property name="java.vm.specification.name" value="Java Virtual Machine Specification"/>
    <property name="sun.os.patch.level" value=""/>
    <property name="native.encoding" value="GBK"/>
    <property name="java.library.path" value="D:\Code\jdk-18\bin;C:\Windows\Sun\Java\bin;C:\Windows\system32;C:\Windows;C:\Windows;D:\Code\jdk-18\bin;D:\Code\jdk-18\jre\bin;C:\Program Files\Common Files\Oracle\Java\javapath;C:\Windows\system32;C:\Windows\System32\Wbem;C:\Windows\System32\WindowsPowerShell\v1.0\;C:\Windows\System32\OpenSSH\;D:\Applications1\computer\Bandizip\;C:\Program Files\NVIDIA Corporation\NVIDIA NvDLISR;C:\Program Files (x86)\NVIDIA Corporation\PhysX\Common;D:\Code\jdk-18;D:\Code\oracle\Ora10InstantClient;D:\Applications1\code\MySQL\bin;D:\Code\Maven\apache-maven-3.8.6\bin;D:\Code\Node.js\;D:\Applications1\code\Git\cmd;D:\Applications1\code\微信web开发者工具\dll;C:\Program Files\TortoiseGit\bin;C:\Program Files\Asiainfo Security\AisEsmAgent\atom_plugins\base_plugin;C:\Users\Gundam\AppData\Local\Programs\Python\Python311\Scripts\;C:\Users\Gundam\AppData\Local\Programs\Python\Python311\;C:\Users\Gundam\AppData\Local\Microsoft\WindowsApps;D:\Applications1\code\idea\IntelliJ IDEA 2022.2.1\bin;;D:\Applications1\code\vscode\Microsoft VS Code\bin;C:\Users\Gundam\AppData\Roaming\npm;D:\Applications1\code\webstorm\WebStorm 2022.3.2\bin;;D:\Applications1\play\QQgame\Hall.57975\;."/>
    <property name="java.vm.info" value="mixed mode, sharing"/>
    <property name="java.vendor" value="Oracle Corporation"/>
    <property name="java.vm.version" value="18.0.2.1+1-1"/>
    <property name="sun.io.unicode.encoding" value="UnicodeLittle"/>
    <property name="java.class.version" value="62.0"/>
  </properties>
  <testcase name="testAnnotationConfigApplicationContext" classname="com.itranswarp.summer.context.AnnotationConfigApplicationContextTest" time="0.139">
    <system-out><![CDATA[13:29:35.502 [main] DEBUG com.gaoda.io.PropertyResolver -- PropertyResolver: =:: = ::\
13:29:35.502 [main] DEBUG com.gaoda.io.PropertyResolver -- PropertyResolver: =D: = D:\Codes\Projects\summer\summer_framework\Summer_Framework
13:29:35.502 [main] DEBUG com.gaoda.io.PropertyResolver -- PropertyResolver: ALLUSERSPROFILE = C:\ProgramData
13:29:35.502 [main] DEBUG com.gaoda.io.PropertyResolver -- PropertyResolver: APPDATA = C:\Users\Gundam\AppData\Roaming
13:29:35.502 [main] DEBUG com.gaoda.io.PropertyResolver -- PropertyResolver: CLASSPATH = .;D:\Code\jdk-18\lib;D:\Code\jdk-18\lib\tools.jar
13:29:35.502 [main] DEBUG com.gaoda.io.PropertyResolver -- PropertyResolver: COMMONPROGRAMFILES = C:\Program Files\Common Files
13:29:35.502 [main] DEBUG com.gaoda.io.PropertyResolver -- PropertyResolver: COMMONPROGRAMFILES(X86) = C:\Program Files (x86)\Common Files
13:29:35.502 [main] DEBUG com.gaoda.io.PropertyResolver -- PropertyResolver: COMMONPROGRAMW6432 = C:\Program Files\Common Files
13:29:35.502 [main] DEBUG com.gaoda.io.PropertyResolver -- PropertyResolver: COMPUTERNAME = DESKTOP-HR12F04
13:29:35.502 [main] DEBUG com.gaoda.io.PropertyResolver -- PropertyResolver: COMSPEC = C:\Windows\system32\cmd.exe
13:29:35.502 [main] DEBUG com.gaoda.io.PropertyResolver -- PropertyResolver: DRIVERDATA = C:\Windows\System32\Drivers\DriverData
13:29:35.502 [main] DEBUG com.gaoda.io.PropertyResolver -- PropertyResolver: FPS_BROWSER_APP_PROFILE_STRING = Internet Explorer
13:29:35.502 [main] DEBUG com.gaoda.io.PropertyResolver -- PropertyResolver: FPS_BROWSER_USER_PROFILE_STRING = Default
13:29:35.502 [main] DEBUG com.gaoda.io.PropertyResolver -- PropertyResolver: HOMEDRIVE = C:
13:29:35.502 [main] DEBUG com.gaoda.io.PropertyResolver -- PropertyResolver: HOMEPATH = \Users\Gundam
13:29:35.502 [main] DEBUG com.gaoda.io.PropertyResolver -- PropertyResolver: IDEA_INITIAL_DIRECTORY = D:\Applications1\code\idea\IntelliJ IDEA 2022.2.1\bin
13:29:35.502 [main] DEBUG com.gaoda.io.PropertyResolver -- PropertyResolver: INTELLIJ IDEA = D:\Applications1\code\idea\IntelliJ IDEA 2022.2.1\bin;
13:29:35.502 [main] DEBUG com.gaoda.io.PropertyResolver -- PropertyResolver: JAVA18_HOME = D:\Code\jdk-18
13:29:35.502 [main] DEBUG com.gaoda.io.PropertyResolver -- PropertyResolver: JAVA8_HOME = D:\Code\jdk-8
13:29:35.502 [main] DEBUG com.gaoda.io.PropertyResolver -- PropertyResolver: JAVA_HOME = D:\Code\jdk-18
13:29:35.502 [main] DEBUG com.gaoda.io.PropertyResolver -- PropertyResolver: LOCALAPPDATA = C:\Users\Gundam\AppData\Local
13:29:35.502 [main] DEBUG com.gaoda.io.PropertyResolver -- PropertyResolver: LOGONSERVER = \\DESKTOP-HR12F04
13:29:35.502 [main] DEBUG com.gaoda.io.PropertyResolver -- PropertyResolver: MAVEN_HOME = D:\Code\Maven\apache-maven-3.8.6
13:29:35.502 [main] DEBUG com.gaoda.io.PropertyResolver -- PropertyResolver: NLS_LANG = SIMPLIFIED CHINESE_CHINA.ZHS16GBK
13:29:35.502 [main] DEBUG com.gaoda.io.PropertyResolver -- PropertyResolver: NUMBER_OF_PROCESSORS = 16
13:29:35.502 [main] DEBUG com.gaoda.io.PropertyResolver -- PropertyResolver: ONEDRIVE = C:\Users\Gundam\OneDrive
13:29:35.502 [main] DEBUG com.gaoda.io.PropertyResolver -- PropertyResolver: OPENSSL_IA32CAP = ~0x200000200000000
13:29:35.502 [main] DEBUG com.gaoda.io.PropertyResolver -- PropertyResolver: ORACLE_HOME = D:\Code\oracle\Ora10InstantClient
13:29:35.502 [main] DEBUG com.gaoda.io.PropertyResolver -- PropertyResolver: OS = Windows_NT
13:29:35.502 [main] DEBUG com.gaoda.io.PropertyResolver -- PropertyResolver: PATH = C:\Windows;D:\Code\jdk-18\bin;D:\Code\jdk-18\jre\bin;C:\Program Files\Common Files\Oracle\Java\javapath;C:\Windows\system32;C:\Windows\System32\Wbem;C:\Windows\System32\WindowsPowerShell\v1.0\;C:\Windows\System32\OpenSSH\;D:\Applications1\computer\Bandizip\;C:\Program Files\NVIDIA Corporation\NVIDIA NvDLISR;C:\Program Files (x86)\NVIDIA Corporation\PhysX\Common;D:\Code\jdk-18;D:\Code\oracle\Ora10InstantClient;D:\Applications1\code\MySQL\bin;D:\Code\Maven\apache-maven-3.8.6\bin;D:\Code\Node.js\;D:\Applications1\code\Git\cmd;D:\Applications1\code\微信web开发者工具\dll;C:\Program Files\TortoiseGit\bin;C:\Program Files\Asiainfo Security\AisEsmAgent\atom_plugins\base_plugin;C:\Users\Gundam\AppData\Local\Programs\Python\Python311\Scripts\;C:\Users\Gundam\AppData\Local\Programs\Python\Python311\;C:\Users\Gundam\AppData\Local\Microsoft\WindowsApps;D:\Applications1\code\idea\IntelliJ IDEA 2022.2.1\bin;;D:\Applications1\code\vscode\Microsoft VS Code\bin;C:\Users\Gundam\AppData\Roaming\npm;D:\Applications1\code\webstorm\WebStorm 2022.3.2\bin;;D:\Applications1\play\QQgame\Hall.57975\
13:29:35.503 [main] DEBUG com.gaoda.io.PropertyResolver -- PropertyResolver: PATHEXT = .COM;.EXE;.BAT;.CMD;.VBS;.VBE;.JS;.JSE;.WSF;.WSH;.MSC
13:29:35.503 [main] DEBUG com.gaoda.io.PropertyResolver -- PropertyResolver: PROCESSOR_ARCHITECTURE = AMD64
13:29:35.503 [main] DEBUG com.gaoda.io.PropertyResolver -- PropertyResolver: PROCESSOR_IDENTIFIER = AMD64 Family 23 Model 96 Stepping 1, AuthenticAMD
13:29:35.503 [main] DEBUG com.gaoda.io.PropertyResolver -- PropertyResolver: PROCESSOR_LEVEL = 23
13:29:35.503 [main] DEBUG com.gaoda.io.PropertyResolver -- PropertyResolver: PROCESSOR_REVISION = 6001
13:29:35.503 [main] DEBUG com.gaoda.io.PropertyResolver -- PropertyResolver: PROGRAMDATA = C:\ProgramData
13:29:35.503 [main] DEBUG com.gaoda.io.PropertyResolver -- PropertyResolver: PROGRAMFILES = C:\Program Files
13:29:35.503 [main] DEBUG com.gaoda.io.PropertyResolver -- PropertyResolver: PROGRAMFILES(X86) = C:\Program Files (x86)
13:29:35.503 [main] DEBUG com.gaoda.io.PropertyResolver -- PropertyResolver: PROGRAMW6432 = C:\Program Files
13:29:35.503 [main] DEBUG com.gaoda.io.PropertyResolver -- PropertyResolver: PROMPT = $P$G
13:29:35.503 [main] DEBUG com.gaoda.io.PropertyResolver -- PropertyResolver: PSMODULEPATH = C:\Program Files\WindowsPowerShell\Modules;C:\Windows\system32\WindowsPowerShell\v1.0\Modules
13:29:35.503 [main] DEBUG com.gaoda.io.PropertyResolver -- PropertyResolver: PUBLIC = C:\Users\Public
13:29:35.503 [main] DEBUG com.gaoda.io.PropertyResolver -- PropertyResolver: SESSIONNAME = Console
13:29:35.503 [main] DEBUG com.gaoda.io.PropertyResolver -- PropertyResolver: SYSTEMDRIVE = C:
13:29:35.503 [main] DEBUG com.gaoda.io.PropertyResolver -- PropertyResolver: SYSTEMROOT = C:\Windows
13:29:35.503 [main] DEBUG com.gaoda.io.PropertyResolver -- PropertyResolver: TEMP = C:\Users\Gundam\AppData\Local\Temp
13:29:35.503 [main] DEBUG com.gaoda.io.PropertyResolver -- PropertyResolver: TMP = C:\Users\Gundam\AppData\Local\Temp
13:29:35.503 [main] DEBUG com.gaoda.io.PropertyResolver -- PropertyResolver: TNS_ADMIN = D:\Code\oracle\Ora10InstantClient
13:29:35.503 [main] DEBUG com.gaoda.io.PropertyResolver -- PropertyResolver: USERDOMAIN = DESKTOP-HR12F04
13:29:35.503 [main] DEBUG com.gaoda.io.PropertyResolver -- PropertyResolver: USERDOMAIN_ROAMINGPROFILE = DESKTOP-HR12F04
13:29:35.503 [main] DEBUG com.gaoda.io.PropertyResolver -- PropertyResolver: USERNAME = Gundam
13:29:35.503 [main] DEBUG com.gaoda.io.PropertyResolver -- PropertyResolver: USERPROFILE = C:\Users\Gundam
13:29:35.503 [main] DEBUG com.gaoda.io.PropertyResolver -- PropertyResolver: WEBSTORM = D:\Applications1\code\webstorm\WebStorm 2022.3.2\bin;
13:29:35.503 [main] DEBUG com.gaoda.io.PropertyResolver -- PropertyResolver: WINDIR = C:\Windows
13:29:35.503 [main] DEBUG com.gaoda.io.PropertyResolver -- PropertyResolver: app.title = Scan App
13:29:35.503 [main] DEBUG com.gaoda.io.PropertyResolver -- PropertyResolver: app.version = v1.0
13:29:35.503 [main] DEBUG com.gaoda.io.PropertyResolver -- PropertyResolver: convert.boolean = true
13:29:35.503 [main] DEBUG com.gaoda.io.PropertyResolver -- PropertyResolver: convert.byte = 123
13:29:35.503 [main] DEBUG com.gaoda.io.PropertyResolver -- PropertyResolver: convert.double = 123456789.87654321
13:29:35.503 [main] DEBUG com.gaoda.io.PropertyResolver -- PropertyResolver: convert.duration = P2DT3H4M
13:29:35.503 [main] DEBUG com.gaoda.io.PropertyResolver -- PropertyResolver: convert.float = 12345.6789
13:29:35.503 [main] DEBUG com.gaoda.io.PropertyResolver -- PropertyResolver: convert.integer = 1234567
13:29:35.503 [main] DEBUG com.gaoda.io.PropertyResolver -- PropertyResolver: convert.localdate = 2023-03-29
13:29:35.503 [main] DEBUG com.gaoda.io.PropertyResolver -- PropertyResolver: convert.localdatetime = 2023-03-29T20:45:01
13:29:35.503 [main] DEBUG com.gaoda.io.PropertyResolver -- PropertyResolver: convert.localtime = 20:45:01
13:29:35.503 [main] DEBUG com.gaoda.io.PropertyResolver -- PropertyResolver: convert.long = 123456789000
13:29:35.503 [main] DEBUG com.gaoda.io.PropertyResolver -- PropertyResolver: convert.short = 12345
13:29:35.503 [main] DEBUG com.gaoda.io.PropertyResolver -- PropertyResolver: convert.zoneddatetime = 2023-03-29T20:45:01+08:00[Asia/Shanghai]
13:29:35.503 [main] DEBUG com.gaoda.io.PropertyResolver -- PropertyResolver: convert.zoneid = Asia/Shanghai
13:29:35.503 [main] DEBUG com.gaoda.io.PropertyResolver -- PropertyResolver: jdbc.password = 
13:29:35.503 [main] DEBUG com.gaoda.io.PropertyResolver -- PropertyResolver: jdbc.url = jdbc:hsqldb:file:testdb.tmp
13:29:35.504 [main] DEBUG com.gaoda.io.PropertyResolver -- PropertyResolver: jdbc.username = sa
13:29:35.508 [main] INFO  c.g.c.AnnotationConfigApplicationContext -- component scan in packages: [com.itranswarp.scan]
13:29:35.508 [main] DEBUG c.g.c.AnnotationConfigApplicationContext -- scan package: com.itranswarp.scan
13:29:35.508 [main] DEBUG com.gaoda.io.ResourceResolver -- scan path: com/itranswarp/scan
13:29:35.510 [main] DEBUG com.gaoda.io.ResourceResolver -- found resource: Resource[path=file:D:\Codes\Projects\summer\summer_framework\Summer_Framework\target\test-classes\com\itranswarp\scan\convert\ValueConverterBean.class, name=com\itranswarp\scan\convert\ValueConverterBean.class]
13:29:35.511 [main] DEBUG com.gaoda.io.ResourceResolver -- found resource: Resource[path=file:D:\Codes\Projects\summer\summer_framework\Summer_Framework\target\test-classes\com\itranswarp\scan\custom\annotation\CustomAnnotation.class, name=com\itranswarp\scan\custom\annotation\CustomAnnotation.class]
13:29:35.512 [main] DEBUG com.gaoda.io.ResourceResolver -- found resource: Resource[path=file:D:\Codes\Projects\summer\summer_framework\Summer_Framework\target\test-classes\com\itranswarp\scan\custom\annotation\CustomAnnotationBean.class, name=com\itranswarp\scan\custom\annotation\CustomAnnotationBean.class]
13:29:35.512 [main] DEBUG com.gaoda.io.ResourceResolver -- found resource: Resource[path=file:D:\Codes\Projects\summer\summer_framework\Summer_Framework\target\test-classes\com\itranswarp\scan\destroy\AnnotationDestroyBean.class, name=com\itranswarp\scan\destroy\AnnotationDestroyBean.class]
13:29:35.513 [main] DEBUG com.gaoda.io.ResourceResolver -- found resource: Resource[path=file:D:\Codes\Projects\summer\summer_framework\Summer_Framework\target\test-classes\com\itranswarp\scan\destroy\SpecifyDestroyBean.class, name=com\itranswarp\scan\destroy\SpecifyDestroyBean.class]
13:29:35.513 [main] DEBUG com.gaoda.io.ResourceResolver -- found resource: Resource[path=file:D:\Codes\Projects\summer\summer_framework\Summer_Framework\target\test-classes\com\itranswarp\scan\destroy\SpecifyDestroyConfiguration.class, name=com\itranswarp\scan\destroy\SpecifyDestroyConfiguration.class]
13:29:35.514 [main] DEBUG com.gaoda.io.ResourceResolver -- found resource: Resource[path=file:D:\Codes\Projects\summer\summer_framework\Summer_Framework\target\test-classes\com\itranswarp\scan\init\AnnotationInitBean.class, name=com\itranswarp\scan\init\AnnotationInitBean.class]
13:29:35.515 [main] DEBUG com.gaoda.io.ResourceResolver -- found resource: Resource[path=file:D:\Codes\Projects\summer\summer_framework\Summer_Framework\target\test-classes\com\itranswarp\scan\init\SpecifyInitBean.class, name=com\itranswarp\scan\init\SpecifyInitBean.class]
13:29:35.515 [main] DEBUG com.gaoda.io.ResourceResolver -- found resource: Resource[path=file:D:\Codes\Projects\summer\summer_framework\Summer_Framework\target\test-classes\com\itranswarp\scan\init\SpecifyInitConfiguration.class, name=com\itranswarp\scan\init\SpecifyInitConfiguration.class]
13:29:35.516 [main] DEBUG com.gaoda.io.ResourceResolver -- found resource: Resource[path=file:D:\Codes\Projects\summer\summer_framework\Summer_Framework\target\test-classes\com\itranswarp\scan\nested\OuterBean$NestedBean.class, name=com\itranswarp\scan\nested\OuterBean$NestedBean.class]
13:29:35.517 [main] DEBUG com.gaoda.io.ResourceResolver -- found resource: Resource[path=file:D:\Codes\Projects\summer\summer_framework\Summer_Framework\target\test-classes\com\itranswarp\scan\nested\OuterBean.class, name=com\itranswarp\scan\nested\OuterBean.class]
13:29:35.525 [main] DEBUG com.gaoda.io.ResourceResolver -- found resource: Resource[path=file:D:\Codes\Projects\summer\summer_framework\Summer_Framework\target\test-classes\com\itranswarp\scan\primary\DogBean.class, name=com\itranswarp\scan\primary\DogBean.class]
13:29:35.525 [main] DEBUG com.gaoda.io.ResourceResolver -- found resource: Resource[path=file:D:\Codes\Projects\summer\summer_framework\Summer_Framework\target\test-classes\com\itranswarp\scan\primary\PersonBean.class, name=com\itranswarp\scan\primary\PersonBean.class]
13:29:35.525 [main] DEBUG com.gaoda.io.ResourceResolver -- found resource: Resource[path=file:D:\Codes\Projects\summer\summer_framework\Summer_Framework\target\test-classes\com\itranswarp\scan\primary\PrimaryConfiguration.class, name=com\itranswarp\scan\primary\PrimaryConfiguration.class]
13:29:35.526 [main] DEBUG com.gaoda.io.ResourceResolver -- found resource: Resource[path=file:D:\Codes\Projects\summer\summer_framework\Summer_Framework\target\test-classes\com\itranswarp\scan\primary\StudentBean.class, name=com\itranswarp\scan\primary\StudentBean.class]
13:29:35.526 [main] DEBUG com.gaoda.io.ResourceResolver -- found resource: Resource[path=file:D:\Codes\Projects\summer\summer_framework\Summer_Framework\target\test-classes\com\itranswarp\scan\primary\TeacherBean.class, name=com\itranswarp\scan\primary\TeacherBean.class]
13:29:35.527 [main] DEBUG com.gaoda.io.ResourceResolver -- found resource: Resource[path=file:D:\Codes\Projects\summer\summer_framework\Summer_Framework\target\test-classes\com\itranswarp\scan\proxy\FirstProxyBean.class, name=com\itranswarp\scan\proxy\FirstProxyBean.class]
13:29:35.528 [main] DEBUG com.gaoda.io.ResourceResolver -- found resource: Resource[path=file:D:\Codes\Projects\summer\summer_framework\Summer_Framework\target\test-classes\com\itranswarp\scan\proxy\FirstProxyBeanPostProcessor.class, name=com\itranswarp\scan\proxy\FirstProxyBeanPostProcessor.class]
13:29:35.528 [main] DEBUG com.gaoda.io.ResourceResolver -- found resource: Resource[path=file:D:\Codes\Projects\summer\summer_framework\Summer_Framework\target\test-classes\com\itranswarp\scan\proxy\InjectProxyOnConstructorBean.class, name=com\itranswarp\scan\proxy\InjectProxyOnConstructorBean.class]
13:29:35.529 [main] DEBUG com.gaoda.io.ResourceResolver -- found resource: Resource[path=file:D:\Codes\Projects\summer\summer_framework\Summer_Framework\target\test-classes\com\itranswarp\scan\proxy\InjectProxyOnPropertyBean.class, name=com\itranswarp\scan\proxy\InjectProxyOnPropertyBean.class]
13:29:35.530 [main] DEBUG com.gaoda.io.ResourceResolver -- found resource: Resource[path=file:D:\Codes\Projects\summer\summer_framework\Summer_Framework\target\test-classes\com\itranswarp\scan\proxy\OriginBean.class, name=com\itranswarp\scan\proxy\OriginBean.class]
13:29:35.530 [main] DEBUG com.gaoda.io.ResourceResolver -- found resource: Resource[path=file:D:\Codes\Projects\summer\summer_framework\Summer_Framework\target\test-classes\com\itranswarp\scan\proxy\SecondProxyBean.class, name=com\itranswarp\scan\proxy\SecondProxyBean.class]
13:29:35.531 [main] DEBUG com.gaoda.io.ResourceResolver -- found resource: Resource[path=file:D:\Codes\Projects\summer\summer_framework\Summer_Framework\target\test-classes\com\itranswarp\scan\proxy\SecondProxyBeanPostProcessor.class, name=com\itranswarp\scan\proxy\SecondProxyBeanPostProcessor.class]
13:29:35.532 [main] DEBUG com.gaoda.io.ResourceResolver -- found resource: Resource[path=file:D:\Codes\Projects\summer\summer_framework\Summer_Framework\target\test-classes\com\itranswarp\scan\ScanApplication.class, name=com\itranswarp\scan\ScanApplication.class]
13:29:35.533 [main] DEBUG com.gaoda.io.ResourceResolver -- found resource: Resource[path=file:D:\Codes\Projects\summer\summer_framework\Summer_Framework\target\test-classes\com\itranswarp\scan\sub1\sub1.txt, name=com\itranswarp\scan\sub1\sub1.txt]
13:29:35.533 [main] DEBUG com.gaoda.io.ResourceResolver -- found resource: Resource[path=file:D:\Codes\Projects\summer\summer_framework\Summer_Framework\target\test-classes\com\itranswarp\scan\sub1\Sub1Bean.class, name=com\itranswarp\scan\sub1\Sub1Bean.class]
13:29:35.534 [main] DEBUG com.gaoda.io.ResourceResolver -- found resource: Resource[path=file:D:\Codes\Projects\summer\summer_framework\Summer_Framework\target\test-classes\com\itranswarp\scan\sub1\sub2\sub2.txt, name=com\itranswarp\scan\sub1\sub2\sub2.txt]
13:29:35.535 [main] DEBUG com.gaoda.io.ResourceResolver -- found resource: Resource[path=file:D:\Codes\Projects\summer\summer_framework\Summer_Framework\target\test-classes\com\itranswarp\scan\sub1\sub2\Sub2Bean.class, name=com\itranswarp\scan\sub1\sub2\Sub2Bean.class]
13:29:35.536 [main] DEBUG com.gaoda.io.ResourceResolver -- found resource: Resource[path=file:D:\Codes\Projects\summer\summer_framework\Summer_Framework\target\test-classes\com\itranswarp\scan\sub1\sub2\sub3\sub3.txt, name=com\itranswarp\scan\sub1\sub2\sub3\sub3.txt]
13:29:35.537 [main] DEBUG com.gaoda.io.ResourceResolver -- found resource: Resource[path=file:D:\Codes\Projects\summer\summer_framework\Summer_Framework\target\test-classes\com\itranswarp\scan\sub1\sub2\sub3\Sub3Bean.class, name=com\itranswarp\scan\sub1\sub2\sub3\Sub3Bean.class]
13:29:35.537 [main] DEBUG c.g.c.AnnotationConfigApplicationContext -- class found by component scan: com.itranswarp.scan.convert.ValueConverterBean
13:29:35.537 [main] DEBUG c.g.c.AnnotationConfigApplicationContext -- class found by component scan: com.itranswarp.scan.custom.annotation.CustomAnnotation
13:29:35.537 [main] DEBUG c.g.c.AnnotationConfigApplicationContext -- class found by component scan: com.itranswarp.scan.custom.annotation.CustomAnnotationBean
13:29:35.537 [main] DEBUG c.g.c.AnnotationConfigApplicationContext -- class found by component scan: com.itranswarp.scan.destroy.AnnotationDestroyBean
13:29:35.537 [main] DEBUG c.g.c.AnnotationConfigApplicationContext -- class found by component scan: com.itranswarp.scan.destroy.SpecifyDestroyBean
13:29:35.537 [main] DEBUG c.g.c.AnnotationConfigApplicationContext -- class found by component scan: com.itranswarp.scan.destroy.SpecifyDestroyConfiguration
13:29:35.537 [main] DEBUG c.g.c.AnnotationConfigApplicationContext -- class found by component scan: com.itranswarp.scan.init.AnnotationInitBean
13:29:35.537 [main] DEBUG c.g.c.AnnotationConfigApplicationContext -- class found by component scan: com.itranswarp.scan.init.SpecifyInitBean
13:29:35.537 [main] DEBUG c.g.c.AnnotationConfigApplicationContext -- class found by component scan: com.itranswarp.scan.init.SpecifyInitConfiguration
13:29:35.537 [main] DEBUG c.g.c.AnnotationConfigApplicationContext -- class found by component scan: com.itranswarp.scan.nested.OuterBean$NestedBean
13:29:35.537 [main] DEBUG c.g.c.AnnotationConfigApplicationContext -- class found by component scan: com.itranswarp.scan.nested.OuterBean
13:29:35.537 [main] DEBUG c.g.c.AnnotationConfigApplicationContext -- class found by component scan: com.itranswarp.scan.primary.DogBean
13:29:35.537 [main] DEBUG c.g.c.AnnotationConfigApplicationContext -- class found by component scan: com.itranswarp.scan.primary.PersonBean
13:29:35.537 [main] DEBUG c.g.c.AnnotationConfigApplicationContext -- class found by component scan: com.itranswarp.scan.primary.PrimaryConfiguration
13:29:35.537 [main] DEBUG c.g.c.AnnotationConfigApplicationContext -- class found by component scan: com.itranswarp.scan.primary.StudentBean
13:29:35.537 [main] DEBUG c.g.c.AnnotationConfigApplicationContext -- class found by component scan: com.itranswarp.scan.primary.TeacherBean
13:29:35.537 [main] DEBUG c.g.c.AnnotationConfigApplicationContext -- class found by component scan: com.itranswarp.scan.proxy.FirstProxyBean
13:29:35.537 [main] DEBUG c.g.c.AnnotationConfigApplicationContext -- class found by component scan: com.itranswarp.scan.proxy.FirstProxyBeanPostProcessor
13:29:35.537 [main] DEBUG c.g.c.AnnotationConfigApplicationContext -- class found by component scan: com.itranswarp.scan.proxy.InjectProxyOnConstructorBean
13:29:35.537 [main] DEBUG c.g.c.AnnotationConfigApplicationContext -- class found by component scan: com.itranswarp.scan.proxy.InjectProxyOnPropertyBean
13:29:35.537 [main] DEBUG c.g.c.AnnotationConfigApplicationContext -- class found by component scan: com.itranswarp.scan.proxy.OriginBean
13:29:35.537 [main] DEBUG c.g.c.AnnotationConfigApplicationContext -- class found by component scan: com.itranswarp.scan.proxy.SecondProxyBean
13:29:35.537 [main] DEBUG c.g.c.AnnotationConfigApplicationContext -- class found by component scan: com.itranswarp.scan.proxy.SecondProxyBeanPostProcessor
13:29:35.537 [main] DEBUG c.g.c.AnnotationConfigApplicationContext -- class found by component scan: com.itranswarp.scan.ScanApplication
13:29:35.537 [main] DEBUG c.g.c.AnnotationConfigApplicationContext -- class found by component scan: com.itranswarp.scan.sub1.Sub1Bean
13:29:35.537 [main] DEBUG c.g.c.AnnotationConfigApplicationContext -- class found by component scan: com.itranswarp.scan.sub1.sub2.Sub2Bean
13:29:35.537 [main] DEBUG c.g.c.AnnotationConfigApplicationContext -- class found by component scan: com.itranswarp.scan.sub1.sub2.sub3.Sub3Bean
13:29:35.538 [main] DEBUG c.g.c.AnnotationConfigApplicationContext -- class found by import: com.itranswarp.imported.LocalDateConfiguration
13:29:35.538 [main] DEBUG c.g.c.AnnotationConfigApplicationContext -- class found by import: com.itranswarp.imported.ZonedDateConfiguration
13:29:35.540 [main] DEBUG c.g.c.AnnotationConfigApplicationContext -- found component: com.itranswarp.scan.proxy.SecondProxyBeanPostProcessor
13:29:35.540 [main] DEBUG c.g.c.AnnotationConfigApplicationContext -- define bean: BeanDefinition [name=secondProxyBeanPostProcessor, beanClass=com.itranswarp.scan.proxy.SecondProxyBeanPostProcessor, factory=null, init-method=null, destroy-method=null, primary=false, instance=null]
13:29:35.543 [main] DEBUG c.g.c.AnnotationConfigApplicationContext -- found component: com.itranswarp.scan.destroy.AnnotationDestroyBean
13:29:35.544 [main] DEBUG c.g.c.AnnotationConfigApplicationContext -- define bean: BeanDefinition [name=annotationDestroyBean, beanClass=com.itranswarp.scan.destroy.AnnotationDestroyBean, factory=null, init-method=null, destroy-method=destroy, primary=false, instance=null]
13:29:35.547 [main] DEBUG c.g.c.AnnotationConfigApplicationContext -- found component: com.itranswarp.scan.primary.StudentBean
13:29:35.548 [main] DEBUG c.g.c.AnnotationConfigApplicationContext -- define bean: BeanDefinition [name=studentBean, beanClass=com.itranswarp.scan.primary.StudentBean, factory=null, init-method=null, destroy-method=null, primary=false, instance=null]
13:29:35.551 [main] DEBUG c.g.c.AnnotationConfigApplicationContext -- found component: com.itranswarp.scan.sub1.sub2.Sub2Bean
13:29:35.552 [main] DEBUG c.g.c.AnnotationConfigApplicationContext -- define bean: BeanDefinition [name=sub2Bean, beanClass=com.itranswarp.scan.sub1.sub2.Sub2Bean, factory=null, init-method=null, destroy-method=null, primary=false, instance=null]
13:29:35.555 [main] DEBUG c.g.c.AnnotationConfigApplicationContext -- found component: com.itranswarp.scan.primary.TeacherBean
13:29:35.555 [main] DEBUG c.g.c.AnnotationConfigApplicationContext -- define bean: BeanDefinition [name=teacherBean, beanClass=com.itranswarp.scan.primary.TeacherBean, factory=null, init-method=null, destroy-method=null, primary=true, instance=null]
13:29:35.558 [main] DEBUG c.g.c.AnnotationConfigApplicationContext -- found component: com.itranswarp.scan.proxy.FirstProxyBeanPostProcessor
13:29:35.558 [main] DEBUG c.g.c.AnnotationConfigApplicationContext -- define bean: BeanDefinition [name=firstProxyBeanPostProcessor, beanClass=com.itranswarp.scan.proxy.FirstProxyBeanPostProcessor, factory=null, init-method=null, destroy-method=null, primary=false, instance=null]
13:29:35.560 [main] DEBUG c.g.c.AnnotationConfigApplicationContext -- found component: com.itranswarp.scan.primary.PrimaryConfiguration
13:29:35.562 [main] DEBUG c.g.c.AnnotationConfigApplicationContext -- define bean: BeanDefinition [name=primaryConfiguration, beanClass=com.itranswarp.scan.primary.PrimaryConfiguration, factory=null, init-method=null, destroy-method=null, primary=false, instance=null]
13:29:35.562 [main] DEBUG c.g.c.AnnotationConfigApplicationContext -- define bean: BeanDefinition [name=teddy, beanClass=com.itranswarp.scan.primary.DogBean, factory=PrimaryConfiguration.teddy(), init-method=null, destroy-method=null, primary=false, instance=null]
13:29:35.562 [main] DEBUG c.g.c.AnnotationConfigApplicationContext -- define bean: BeanDefinition [name=husky, beanClass=com.itranswarp.scan.primary.DogBean, factory=PrimaryConfiguration.husky(), init-method=null, destroy-method=null, primary=true, instance=null]
13:29:35.562 [main] DEBUG c.g.c.AnnotationConfigApplicationContext -- found component: com.itranswarp.imported.ZonedDateConfiguration
13:29:35.562 [main] DEBUG c.g.c.AnnotationConfigApplicationContext -- define bean: BeanDefinition [name=zonedDateConfiguration, beanClass=com.itranswarp.imported.ZonedDateConfiguration, factory=null, init-method=null, destroy-method=null, primary=false, instance=null]
13:29:35.562 [main] DEBUG c.g.c.AnnotationConfigApplicationContext -- define bean: BeanDefinition [name=startZonedDateTime, beanClass=java.time.ZonedDateTime, factory=ZonedDateConfiguration.startZonedDateTime(), init-method=null, destroy-method=null, primary=false, instance=null]
13:29:35.567 [main] DEBUG c.g.c.AnnotationConfigApplicationContext -- found component: com.itranswarp.scan.custom.annotation.CustomAnnotationBean
13:29:35.567 [main] DEBUG c.g.c.AnnotationConfigApplicationContext -- define bean: BeanDefinition [name=customAnnotation, beanClass=com.itranswarp.scan.custom.annotation.CustomAnnotationBean, factory=null, init-method=null, destroy-method=null, primary=false, instance=null]
13:29:35.567 [main] DEBUG c.g.c.AnnotationConfigApplicationContext -- found component: com.itranswarp.imported.LocalDateConfiguration
13:29:35.567 [main] DEBUG c.g.c.AnnotationConfigApplicationContext -- define bean: BeanDefinition [name=localDateConfiguration, beanClass=com.itranswarp.imported.LocalDateConfiguration, factory=null, init-method=null, destroy-method=null, primary=false, instance=null]
13:29:35.568 [main] DEBUG c.g.c.AnnotationConfigApplicationContext -- define bean: BeanDefinition [name=startLocalDate, beanClass=java.time.LocalDate, factory=LocalDateConfiguration.startLocalDate(), init-method=null, destroy-method=null, primary=false, instance=null]
13:29:35.568 [main] DEBUG c.g.c.AnnotationConfigApplicationContext -- define bean: BeanDefinition [name=startLocalDateTime, beanClass=java.time.LocalDateTime, factory=LocalDateConfiguration.startLocalDateTime(), init-method=null, destroy-method=null, primary=false, instance=null]
13:29:35.570 [main] DEBUG c.g.c.AnnotationConfigApplicationContext -- found component: com.itranswarp.scan.convert.ValueConverterBean
13:29:35.570 [main] DEBUG c.g.c.AnnotationConfigApplicationContext -- define bean: BeanDefinition [name=valueConverterBean, beanClass=com.itranswarp.scan.convert.ValueConverterBean, factory=null, init-method=null, destroy-method=null, primary=false, instance=null]
13:29:35.573 [main] DEBUG c.g.c.AnnotationConfigApplicationContext -- found component: com.itranswarp.scan.nested.OuterBean$NestedBean
13:29:35.575 [main] DEBUG c.g.c.AnnotationConfigApplicationContext -- define bean: BeanDefinition [name=nestedBean, beanClass=com.itranswarp.scan.nested.OuterBean$NestedBean, factory=null, init-method=null, destroy-method=null, primary=false, instance=null]
13:29:35.575 [main] DEBUG c.g.c.AnnotationConfigApplicationContext -- found component: com.itranswarp.scan.nested.OuterBean
13:29:35.575 [main] DEBUG c.g.c.AnnotationConfigApplicationContext -- define bean: BeanDefinition [name=outerBean, beanClass=com.itranswarp.scan.nested.OuterBean, factory=null, init-method=null, destroy-method=null, primary=false, instance=null]
13:29:35.577 [main] DEBUG c.g.c.AnnotationConfigApplicationContext -- found component: com.itranswarp.scan.destroy.SpecifyDestroyConfiguration
13:29:35.578 [main] DEBUG c.g.c.AnnotationConfigApplicationContext -- define bean: BeanDefinition [name=specifyDestroyConfiguration, beanClass=com.itranswarp.scan.destroy.SpecifyDestroyConfiguration, factory=null, init-method=null, destroy-method=null, primary=false, instance=null]
13:29:35.579 [main] DEBUG c.g.c.AnnotationConfigApplicationContext -- define bean: BeanDefinition [name=createSpecifyDestroyBean, beanClass=com.itranswarp.scan.destroy.SpecifyDestroyBean, factory=SpecifyDestroyConfiguration.createSpecifyDestroyBean(String), init-method=null, destroy-method=null, primary=false, instance=null]
13:29:35.580 [main] DEBUG c.g.c.AnnotationConfigApplicationContext -- found component: com.itranswarp.scan.proxy.InjectProxyOnConstructorBean
13:29:35.582 [main] DEBUG c.g.c.AnnotationConfigApplicationContext -- define bean: BeanDefinition [name=injectProxyOnConstructorBean, beanClass=com.itranswarp.scan.proxy.InjectProxyOnConstructorBean, factory=null, init-method=null, destroy-method=null, primary=false, instance=null]
13:29:35.584 [main] DEBUG c.g.c.AnnotationConfigApplicationContext -- found component: com.itranswarp.scan.init.SpecifyInitConfiguration
13:29:35.584 [main] DEBUG c.g.c.AnnotationConfigApplicationContext -- define bean: BeanDefinition [name=specifyInitConfiguration, beanClass=com.itranswarp.scan.init.SpecifyInitConfiguration, factory=null, init-method=null, destroy-method=null, primary=false, instance=null]
13:29:35.584 [main] DEBUG c.g.c.AnnotationConfigApplicationContext -- define bean: BeanDefinition [name=createSpecifyInitBean, beanClass=com.itranswarp.scan.init.SpecifyInitBean, factory=SpecifyInitConfiguration.createSpecifyInitBean(String, String), init-method=null, destroy-method=null, primary=false, instance=null]
13:29:35.586 [main] DEBUG c.g.c.AnnotationConfigApplicationContext -- found component: com.itranswarp.scan.proxy.InjectProxyOnPropertyBean
13:29:35.586 [main] DEBUG c.g.c.AnnotationConfigApplicationContext -- define bean: BeanDefinition [name=injectProxyOnPropertyBean, beanClass=com.itranswarp.scan.proxy.InjectProxyOnPropertyBean, factory=null, init-method=null, destroy-method=null, primary=false, instance=null]
13:29:35.590 [main] DEBUG c.g.c.AnnotationConfigApplicationContext -- found component: com.itranswarp.scan.proxy.OriginBean
13:29:35.590 [main] DEBUG c.g.c.AnnotationConfigApplicationContext -- define bean: BeanDefinition [name=originBean, beanClass=com.itranswarp.scan.proxy.OriginBean, factory=null, init-method=null, destroy-method=null, primary=false, instance=null]
13:29:35.592 [main] DEBUG c.g.c.AnnotationConfigApplicationContext -- found component: com.itranswarp.scan.sub1.sub2.sub3.Sub3Bean
13:29:35.592 [main] DEBUG c.g.c.AnnotationConfigApplicationContext -- define bean: BeanDefinition [name=sub3Bean, beanClass=com.itranswarp.scan.sub1.sub2.sub3.Sub3Bean, factory=null, init-method=null, destroy-method=null, primary=false, instance=null]
13:29:35.594 [main] DEBUG c.g.c.AnnotationConfigApplicationContext -- found component: com.itranswarp.scan.sub1.Sub1Bean
13:29:35.594 [main] DEBUG c.g.c.AnnotationConfigApplicationContext -- define bean: BeanDefinition [name=sub1Bean, beanClass=com.itranswarp.scan.sub1.Sub1Bean, factory=null, init-method=null, destroy-method=null, primary=false, instance=null]
13:29:35.596 [main] DEBUG c.g.c.AnnotationConfigApplicationContext -- found component: com.itranswarp.scan.init.AnnotationInitBean
13:29:35.597 [main] DEBUG c.g.c.AnnotationConfigApplicationContext -- define bean: BeanDefinition [name=annotationInitBean, beanClass=com.itranswarp.scan.init.AnnotationInitBean, factory=null, init-method=init, destroy-method=null, primary=false, instance=null]
13:29:35.598 [main] DEBUG c.g.c.AnnotationConfigApplicationContext -- Try create bean 'localDateConfiguration' as early singleton: com.itranswarp.imported.LocalDateConfiguration
13:29:35.599 [main] DEBUG c.g.c.AnnotationConfigApplicationContext -- Try create bean 'primaryConfiguration' as early singleton: com.itranswarp.scan.primary.PrimaryConfiguration
13:29:35.599 [main] DEBUG c.g.c.AnnotationConfigApplicationContext -- Try create bean 'specifyDestroyConfiguration' as early singleton: com.itranswarp.scan.destroy.SpecifyDestroyConfiguration
13:29:35.599 [main] DEBUG c.g.c.AnnotationConfigApplicationContext -- Try create bean 'specifyInitConfiguration' as early singleton: com.itranswarp.scan.init.SpecifyInitConfiguration
13:29:35.599 [main] DEBUG c.g.c.AnnotationConfigApplicationContext -- Try create bean 'zonedDateConfiguration' as early singleton: com.itranswarp.imported.ZonedDateConfiguration
13:29:35.599 [main] DEBUG c.g.c.AnnotationConfigApplicationContext -- Try create bean 'firstProxyBeanPostProcessor' as early singleton: com.itranswarp.scan.proxy.FirstProxyBeanPostProcessor
13:29:35.599 [main] DEBUG c.g.c.AnnotationConfigApplicationContext -- Try create bean 'secondProxyBeanPostProcessor' as early singleton: com.itranswarp.scan.proxy.SecondProxyBeanPostProcessor
13:29:35.599 [main] DEBUG c.g.c.AnnotationConfigApplicationContext -- Try create bean 'annotationDestroyBean' as early singleton: com.itranswarp.scan.destroy.AnnotationDestroyBean
13:29:35.599 [main] DEBUG c.g.c.AnnotationConfigApplicationContext -- Try create bean 'annotationInitBean' as early singleton: com.itranswarp.scan.init.AnnotationInitBean
13:29:35.599 [main] DEBUG c.g.c.AnnotationConfigApplicationContext -- Try create bean 'createSpecifyDestroyBean' as early singleton: com.itranswarp.scan.destroy.SpecifyDestroyBean
13:29:35.599 [main] DEBUG c.g.c.AnnotationConfigApplicationContext -- Try create bean 'createSpecifyInitBean' as early singleton: com.itranswarp.scan.init.SpecifyInitBean
13:29:35.600 [main] DEBUG c.g.c.AnnotationConfigApplicationContext -- Try create bean 'customAnnotation' as early singleton: com.itranswarp.scan.custom.annotation.CustomAnnotationBean
13:29:35.600 [main] DEBUG c.g.c.AnnotationConfigApplicationContext -- Try create bean 'husky' as early singleton: com.itranswarp.scan.primary.DogBean
13:29:35.600 [main] DEBUG c.g.c.AnnotationConfigApplicationContext -- Try create bean 'injectProxyOnConstructorBean' as early singleton: com.itranswarp.scan.proxy.InjectProxyOnConstructorBean
13:29:35.601 [main] DEBUG c.g.c.AnnotationConfigApplicationContext -- Try create bean 'originBean' as early singleton: com.itranswarp.scan.proxy.OriginBean
13:29:35.601 [main] DEBUG c.i.s.p.FirstProxyBeanPostProcessor -- create first proxy for bean 'originBean': com.itranswarp.scan.proxy.OriginBean@1133ec6e
13:29:35.601 [main] DEBUG c.g.c.AnnotationConfigApplicationContext -- Bean 'originBean' was replaced by post processor com.itranswarp.scan.proxy.FirstProxyBeanPostProcessor.
13:29:35.601 [main] DEBUG c.i.s.p.SecondProxyBeanPostProcessor -- create second proxy for bean 'originBean': com.itranswarp.scan.proxy.FirstProxyBean@355e34c7
13:29:35.601 [main] DEBUG c.g.c.AnnotationConfigApplicationContext -- Bean 'originBean' was replaced by post processor com.itranswarp.scan.proxy.SecondProxyBeanPostProcessor.
13:29:35.601 [main] DEBUG c.g.c.AnnotationConfigApplicationContext -- Try create bean 'injectProxyOnPropertyBean' as early singleton: com.itranswarp.scan.proxy.InjectProxyOnPropertyBean
13:29:35.601 [main] DEBUG c.g.c.AnnotationConfigApplicationContext -- Try create bean 'nestedBean' as early singleton: com.itranswarp.scan.nested.OuterBean$NestedBean
13:29:35.601 [main] DEBUG c.g.c.AnnotationConfigApplicationContext -- Try create bean 'outerBean' as early singleton: com.itranswarp.scan.nested.OuterBean
13:29:35.601 [main] DEBUG c.g.c.AnnotationConfigApplicationContext -- Try create bean 'startLocalDate' as early singleton: java.time.LocalDate
13:29:35.601 [main] DEBUG c.g.c.AnnotationConfigApplicationContext -- Try create bean 'startLocalDateTime' as early singleton: java.time.LocalDateTime
13:29:35.601 [main] DEBUG c.g.c.AnnotationConfigApplicationContext -- Try create bean 'startZonedDateTime' as early singleton: java.time.ZonedDateTime
13:29:35.601 [main] DEBUG c.g.c.AnnotationConfigApplicationContext -- Try create bean 'studentBean' as early singleton: com.itranswarp.scan.primary.StudentBean
13:29:35.601 [main] DEBUG c.g.c.AnnotationConfigApplicationContext -- Try create bean 'sub1Bean' as early singleton: com.itranswarp.scan.sub1.Sub1Bean
13:29:35.601 [main] DEBUG c.g.c.AnnotationConfigApplicationContext -- Try create bean 'sub2Bean' as early singleton: com.itranswarp.scan.sub1.sub2.Sub2Bean
13:29:35.601 [main] DEBUG c.g.c.AnnotationConfigApplicationContext -- Try create bean 'sub3Bean' as early singleton: com.itranswarp.scan.sub1.sub2.sub3.Sub3Bean
13:29:35.601 [main] DEBUG c.g.c.AnnotationConfigApplicationContext -- Try create bean 'teacherBean' as early singleton: com.itranswarp.scan.primary.TeacherBean
13:29:35.601 [main] DEBUG c.g.c.AnnotationConfigApplicationContext -- Try create bean 'teddy' as early singleton: com.itranswarp.scan.primary.DogBean
13:29:35.602 [main] DEBUG c.g.c.AnnotationConfigApplicationContext -- Try create bean 'valueConverterBean' as early singleton: com.itranswarp.scan.convert.ValueConverterBean
13:29:35.602 [main] DEBUG c.g.c.AnnotationConfigApplicationContext -- Field injection: com.itranswarp.scan.convert.ValueConverterBean.injectedBooleanPrimitive = true
13:29:35.604 [main] DEBUG c.g.c.AnnotationConfigApplicationContext -- Field injection: com.itranswarp.scan.convert.ValueConverterBean.injectedBoolean = true
13:29:35.604 [main] DEBUG c.g.c.AnnotationConfigApplicationContext -- Field injection: com.itranswarp.scan.convert.ValueConverterBean.injectedBytePrimitive = 123
13:29:35.605 [main] DEBUG c.g.c.AnnotationConfigApplicationContext -- Field injection: com.itranswarp.scan.convert.ValueConverterBean.injectedByte = 123
13:29:35.605 [main] DEBUG c.g.c.AnnotationConfigApplicationContext -- Field injection: com.itranswarp.scan.convert.ValueConverterBean.injectedShortPrimitive = 12345
13:29:35.606 [main] DEBUG c.g.c.AnnotationConfigApplicationContext -- Field injection: com.itranswarp.scan.convert.ValueConverterBean.injectedShort = 12345
13:29:35.607 [main] DEBUG c.g.c.AnnotationConfigApplicationContext -- Field injection: com.itranswarp.scan.convert.ValueConverterBean.injectedIntPrimitive = 1234567
13:29:35.608 [main] DEBUG c.g.c.AnnotationConfigApplicationContext -- Field injection: com.itranswarp.scan.convert.ValueConverterBean.injectedInteger = 1234567
13:29:35.608 [main] DEBUG c.g.c.AnnotationConfigApplicationContext -- Field injection: com.itranswarp.scan.convert.ValueConverterBean.injectedLongPrimitive = 123456789000
13:29:35.611 [main] DEBUG c.g.c.AnnotationConfigApplicationContext -- Field injection: com.itranswarp.scan.convert.ValueConverterBean.injectedLong = 123456789000
13:29:35.612 [main] DEBUG c.g.c.AnnotationConfigApplicationContext -- Field injection: com.itranswarp.scan.convert.ValueConverterBean.injectedFloatPrimitive = 12345.679
13:29:35.616 [main] DEBUG c.g.c.AnnotationConfigApplicationContext -- Field injection: com.itranswarp.scan.convert.ValueConverterBean.injectedFloat = 12345.679
13:29:35.616 [main] DEBUG c.g.c.AnnotationConfigApplicationContext -- Field injection: com.itranswarp.scan.convert.ValueConverterBean.injectedDoublePrimitive = 1.2345678987654321E8
13:29:35.620 [main] DEBUG c.g.c.AnnotationConfigApplicationContext -- Field injection: com.itranswarp.scan.convert.ValueConverterBean.injectedDouble = 1.2345678987654321E8
13:29:35.621 [main] DEBUG c.g.c.AnnotationConfigApplicationContext -- Field injection: com.itranswarp.scan.convert.ValueConverterBean.injectedLocalDate = 2023-03-29
13:29:35.622 [main] DEBUG c.g.c.AnnotationConfigApplicationContext -- Field injection: com.itranswarp.scan.convert.ValueConverterBean.injectedLocalTime = 20:45:01
13:29:35.625 [main] DEBUG c.g.c.AnnotationConfigApplicationContext -- Field injection: com.itranswarp.scan.convert.ValueConverterBean.injectedLocalDateTime = 2023-03-29T20:45:01
13:29:35.628 [main] DEBUG c.g.c.AnnotationConfigApplicationContext -- Field injection: com.itranswarp.scan.convert.ValueConverterBean.injectedZonedDateTime = 2023-03-29T20:45:01+08:00[Asia/Shanghai]
13:29:35.629 [main] DEBUG c.g.c.AnnotationConfigApplicationContext -- Field injection: com.itranswarp.scan.convert.ValueConverterBean.injectedDuration = PT51H4M
13:29:35.629 [main] DEBUG c.g.c.AnnotationConfigApplicationContext -- Field injection: com.itranswarp.scan.convert.ValueConverterBean.injectedZoneId = Asia/Shanghai
13:29:35.629 [main] DEBUG c.g.c.AnnotationConfigApplicationContext -- Field injection: com.itranswarp.scan.proxy.InjectProxyOnPropertyBean.injected = com.itranswarp.scan.proxy.SecondProxyBean@3ec11999
13:29:35.630 [main] DEBUG c.i.s.p.SecondProxyBeanPostProcessor -- auto set property for originBean from second proxy com.itranswarp.scan.proxy.SecondProxyBean@3ec11999 to origin bean: com.itranswarp.scan.proxy.FirstProxyBean@355e34c7
13:29:35.630 [main] DEBUG c.g.c.AnnotationConfigApplicationContext -- BeanPostProcessor SecondProxyBeanPostProcessor specified injection from SecondProxyBean to FirstProxyBean.
13:29:35.630 [main] DEBUG c.i.s.p.FirstProxyBeanPostProcessor -- auto set property for originBean from first proxy com.itranswarp.scan.proxy.FirstProxyBean@355e34c7 to origin bean: com.itranswarp.scan.proxy.OriginBean@1133ec6e
13:29:35.630 [main] DEBUG c.g.c.AnnotationConfigApplicationContext -- BeanPostProcessor FirstProxyBeanPostProcessor specified injection from FirstProxyBean to OriginBean.
13:29:35.630 [main] DEBUG c.g.c.AnnotationConfigApplicationContext -- Field injection: com.itranswarp.scan.proxy.OriginBean.name = Scan App
13:29:35.630 [main] DEBUG c.g.c.AnnotationConfigApplicationContext -- Method injection: com.itranswarp.scan.proxy.OriginBean.setVersion (v1.0)
13:29:35.631 [main] DEBUG c.g.c.AnnotationConfigApplicationContext -- Field injection: com.itranswarp.scan.destroy.AnnotationDestroyBean.appTitle = Scan App
13:29:35.633 [main] DEBUG c.g.c.AnnotationConfigApplicationContext -- Field injection: com.itranswarp.scan.init.AnnotationInitBean.appTitle = Scan App
13:29:35.633 [main] DEBUG c.g.c.AnnotationConfigApplicationContext -- Field injection: com.itranswarp.scan.init.AnnotationInitBean.appVersion = v1.0
13:29:35.633 [main] DEBUG c.i.s.p.SecondProxyBeanPostProcessor -- auto set property for originBean from second proxy com.itranswarp.scan.proxy.SecondProxyBean@3ec11999 to origin bean: com.itranswarp.scan.proxy.FirstProxyBean@355e34c7
13:29:35.634 [main] DEBUG c.g.c.AnnotationConfigApplicationContext -- BeanPostProcessor SecondProxyBeanPostProcessor specified injection from SecondProxyBean to FirstProxyBean.
13:29:35.634 [main] DEBUG c.i.s.p.FirstProxyBeanPostProcessor -- auto set property for originBean from first proxy com.itranswarp.scan.proxy.FirstProxyBean@355e34c7 to origin bean: com.itranswarp.scan.proxy.OriginBean@1133ec6e
13:29:35.634 [main] DEBUG c.g.c.AnnotationConfigApplicationContext -- BeanPostProcessor FirstProxyBeanPostProcessor specified injection from FirstProxyBean to OriginBean.
13:29:35.634 [main] DEBUG c.g.c.AnnotationConfigApplicationContext -- bean initialized: BeanDefinition [name=firstProxyBeanPostProcessor, beanClass=com.itranswarp.scan.proxy.FirstProxyBeanPostProcessor, factory=null, init-method=null, destroy-method=null, primary=false, instance=com.itranswarp.scan.proxy.FirstProxyBeanPostProcessor@5c1bd44c]
13:29:35.634 [main] DEBUG c.g.c.AnnotationConfigApplicationContext -- bean initialized: BeanDefinition [name=secondProxyBeanPostProcessor, beanClass=com.itranswarp.scan.proxy.SecondProxyBeanPostProcessor, factory=null, init-method=null, destroy-method=null, primary=false, instance=com.itranswarp.scan.proxy.SecondProxyBeanPostProcessor@9f46d94]
13:29:35.634 [main] DEBUG c.g.c.AnnotationConfigApplicationContext -- bean initialized: BeanDefinition [name=annotationDestroyBean, beanClass=com.itranswarp.scan.destroy.AnnotationDestroyBean, factory=null, init-method=null, destroy-method=destroy, primary=false, instance=com.itranswarp.scan.destroy.AnnotationDestroyBean@18cc679e]
13:29:35.634 [main] DEBUG c.g.c.AnnotationConfigApplicationContext -- bean initialized: BeanDefinition [name=annotationInitBean, beanClass=com.itranswarp.scan.init.AnnotationInitBean, factory=null, init-method=init, destroy-method=null, primary=false, instance=com.itranswarp.scan.init.AnnotationInitBean@2e77b8cf]
13:29:35.634 [main] DEBUG c.g.c.AnnotationConfigApplicationContext -- bean initialized: BeanDefinition [name=createSpecifyDestroyBean, beanClass=com.itranswarp.scan.destroy.SpecifyDestroyBean, factory=SpecifyDestroyConfiguration.createSpecifyDestroyBean(String), init-method=null, destroy-method=null, primary=false, instance=com.itranswarp.scan.destroy.SpecifyDestroyBean@2c4ca0f9]
13:29:35.634 [main] DEBUG c.g.c.AnnotationConfigApplicationContext -- bean initialized: BeanDefinition [name=createSpecifyInitBean, beanClass=com.itranswarp.scan.init.SpecifyInitBean, factory=SpecifyInitConfiguration.createSpecifyInitBean(String, String), init-method=null, destroy-method=null, primary=false, instance=com.itranswarp.scan.init.SpecifyInitBean@67ef029]
13:29:35.634 [main] DEBUG c.g.c.AnnotationConfigApplicationContext -- bean initialized: BeanDefinition [name=customAnnotation, beanClass=com.itranswarp.scan.custom.annotation.CustomAnnotationBean, factory=null, init-method=null, destroy-method=null, primary=false, instance=com.itranswarp.scan.custom.annotation.CustomAnnotationBean@7df587ef]
13:29:35.634 [main] DEBUG c.g.c.AnnotationConfigApplicationContext -- bean initialized: BeanDefinition [name=husky, beanClass=com.itranswarp.scan.primary.DogBean, factory=PrimaryConfiguration.husky(), init-method=null, destroy-method=null, primary=true, instance=com.itranswarp.scan.primary.DogBean@6e57e95e]
13:29:35.634 [main] DEBUG c.g.c.AnnotationConfigApplicationContext -- bean initialized: BeanDefinition [name=injectProxyOnConstructorBean, beanClass=com.itranswarp.scan.proxy.InjectProxyOnConstructorBean, factory=null, init-method=null, destroy-method=null, primary=false, instance=com.itranswarp.scan.proxy.InjectProxyOnConstructorBean@2755d705]
13:29:35.634 [main] DEBUG c.g.c.AnnotationConfigApplicationContext -- bean initialized: BeanDefinition [name=injectProxyOnPropertyBean, beanClass=com.itranswarp.scan.proxy.InjectProxyOnPropertyBean, factory=null, init-method=null, destroy-method=null, primary=false, instance=com.itranswarp.scan.proxy.InjectProxyOnPropertyBean@56db847e]
13:29:35.634 [main] DEBUG c.g.c.AnnotationConfigApplicationContext -- bean initialized: BeanDefinition [name=localDateConfiguration, beanClass=com.itranswarp.imported.LocalDateConfiguration, factory=null, init-method=null, destroy-method=null, primary=false, instance=com.itranswarp.imported.LocalDateConfiguration@740abb5]
13:29:35.634 [main] DEBUG c.g.c.AnnotationConfigApplicationContext -- bean initialized: BeanDefinition [name=nestedBean, beanClass=com.itranswarp.scan.nested.OuterBean$NestedBean, factory=null, init-method=null, destroy-method=null, primary=false, instance=com.itranswarp.scan.nested.OuterBean$NestedBean@560cbf1a]
13:29:35.634 [main] DEBUG c.g.c.AnnotationConfigApplicationContext -- bean initialized: BeanDefinition [name=originBean, beanClass=com.itranswarp.scan.proxy.OriginBean, factory=null, init-method=null, destroy-method=null, primary=false, instance=com.itranswarp.scan.proxy.SecondProxyBean@3ec11999]
13:29:35.635 [main] DEBUG c.g.c.AnnotationConfigApplicationContext -- bean initialized: BeanDefinition [name=outerBean, beanClass=com.itranswarp.scan.nested.OuterBean, factory=null, init-method=null, destroy-method=null, primary=false, instance=com.itranswarp.scan.nested.OuterBean@5fe8b721]
13:29:35.635 [main] DEBUG c.g.c.AnnotationConfigApplicationContext -- bean initialized: BeanDefinition [name=primaryConfiguration, beanClass=com.itranswarp.scan.primary.PrimaryConfiguration, factory=null, init-method=null, destroy-method=null, primary=false, instance=com.itranswarp.scan.primary.PrimaryConfiguration@551a20d6]
13:29:35.635 [main] DEBUG c.g.c.AnnotationConfigApplicationContext -- bean initialized: BeanDefinition [name=specifyDestroyConfiguration, beanClass=com.itranswarp.scan.destroy.SpecifyDestroyConfiguration, factory=null, init-method=null, destroy-method=null, primary=false, instance=com.itranswarp.scan.destroy.SpecifyDestroyConfiguration@578524c3]
13:29:35.635 [main] DEBUG c.g.c.AnnotationConfigApplicationContext -- bean initialized: BeanDefinition [name=specifyInitConfiguration, beanClass=com.itranswarp.scan.init.SpecifyInitConfiguration, factory=null, init-method=null, destroy-method=null, primary=false, instance=com.itranswarp.scan.init.SpecifyInitConfiguration@64c2b546]
13:29:35.635 [main] DEBUG c.g.c.AnnotationConfigApplicationContext -- bean initialized: BeanDefinition [name=startLocalDate, beanClass=java.time.LocalDate, factory=LocalDateConfiguration.startLocalDate(), init-method=null, destroy-method=null, primary=false, instance=2023-08-17]
13:29:35.635 [main] DEBUG c.g.c.AnnotationConfigApplicationContext -- bean initialized: BeanDefinition [name=startLocalDateTime, beanClass=java.time.LocalDateTime, factory=LocalDateConfiguration.startLocalDateTime(), init-method=null, destroy-method=null, primary=false, instance=2023-08-17T13:29:35.601803300]
13:29:35.635 [main] DEBUG c.g.c.AnnotationConfigApplicationContext -- bean initialized: BeanDefinition [name=startZonedDateTime, beanClass=java.time.ZonedDateTime, factory=ZonedDateConfiguration.startZonedDateTime(), init-method=null, destroy-method=null, primary=false, instance=2023-08-17T13:29:35.601803300+08:00[Asia/Shanghai]]
13:29:35.635 [main] DEBUG c.g.c.AnnotationConfigApplicationContext -- bean initialized: BeanDefinition [name=studentBean, beanClass=com.itranswarp.scan.primary.StudentBean, factory=null, init-method=null, destroy-method=null, primary=false, instance=com.itranswarp.scan.primary.StudentBean@7e094740]
13:29:35.635 [main] DEBUG c.g.c.AnnotationConfigApplicationContext -- bean initialized: BeanDefinition [name=sub1Bean, beanClass=com.itranswarp.scan.sub1.Sub1Bean, factory=null, init-method=null, destroy-method=null, primary=false, instance=com.itranswarp.scan.sub1.Sub1Bean@7a11c4c7]
13:29:35.635 [main] DEBUG c.g.c.AnnotationConfigApplicationContext -- bean initialized: BeanDefinition [name=sub2Bean, beanClass=com.itranswarp.scan.sub1.sub2.Sub2Bean, factory=null, init-method=null, destroy-method=null, primary=false, instance=com.itranswarp.scan.sub1.sub2.Sub2Bean@4cc547a]
13:29:35.635 [main] DEBUG c.g.c.AnnotationConfigApplicationContext -- bean initialized: BeanDefinition [name=sub3Bean, beanClass=com.itranswarp.scan.sub1.sub2.sub3.Sub3Bean, factory=null, init-method=null, destroy-method=null, primary=false, instance=com.itranswarp.scan.sub1.sub2.sub3.Sub3Bean@7555b920]
13:29:35.635 [main] DEBUG c.g.c.AnnotationConfigApplicationContext -- bean initialized: BeanDefinition [name=teacherBean, beanClass=com.itranswarp.scan.primary.TeacherBean, factory=null, init-method=null, destroy-method=null, primary=true, instance=com.itranswarp.scan.primary.TeacherBean@4152d38d]
13:29:35.635 [main] DEBUG c.g.c.AnnotationConfigApplicationContext -- bean initialized: BeanDefinition [name=teddy, beanClass=com.itranswarp.scan.primary.DogBean, factory=PrimaryConfiguration.teddy(), init-method=null, destroy-method=null, primary=false, instance=com.itranswarp.scan.primary.DogBean@3591009c]
13:29:35.635 [main] DEBUG c.g.c.AnnotationConfigApplicationContext -- bean initialized: BeanDefinition [name=valueConverterBean, beanClass=com.itranswarp.scan.convert.ValueConverterBean, factory=null, init-method=null, destroy-method=null, primary=false, instance=com.itranswarp.scan.convert.ValueConverterBean@5398edd0]
13:29:35.635 [main] DEBUG c.g.c.AnnotationConfigApplicationContext -- bean initialized: BeanDefinition [name=zonedDateConfiguration, beanClass=com.itranswarp.imported.ZonedDateConfiguration, factory=null, init-method=null, destroy-method=null, primary=false, instance=com.itranswarp.imported.ZonedDateConfiguration@b5cc23a]
]]></system-out>
  </testcase>
  <testcase name="testSub" classname="com.itranswarp.summer.context.AnnotationConfigApplicationContextTest" time="0.023">
    <system-out><![CDATA[13:29:35.639 [main] DEBUG com.gaoda.io.PropertyResolver -- PropertyResolver: =:: = ::\
13:29:35.639 [main] DEBUG com.gaoda.io.PropertyResolver -- PropertyResolver: =D: = D:\Codes\Projects\summer\summer_framework\Summer_Framework
13:29:35.639 [main] DEBUG com.gaoda.io.PropertyResolver -- PropertyResolver: ALLUSERSPROFILE = C:\ProgramData
13:29:35.639 [main] DEBUG com.gaoda.io.PropertyResolver -- PropertyResolver: APPDATA = C:\Users\Gundam\AppData\Roaming
13:29:35.639 [main] DEBUG com.gaoda.io.PropertyResolver -- PropertyResolver: CLASSPATH = .;D:\Code\jdk-18\lib;D:\Code\jdk-18\lib\tools.jar
13:29:35.639 [main] DEBUG com.gaoda.io.PropertyResolver -- PropertyResolver: COMMONPROGRAMFILES = C:\Program Files\Common Files
13:29:35.639 [main] DEBUG com.gaoda.io.PropertyResolver -- PropertyResolver: COMMONPROGRAMFILES(X86) = C:\Program Files (x86)\Common Files
13:29:35.639 [main] DEBUG com.gaoda.io.PropertyResolver -- PropertyResolver: COMMONPROGRAMW6432 = C:\Program Files\Common Files
13:29:35.639 [main] DEBUG com.gaoda.io.PropertyResolver -- PropertyResolver: COMPUTERNAME = DESKTOP-HR12F04
13:29:35.639 [main] DEBUG com.gaoda.io.PropertyResolver -- PropertyResolver: COMSPEC = C:\Windows\system32\cmd.exe
13:29:35.639 [main] DEBUG com.gaoda.io.PropertyResolver -- PropertyResolver: DRIVERDATA = C:\Windows\System32\Drivers\DriverData
13:29:35.639 [main] DEBUG com.gaoda.io.PropertyResolver -- PropertyResolver: FPS_BROWSER_APP_PROFILE_STRING = Internet Explorer
13:29:35.639 [main] DEBUG com.gaoda.io.PropertyResolver -- PropertyResolver: FPS_BROWSER_USER_PROFILE_STRING = Default
13:29:35.639 [main] DEBUG com.gaoda.io.PropertyResolver -- PropertyResolver: HOMEDRIVE = C:
13:29:35.639 [main] DEBUG com.gaoda.io.PropertyResolver -- PropertyResolver: HOMEPATH = \Users\Gundam
13:29:35.639 [main] DEBUG com.gaoda.io.PropertyResolver -- PropertyResolver: IDEA_INITIAL_DIRECTORY = D:\Applications1\code\idea\IntelliJ IDEA 2022.2.1\bin
13:29:35.639 [main] DEBUG com.gaoda.io.PropertyResolver -- PropertyResolver: INTELLIJ IDEA = D:\Applications1\code\idea\IntelliJ IDEA 2022.2.1\bin;
13:29:35.639 [main] DEBUG com.gaoda.io.PropertyResolver -- PropertyResolver: JAVA18_HOME = D:\Code\jdk-18
13:29:35.639 [main] DEBUG com.gaoda.io.PropertyResolver -- PropertyResolver: JAVA8_HOME = D:\Code\jdk-8
13:29:35.639 [main] DEBUG com.gaoda.io.PropertyResolver -- PropertyResolver: JAVA_HOME = D:\Code\jdk-18
13:29:35.639 [main] DEBUG com.gaoda.io.PropertyResolver -- PropertyResolver: LOCALAPPDATA = C:\Users\Gundam\AppData\Local
13:29:35.639 [main] DEBUG com.gaoda.io.PropertyResolver -- PropertyResolver: LOGONSERVER = \\DESKTOP-HR12F04
13:29:35.639 [main] DEBUG com.gaoda.io.PropertyResolver -- PropertyResolver: MAVEN_HOME = D:\Code\Maven\apache-maven-3.8.6
13:29:35.639 [main] DEBUG com.gaoda.io.PropertyResolver -- PropertyResolver: NLS_LANG = SIMPLIFIED CHINESE_CHINA.ZHS16GBK
13:29:35.639 [main] DEBUG com.gaoda.io.PropertyResolver -- PropertyResolver: NUMBER_OF_PROCESSORS = 16
13:29:35.639 [main] DEBUG com.gaoda.io.PropertyResolver -- PropertyResolver: ONEDRIVE = C:\Users\Gundam\OneDrive
13:29:35.639 [main] DEBUG com.gaoda.io.PropertyResolver -- PropertyResolver: OPENSSL_IA32CAP = ~0x200000200000000
13:29:35.639 [main] DEBUG com.gaoda.io.PropertyResolver -- PropertyResolver: ORACLE_HOME = D:\Code\oracle\Ora10InstantClient
13:29:35.639 [main] DEBUG com.gaoda.io.PropertyResolver -- PropertyResolver: OS = Windows_NT
13:29:35.639 [main] DEBUG com.gaoda.io.PropertyResolver -- PropertyResolver: PATH = C:\Windows;D:\Code\jdk-18\bin;D:\Code\jdk-18\jre\bin;C:\Program Files\Common Files\Oracle\Java\javapath;C:\Windows\system32;C:\Windows\System32\Wbem;C:\Windows\System32\WindowsPowerShell\v1.0\;C:\Windows\System32\OpenSSH\;D:\Applications1\computer\Bandizip\;C:\Program Files\NVIDIA Corporation\NVIDIA NvDLISR;C:\Program Files (x86)\NVIDIA Corporation\PhysX\Common;D:\Code\jdk-18;D:\Code\oracle\Ora10InstantClient;D:\Applications1\code\MySQL\bin;D:\Code\Maven\apache-maven-3.8.6\bin;D:\Code\Node.js\;D:\Applications1\code\Git\cmd;D:\Applications1\code\微信web开发者工具\dll;C:\Program Files\TortoiseGit\bin;C:\Program Files\Asiainfo Security\AisEsmAgent\atom_plugins\base_plugin;C:\Users\Gundam\AppData\Local\Programs\Python\Python311\Scripts\;C:\Users\Gundam\AppData\Local\Programs\Python\Python311\;C:\Users\Gundam\AppData\Local\Microsoft\WindowsApps;D:\Applications1\code\idea\IntelliJ IDEA 2022.2.1\bin;;D:\Applications1\code\vscode\Microsoft VS Code\bin;C:\Users\Gundam\AppData\Roaming\npm;D:\Applications1\code\webstorm\WebStorm 2022.3.2\bin;;D:\Applications1\play\QQgame\Hall.57975\
13:29:35.639 [main] DEBUG com.gaoda.io.PropertyResolver -- PropertyResolver: PATHEXT = .COM;.EXE;.BAT;.CMD;.VBS;.VBE;.JS;.JSE;.WSF;.WSH;.MSC
13:29:35.639 [main] DEBUG com.gaoda.io.PropertyResolver -- PropertyResolver: PROCESSOR_ARCHITECTURE = AMD64
13:29:35.639 [main] DEBUG com.gaoda.io.PropertyResolver -- PropertyResolver: PROCESSOR_IDENTIFIER = AMD64 Family 23 Model 96 Stepping 1, AuthenticAMD
13:29:35.639 [main] DEBUG com.gaoda.io.PropertyResolver -- PropertyResolver: PROCESSOR_LEVEL = 23
13:29:35.639 [main] DEBUG com.gaoda.io.PropertyResolver -- PropertyResolver: PROCESSOR_REVISION = 6001
13:29:35.639 [main] DEBUG com.gaoda.io.PropertyResolver -- PropertyResolver: PROGRAMDATA = C:\ProgramData
13:29:35.639 [main] DEBUG com.gaoda.io.PropertyResolver -- PropertyResolver: PROGRAMFILES = C:\Program Files
13:29:35.639 [main] DEBUG com.gaoda.io.PropertyResolver -- PropertyResolver: PROGRAMFILES(X86) = C:\Program Files (x86)
13:29:35.639 [main] DEBUG com.gaoda.io.PropertyResolver -- PropertyResolver: PROGRAMW6432 = C:\Program Files
13:29:35.639 [main] DEBUG com.gaoda.io.PropertyResolver -- PropertyResolver: PROMPT = $P$G
13:29:35.639 [main] DEBUG com.gaoda.io.PropertyResolver -- PropertyResolver: PSMODULEPATH = C:\Program Files\WindowsPowerShell\Modules;C:\Windows\system32\WindowsPowerShell\v1.0\Modules
13:29:35.639 [main] DEBUG com.gaoda.io.PropertyResolver -- PropertyResolver: PUBLIC = C:\Users\Public
13:29:35.639 [main] DEBUG com.gaoda.io.PropertyResolver -- PropertyResolver: SESSIONNAME = Console
13:29:35.639 [main] DEBUG com.gaoda.io.PropertyResolver -- PropertyResolver: SYSTEMDRIVE = C:
13:29:35.639 [main] DEBUG com.gaoda.io.PropertyResolver -- PropertyResolver: SYSTEMROOT = C:\Windows
13:29:35.639 [main] DEBUG com.gaoda.io.PropertyResolver -- PropertyResolver: TEMP = C:\Users\Gundam\AppData\Local\Temp
13:29:35.639 [main] DEBUG com.gaoda.io.PropertyResolver -- PropertyResolver: TMP = C:\Users\Gundam\AppData\Local\Temp
13:29:35.639 [main] DEBUG com.gaoda.io.PropertyResolver -- PropertyResolver: TNS_ADMIN = D:\Code\oracle\Ora10InstantClient
13:29:35.639 [main] DEBUG com.gaoda.io.PropertyResolver -- PropertyResolver: USERDOMAIN = DESKTOP-HR12F04
13:29:35.639 [main] DEBUG com.gaoda.io.PropertyResolver -- PropertyResolver: USERDOMAIN_ROAMINGPROFILE = DESKTOP-HR12F04
13:29:35.639 [main] DEBUG com.gaoda.io.PropertyResolver -- PropertyResolver: USERNAME = Gundam
13:29:35.639 [main] DEBUG com.gaoda.io.PropertyResolver -- PropertyResolver: USERPROFILE = C:\Users\Gundam
13:29:35.639 [main] DEBUG com.gaoda.io.PropertyResolver -- PropertyResolver: WEBSTORM = D:\Applications1\code\webstorm\WebStorm 2022.3.2\bin;
13:29:35.639 [main] DEBUG com.gaoda.io.PropertyResolver -- PropertyResolver: WINDIR = C:\Windows
13:29:35.639 [main] DEBUG com.gaoda.io.PropertyResolver -- PropertyResolver: app.title = Scan App
13:29:35.639 [main] DEBUG com.gaoda.io.PropertyResolver -- PropertyResolver: app.version = v1.0
13:29:35.639 [main] DEBUG com.gaoda.io.PropertyResolver -- PropertyResolver: convert.boolean = true
13:29:35.639 [main] DEBUG com.gaoda.io.PropertyResolver -- PropertyResolver: convert.byte = 123
13:29:35.639 [main] DEBUG com.gaoda.io.PropertyResolver -- PropertyResolver: convert.double = 123456789.87654321
13:29:35.639 [main] DEBUG com.gaoda.io.PropertyResolver -- PropertyResolver: convert.duration = P2DT3H4M
13:29:35.639 [main] DEBUG com.gaoda.io.PropertyResolver -- PropertyResolver: convert.float = 12345.6789
13:29:35.639 [main] DEBUG com.gaoda.io.PropertyResolver -- PropertyResolver: convert.integer = 1234567
13:29:35.639 [main] DEBUG com.gaoda.io.PropertyResolver -- PropertyResolver: convert.localdate = 2023-03-29
13:29:35.639 [main] DEBUG com.gaoda.io.PropertyResolver -- PropertyResolver: convert.localdatetime = 2023-03-29T20:45:01
13:29:35.639 [main] DEBUG com.gaoda.io.PropertyResolver -- PropertyResolver: convert.localtime = 20:45:01
13:29:35.639 [main] DEBUG com.gaoda.io.PropertyResolver -- PropertyResolver: convert.long = 123456789000
13:29:35.639 [main] DEBUG com.gaoda.io.PropertyResolver -- PropertyResolver: convert.short = 12345
13:29:35.639 [main] DEBUG com.gaoda.io.PropertyResolver -- PropertyResolver: convert.zoneddatetime = 2023-03-29T20:45:01+08:00[Asia/Shanghai]
13:29:35.639 [main] DEBUG com.gaoda.io.PropertyResolver -- PropertyResolver: convert.zoneid = Asia/Shanghai
13:29:35.639 [main] DEBUG com.gaoda.io.PropertyResolver -- PropertyResolver: jdbc.password = 
13:29:35.639 [main] DEBUG com.gaoda.io.PropertyResolver -- PropertyResolver: jdbc.url = jdbc:hsqldb:file:testdb.tmp
13:29:35.639 [main] DEBUG com.gaoda.io.PropertyResolver -- PropertyResolver: jdbc.username = sa
13:29:35.640 [main] INFO  c.g.c.AnnotationConfigApplicationContext -- component scan in packages: [com.itranswarp.scan]
13:29:35.640 [main] DEBUG c.g.c.AnnotationConfigApplicationContext -- scan package: com.itranswarp.scan
13:29:35.640 [main] DEBUG com.gaoda.io.ResourceResolver -- scan path: com/itranswarp/scan
13:29:35.642 [main] DEBUG com.gaoda.io.ResourceResolver -- found resource: Resource[path=file:D:\Codes\Projects\summer\summer_framework\Summer_Framework\target\test-classes\com\itranswarp\scan\convert\ValueConverterBean.class, name=com\itranswarp\scan\convert\ValueConverterBean.class]
13:29:35.644 [main] DEBUG com.gaoda.io.ResourceResolver -- found resource: Resource[path=file:D:\Codes\Projects\summer\summer_framework\Summer_Framework\target\test-classes\com\itranswarp\scan\custom\annotation\CustomAnnotation.class, name=com\itranswarp\scan\custom\annotation\CustomAnnotation.class]
13:29:35.644 [main] DEBUG com.gaoda.io.ResourceResolver -- found resource: Resource[path=file:D:\Codes\Projects\summer\summer_framework\Summer_Framework\target\test-classes\com\itranswarp\scan\custom\annotation\CustomAnnotationBean.class, name=com\itranswarp\scan\custom\annotation\CustomAnnotationBean.class]
13:29:35.645 [main] DEBUG com.gaoda.io.ResourceResolver -- found resource: Resource[path=file:D:\Codes\Projects\summer\summer_framework\Summer_Framework\target\test-classes\com\itranswarp\scan\destroy\AnnotationDestroyBean.class, name=com\itranswarp\scan\destroy\AnnotationDestroyBean.class]
13:29:35.645 [main] DEBUG com.gaoda.io.ResourceResolver -- found resource: Resource[path=file:D:\Codes\Projects\summer\summer_framework\Summer_Framework\target\test-classes\com\itranswarp\scan\destroy\SpecifyDestroyBean.class, name=com\itranswarp\scan\destroy\SpecifyDestroyBean.class]
13:29:35.645 [main] DEBUG com.gaoda.io.ResourceResolver -- found resource: Resource[path=file:D:\Codes\Projects\summer\summer_framework\Summer_Framework\target\test-classes\com\itranswarp\scan\destroy\SpecifyDestroyConfiguration.class, name=com\itranswarp\scan\destroy\SpecifyDestroyConfiguration.class]
13:29:35.646 [main] DEBUG com.gaoda.io.ResourceResolver -- found resource: Resource[path=file:D:\Codes\Projects\summer\summer_framework\Summer_Framework\target\test-classes\com\itranswarp\scan\init\AnnotationInitBean.class, name=com\itranswarp\scan\init\AnnotationInitBean.class]
13:29:35.646 [main] DEBUG com.gaoda.io.ResourceResolver -- found resource: Resource[path=file:D:\Codes\Projects\summer\summer_framework\Summer_Framework\target\test-classes\com\itranswarp\scan\init\SpecifyInitBean.class, name=com\itranswarp\scan\init\SpecifyInitBean.class]
13:29:35.647 [main] DEBUG com.gaoda.io.ResourceResolver -- found resource: Resource[path=file:D:\Codes\Projects\summer\summer_framework\Summer_Framework\target\test-classes\com\itranswarp\scan\init\SpecifyInitConfiguration.class, name=com\itranswarp\scan\init\SpecifyInitConfiguration.class]
13:29:35.647 [main] DEBUG com.gaoda.io.ResourceResolver -- found resource: Resource[path=file:D:\Codes\Projects\summer\summer_framework\Summer_Framework\target\test-classes\com\itranswarp\scan\nested\OuterBean$NestedBean.class, name=com\itranswarp\scan\nested\OuterBean$NestedBean.class]
13:29:35.648 [main] DEBUG com.gaoda.io.ResourceResolver -- found resource: Resource[path=file:D:\Codes\Projects\summer\summer_framework\Summer_Framework\target\test-classes\com\itranswarp\scan\nested\OuterBean.class, name=com\itranswarp\scan\nested\OuterBean.class]
13:29:35.649 [main] DEBUG com.gaoda.io.ResourceResolver -- found resource: Resource[path=file:D:\Codes\Projects\summer\summer_framework\Summer_Framework\target\test-classes\com\itranswarp\scan\primary\DogBean.class, name=com\itranswarp\scan\primary\DogBean.class]
13:29:35.649 [main] DEBUG com.gaoda.io.ResourceResolver -- found resource: Resource[path=file:D:\Codes\Projects\summer\summer_framework\Summer_Framework\target\test-classes\com\itranswarp\scan\primary\PersonBean.class, name=com\itranswarp\scan\primary\PersonBean.class]
13:29:35.649 [main] DEBUG com.gaoda.io.ResourceResolver -- found resource: Resource[path=file:D:\Codes\Projects\summer\summer_framework\Summer_Framework\target\test-classes\com\itranswarp\scan\primary\PrimaryConfiguration.class, name=com\itranswarp\scan\primary\PrimaryConfiguration.class]
13:29:35.650 [main] DEBUG com.gaoda.io.ResourceResolver -- found resource: Resource[path=file:D:\Codes\Projects\summer\summer_framework\Summer_Framework\target\test-classes\com\itranswarp\scan\primary\StudentBean.class, name=com\itranswarp\scan\primary\StudentBean.class]
13:29:35.650 [main] DEBUG com.gaoda.io.ResourceResolver -- found resource: Resource[path=file:D:\Codes\Projects\summer\summer_framework\Summer_Framework\target\test-classes\com\itranswarp\scan\primary\TeacherBean.class, name=com\itranswarp\scan\primary\TeacherBean.class]
13:29:35.651 [main] DEBUG com.gaoda.io.ResourceResolver -- found resource: Resource[path=file:D:\Codes\Projects\summer\summer_framework\Summer_Framework\target\test-classes\com\itranswarp\scan\proxy\FirstProxyBean.class, name=com\itranswarp\scan\proxy\FirstProxyBean.class]
13:29:35.651 [main] DEBUG com.gaoda.io.ResourceResolver -- found resource: Resource[path=file:D:\Codes\Projects\summer\summer_framework\Summer_Framework\target\test-classes\com\itranswarp\scan\proxy\FirstProxyBeanPostProcessor.class, name=com\itranswarp\scan\proxy\FirstProxyBeanPostProcessor.class]
13:29:35.651 [main] DEBUG com.gaoda.io.ResourceResolver -- found resource: Resource[path=file:D:\Codes\Projects\summer\summer_framework\Summer_Framework\target\test-classes\com\itranswarp\scan\proxy\InjectProxyOnConstructorBean.class, name=com\itranswarp\scan\proxy\InjectProxyOnConstructorBean.class]
13:29:35.651 [main] DEBUG com.gaoda.io.ResourceResolver -- found resource: Resource[path=file:D:\Codes\Projects\summer\summer_framework\Summer_Framework\target\test-classes\com\itranswarp\scan\proxy\InjectProxyOnPropertyBean.class, name=com\itranswarp\scan\proxy\InjectProxyOnPropertyBean.class]
13:29:35.652 [main] DEBUG com.gaoda.io.ResourceResolver -- found resource: Resource[path=file:D:\Codes\Projects\summer\summer_framework\Summer_Framework\target\test-classes\com\itranswarp\scan\proxy\OriginBean.class, name=com\itranswarp\scan\proxy\OriginBean.class]
13:29:35.652 [main] DEBUG com.gaoda.io.ResourceResolver -- found resource: Resource[path=file:D:\Codes\Projects\summer\summer_framework\Summer_Framework\target\test-classes\com\itranswarp\scan\proxy\SecondProxyBean.class, name=com\itranswarp\scan\proxy\SecondProxyBean.class]
13:29:35.652 [main] DEBUG com.gaoda.io.ResourceResolver -- found resource: Resource[path=file:D:\Codes\Projects\summer\summer_framework\Summer_Framework\target\test-classes\com\itranswarp\scan\proxy\SecondProxyBeanPostProcessor.class, name=com\itranswarp\scan\proxy\SecondProxyBeanPostProcessor.class]
13:29:35.652 [main] DEBUG com.gaoda.io.ResourceResolver -- found resource: Resource[path=file:D:\Codes\Projects\summer\summer_framework\Summer_Framework\target\test-classes\com\itranswarp\scan\ScanApplication.class, name=com\itranswarp\scan\ScanApplication.class]
13:29:35.653 [main] DEBUG com.gaoda.io.ResourceResolver -- found resource: Resource[path=file:D:\Codes\Projects\summer\summer_framework\Summer_Framework\target\test-classes\com\itranswarp\scan\sub1\sub1.txt, name=com\itranswarp\scan\sub1\sub1.txt]
13:29:35.653 [main] DEBUG com.gaoda.io.ResourceResolver -- found resource: Resource[path=file:D:\Codes\Projects\summer\summer_framework\Summer_Framework\target\test-classes\com\itranswarp\scan\sub1\Sub1Bean.class, name=com\itranswarp\scan\sub1\Sub1Bean.class]
13:29:35.654 [main] DEBUG com.gaoda.io.ResourceResolver -- found resource: Resource[path=file:D:\Codes\Projects\summer\summer_framework\Summer_Framework\target\test-classes\com\itranswarp\scan\sub1\sub2\sub2.txt, name=com\itranswarp\scan\sub1\sub2\sub2.txt]
13:29:35.655 [main] DEBUG com.gaoda.io.ResourceResolver -- found resource: Resource[path=file:D:\Codes\Projects\summer\summer_framework\Summer_Framework\target\test-classes\com\itranswarp\scan\sub1\sub2\Sub2Bean.class, name=com\itranswarp\scan\sub1\sub2\Sub2Bean.class]
13:29:35.656 [main] DEBUG com.gaoda.io.ResourceResolver -- found resource: Resource[path=file:D:\Codes\Projects\summer\summer_framework\Summer_Framework\target\test-classes\com\itranswarp\scan\sub1\sub2\sub3\sub3.txt, name=com\itranswarp\scan\sub1\sub2\sub3\sub3.txt]
13:29:35.656 [main] DEBUG com.gaoda.io.ResourceResolver -- found resource: Resource[path=file:D:\Codes\Projects\summer\summer_framework\Summer_Framework\target\test-classes\com\itranswarp\scan\sub1\sub2\sub3\Sub3Bean.class, name=com\itranswarp\scan\sub1\sub2\sub3\Sub3Bean.class]
13:29:35.656 [main] DEBUG c.g.c.AnnotationConfigApplicationContext -- class found by component scan: com.itranswarp.scan.convert.ValueConverterBean
13:29:35.656 [main] DEBUG c.g.c.AnnotationConfigApplicationContext -- class found by component scan: com.itranswarp.scan.custom.annotation.CustomAnnotation
13:29:35.656 [main] DEBUG c.g.c.AnnotationConfigApplicationContext -- class found by component scan: com.itranswarp.scan.custom.annotation.CustomAnnotationBean
13:29:35.656 [main] DEBUG c.g.c.AnnotationConfigApplicationContext -- class found by component scan: com.itranswarp.scan.destroy.AnnotationDestroyBean
13:29:35.656 [main] DEBUG c.g.c.AnnotationConfigApplicationContext -- class found by component scan: com.itranswarp.scan.destroy.SpecifyDestroyBean
13:29:35.656 [main] DEBUG c.g.c.AnnotationConfigApplicationContext -- class found by component scan: com.itranswarp.scan.destroy.SpecifyDestroyConfiguration
13:29:35.656 [main] DEBUG c.g.c.AnnotationConfigApplicationContext -- class found by component scan: com.itranswarp.scan.init.AnnotationInitBean
13:29:35.656 [main] DEBUG c.g.c.AnnotationConfigApplicationContext -- class found by component scan: com.itranswarp.scan.init.SpecifyInitBean
13:29:35.656 [main] DEBUG c.g.c.AnnotationConfigApplicationContext -- class found by component scan: com.itranswarp.scan.init.SpecifyInitConfiguration
13:29:35.656 [main] DEBUG c.g.c.AnnotationConfigApplicationContext -- class found by component scan: com.itranswarp.scan.nested.OuterBean$NestedBean
13:29:35.656 [main] DEBUG c.g.c.AnnotationConfigApplicationContext -- class found by component scan: com.itranswarp.scan.nested.OuterBean
13:29:35.656 [main] DEBUG c.g.c.AnnotationConfigApplicationContext -- class found by component scan: com.itranswarp.scan.primary.DogBean
13:29:35.656 [main] DEBUG c.g.c.AnnotationConfigApplicationContext -- class found by component scan: com.itranswarp.scan.primary.PersonBean
13:29:35.656 [main] DEBUG c.g.c.AnnotationConfigApplicationContext -- class found by component scan: com.itranswarp.scan.primary.PrimaryConfiguration
13:29:35.656 [main] DEBUG c.g.c.AnnotationConfigApplicationContext -- class found by component scan: com.itranswarp.scan.primary.StudentBean
13:29:35.656 [main] DEBUG c.g.c.AnnotationConfigApplicationContext -- class found by component scan: com.itranswarp.scan.primary.TeacherBean
13:29:35.656 [main] DEBUG c.g.c.AnnotationConfigApplicationContext -- class found by component scan: com.itranswarp.scan.proxy.FirstProxyBean
13:29:35.656 [main] DEBUG c.g.c.AnnotationConfigApplicationContext -- class found by component scan: com.itranswarp.scan.proxy.FirstProxyBeanPostProcessor
13:29:35.656 [main] DEBUG c.g.c.AnnotationConfigApplicationContext -- class found by component scan: com.itranswarp.scan.proxy.InjectProxyOnConstructorBean
13:29:35.656 [main] DEBUG c.g.c.AnnotationConfigApplicationContext -- class found by component scan: com.itranswarp.scan.proxy.InjectProxyOnPropertyBean
13:29:35.656 [main] DEBUG c.g.c.AnnotationConfigApplicationContext -- class found by component scan: com.itranswarp.scan.proxy.OriginBean
13:29:35.656 [main] DEBUG c.g.c.AnnotationConfigApplicationContext -- class found by component scan: com.itranswarp.scan.proxy.SecondProxyBean
13:29:35.656 [main] DEBUG c.g.c.AnnotationConfigApplicationContext -- class found by component scan: com.itranswarp.scan.proxy.SecondProxyBeanPostProcessor
13:29:35.656 [main] DEBUG c.g.c.AnnotationConfigApplicationContext -- class found by component scan: com.itranswarp.scan.ScanApplication
13:29:35.656 [main] DEBUG c.g.c.AnnotationConfigApplicationContext -- class found by component scan: com.itranswarp.scan.sub1.Sub1Bean
13:29:35.656 [main] DEBUG c.g.c.AnnotationConfigApplicationContext -- class found by component scan: com.itranswarp.scan.sub1.sub2.Sub2Bean
13:29:35.656 [main] DEBUG c.g.c.AnnotationConfigApplicationContext -- class found by component scan: com.itranswarp.scan.sub1.sub2.sub3.Sub3Bean
13:29:35.656 [main] DEBUG c.g.c.AnnotationConfigApplicationContext -- class found by import: com.itranswarp.imported.LocalDateConfiguration
13:29:35.656 [main] DEBUG c.g.c.AnnotationConfigApplicationContext -- class found by import: com.itranswarp.imported.ZonedDateConfiguration
13:29:35.656 [main] DEBUG c.g.c.AnnotationConfigApplicationContext -- found component: com.itranswarp.scan.proxy.SecondProxyBeanPostProcessor
13:29:35.656 [main] DEBUG c.g.c.AnnotationConfigApplicationContext -- define bean: BeanDefinition [name=secondProxyBeanPostProcessor, beanClass=com.itranswarp.scan.proxy.SecondProxyBeanPostProcessor, factory=null, init-method=null, destroy-method=null, primary=false, instance=null]
13:29:35.657 [main] DEBUG c.g.c.AnnotationConfigApplicationContext -- found component: com.itranswarp.scan.destroy.AnnotationDestroyBean
13:29:35.657 [main] DEBUG c.g.c.AnnotationConfigApplicationContext -- define bean: BeanDefinition [name=annotationDestroyBean, beanClass=com.itranswarp.scan.destroy.AnnotationDestroyBean, factory=null, init-method=null, destroy-method=destroy, primary=false, instance=null]
13:29:35.657 [main] DEBUG c.g.c.AnnotationConfigApplicationContext -- found component: com.itranswarp.scan.primary.StudentBean
13:29:35.657 [main] DEBUG c.g.c.AnnotationConfigApplicationContext -- define bean: BeanDefinition [name=studentBean, beanClass=com.itranswarp.scan.primary.StudentBean, factory=null, init-method=null, destroy-method=null, primary=false, instance=null]
13:29:35.657 [main] DEBUG c.g.c.AnnotationConfigApplicationContext -- found component: com.itranswarp.scan.sub1.sub2.Sub2Bean
13:29:35.657 [main] DEBUG c.g.c.AnnotationConfigApplicationContext -- define bean: BeanDefinition [name=sub2Bean, beanClass=com.itranswarp.scan.sub1.sub2.Sub2Bean, factory=null, init-method=null, destroy-method=null, primary=false, instance=null]
13:29:35.657 [main] DEBUG c.g.c.AnnotationConfigApplicationContext -- found component: com.itranswarp.scan.primary.TeacherBean
13:29:35.657 [main] DEBUG c.g.c.AnnotationConfigApplicationContext -- define bean: BeanDefinition [name=teacherBean, beanClass=com.itranswarp.scan.primary.TeacherBean, factory=null, init-method=null, destroy-method=null, primary=true, instance=null]
13:29:35.657 [main] DEBUG c.g.c.AnnotationConfigApplicationContext -- found component: com.itranswarp.scan.proxy.FirstProxyBeanPostProcessor
13:29:35.657 [main] DEBUG c.g.c.AnnotationConfigApplicationContext -- define bean: BeanDefinition [name=firstProxyBeanPostProcessor, beanClass=com.itranswarp.scan.proxy.FirstProxyBeanPostProcessor, factory=null, init-method=null, destroy-method=null, primary=false, instance=null]
13:29:35.657 [main] DEBUG c.g.c.AnnotationConfigApplicationContext -- found component: com.itranswarp.scan.primary.PrimaryConfiguration
13:29:35.657 [main] DEBUG c.g.c.AnnotationConfigApplicationContext -- define bean: BeanDefinition [name=primaryConfiguration, beanClass=com.itranswarp.scan.primary.PrimaryConfiguration, factory=null, init-method=null, destroy-method=null, primary=false, instance=null]
13:29:35.657 [main] DEBUG c.g.c.AnnotationConfigApplicationContext -- define bean: BeanDefinition [name=teddy, beanClass=com.itranswarp.scan.primary.DogBean, factory=PrimaryConfiguration.teddy(), init-method=null, destroy-method=null, primary=false, instance=null]
13:29:35.657 [main] DEBUG c.g.c.AnnotationConfigApplicationContext -- define bean: BeanDefinition [name=husky, beanClass=com.itranswarp.scan.primary.DogBean, factory=PrimaryConfiguration.husky(), init-method=null, destroy-method=null, primary=true, instance=null]
13:29:35.657 [main] DEBUG c.g.c.AnnotationConfigApplicationContext -- found component: com.itranswarp.imported.ZonedDateConfiguration
13:29:35.657 [main] DEBUG c.g.c.AnnotationConfigApplicationContext -- define bean: BeanDefinition [name=zonedDateConfiguration, beanClass=com.itranswarp.imported.ZonedDateConfiguration, factory=null, init-method=null, destroy-method=null, primary=false, instance=null]
13:29:35.657 [main] DEBUG c.g.c.AnnotationConfigApplicationContext -- define bean: BeanDefinition [name=startZonedDateTime, beanClass=java.time.ZonedDateTime, factory=ZonedDateConfiguration.startZonedDateTime(), init-method=null, destroy-method=null, primary=false, instance=null]
13:29:35.657 [main] DEBUG c.g.c.AnnotationConfigApplicationContext -- found component: com.itranswarp.scan.custom.annotation.CustomAnnotationBean
13:29:35.657 [main] DEBUG c.g.c.AnnotationConfigApplicationContext -- define bean: BeanDefinition [name=customAnnotation, beanClass=com.itranswarp.scan.custom.annotation.CustomAnnotationBean, factory=null, init-method=null, destroy-method=null, primary=false, instance=null]
13:29:35.657 [main] DEBUG c.g.c.AnnotationConfigApplicationContext -- found component: com.itranswarp.imported.LocalDateConfiguration
13:29:35.657 [main] DEBUG c.g.c.AnnotationConfigApplicationContext -- define bean: BeanDefinition [name=localDateConfiguration, beanClass=com.itranswarp.imported.LocalDateConfiguration, factory=null, init-method=null, destroy-method=null, primary=false, instance=null]
13:29:35.657 [main] DEBUG c.g.c.AnnotationConfigApplicationContext -- define bean: BeanDefinition [name=startLocalDate, beanClass=java.time.LocalDate, factory=LocalDateConfiguration.startLocalDate(), init-method=null, destroy-method=null, primary=false, instance=null]
13:29:35.657 [main] DEBUG c.g.c.AnnotationConfigApplicationContext -- define bean: BeanDefinition [name=startLocalDateTime, beanClass=java.time.LocalDateTime, factory=LocalDateConfiguration.startLocalDateTime(), init-method=null, destroy-method=null, primary=false, instance=null]
13:29:35.657 [main] DEBUG c.g.c.AnnotationConfigApplicationContext -- found component: com.itranswarp.scan.convert.ValueConverterBean
13:29:35.657 [main] DEBUG c.g.c.AnnotationConfigApplicationContext -- define bean: BeanDefinition [name=valueConverterBean, beanClass=com.itranswarp.scan.convert.ValueConverterBean, factory=null, init-method=null, destroy-method=null, primary=false, instance=null]
13:29:35.657 [main] DEBUG c.g.c.AnnotationConfigApplicationContext -- found component: com.itranswarp.scan.nested.OuterBean$NestedBean
13:29:35.657 [main] DEBUG c.g.c.AnnotationConfigApplicationContext -- define bean: BeanDefinition [name=nestedBean, beanClass=com.itranswarp.scan.nested.OuterBean$NestedBean, factory=null, init-method=null, destroy-method=null, primary=false, instance=null]
13:29:35.657 [main] DEBUG c.g.c.AnnotationConfigApplicationContext -- found component: com.itranswarp.scan.nested.OuterBean
13:29:35.657 [main] DEBUG c.g.c.AnnotationConfigApplicationContext -- define bean: BeanDefinition [name=outerBean, beanClass=com.itranswarp.scan.nested.OuterBean, factory=null, init-method=null, destroy-method=null, primary=false, instance=null]
13:29:35.657 [main] DEBUG c.g.c.AnnotationConfigApplicationContext -- found component: com.itranswarp.scan.destroy.SpecifyDestroyConfiguration
13:29:35.657 [main] DEBUG c.g.c.AnnotationConfigApplicationContext -- define bean: BeanDefinition [name=specifyDestroyConfiguration, beanClass=com.itranswarp.scan.destroy.SpecifyDestroyConfiguration, factory=null, init-method=null, destroy-method=null, primary=false, instance=null]
13:29:35.657 [main] DEBUG c.g.c.AnnotationConfigApplicationContext -- define bean: BeanDefinition [name=createSpecifyDestroyBean, beanClass=com.itranswarp.scan.destroy.SpecifyDestroyBean, factory=SpecifyDestroyConfiguration.createSpecifyDestroyBean(String), init-method=null, destroy-method=null, primary=false, instance=null]
13:29:35.657 [main] DEBUG c.g.c.AnnotationConfigApplicationContext -- found component: com.itranswarp.scan.proxy.InjectProxyOnConstructorBean
13:29:35.657 [main] DEBUG c.g.c.AnnotationConfigApplicationContext -- define bean: BeanDefinition [name=injectProxyOnConstructorBean, beanClass=com.itranswarp.scan.proxy.InjectProxyOnConstructorBean, factory=null, init-method=null, destroy-method=null, primary=false, instance=null]
13:29:35.657 [main] DEBUG c.g.c.AnnotationConfigApplicationContext -- found component: com.itranswarp.scan.init.SpecifyInitConfiguration
13:29:35.657 [main] DEBUG c.g.c.AnnotationConfigApplicationContext -- define bean: BeanDefinition [name=specifyInitConfiguration, beanClass=com.itranswarp.scan.init.SpecifyInitConfiguration, factory=null, init-method=null, destroy-method=null, primary=false, instance=null]
13:29:35.658 [main] DEBUG c.g.c.AnnotationConfigApplicationContext -- define bean: BeanDefinition [name=createSpecifyInitBean, beanClass=com.itranswarp.scan.init.SpecifyInitBean, factory=SpecifyInitConfiguration.createSpecifyInitBean(String, String), init-method=null, destroy-method=null, primary=false, instance=null]
13:29:35.658 [main] DEBUG c.g.c.AnnotationConfigApplicationContext -- found component: com.itranswarp.scan.proxy.InjectProxyOnPropertyBean
13:29:35.658 [main] DEBUG c.g.c.AnnotationConfigApplicationContext -- define bean: BeanDefinition [name=injectProxyOnPropertyBean, beanClass=com.itranswarp.scan.proxy.InjectProxyOnPropertyBean, factory=null, init-method=null, destroy-method=null, primary=false, instance=null]
13:29:35.658 [main] DEBUG c.g.c.AnnotationConfigApplicationContext -- found component: com.itranswarp.scan.proxy.OriginBean
13:29:35.658 [main] DEBUG c.g.c.AnnotationConfigApplicationContext -- define bean: BeanDefinition [name=originBean, beanClass=com.itranswarp.scan.proxy.OriginBean, factory=null, init-method=null, destroy-method=null, primary=false, instance=null]
13:29:35.658 [main] DEBUG c.g.c.AnnotationConfigApplicationContext -- found component: com.itranswarp.scan.sub1.sub2.sub3.Sub3Bean
13:29:35.658 [main] DEBUG c.g.c.AnnotationConfigApplicationContext -- define bean: BeanDefinition [name=sub3Bean, beanClass=com.itranswarp.scan.sub1.sub2.sub3.Sub3Bean, factory=null, init-method=null, destroy-method=null, primary=false, instance=null]
13:29:35.658 [main] DEBUG c.g.c.AnnotationConfigApplicationContext -- found component: com.itranswarp.scan.sub1.Sub1Bean
13:29:35.658 [main] DEBUG c.g.c.AnnotationConfigApplicationContext -- define bean: BeanDefinition [name=sub1Bean, beanClass=com.itranswarp.scan.sub1.Sub1Bean, factory=null, init-method=null, destroy-method=null, primary=false, instance=null]
13:29:35.658 [main] DEBUG c.g.c.AnnotationConfigApplicationContext -- found component: com.itranswarp.scan.init.AnnotationInitBean
13:29:35.658 [main] DEBUG c.g.c.AnnotationConfigApplicationContext -- define bean: BeanDefinition [name=annotationInitBean, beanClass=com.itranswarp.scan.init.AnnotationInitBean, factory=null, init-method=init, destroy-method=null, primary=false, instance=null]
13:29:35.658 [main] DEBUG c.g.c.AnnotationConfigApplicationContext -- Try create bean 'localDateConfiguration' as early singleton: com.itranswarp.imported.LocalDateConfiguration
13:29:35.658 [main] DEBUG c.g.c.AnnotationConfigApplicationContext -- Try create bean 'primaryConfiguration' as early singleton: com.itranswarp.scan.primary.PrimaryConfiguration
13:29:35.658 [main] DEBUG c.g.c.AnnotationConfigApplicationContext -- Try create bean 'specifyDestroyConfiguration' as early singleton: com.itranswarp.scan.destroy.SpecifyDestroyConfiguration
13:29:35.658 [main] DEBUG c.g.c.AnnotationConfigApplicationContext -- Try create bean 'specifyInitConfiguration' as early singleton: com.itranswarp.scan.init.SpecifyInitConfiguration
13:29:35.658 [main] DEBUG c.g.c.AnnotationConfigApplicationContext -- Try create bean 'zonedDateConfiguration' as early singleton: com.itranswarp.imported.ZonedDateConfiguration
13:29:35.658 [main] DEBUG c.g.c.AnnotationConfigApplicationContext -- Try create bean 'firstProxyBeanPostProcessor' as early singleton: com.itranswarp.scan.proxy.FirstProxyBeanPostProcessor
13:29:35.658 [main] DEBUG c.g.c.AnnotationConfigApplicationContext -- Try create bean 'secondProxyBeanPostProcessor' as early singleton: com.itranswarp.scan.proxy.SecondProxyBeanPostProcessor
13:29:35.658 [main] DEBUG c.g.c.AnnotationConfigApplicationContext -- Try create bean 'annotationDestroyBean' as early singleton: com.itranswarp.scan.destroy.AnnotationDestroyBean
13:29:35.658 [main] DEBUG c.g.c.AnnotationConfigApplicationContext -- Try create bean 'annotationInitBean' as early singleton: com.itranswarp.scan.init.AnnotationInitBean
13:29:35.658 [main] DEBUG c.g.c.AnnotationConfigApplicationContext -- Try create bean 'createSpecifyDestroyBean' as early singleton: com.itranswarp.scan.destroy.SpecifyDestroyBean
13:29:35.658 [main] DEBUG c.g.c.AnnotationConfigApplicationContext -- Try create bean 'createSpecifyInitBean' as early singleton: com.itranswarp.scan.init.SpecifyInitBean
13:29:35.658 [main] DEBUG c.g.c.AnnotationConfigApplicationContext -- Try create bean 'customAnnotation' as early singleton: com.itranswarp.scan.custom.annotation.CustomAnnotationBean
13:29:35.658 [main] DEBUG c.g.c.AnnotationConfigApplicationContext -- Try create bean 'husky' as early singleton: com.itranswarp.scan.primary.DogBean
13:29:35.658 [main] DEBUG c.g.c.AnnotationConfigApplicationContext -- Try create bean 'injectProxyOnConstructorBean' as early singleton: com.itranswarp.scan.proxy.InjectProxyOnConstructorBean
13:29:35.658 [main] DEBUG c.g.c.AnnotationConfigApplicationContext -- Try create bean 'originBean' as early singleton: com.itranswarp.scan.proxy.OriginBean
13:29:35.658 [main] DEBUG c.i.s.p.FirstProxyBeanPostProcessor -- create first proxy for bean 'originBean': com.itranswarp.scan.proxy.OriginBean@6928f576
13:29:35.658 [main] DEBUG c.g.c.AnnotationConfigApplicationContext -- Bean 'originBean' was replaced by post processor com.itranswarp.scan.proxy.FirstProxyBeanPostProcessor.
13:29:35.658 [main] DEBUG c.i.s.p.SecondProxyBeanPostProcessor -- create second proxy for bean 'originBean': com.itranswarp.scan.proxy.FirstProxyBean@660e9100
13:29:35.658 [main] DEBUG c.g.c.AnnotationConfigApplicationContext -- Bean 'originBean' was replaced by post processor com.itranswarp.scan.proxy.SecondProxyBeanPostProcessor.
13:29:35.658 [main] DEBUG c.g.c.AnnotationConfigApplicationContext -- Try create bean 'injectProxyOnPropertyBean' as early singleton: com.itranswarp.scan.proxy.InjectProxyOnPropertyBean
13:29:35.658 [main] DEBUG c.g.c.AnnotationConfigApplicationContext -- Try create bean 'nestedBean' as early singleton: com.itranswarp.scan.nested.OuterBean$NestedBean
13:29:35.658 [main] DEBUG c.g.c.AnnotationConfigApplicationContext -- Try create bean 'outerBean' as early singleton: com.itranswarp.scan.nested.OuterBean
13:29:35.658 [main] DEBUG c.g.c.AnnotationConfigApplicationContext -- Try create bean 'startLocalDate' as early singleton: java.time.LocalDate
13:29:35.658 [main] DEBUG c.g.c.AnnotationConfigApplicationContext -- Try create bean 'startLocalDateTime' as early singleton: java.time.LocalDateTime
13:29:35.658 [main] DEBUG c.g.c.AnnotationConfigApplicationContext -- Try create bean 'startZonedDateTime' as early singleton: java.time.ZonedDateTime
13:29:35.658 [main] DEBUG c.g.c.AnnotationConfigApplicationContext -- Try create bean 'studentBean' as early singleton: com.itranswarp.scan.primary.StudentBean
13:29:35.659 [main] DEBUG c.g.c.AnnotationConfigApplicationContext -- Try create bean 'sub1Bean' as early singleton: com.itranswarp.scan.sub1.Sub1Bean
13:29:35.659 [main] DEBUG c.g.c.AnnotationConfigApplicationContext -- Try create bean 'sub2Bean' as early singleton: com.itranswarp.scan.sub1.sub2.Sub2Bean
13:29:35.659 [main] DEBUG c.g.c.AnnotationConfigApplicationContext -- Try create bean 'sub3Bean' as early singleton: com.itranswarp.scan.sub1.sub2.sub3.Sub3Bean
13:29:35.659 [main] DEBUG c.g.c.AnnotationConfigApplicationContext -- Try create bean 'teacherBean' as early singleton: com.itranswarp.scan.primary.TeacherBean
13:29:35.659 [main] DEBUG c.g.c.AnnotationConfigApplicationContext -- Try create bean 'teddy' as early singleton: com.itranswarp.scan.primary.DogBean
13:29:35.659 [main] DEBUG c.g.c.AnnotationConfigApplicationContext -- Try create bean 'valueConverterBean' as early singleton: com.itranswarp.scan.convert.ValueConverterBean
13:29:35.659 [main] DEBUG c.g.c.AnnotationConfigApplicationContext -- Field injection: com.itranswarp.scan.convert.ValueConverterBean.injectedBooleanPrimitive = true
13:29:35.659 [main] DEBUG c.g.c.AnnotationConfigApplicationContext -- Field injection: com.itranswarp.scan.convert.ValueConverterBean.injectedBoolean = true
13:29:35.659 [main] DEBUG c.g.c.AnnotationConfigApplicationContext -- Field injection: com.itranswarp.scan.convert.ValueConverterBean.injectedBytePrimitive = 123
13:29:35.659 [main] DEBUG c.g.c.AnnotationConfigApplicationContext -- Field injection: com.itranswarp.scan.convert.ValueConverterBean.injectedByte = 123
13:29:35.659 [main] DEBUG c.g.c.AnnotationConfigApplicationContext -- Field injection: com.itranswarp.scan.convert.ValueConverterBean.injectedShortPrimitive = 12345
13:29:35.659 [main] DEBUG c.g.c.AnnotationConfigApplicationContext -- Field injection: com.itranswarp.scan.convert.ValueConverterBean.injectedShort = 12345
13:29:35.659 [main] DEBUG c.g.c.AnnotationConfigApplicationContext -- Field injection: com.itranswarp.scan.convert.ValueConverterBean.injectedIntPrimitive = 1234567
13:29:35.659 [main] DEBUG c.g.c.AnnotationConfigApplicationContext -- Field injection: com.itranswarp.scan.convert.ValueConverterBean.injectedInteger = 1234567
13:29:35.659 [main] DEBUG c.g.c.AnnotationConfigApplicationContext -- Field injection: com.itranswarp.scan.convert.ValueConverterBean.injectedLongPrimitive = 123456789000
13:29:35.659 [main] DEBUG c.g.c.AnnotationConfigApplicationContext -- Field injection: com.itranswarp.scan.convert.ValueConverterBean.injectedLong = 123456789000
13:29:35.659 [main] DEBUG c.g.c.AnnotationConfigApplicationContext -- Field injection: com.itranswarp.scan.convert.ValueConverterBean.injectedFloatPrimitive = 12345.679
13:29:35.659 [main] DEBUG c.g.c.AnnotationConfigApplicationContext -- Field injection: com.itranswarp.scan.convert.ValueConverterBean.injectedFloat = 12345.679
13:29:35.659 [main] DEBUG c.g.c.AnnotationConfigApplicationContext -- Field injection: com.itranswarp.scan.convert.ValueConverterBean.injectedDoublePrimitive = 1.2345678987654321E8
13:29:35.659 [main] DEBUG c.g.c.AnnotationConfigApplicationContext -- Field injection: com.itranswarp.scan.convert.ValueConverterBean.injectedDouble = 1.2345678987654321E8
13:29:35.659 [main] DEBUG c.g.c.AnnotationConfigApplicationContext -- Field injection: com.itranswarp.scan.convert.ValueConverterBean.injectedLocalDate = 2023-03-29
13:29:35.659 [main] DEBUG c.g.c.AnnotationConfigApplicationContext -- Field injection: com.itranswarp.scan.convert.ValueConverterBean.injectedLocalTime = 20:45:01
13:29:35.659 [main] DEBUG c.g.c.AnnotationConfigApplicationContext -- Field injection: com.itranswarp.scan.convert.ValueConverterBean.injectedLocalDateTime = 2023-03-29T20:45:01
13:29:35.659 [main] DEBUG c.g.c.AnnotationConfigApplicationContext -- Field injection: com.itranswarp.scan.convert.ValueConverterBean.injectedZonedDateTime = 2023-03-29T20:45:01+08:00[Asia/Shanghai]
13:29:35.660 [main] DEBUG c.g.c.AnnotationConfigApplicationContext -- Field injection: com.itranswarp.scan.convert.ValueConverterBean.injectedDuration = PT51H4M
13:29:35.660 [main] DEBUG c.g.c.AnnotationConfigApplicationContext -- Field injection: com.itranswarp.scan.convert.ValueConverterBean.injectedZoneId = Asia/Shanghai
13:29:35.660 [main] DEBUG c.g.c.AnnotationConfigApplicationContext -- Field injection: com.itranswarp.scan.proxy.InjectProxyOnPropertyBean.injected = com.itranswarp.scan.proxy.SecondProxyBean@69f63d95
13:29:35.660 [main] DEBUG c.i.s.p.SecondProxyBeanPostProcessor -- auto set property for originBean from second proxy com.itranswarp.scan.proxy.SecondProxyBean@69f63d95 to origin bean: com.itranswarp.scan.proxy.FirstProxyBean@660e9100
13:29:35.660 [main] DEBUG c.g.c.AnnotationConfigApplicationContext -- BeanPostProcessor SecondProxyBeanPostProcessor specified injection from SecondProxyBean to FirstProxyBean.
13:29:35.660 [main] DEBUG c.i.s.p.FirstProxyBeanPostProcessor -- auto set property for originBean from first proxy com.itranswarp.scan.proxy.FirstProxyBean@660e9100 to origin bean: com.itranswarp.scan.proxy.OriginBean@6928f576
13:29:35.660 [main] DEBUG c.g.c.AnnotationConfigApplicationContext -- BeanPostProcessor FirstProxyBeanPostProcessor specified injection from FirstProxyBean to OriginBean.
13:29:35.660 [main] DEBUG c.g.c.AnnotationConfigApplicationContext -- Field injection: com.itranswarp.scan.proxy.OriginBean.name = Scan App
13:29:35.660 [main] DEBUG c.g.c.AnnotationConfigApplicationContext -- Method injection: com.itranswarp.scan.proxy.OriginBean.setVersion (v1.0)
13:29:35.660 [main] DEBUG c.g.c.AnnotationConfigApplicationContext -- Field injection: com.itranswarp.scan.destroy.AnnotationDestroyBean.appTitle = Scan App
13:29:35.660 [main] DEBUG c.g.c.AnnotationConfigApplicationContext -- Field injection: com.itranswarp.scan.init.AnnotationInitBean.appTitle = Scan App
13:29:35.660 [main] DEBUG c.g.c.AnnotationConfigApplicationContext -- Field injection: com.itranswarp.scan.init.AnnotationInitBean.appVersion = v1.0
13:29:35.660 [main] DEBUG c.i.s.p.SecondProxyBeanPostProcessor -- auto set property for originBean from second proxy com.itranswarp.scan.proxy.SecondProxyBean@69f63d95 to origin bean: com.itranswarp.scan.proxy.FirstProxyBean@660e9100
13:29:35.660 [main] DEBUG c.g.c.AnnotationConfigApplicationContext -- BeanPostProcessor SecondProxyBeanPostProcessor specified injection from SecondProxyBean to FirstProxyBean.
13:29:35.660 [main] DEBUG c.i.s.p.FirstProxyBeanPostProcessor -- auto set property for originBean from first proxy com.itranswarp.scan.proxy.FirstProxyBean@660e9100 to origin bean: com.itranswarp.scan.proxy.OriginBean@6928f576
13:29:35.660 [main] DEBUG c.g.c.AnnotationConfigApplicationContext -- BeanPostProcessor FirstProxyBeanPostProcessor specified injection from FirstProxyBean to OriginBean.
13:29:35.660 [main] DEBUG c.g.c.AnnotationConfigApplicationContext -- bean initialized: BeanDefinition [name=firstProxyBeanPostProcessor, beanClass=com.itranswarp.scan.proxy.FirstProxyBeanPostProcessor, factory=null, init-method=null, destroy-method=null, primary=false, instance=com.itranswarp.scan.proxy.FirstProxyBeanPostProcessor@9cd25ff]
13:29:35.660 [main] DEBUG c.g.c.AnnotationConfigApplicationContext -- bean initialized: BeanDefinition [name=secondProxyBeanPostProcessor, beanClass=com.itranswarp.scan.proxy.SecondProxyBeanPostProcessor, factory=null, init-method=null, destroy-method=null, primary=false, instance=com.itranswarp.scan.proxy.SecondProxyBeanPostProcessor@27e0f2f5]
13:29:35.660 [main] DEBUG c.g.c.AnnotationConfigApplicationContext -- bean initialized: BeanDefinition [name=annotationDestroyBean, beanClass=com.itranswarp.scan.destroy.AnnotationDestroyBean, factory=null, init-method=null, destroy-method=destroy, primary=false, instance=com.itranswarp.scan.destroy.AnnotationDestroyBean@3574e198]
13:29:35.660 [main] DEBUG c.g.c.AnnotationConfigApplicationContext -- bean initialized: BeanDefinition [name=annotationInitBean, beanClass=com.itranswarp.scan.init.AnnotationInitBean, factory=null, init-method=init, destroy-method=null, primary=false, instance=com.itranswarp.scan.init.AnnotationInitBean@6db66836]
13:29:35.660 [main] DEBUG c.g.c.AnnotationConfigApplicationContext -- bean initialized: BeanDefinition [name=createSpecifyDestroyBean, beanClass=com.itranswarp.scan.destroy.SpecifyDestroyBean, factory=SpecifyDestroyConfiguration.createSpecifyDestroyBean(String), init-method=null, destroy-method=null, primary=false, instance=com.itranswarp.scan.destroy.SpecifyDestroyBean@db44aa2]
13:29:35.660 [main] DEBUG c.g.c.AnnotationConfigApplicationContext -- bean initialized: BeanDefinition [name=createSpecifyInitBean, beanClass=com.itranswarp.scan.init.SpecifyInitBean, factory=SpecifyInitConfiguration.createSpecifyInitBean(String, String), init-method=null, destroy-method=null, primary=false, instance=com.itranswarp.scan.init.SpecifyInitBean@2de366bb]
13:29:35.660 [main] DEBUG c.g.c.AnnotationConfigApplicationContext -- bean initialized: BeanDefinition [name=customAnnotation, beanClass=com.itranswarp.scan.custom.annotation.CustomAnnotationBean, factory=null, init-method=null, destroy-method=null, primary=false, instance=com.itranswarp.scan.custom.annotation.CustomAnnotationBean@3f093abe]
13:29:35.660 [main] DEBUG c.g.c.AnnotationConfigApplicationContext -- bean initialized: BeanDefinition [name=husky, beanClass=com.itranswarp.scan.primary.DogBean, factory=PrimaryConfiguration.husky(), init-method=null, destroy-method=null, primary=true, instance=com.itranswarp.scan.primary.DogBean@61a002b1]
13:29:35.661 [main] DEBUG c.g.c.AnnotationConfigApplicationContext -- bean initialized: BeanDefinition [name=injectProxyOnConstructorBean, beanClass=com.itranswarp.scan.proxy.InjectProxyOnConstructorBean, factory=null, init-method=null, destroy-method=null, primary=false, instance=com.itranswarp.scan.proxy.InjectProxyOnConstructorBean@4eeea57d]
13:29:35.661 [main] DEBUG c.g.c.AnnotationConfigApplicationContext -- bean initialized: BeanDefinition [name=injectProxyOnPropertyBean, beanClass=com.itranswarp.scan.proxy.InjectProxyOnPropertyBean, factory=null, init-method=null, destroy-method=null, primary=false, instance=com.itranswarp.scan.proxy.InjectProxyOnPropertyBean@780ec4a5]
13:29:35.661 [main] DEBUG c.g.c.AnnotationConfigApplicationContext -- bean initialized: BeanDefinition [name=localDateConfiguration, beanClass=com.itranswarp.imported.LocalDateConfiguration, factory=null, init-method=null, destroy-method=null, primary=false, instance=com.itranswarp.imported.LocalDateConfiguration@e24ddd0]
13:29:35.661 [main] DEBUG c.g.c.AnnotationConfigApplicationContext -- bean initialized: BeanDefinition [name=nestedBean, beanClass=com.itranswarp.scan.nested.OuterBean$NestedBean, factory=null, init-method=null, destroy-method=null, primary=false, instance=com.itranswarp.scan.nested.OuterBean$NestedBean@6f70f32f]
13:29:35.661 [main] DEBUG c.g.c.AnnotationConfigApplicationContext -- bean initialized: BeanDefinition [name=originBean, beanClass=com.itranswarp.scan.proxy.OriginBean, factory=null, init-method=null, destroy-method=null, primary=false, instance=com.itranswarp.scan.proxy.SecondProxyBean@69f63d95]
13:29:35.661 [main] DEBUG c.g.c.AnnotationConfigApplicationContext -- bean initialized: BeanDefinition [name=outerBean, beanClass=com.itranswarp.scan.nested.OuterBean, factory=null, init-method=null, destroy-method=null, primary=false, instance=com.itranswarp.scan.nested.OuterBean@548e76f1]
13:29:35.661 [main] DEBUG c.g.c.AnnotationConfigApplicationContext -- bean initialized: BeanDefinition [name=primaryConfiguration, beanClass=com.itranswarp.scan.primary.PrimaryConfiguration, factory=null, init-method=null, destroy-method=null, primary=false, instance=com.itranswarp.scan.primary.PrimaryConfiguration@5aabbb29]
13:29:35.661 [main] DEBUG c.g.c.AnnotationConfigApplicationContext -- bean initialized: BeanDefinition [name=specifyDestroyConfiguration, beanClass=com.itranswarp.scan.destroy.SpecifyDestroyConfiguration, factory=null, init-method=null, destroy-method=null, primary=false, instance=com.itranswarp.scan.destroy.SpecifyDestroyConfiguration@72c927f1]
13:29:35.661 [main] DEBUG c.g.c.AnnotationConfigApplicationContext -- bean initialized: BeanDefinition [name=specifyInitConfiguration, beanClass=com.itranswarp.scan.init.SpecifyInitConfiguration, factory=null, init-method=null, destroy-method=null, primary=false, instance=com.itranswarp.scan.init.SpecifyInitConfiguration@1ac85b0c]
13:29:35.661 [main] DEBUG c.g.c.AnnotationConfigApplicationContext -- bean initialized: BeanDefinition [name=startLocalDate, beanClass=java.time.LocalDate, factory=LocalDateConfiguration.startLocalDate(), init-method=null, destroy-method=null, primary=false, instance=2023-08-17]
13:29:35.661 [main] DEBUG c.g.c.AnnotationConfigApplicationContext -- bean initialized: BeanDefinition [name=startLocalDateTime, beanClass=java.time.LocalDateTime, factory=LocalDateConfiguration.startLocalDateTime(), init-method=null, destroy-method=null, primary=false, instance=2023-08-17T13:29:35.658819200]
13:29:35.661 [main] DEBUG c.g.c.AnnotationConfigApplicationContext -- bean initialized: BeanDefinition [name=startZonedDateTime, beanClass=java.time.ZonedDateTime, factory=ZonedDateConfiguration.startZonedDateTime(), init-method=null, destroy-method=null, primary=false, instance=2023-08-17T13:29:35.658819200+08:00[Asia/Shanghai]]
13:29:35.661 [main] DEBUG c.g.c.AnnotationConfigApplicationContext -- bean initialized: BeanDefinition [name=studentBean, beanClass=com.itranswarp.scan.primary.StudentBean, factory=null, init-method=null, destroy-method=null, primary=false, instance=com.itranswarp.scan.primary.StudentBean@3dd69f5a]
13:29:35.661 [main] DEBUG c.g.c.AnnotationConfigApplicationContext -- bean initialized: BeanDefinition [name=sub1Bean, beanClass=com.itranswarp.scan.sub1.Sub1Bean, factory=null, init-method=null, destroy-method=null, primary=false, instance=com.itranswarp.scan.sub1.Sub1Bean@3aa3193a]
13:29:35.661 [main] DEBUG c.g.c.AnnotationConfigApplicationContext -- bean initialized: BeanDefinition [name=sub2Bean, beanClass=com.itranswarp.scan.sub1.sub2.Sub2Bean, factory=null, init-method=null, destroy-method=null, primary=false, instance=com.itranswarp.scan.sub1.sub2.Sub2Bean@1ee4730]
13:29:35.661 [main] DEBUG c.g.c.AnnotationConfigApplicationContext -- bean initialized: BeanDefinition [name=sub3Bean, beanClass=com.itranswarp.scan.sub1.sub2.sub3.Sub3Bean, factory=null, init-method=null, destroy-method=null, primary=false, instance=com.itranswarp.scan.sub1.sub2.sub3.Sub3Bean@59a67c3a]
13:29:35.661 [main] DEBUG c.g.c.AnnotationConfigApplicationContext -- bean initialized: BeanDefinition [name=teacherBean, beanClass=com.itranswarp.scan.primary.TeacherBean, factory=null, init-method=null, destroy-method=null, primary=true, instance=com.itranswarp.scan.primary.TeacherBean@5003041b]
13:29:35.661 [main] DEBUG c.g.c.AnnotationConfigApplicationContext -- bean initialized: BeanDefinition [name=teddy, beanClass=com.itranswarp.scan.primary.DogBean, factory=PrimaryConfiguration.teddy(), init-method=null, destroy-method=null, primary=false, instance=com.itranswarp.scan.primary.DogBean@724bade8]
13:29:35.661 [main] DEBUG c.g.c.AnnotationConfigApplicationContext -- bean initialized: BeanDefinition [name=valueConverterBean, beanClass=com.itranswarp.scan.convert.ValueConverterBean, factory=null, init-method=null, destroy-method=null, primary=false, instance=com.itranswarp.scan.convert.ValueConverterBean@16fb356]
13:29:35.661 [main] DEBUG c.g.c.AnnotationConfigApplicationContext -- bean initialized: BeanDefinition [name=zonedDateConfiguration, beanClass=com.itranswarp.imported.ZonedDateConfiguration, factory=null, init-method=null, destroy-method=null, primary=false, instance=com.itranswarp.imported.ZonedDateConfiguration@6bc248ed]
]]></system-out>
  </testcase>
  <testcase name="testProxy" classname="com.itranswarp.summer.context.AnnotationConfigApplicationContextTest" time="0.023">
    <system-out><![CDATA[13:29:35.662 [main] DEBUG com.gaoda.io.PropertyResolver -- PropertyResolver: =:: = ::\
13:29:35.662 [main] DEBUG com.gaoda.io.PropertyResolver -- PropertyResolver: =D: = D:\Codes\Projects\summer\summer_framework\Summer_Framework
13:29:35.662 [main] DEBUG com.gaoda.io.PropertyResolver -- PropertyResolver: ALLUSERSPROFILE = C:\ProgramData
13:29:35.662 [main] DEBUG com.gaoda.io.PropertyResolver -- PropertyResolver: APPDATA = C:\Users\Gundam\AppData\Roaming
13:29:35.662 [main] DEBUG com.gaoda.io.PropertyResolver -- PropertyResolver: CLASSPATH = .;D:\Code\jdk-18\lib;D:\Code\jdk-18\lib\tools.jar
13:29:35.662 [main] DEBUG com.gaoda.io.PropertyResolver -- PropertyResolver: COMMONPROGRAMFILES = C:\Program Files\Common Files
13:29:35.662 [main] DEBUG com.gaoda.io.PropertyResolver -- PropertyResolver: COMMONPROGRAMFILES(X86) = C:\Program Files (x86)\Common Files
13:29:35.662 [main] DEBUG com.gaoda.io.PropertyResolver -- PropertyResolver: COMMONPROGRAMW6432 = C:\Program Files\Common Files
13:29:35.662 [main] DEBUG com.gaoda.io.PropertyResolver -- PropertyResolver: COMPUTERNAME = DESKTOP-HR12F04
13:29:35.662 [main] DEBUG com.gaoda.io.PropertyResolver -- PropertyResolver: COMSPEC = C:\Windows\system32\cmd.exe
13:29:35.662 [main] DEBUG com.gaoda.io.PropertyResolver -- PropertyResolver: DRIVERDATA = C:\Windows\System32\Drivers\DriverData
13:29:35.662 [main] DEBUG com.gaoda.io.PropertyResolver -- PropertyResolver: FPS_BROWSER_APP_PROFILE_STRING = Internet Explorer
13:29:35.662 [main] DEBUG com.gaoda.io.PropertyResolver -- PropertyResolver: FPS_BROWSER_USER_PROFILE_STRING = Default
13:29:35.662 [main] DEBUG com.gaoda.io.PropertyResolver -- PropertyResolver: HOMEDRIVE = C:
13:29:35.662 [main] DEBUG com.gaoda.io.PropertyResolver -- PropertyResolver: HOMEPATH = \Users\Gundam
13:29:35.662 [main] DEBUG com.gaoda.io.PropertyResolver -- PropertyResolver: IDEA_INITIAL_DIRECTORY = D:\Applications1\code\idea\IntelliJ IDEA 2022.2.1\bin
13:29:35.663 [main] DEBUG com.gaoda.io.PropertyResolver -- PropertyResolver: INTELLIJ IDEA = D:\Applications1\code\idea\IntelliJ IDEA 2022.2.1\bin;
13:29:35.663 [main] DEBUG com.gaoda.io.PropertyResolver -- PropertyResolver: JAVA18_HOME = D:\Code\jdk-18
13:29:35.663 [main] DEBUG com.gaoda.io.PropertyResolver -- PropertyResolver: JAVA8_HOME = D:\Code\jdk-8
13:29:35.663 [main] DEBUG com.gaoda.io.PropertyResolver -- PropertyResolver: JAVA_HOME = D:\Code\jdk-18
13:29:35.663 [main] DEBUG com.gaoda.io.PropertyResolver -- PropertyResolver: LOCALAPPDATA = C:\Users\Gundam\AppData\Local
13:29:35.663 [main] DEBUG com.gaoda.io.PropertyResolver -- PropertyResolver: LOGONSERVER = \\DESKTOP-HR12F04
13:29:35.663 [main] DEBUG com.gaoda.io.PropertyResolver -- PropertyResolver: MAVEN_HOME = D:\Code\Maven\apache-maven-3.8.6
13:29:35.663 [main] DEBUG com.gaoda.io.PropertyResolver -- PropertyResolver: NLS_LANG = SIMPLIFIED CHINESE_CHINA.ZHS16GBK
13:29:35.663 [main] DEBUG com.gaoda.io.PropertyResolver -- PropertyResolver: NUMBER_OF_PROCESSORS = 16
13:29:35.663 [main] DEBUG com.gaoda.io.PropertyResolver -- PropertyResolver: ONEDRIVE = C:\Users\Gundam\OneDrive
13:29:35.663 [main] DEBUG com.gaoda.io.PropertyResolver -- PropertyResolver: OPENSSL_IA32CAP = ~0x200000200000000
13:29:35.663 [main] DEBUG com.gaoda.io.PropertyResolver -- PropertyResolver: ORACLE_HOME = D:\Code\oracle\Ora10InstantClient
13:29:35.663 [main] DEBUG com.gaoda.io.PropertyResolver -- PropertyResolver: OS = Windows_NT
13:29:35.663 [main] DEBUG com.gaoda.io.PropertyResolver -- PropertyResolver: PATH = C:\Windows;D:\Code\jdk-18\bin;D:\Code\jdk-18\jre\bin;C:\Program Files\Common Files\Oracle\Java\javapath;C:\Windows\system32;C:\Windows\System32\Wbem;C:\Windows\System32\WindowsPowerShell\v1.0\;C:\Windows\System32\OpenSSH\;D:\Applications1\computer\Bandizip\;C:\Program Files\NVIDIA Corporation\NVIDIA NvDLISR;C:\Program Files (x86)\NVIDIA Corporation\PhysX\Common;D:\Code\jdk-18;D:\Code\oracle\Ora10InstantClient;D:\Applications1\code\MySQL\bin;D:\Code\Maven\apache-maven-3.8.6\bin;D:\Code\Node.js\;D:\Applications1\code\Git\cmd;D:\Applications1\code\微信web开发者工具\dll;C:\Program Files\TortoiseGit\bin;C:\Program Files\Asiainfo Security\AisEsmAgent\atom_plugins\base_plugin;C:\Users\Gundam\AppData\Local\Programs\Python\Python311\Scripts\;C:\Users\Gundam\AppData\Local\Programs\Python\Python311\;C:\Users\Gundam\AppData\Local\Microsoft\WindowsApps;D:\Applications1\code\idea\IntelliJ IDEA 2022.2.1\bin;;D:\Applications1\code\vscode\Microsoft VS Code\bin;C:\Users\Gundam\AppData\Roaming\npm;D:\Applications1\code\webstorm\WebStorm 2022.3.2\bin;;D:\Applications1\play\QQgame\Hall.57975\
13:29:35.663 [main] DEBUG com.gaoda.io.PropertyResolver -- PropertyResolver: PATHEXT = .COM;.EXE;.BAT;.CMD;.VBS;.VBE;.JS;.JSE;.WSF;.WSH;.MSC
13:29:35.663 [main] DEBUG com.gaoda.io.PropertyResolver -- PropertyResolver: PROCESSOR_ARCHITECTURE = AMD64
13:29:35.663 [main] DEBUG com.gaoda.io.PropertyResolver -- PropertyResolver: PROCESSOR_IDENTIFIER = AMD64 Family 23 Model 96 Stepping 1, AuthenticAMD
13:29:35.663 [main] DEBUG com.gaoda.io.PropertyResolver -- PropertyResolver: PROCESSOR_LEVEL = 23
13:29:35.663 [main] DEBUG com.gaoda.io.PropertyResolver -- PropertyResolver: PROCESSOR_REVISION = 6001
13:29:35.663 [main] DEBUG com.gaoda.io.PropertyResolver -- PropertyResolver: PROGRAMDATA = C:\ProgramData
13:29:35.663 [main] DEBUG com.gaoda.io.PropertyResolver -- PropertyResolver: PROGRAMFILES = C:\Program Files
13:29:35.663 [main] DEBUG com.gaoda.io.PropertyResolver -- PropertyResolver: PROGRAMFILES(X86) = C:\Program Files (x86)
13:29:35.663 [main] DEBUG com.gaoda.io.PropertyResolver -- PropertyResolver: PROGRAMW6432 = C:\Program Files
13:29:35.663 [main] DEBUG com.gaoda.io.PropertyResolver -- PropertyResolver: PROMPT = $P$G
13:29:35.663 [main] DEBUG com.gaoda.io.PropertyResolver -- PropertyResolver: PSMODULEPATH = C:\Program Files\WindowsPowerShell\Modules;C:\Windows\system32\WindowsPowerShell\v1.0\Modules
13:29:35.663 [main] DEBUG com.gaoda.io.PropertyResolver -- PropertyResolver: PUBLIC = C:\Users\Public
13:29:35.663 [main] DEBUG com.gaoda.io.PropertyResolver -- PropertyResolver: SESSIONNAME = Console
13:29:35.663 [main] DEBUG com.gaoda.io.PropertyResolver -- PropertyResolver: SYSTEMDRIVE = C:
13:29:35.663 [main] DEBUG com.gaoda.io.PropertyResolver -- PropertyResolver: SYSTEMROOT = C:\Windows
13:29:35.663 [main] DEBUG com.gaoda.io.PropertyResolver -- PropertyResolver: TEMP = C:\Users\Gundam\AppData\Local\Temp
13:29:35.663 [main] DEBUG com.gaoda.io.PropertyResolver -- PropertyResolver: TMP = C:\Users\Gundam\AppData\Local\Temp
13:29:35.663 [main] DEBUG com.gaoda.io.PropertyResolver -- PropertyResolver: TNS_ADMIN = D:\Code\oracle\Ora10InstantClient
13:29:35.663 [main] DEBUG com.gaoda.io.PropertyResolver -- PropertyResolver: USERDOMAIN = DESKTOP-HR12F04
13:29:35.663 [main] DEBUG com.gaoda.io.PropertyResolver -- PropertyResolver: USERDOMAIN_ROAMINGPROFILE = DESKTOP-HR12F04
13:29:35.663 [main] DEBUG com.gaoda.io.PropertyResolver -- PropertyResolver: USERNAME = Gundam
13:29:35.663 [main] DEBUG com.gaoda.io.PropertyResolver -- PropertyResolver: USERPROFILE = C:\Users\Gundam
13:29:35.663 [main] DEBUG com.gaoda.io.PropertyResolver -- PropertyResolver: WEBSTORM = D:\Applications1\code\webstorm\WebStorm 2022.3.2\bin;
13:29:35.663 [main] DEBUG com.gaoda.io.PropertyResolver -- PropertyResolver: WINDIR = C:\Windows
13:29:35.663 [main] DEBUG com.gaoda.io.PropertyResolver -- PropertyResolver: app.title = Scan App
13:29:35.663 [main] DEBUG com.gaoda.io.PropertyResolver -- PropertyResolver: app.version = v1.0
13:29:35.663 [main] DEBUG com.gaoda.io.PropertyResolver -- PropertyResolver: convert.boolean = true
13:29:35.663 [main] DEBUG com.gaoda.io.PropertyResolver -- PropertyResolver: convert.byte = 123
13:29:35.663 [main] DEBUG com.gaoda.io.PropertyResolver -- PropertyResolver: convert.double = 123456789.87654321
13:29:35.663 [main] DEBUG com.gaoda.io.PropertyResolver -- PropertyResolver: convert.duration = P2DT3H4M
13:29:35.663 [main] DEBUG com.gaoda.io.PropertyResolver -- PropertyResolver: convert.float = 12345.6789
13:29:35.663 [main] DEBUG com.gaoda.io.PropertyResolver -- PropertyResolver: convert.integer = 1234567
13:29:35.663 [main] DEBUG com.gaoda.io.PropertyResolver -- PropertyResolver: convert.localdate = 2023-03-29
13:29:35.663 [main] DEBUG com.gaoda.io.PropertyResolver -- PropertyResolver: convert.localdatetime = 2023-03-29T20:45:01
13:29:35.663 [main] DEBUG com.gaoda.io.PropertyResolver -- PropertyResolver: convert.localtime = 20:45:01
13:29:35.663 [main] DEBUG com.gaoda.io.PropertyResolver -- PropertyResolver: convert.long = 123456789000
13:29:35.663 [main] DEBUG com.gaoda.io.PropertyResolver -- PropertyResolver: convert.short = 12345
13:29:35.663 [main] DEBUG com.gaoda.io.PropertyResolver -- PropertyResolver: convert.zoneddatetime = 2023-03-29T20:45:01+08:00[Asia/Shanghai]
13:29:35.663 [main] DEBUG com.gaoda.io.PropertyResolver -- PropertyResolver: convert.zoneid = Asia/Shanghai
13:29:35.663 [main] DEBUG com.gaoda.io.PropertyResolver -- PropertyResolver: jdbc.password = 
13:29:35.663 [main] DEBUG com.gaoda.io.PropertyResolver -- PropertyResolver: jdbc.url = jdbc:hsqldb:file:testdb.tmp
13:29:35.663 [main] DEBUG com.gaoda.io.PropertyResolver -- PropertyResolver: jdbc.username = sa
13:29:35.663 [main] INFO  c.g.c.AnnotationConfigApplicationContext -- component scan in packages: [com.itranswarp.scan]
13:29:35.663 [main] DEBUG c.g.c.AnnotationConfigApplicationContext -- scan package: com.itranswarp.scan
13:29:35.663 [main] DEBUG com.gaoda.io.ResourceResolver -- scan path: com/itranswarp/scan
13:29:35.665 [main] DEBUG com.gaoda.io.ResourceResolver -- found resource: Resource[path=file:D:\Codes\Projects\summer\summer_framework\Summer_Framework\target\test-classes\com\itranswarp\scan\convert\ValueConverterBean.class, name=com\itranswarp\scan\convert\ValueConverterBean.class]
13:29:35.666 [main] DEBUG com.gaoda.io.ResourceResolver -- found resource: Resource[path=file:D:\Codes\Projects\summer\summer_framework\Summer_Framework\target\test-classes\com\itranswarp\scan\custom\annotation\CustomAnnotation.class, name=com\itranswarp\scan\custom\annotation\CustomAnnotation.class]
13:29:35.666 [main] DEBUG com.gaoda.io.ResourceResolver -- found resource: Resource[path=file:D:\Codes\Projects\summer\summer_framework\Summer_Framework\target\test-classes\com\itranswarp\scan\custom\annotation\CustomAnnotationBean.class, name=com\itranswarp\scan\custom\annotation\CustomAnnotationBean.class]
13:29:35.667 [main] DEBUG com.gaoda.io.ResourceResolver -- found resource: Resource[path=file:D:\Codes\Projects\summer\summer_framework\Summer_Framework\target\test-classes\com\itranswarp\scan\destroy\AnnotationDestroyBean.class, name=com\itranswarp\scan\destroy\AnnotationDestroyBean.class]
13:29:35.667 [main] DEBUG com.gaoda.io.ResourceResolver -- found resource: Resource[path=file:D:\Codes\Projects\summer\summer_framework\Summer_Framework\target\test-classes\com\itranswarp\scan\destroy\SpecifyDestroyBean.class, name=com\itranswarp\scan\destroy\SpecifyDestroyBean.class]
13:29:35.668 [main] DEBUG com.gaoda.io.ResourceResolver -- found resource: Resource[path=file:D:\Codes\Projects\summer\summer_framework\Summer_Framework\target\test-classes\com\itranswarp\scan\destroy\SpecifyDestroyConfiguration.class, name=com\itranswarp\scan\destroy\SpecifyDestroyConfiguration.class]
13:29:35.669 [main] DEBUG com.gaoda.io.ResourceResolver -- found resource: Resource[path=file:D:\Codes\Projects\summer\summer_framework\Summer_Framework\target\test-classes\com\itranswarp\scan\init\AnnotationInitBean.class, name=com\itranswarp\scan\init\AnnotationInitBean.class]
13:29:35.669 [main] DEBUG com.gaoda.io.ResourceResolver -- found resource: Resource[path=file:D:\Codes\Projects\summer\summer_framework\Summer_Framework\target\test-classes\com\itranswarp\scan\init\SpecifyInitBean.class, name=com\itranswarp\scan\init\SpecifyInitBean.class]
13:29:35.669 [main] DEBUG com.gaoda.io.ResourceResolver -- found resource: Resource[path=file:D:\Codes\Projects\summer\summer_framework\Summer_Framework\target\test-classes\com\itranswarp\scan\init\SpecifyInitConfiguration.class, name=com\itranswarp\scan\init\SpecifyInitConfiguration.class]
13:29:35.670 [main] DEBUG com.gaoda.io.ResourceResolver -- found resource: Resource[path=file:D:\Codes\Projects\summer\summer_framework\Summer_Framework\target\test-classes\com\itranswarp\scan\nested\OuterBean$NestedBean.class, name=com\itranswarp\scan\nested\OuterBean$NestedBean.class]
13:29:35.671 [main] DEBUG com.gaoda.io.ResourceResolver -- found resource: Resource[path=file:D:\Codes\Projects\summer\summer_framework\Summer_Framework\target\test-classes\com\itranswarp\scan\nested\OuterBean.class, name=com\itranswarp\scan\nested\OuterBean.class]
13:29:35.672 [main] DEBUG com.gaoda.io.ResourceResolver -- found resource: Resource[path=file:D:\Codes\Projects\summer\summer_framework\Summer_Framework\target\test-classes\com\itranswarp\scan\primary\DogBean.class, name=com\itranswarp\scan\primary\DogBean.class]
13:29:35.672 [main] DEBUG com.gaoda.io.ResourceResolver -- found resource: Resource[path=file:D:\Codes\Projects\summer\summer_framework\Summer_Framework\target\test-classes\com\itranswarp\scan\primary\PersonBean.class, name=com\itranswarp\scan\primary\PersonBean.class]
13:29:35.673 [main] DEBUG com.gaoda.io.ResourceResolver -- found resource: Resource[path=file:D:\Codes\Projects\summer\summer_framework\Summer_Framework\target\test-classes\com\itranswarp\scan\primary\PrimaryConfiguration.class, name=com\itranswarp\scan\primary\PrimaryConfiguration.class]
13:29:35.673 [main] DEBUG com.gaoda.io.ResourceResolver -- found resource: Resource[path=file:D:\Codes\Projects\summer\summer_framework\Summer_Framework\target\test-classes\com\itranswarp\scan\primary\StudentBean.class, name=com\itranswarp\scan\primary\StudentBean.class]
13:29:35.673 [main] DEBUG com.gaoda.io.ResourceResolver -- found resource: Resource[path=file:D:\Codes\Projects\summer\summer_framework\Summer_Framework\target\test-classes\com\itranswarp\scan\primary\TeacherBean.class, name=com\itranswarp\scan\primary\TeacherBean.class]
13:29:35.674 [main] DEBUG com.gaoda.io.ResourceResolver -- found resource: Resource[path=file:D:\Codes\Projects\summer\summer_framework\Summer_Framework\target\test-classes\com\itranswarp\scan\proxy\FirstProxyBean.class, name=com\itranswarp\scan\proxy\FirstProxyBean.class]
13:29:35.675 [main] DEBUG com.gaoda.io.ResourceResolver -- found resource: Resource[path=file:D:\Codes\Projects\summer\summer_framework\Summer_Framework\target\test-classes\com\itranswarp\scan\proxy\FirstProxyBeanPostProcessor.class, name=com\itranswarp\scan\proxy\FirstProxyBeanPostProcessor.class]
13:29:35.675 [main] DEBUG com.gaoda.io.ResourceResolver -- found resource: Resource[path=file:D:\Codes\Projects\summer\summer_framework\Summer_Framework\target\test-classes\com\itranswarp\scan\proxy\InjectProxyOnConstructorBean.class, name=com\itranswarp\scan\proxy\InjectProxyOnConstructorBean.class]
13:29:35.676 [main] DEBUG com.gaoda.io.ResourceResolver -- found resource: Resource[path=file:D:\Codes\Projects\summer\summer_framework\Summer_Framework\target\test-classes\com\itranswarp\scan\proxy\InjectProxyOnPropertyBean.class, name=com\itranswarp\scan\proxy\InjectProxyOnPropertyBean.class]
13:29:35.676 [main] DEBUG com.gaoda.io.ResourceResolver -- found resource: Resource[path=file:D:\Codes\Projects\summer\summer_framework\Summer_Framework\target\test-classes\com\itranswarp\scan\proxy\OriginBean.class, name=com\itranswarp\scan\proxy\OriginBean.class]
13:29:35.676 [main] DEBUG com.gaoda.io.ResourceResolver -- found resource: Resource[path=file:D:\Codes\Projects\summer\summer_framework\Summer_Framework\target\test-classes\com\itranswarp\scan\proxy\SecondProxyBean.class, name=com\itranswarp\scan\proxy\SecondProxyBean.class]
13:29:35.677 [main] DEBUG com.gaoda.io.ResourceResolver -- found resource: Resource[path=file:D:\Codes\Projects\summer\summer_framework\Summer_Framework\target\test-classes\com\itranswarp\scan\proxy\SecondProxyBeanPostProcessor.class, name=com\itranswarp\scan\proxy\SecondProxyBeanPostProcessor.class]
13:29:35.677 [main] DEBUG com.gaoda.io.ResourceResolver -- found resource: Resource[path=file:D:\Codes\Projects\summer\summer_framework\Summer_Framework\target\test-classes\com\itranswarp\scan\ScanApplication.class, name=com\itranswarp\scan\ScanApplication.class]
13:29:35.678 [main] DEBUG com.gaoda.io.ResourceResolver -- found resource: Resource[path=file:D:\Codes\Projects\summer\summer_framework\Summer_Framework\target\test-classes\com\itranswarp\scan\sub1\sub1.txt, name=com\itranswarp\scan\sub1\sub1.txt]
13:29:35.678 [main] DEBUG com.gaoda.io.ResourceResolver -- found resource: Resource[path=file:D:\Codes\Projects\summer\summer_framework\Summer_Framework\target\test-classes\com\itranswarp\scan\sub1\Sub1Bean.class, name=com\itranswarp\scan\sub1\Sub1Bean.class]
13:29:35.679 [main] DEBUG com.gaoda.io.ResourceResolver -- found resource: Resource[path=file:D:\Codes\Projects\summer\summer_framework\Summer_Framework\target\test-classes\com\itranswarp\scan\sub1\sub2\sub2.txt, name=com\itranswarp\scan\sub1\sub2\sub2.txt]
13:29:35.679 [main] DEBUG com.gaoda.io.ResourceResolver -- found resource: Resource[path=file:D:\Codes\Projects\summer\summer_framework\Summer_Framework\target\test-classes\com\itranswarp\scan\sub1\sub2\Sub2Bean.class, name=com\itranswarp\scan\sub1\sub2\Sub2Bean.class]
13:29:35.679 [main] DEBUG com.gaoda.io.ResourceResolver -- found resource: Resource[path=file:D:\Codes\Projects\summer\summer_framework\Summer_Framework\target\test-classes\com\itranswarp\scan\sub1\sub2\sub3\sub3.txt, name=com\itranswarp\scan\sub1\sub2\sub3\sub3.txt]
13:29:35.680 [main] DEBUG com.gaoda.io.ResourceResolver -- found resource: Resource[path=file:D:\Codes\Projects\summer\summer_framework\Summer_Framework\target\test-classes\com\itranswarp\scan\sub1\sub2\sub3\Sub3Bean.class, name=com\itranswarp\scan\sub1\sub2\sub3\Sub3Bean.class]
13:29:35.680 [main] DEBUG c.g.c.AnnotationConfigApplicationContext -- class found by component scan: com.itranswarp.scan.convert.ValueConverterBean
13:29:35.680 [main] DEBUG c.g.c.AnnotationConfigApplicationContext -- class found by component scan: com.itranswarp.scan.custom.annotation.CustomAnnotation
13:29:35.680 [main] DEBUG c.g.c.AnnotationConfigApplicationContext -- class found by component scan: com.itranswarp.scan.custom.annotation.CustomAnnotationBean
13:29:35.680 [main] DEBUG c.g.c.AnnotationConfigApplicationContext -- class found by component scan: com.itranswarp.scan.destroy.AnnotationDestroyBean
13:29:35.680 [main] DEBUG c.g.c.AnnotationConfigApplicationContext -- class found by component scan: com.itranswarp.scan.destroy.SpecifyDestroyBean
13:29:35.680 [main] DEBUG c.g.c.AnnotationConfigApplicationContext -- class found by component scan: com.itranswarp.scan.destroy.SpecifyDestroyConfiguration
13:29:35.680 [main] DEBUG c.g.c.AnnotationConfigApplicationContext -- class found by component scan: com.itranswarp.scan.init.AnnotationInitBean
13:29:35.680 [main] DEBUG c.g.c.AnnotationConfigApplicationContext -- class found by component scan: com.itranswarp.scan.init.SpecifyInitBean
13:29:35.680 [main] DEBUG c.g.c.AnnotationConfigApplicationContext -- class found by component scan: com.itranswarp.scan.init.SpecifyInitConfiguration
13:29:35.680 [main] DEBUG c.g.c.AnnotationConfigApplicationContext -- class found by component scan: com.itranswarp.scan.nested.OuterBean$NestedBean
13:29:35.680 [main] DEBUG c.g.c.AnnotationConfigApplicationContext -- class found by component scan: com.itranswarp.scan.nested.OuterBean
13:29:35.680 [main] DEBUG c.g.c.AnnotationConfigApplicationContext -- class found by component scan: com.itranswarp.scan.primary.DogBean
13:29:35.680 [main] DEBUG c.g.c.AnnotationConfigApplicationContext -- class found by component scan: com.itranswarp.scan.primary.PersonBean
13:29:35.680 [main] DEBUG c.g.c.AnnotationConfigApplicationContext -- class found by component scan: com.itranswarp.scan.primary.PrimaryConfiguration
13:29:35.680 [main] DEBUG c.g.c.AnnotationConfigApplicationContext -- class found by component scan: com.itranswarp.scan.primary.StudentBean
13:29:35.680 [main] DEBUG c.g.c.AnnotationConfigApplicationContext -- class found by component scan: com.itranswarp.scan.primary.TeacherBean
13:29:35.680 [main] DEBUG c.g.c.AnnotationConfigApplicationContext -- class found by component scan: com.itranswarp.scan.proxy.FirstProxyBean
13:29:35.680 [main] DEBUG c.g.c.AnnotationConfigApplicationContext -- class found by component scan: com.itranswarp.scan.proxy.FirstProxyBeanPostProcessor
13:29:35.680 [main] DEBUG c.g.c.AnnotationConfigApplicationContext -- class found by component scan: com.itranswarp.scan.proxy.InjectProxyOnConstructorBean
13:29:35.680 [main] DEBUG c.g.c.AnnotationConfigApplicationContext -- class found by component scan: com.itranswarp.scan.proxy.InjectProxyOnPropertyBean
13:29:35.680 [main] DEBUG c.g.c.AnnotationConfigApplicationContext -- class found by component scan: com.itranswarp.scan.proxy.OriginBean
13:29:35.680 [main] DEBUG c.g.c.AnnotationConfigApplicationContext -- class found by component scan: com.itranswarp.scan.proxy.SecondProxyBean
13:29:35.680 [main] DEBUG c.g.c.AnnotationConfigApplicationContext -- class found by component scan: com.itranswarp.scan.proxy.SecondProxyBeanPostProcessor
13:29:35.680 [main] DEBUG c.g.c.AnnotationConfigApplicationContext -- class found by component scan: com.itranswarp.scan.ScanApplication
13:29:35.680 [main] DEBUG c.g.c.AnnotationConfigApplicationContext -- class found by component scan: com.itranswarp.scan.sub1.Sub1Bean
13:29:35.680 [main] DEBUG c.g.c.AnnotationConfigApplicationContext -- class found by component scan: com.itranswarp.scan.sub1.sub2.Sub2Bean
13:29:35.680 [main] DEBUG c.g.c.AnnotationConfigApplicationContext -- class found by component scan: com.itranswarp.scan.sub1.sub2.sub3.Sub3Bean
13:29:35.680 [main] DEBUG c.g.c.AnnotationConfigApplicationContext -- class found by import: com.itranswarp.imported.LocalDateConfiguration
13:29:35.680 [main] DEBUG c.g.c.AnnotationConfigApplicationContext -- class found by import: com.itranswarp.imported.ZonedDateConfiguration
13:29:35.680 [main] DEBUG c.g.c.AnnotationConfigApplicationContext -- found component: com.itranswarp.scan.proxy.SecondProxyBeanPostProcessor
13:29:35.680 [main] DEBUG c.g.c.AnnotationConfigApplicationContext -- define bean: BeanDefinition [name=secondProxyBeanPostProcessor, beanClass=com.itranswarp.scan.proxy.SecondProxyBeanPostProcessor, factory=null, init-method=null, destroy-method=null, primary=false, instance=null]
13:29:35.680 [main] DEBUG c.g.c.AnnotationConfigApplicationContext -- found component: com.itranswarp.scan.destroy.AnnotationDestroyBean
13:29:35.680 [main] DEBUG c.g.c.AnnotationConfigApplicationContext -- define bean: BeanDefinition [name=annotationDestroyBean, beanClass=com.itranswarp.scan.destroy.AnnotationDestroyBean, factory=null, init-method=null, destroy-method=destroy, primary=false, instance=null]
13:29:35.680 [main] DEBUG c.g.c.AnnotationConfigApplicationContext -- found component: com.itranswarp.scan.primary.StudentBean
13:29:35.680 [main] DEBUG c.g.c.AnnotationConfigApplicationContext -- define bean: BeanDefinition [name=studentBean, beanClass=com.itranswarp.scan.primary.StudentBean, factory=null, init-method=null, destroy-method=null, primary=false, instance=null]
13:29:35.680 [main] DEBUG c.g.c.AnnotationConfigApplicationContext -- found component: com.itranswarp.scan.sub1.sub2.Sub2Bean
13:29:35.680 [main] DEBUG c.g.c.AnnotationConfigApplicationContext -- define bean: BeanDefinition [name=sub2Bean, beanClass=com.itranswarp.scan.sub1.sub2.Sub2Bean, factory=null, init-method=null, destroy-method=null, primary=false, instance=null]
13:29:35.680 [main] DEBUG c.g.c.AnnotationConfigApplicationContext -- found component: com.itranswarp.scan.primary.TeacherBean
13:29:35.680 [main] DEBUG c.g.c.AnnotationConfigApplicationContext -- define bean: BeanDefinition [name=teacherBean, beanClass=com.itranswarp.scan.primary.TeacherBean, factory=null, init-method=null, destroy-method=null, primary=true, instance=null]
13:29:35.680 [main] DEBUG c.g.c.AnnotationConfigApplicationContext -- found component: com.itranswarp.scan.proxy.FirstProxyBeanPostProcessor
13:29:35.680 [main] DEBUG c.g.c.AnnotationConfigApplicationContext -- define bean: BeanDefinition [name=firstProxyBeanPostProcessor, beanClass=com.itranswarp.scan.proxy.FirstProxyBeanPostProcessor, factory=null, init-method=null, destroy-method=null, primary=false, instance=null]
13:29:35.680 [main] DEBUG c.g.c.AnnotationConfigApplicationContext -- found component: com.itranswarp.scan.primary.PrimaryConfiguration
13:29:35.680 [main] DEBUG c.g.c.AnnotationConfigApplicationContext -- define bean: BeanDefinition [name=primaryConfiguration, beanClass=com.itranswarp.scan.primary.PrimaryConfiguration, factory=null, init-method=null, destroy-method=null, primary=false, instance=null]
13:29:35.680 [main] DEBUG c.g.c.AnnotationConfigApplicationContext -- define bean: BeanDefinition [name=teddy, beanClass=com.itranswarp.scan.primary.DogBean, factory=PrimaryConfiguration.teddy(), init-method=null, destroy-method=null, primary=false, instance=null]
13:29:35.680 [main] DEBUG c.g.c.AnnotationConfigApplicationContext -- define bean: BeanDefinition [name=husky, beanClass=com.itranswarp.scan.primary.DogBean, factory=PrimaryConfiguration.husky(), init-method=null, destroy-method=null, primary=true, instance=null]
13:29:35.680 [main] DEBUG c.g.c.AnnotationConfigApplicationContext -- found component: com.itranswarp.imported.ZonedDateConfiguration
13:29:35.681 [main] DEBUG c.g.c.AnnotationConfigApplicationContext -- define bean: BeanDefinition [name=zonedDateConfiguration, beanClass=com.itranswarp.imported.ZonedDateConfiguration, factory=null, init-method=null, destroy-method=null, primary=false, instance=null]
13:29:35.681 [main] DEBUG c.g.c.AnnotationConfigApplicationContext -- define bean: BeanDefinition [name=startZonedDateTime, beanClass=java.time.ZonedDateTime, factory=ZonedDateConfiguration.startZonedDateTime(), init-method=null, destroy-method=null, primary=false, instance=null]
13:29:35.681 [main] DEBUG c.g.c.AnnotationConfigApplicationContext -- found component: com.itranswarp.scan.custom.annotation.CustomAnnotationBean
13:29:35.681 [main] DEBUG c.g.c.AnnotationConfigApplicationContext -- define bean: BeanDefinition [name=customAnnotation, beanClass=com.itranswarp.scan.custom.annotation.CustomAnnotationBean, factory=null, init-method=null, destroy-method=null, primary=false, instance=null]
13:29:35.681 [main] DEBUG c.g.c.AnnotationConfigApplicationContext -- found component: com.itranswarp.imported.LocalDateConfiguration
13:29:35.681 [main] DEBUG c.g.c.AnnotationConfigApplicationContext -- define bean: BeanDefinition [name=localDateConfiguration, beanClass=com.itranswarp.imported.LocalDateConfiguration, factory=null, init-method=null, destroy-method=null, primary=false, instance=null]
13:29:35.681 [main] DEBUG c.g.c.AnnotationConfigApplicationContext -- define bean: BeanDefinition [name=startLocalDate, beanClass=java.time.LocalDate, factory=LocalDateConfiguration.startLocalDate(), init-method=null, destroy-method=null, primary=false, instance=null]
13:29:35.681 [main] DEBUG c.g.c.AnnotationConfigApplicationContext -- define bean: BeanDefinition [name=startLocalDateTime, beanClass=java.time.LocalDateTime, factory=LocalDateConfiguration.startLocalDateTime(), init-method=null, destroy-method=null, primary=false, instance=null]
13:29:35.681 [main] DEBUG c.g.c.AnnotationConfigApplicationContext -- found component: com.itranswarp.scan.convert.ValueConverterBean
13:29:35.681 [main] DEBUG c.g.c.AnnotationConfigApplicationContext -- define bean: BeanDefinition [name=valueConverterBean, beanClass=com.itranswarp.scan.convert.ValueConverterBean, factory=null, init-method=null, destroy-method=null, primary=false, instance=null]
13:29:35.681 [main] DEBUG c.g.c.AnnotationConfigApplicationContext -- found component: com.itranswarp.scan.nested.OuterBean$NestedBean
13:29:35.681 [main] DEBUG c.g.c.AnnotationConfigApplicationContext -- define bean: BeanDefinition [name=nestedBean, beanClass=com.itranswarp.scan.nested.OuterBean$NestedBean, factory=null, init-method=null, destroy-method=null, primary=false, instance=null]
13:29:35.681 [main] DEBUG c.g.c.AnnotationConfigApplicationContext -- found component: com.itranswarp.scan.nested.OuterBean
13:29:35.681 [main] DEBUG c.g.c.AnnotationConfigApplicationContext -- define bean: BeanDefinition [name=outerBean, beanClass=com.itranswarp.scan.nested.OuterBean, factory=null, init-method=null, destroy-method=null, primary=false, instance=null]
13:29:35.681 [main] DEBUG c.g.c.AnnotationConfigApplicationContext -- found component: com.itranswarp.scan.destroy.SpecifyDestroyConfiguration
13:29:35.681 [main] DEBUG c.g.c.AnnotationConfigApplicationContext -- define bean: BeanDefinition [name=specifyDestroyConfiguration, beanClass=com.itranswarp.scan.destroy.SpecifyDestroyConfiguration, factory=null, init-method=null, destroy-method=null, primary=false, instance=null]
13:29:35.681 [main] DEBUG c.g.c.AnnotationConfigApplicationContext -- define bean: BeanDefinition [name=createSpecifyDestroyBean, beanClass=com.itranswarp.scan.destroy.SpecifyDestroyBean, factory=SpecifyDestroyConfiguration.createSpecifyDestroyBean(String), init-method=null, destroy-method=null, primary=false, instance=null]
13:29:35.681 [main] DEBUG c.g.c.AnnotationConfigApplicationContext -- found component: com.itranswarp.scan.proxy.InjectProxyOnConstructorBean
13:29:35.681 [main] DEBUG c.g.c.AnnotationConfigApplicationContext -- define bean: BeanDefinition [name=injectProxyOnConstructorBean, beanClass=com.itranswarp.scan.proxy.InjectProxyOnConstructorBean, factory=null, init-method=null, destroy-method=null, primary=false, instance=null]
13:29:35.681 [main] DEBUG c.g.c.AnnotationConfigApplicationContext -- found component: com.itranswarp.scan.init.SpecifyInitConfiguration
13:29:35.681 [main] DEBUG c.g.c.AnnotationConfigApplicationContext -- define bean: BeanDefinition [name=specifyInitConfiguration, beanClass=com.itranswarp.scan.init.SpecifyInitConfiguration, factory=null, init-method=null, destroy-method=null, primary=false, instance=null]
13:29:35.681 [main] DEBUG c.g.c.AnnotationConfigApplicationContext -- define bean: BeanDefinition [name=createSpecifyInitBean, beanClass=com.itranswarp.scan.init.SpecifyInitBean, factory=SpecifyInitConfiguration.createSpecifyInitBean(String, String), init-method=null, destroy-method=null, primary=false, instance=null]
13:29:35.681 [main] DEBUG c.g.c.AnnotationConfigApplicationContext -- found component: com.itranswarp.scan.proxy.InjectProxyOnPropertyBean
13:29:35.681 [main] DEBUG c.g.c.AnnotationConfigApplicationContext -- define bean: BeanDefinition [name=injectProxyOnPropertyBean, beanClass=com.itranswarp.scan.proxy.InjectProxyOnPropertyBean, factory=null, init-method=null, destroy-method=null, primary=false, instance=null]
13:29:35.681 [main] DEBUG c.g.c.AnnotationConfigApplicationContext -- found component: com.itranswarp.scan.proxy.OriginBean
13:29:35.681 [main] DEBUG c.g.c.AnnotationConfigApplicationContext -- define bean: BeanDefinition [name=originBean, beanClass=com.itranswarp.scan.proxy.OriginBean, factory=null, init-method=null, destroy-method=null, primary=false, instance=null]
13:29:35.681 [main] DEBUG c.g.c.AnnotationConfigApplicationContext -- found component: com.itranswarp.scan.sub1.sub2.sub3.Sub3Bean
13:29:35.681 [main] DEBUG c.g.c.AnnotationConfigApplicationContext -- define bean: BeanDefinition [name=sub3Bean, beanClass=com.itranswarp.scan.sub1.sub2.sub3.Sub3Bean, factory=null, init-method=null, destroy-method=null, primary=false, instance=null]
13:29:35.681 [main] DEBUG c.g.c.AnnotationConfigApplicationContext -- found component: com.itranswarp.scan.sub1.Sub1Bean
13:29:35.681 [main] DEBUG c.g.c.AnnotationConfigApplicationContext -- define bean: BeanDefinition [name=sub1Bean, beanClass=com.itranswarp.scan.sub1.Sub1Bean, factory=null, init-method=null, destroy-method=null, primary=false, instance=null]
13:29:35.681 [main] DEBUG c.g.c.AnnotationConfigApplicationContext -- found component: com.itranswarp.scan.init.AnnotationInitBean
13:29:35.681 [main] DEBUG c.g.c.AnnotationConfigApplicationContext -- define bean: BeanDefinition [name=annotationInitBean, beanClass=com.itranswarp.scan.init.AnnotationInitBean, factory=null, init-method=init, destroy-method=null, primary=false, instance=null]
13:29:35.681 [main] DEBUG c.g.c.AnnotationConfigApplicationContext -- Try create bean 'localDateConfiguration' as early singleton: com.itranswarp.imported.LocalDateConfiguration
13:29:35.681 [main] DEBUG c.g.c.AnnotationConfigApplicationContext -- Try create bean 'primaryConfiguration' as early singleton: com.itranswarp.scan.primary.PrimaryConfiguration
13:29:35.681 [main] DEBUG c.g.c.AnnotationConfigApplicationContext -- Try create bean 'specifyDestroyConfiguration' as early singleton: com.itranswarp.scan.destroy.SpecifyDestroyConfiguration
13:29:35.681 [main] DEBUG c.g.c.AnnotationConfigApplicationContext -- Try create bean 'specifyInitConfiguration' as early singleton: com.itranswarp.scan.init.SpecifyInitConfiguration
13:29:35.681 [main] DEBUG c.g.c.AnnotationConfigApplicationContext -- Try create bean 'zonedDateConfiguration' as early singleton: com.itranswarp.imported.ZonedDateConfiguration
13:29:35.681 [main] DEBUG c.g.c.AnnotationConfigApplicationContext -- Try create bean 'firstProxyBeanPostProcessor' as early singleton: com.itranswarp.scan.proxy.FirstProxyBeanPostProcessor
13:29:35.681 [main] DEBUG c.g.c.AnnotationConfigApplicationContext -- Try create bean 'secondProxyBeanPostProcessor' as early singleton: com.itranswarp.scan.proxy.SecondProxyBeanPostProcessor
13:29:35.681 [main] DEBUG c.g.c.AnnotationConfigApplicationContext -- Try create bean 'annotationDestroyBean' as early singleton: com.itranswarp.scan.destroy.AnnotationDestroyBean
13:29:35.681 [main] DEBUG c.g.c.AnnotationConfigApplicationContext -- Try create bean 'annotationInitBean' as early singleton: com.itranswarp.scan.init.AnnotationInitBean
13:29:35.681 [main] DEBUG c.g.c.AnnotationConfigApplicationContext -- Try create bean 'createSpecifyDestroyBean' as early singleton: com.itranswarp.scan.destroy.SpecifyDestroyBean
13:29:35.682 [main] DEBUG c.g.c.AnnotationConfigApplicationContext -- Try create bean 'createSpecifyInitBean' as early singleton: com.itranswarp.scan.init.SpecifyInitBean
13:29:35.682 [main] DEBUG c.g.c.AnnotationConfigApplicationContext -- Try create bean 'customAnnotation' as early singleton: com.itranswarp.scan.custom.annotation.CustomAnnotationBean
13:29:35.682 [main] DEBUG c.g.c.AnnotationConfigApplicationContext -- Try create bean 'husky' as early singleton: com.itranswarp.scan.primary.DogBean
13:29:35.682 [main] DEBUG c.g.c.AnnotationConfigApplicationContext -- Try create bean 'injectProxyOnConstructorBean' as early singleton: com.itranswarp.scan.proxy.InjectProxyOnConstructorBean
13:29:35.682 [main] DEBUG c.g.c.AnnotationConfigApplicationContext -- Try create bean 'originBean' as early singleton: com.itranswarp.scan.proxy.OriginBean
13:29:35.682 [main] DEBUG c.i.s.p.FirstProxyBeanPostProcessor -- create first proxy for bean 'originBean': com.itranswarp.scan.proxy.OriginBean@23a9ba52
13:29:35.682 [main] DEBUG c.g.c.AnnotationConfigApplicationContext -- Bean 'originBean' was replaced by post processor com.itranswarp.scan.proxy.FirstProxyBeanPostProcessor.
13:29:35.682 [main] DEBUG c.i.s.p.SecondProxyBeanPostProcessor -- create second proxy for bean 'originBean': com.itranswarp.scan.proxy.FirstProxyBean@ca27722
13:29:35.682 [main] DEBUG c.g.c.AnnotationConfigApplicationContext -- Bean 'originBean' was replaced by post processor com.itranswarp.scan.proxy.SecondProxyBeanPostProcessor.
13:29:35.682 [main] DEBUG c.g.c.AnnotationConfigApplicationContext -- Try create bean 'injectProxyOnPropertyBean' as early singleton: com.itranswarp.scan.proxy.InjectProxyOnPropertyBean
13:29:35.682 [main] DEBUG c.g.c.AnnotationConfigApplicationContext -- Try create bean 'nestedBean' as early singleton: com.itranswarp.scan.nested.OuterBean$NestedBean
13:29:35.682 [main] DEBUG c.g.c.AnnotationConfigApplicationContext -- Try create bean 'outerBean' as early singleton: com.itranswarp.scan.nested.OuterBean
13:29:35.682 [main] DEBUG c.g.c.AnnotationConfigApplicationContext -- Try create bean 'startLocalDate' as early singleton: java.time.LocalDate
13:29:35.682 [main] DEBUG c.g.c.AnnotationConfigApplicationContext -- Try create bean 'startLocalDateTime' as early singleton: java.time.LocalDateTime
13:29:35.682 [main] DEBUG c.g.c.AnnotationConfigApplicationContext -- Try create bean 'startZonedDateTime' as early singleton: java.time.ZonedDateTime
13:29:35.682 [main] DEBUG c.g.c.AnnotationConfigApplicationContext -- Try create bean 'studentBean' as early singleton: com.itranswarp.scan.primary.StudentBean
13:29:35.682 [main] DEBUG c.g.c.AnnotationConfigApplicationContext -- Try create bean 'sub1Bean' as early singleton: com.itranswarp.scan.sub1.Sub1Bean
13:29:35.682 [main] DEBUG c.g.c.AnnotationConfigApplicationContext -- Try create bean 'sub2Bean' as early singleton: com.itranswarp.scan.sub1.sub2.Sub2Bean
13:29:35.682 [main] DEBUG c.g.c.AnnotationConfigApplicationContext -- Try create bean 'sub3Bean' as early singleton: com.itranswarp.scan.sub1.sub2.sub3.Sub3Bean
13:29:35.682 [main] DEBUG c.g.c.AnnotationConfigApplicationContext -- Try create bean 'teacherBean' as early singleton: com.itranswarp.scan.primary.TeacherBean
13:29:35.682 [main] DEBUG c.g.c.AnnotationConfigApplicationContext -- Try create bean 'teddy' as early singleton: com.itranswarp.scan.primary.DogBean
13:29:35.682 [main] DEBUG c.g.c.AnnotationConfigApplicationContext -- Try create bean 'valueConverterBean' as early singleton: com.itranswarp.scan.convert.ValueConverterBean
13:29:35.682 [main] DEBUG c.g.c.AnnotationConfigApplicationContext -- Field injection: com.itranswarp.scan.convert.ValueConverterBean.injectedBooleanPrimitive = true
13:29:35.682 [main] DEBUG c.g.c.AnnotationConfigApplicationContext -- Field injection: com.itranswarp.scan.convert.ValueConverterBean.injectedBoolean = true
13:29:35.682 [main] DEBUG c.g.c.AnnotationConfigApplicationContext -- Field injection: com.itranswarp.scan.convert.ValueConverterBean.injectedBytePrimitive = 123
13:29:35.682 [main] DEBUG c.g.c.AnnotationConfigApplicationContext -- Field injection: com.itranswarp.scan.convert.ValueConverterBean.injectedByte = 123
13:29:35.682 [main] DEBUG c.g.c.AnnotationConfigApplicationContext -- Field injection: com.itranswarp.scan.convert.ValueConverterBean.injectedShortPrimitive = 12345
13:29:35.682 [main] DEBUG c.g.c.AnnotationConfigApplicationContext -- Field injection: com.itranswarp.scan.convert.ValueConverterBean.injectedShort = 12345
13:29:35.682 [main] DEBUG c.g.c.AnnotationConfigApplicationContext -- Field injection: com.itranswarp.scan.convert.ValueConverterBean.injectedIntPrimitive = 1234567
13:29:35.682 [main] DEBUG c.g.c.AnnotationConfigApplicationContext -- Field injection: com.itranswarp.scan.convert.ValueConverterBean.injectedInteger = 1234567
13:29:35.682 [main] DEBUG c.g.c.AnnotationConfigApplicationContext -- Field injection: com.itranswarp.scan.convert.ValueConverterBean.injectedLongPrimitive = 123456789000
13:29:35.682 [main] DEBUG c.g.c.AnnotationConfigApplicationContext -- Field injection: com.itranswarp.scan.convert.ValueConverterBean.injectedLong = 123456789000
13:29:35.682 [main] DEBUG c.g.c.AnnotationConfigApplicationContext -- Field injection: com.itranswarp.scan.convert.ValueConverterBean.injectedFloatPrimitive = 12345.679
13:29:35.682 [main] DEBUG c.g.c.AnnotationConfigApplicationContext -- Field injection: com.itranswarp.scan.convert.ValueConverterBean.injectedFloat = 12345.679
13:29:35.682 [main] DEBUG c.g.c.AnnotationConfigApplicationContext -- Field injection: com.itranswarp.scan.convert.ValueConverterBean.injectedDoublePrimitive = 1.2345678987654321E8
13:29:35.682 [main] DEBUG c.g.c.AnnotationConfigApplicationContext -- Field injection: com.itranswarp.scan.convert.ValueConverterBean.injectedDouble = 1.2345678987654321E8
13:29:35.683 [main] DEBUG c.g.c.AnnotationConfigApplicationContext -- Field injection: com.itranswarp.scan.convert.ValueConverterBean.injectedLocalDate = 2023-03-29
13:29:35.683 [main] DEBUG c.g.c.AnnotationConfigApplicationContext -- Field injection: com.itranswarp.scan.convert.ValueConverterBean.injectedLocalTime = 20:45:01
13:29:35.683 [main] DEBUG c.g.c.AnnotationConfigApplicationContext -- Field injection: com.itranswarp.scan.convert.ValueConverterBean.injectedLocalDateTime = 2023-03-29T20:45:01
13:29:35.683 [main] DEBUG c.g.c.AnnotationConfigApplicationContext -- Field injection: com.itranswarp.scan.convert.ValueConverterBean.injectedZonedDateTime = 2023-03-29T20:45:01+08:00[Asia/Shanghai]
13:29:35.683 [main] DEBUG c.g.c.AnnotationConfigApplicationContext -- Field injection: com.itranswarp.scan.convert.ValueConverterBean.injectedDuration = PT51H4M
13:29:35.683 [main] DEBUG c.g.c.AnnotationConfigApplicationContext -- Field injection: com.itranswarp.scan.convert.ValueConverterBean.injectedZoneId = Asia/Shanghai
13:29:35.683 [main] DEBUG c.g.c.AnnotationConfigApplicationContext -- Field injection: com.itranswarp.scan.proxy.InjectProxyOnPropertyBean.injected = com.itranswarp.scan.proxy.SecondProxyBean@70ab80e3
13:29:35.683 [main] DEBUG c.i.s.p.SecondProxyBeanPostProcessor -- auto set property for originBean from second proxy com.itranswarp.scan.proxy.SecondProxyBean@70ab80e3 to origin bean: com.itranswarp.scan.proxy.FirstProxyBean@ca27722
13:29:35.683 [main] DEBUG c.g.c.AnnotationConfigApplicationContext -- BeanPostProcessor SecondProxyBeanPostProcessor specified injection from SecondProxyBean to FirstProxyBean.
13:29:35.683 [main] DEBUG c.i.s.p.FirstProxyBeanPostProcessor -- auto set property for originBean from first proxy com.itranswarp.scan.proxy.FirstProxyBean@ca27722 to origin bean: com.itranswarp.scan.proxy.OriginBean@23a9ba52
13:29:35.683 [main] DEBUG c.g.c.AnnotationConfigApplicationContext -- BeanPostProcessor FirstProxyBeanPostProcessor specified injection from FirstProxyBean to OriginBean.
13:29:35.683 [main] DEBUG c.g.c.AnnotationConfigApplicationContext -- Field injection: com.itranswarp.scan.proxy.OriginBean.name = Scan App
13:29:35.683 [main] DEBUG c.g.c.AnnotationConfigApplicationContext -- Method injection: com.itranswarp.scan.proxy.OriginBean.setVersion (v1.0)
13:29:35.683 [main] DEBUG c.g.c.AnnotationConfigApplicationContext -- Field injection: com.itranswarp.scan.destroy.AnnotationDestroyBean.appTitle = Scan App
13:29:35.683 [main] DEBUG c.g.c.AnnotationConfigApplicationContext -- Field injection: com.itranswarp.scan.init.AnnotationInitBean.appTitle = Scan App
13:29:35.683 [main] DEBUG c.g.c.AnnotationConfigApplicationContext -- Field injection: com.itranswarp.scan.init.AnnotationInitBean.appVersion = v1.0
13:29:35.683 [main] DEBUG c.i.s.p.SecondProxyBeanPostProcessor -- auto set property for originBean from second proxy com.itranswarp.scan.proxy.SecondProxyBean@70ab80e3 to origin bean: com.itranswarp.scan.proxy.FirstProxyBean@ca27722
13:29:35.683 [main] DEBUG c.g.c.AnnotationConfigApplicationContext -- BeanPostProcessor SecondProxyBeanPostProcessor specified injection from SecondProxyBean to FirstProxyBean.
13:29:35.683 [main] DEBUG c.i.s.p.FirstProxyBeanPostProcessor -- auto set property for originBean from first proxy com.itranswarp.scan.proxy.FirstProxyBean@ca27722 to origin bean: com.itranswarp.scan.proxy.OriginBean@23a9ba52
13:29:35.683 [main] DEBUG c.g.c.AnnotationConfigApplicationContext -- BeanPostProcessor FirstProxyBeanPostProcessor specified injection from FirstProxyBean to OriginBean.
13:29:35.684 [main] DEBUG c.g.c.AnnotationConfigApplicationContext -- bean initialized: BeanDefinition [name=firstProxyBeanPostProcessor, beanClass=com.itranswarp.scan.proxy.FirstProxyBeanPostProcessor, factory=null, init-method=null, destroy-method=null, primary=false, instance=com.itranswarp.scan.proxy.FirstProxyBeanPostProcessor@9573b3b]
13:29:35.684 [main] DEBUG c.g.c.AnnotationConfigApplicationContext -- bean initialized: BeanDefinition [name=secondProxyBeanPostProcessor, beanClass=com.itranswarp.scan.proxy.SecondProxyBeanPostProcessor, factory=null, init-method=null, destroy-method=null, primary=false, instance=com.itranswarp.scan.proxy.SecondProxyBeanPostProcessor@67427b69]
13:29:35.684 [main] DEBUG c.g.c.AnnotationConfigApplicationContext -- bean initialized: BeanDefinition [name=annotationDestroyBean, beanClass=com.itranswarp.scan.destroy.AnnotationDestroyBean, factory=null, init-method=null, destroy-method=destroy, primary=false, instance=com.itranswarp.scan.destroy.AnnotationDestroyBean@78461bc4]
13:29:35.684 [main] DEBUG c.g.c.AnnotationConfigApplicationContext -- bean initialized: BeanDefinition [name=annotationInitBean, beanClass=com.itranswarp.scan.init.AnnotationInitBean, factory=null, init-method=init, destroy-method=null, primary=false, instance=com.itranswarp.scan.init.AnnotationInitBean@544630b7]
13:29:35.684 [main] DEBUG c.g.c.AnnotationConfigApplicationContext -- bean initialized: BeanDefinition [name=createSpecifyDestroyBean, beanClass=com.itranswarp.scan.destroy.SpecifyDestroyBean, factory=SpecifyDestroyConfiguration.createSpecifyDestroyBean(String), init-method=null, destroy-method=null, primary=false, instance=com.itranswarp.scan.destroy.SpecifyDestroyBean@64f857e7]
13:29:35.684 [main] DEBUG c.g.c.AnnotationConfigApplicationContext -- bean initialized: BeanDefinition [name=createSpecifyInitBean, beanClass=com.itranswarp.scan.init.SpecifyInitBean, factory=SpecifyInitConfiguration.createSpecifyInitBean(String, String), init-method=null, destroy-method=null, primary=false, instance=com.itranswarp.scan.init.SpecifyInitBean@1095f122]
13:29:35.684 [main] DEBUG c.g.c.AnnotationConfigApplicationContext -- bean initialized: BeanDefinition [name=customAnnotation, beanClass=com.itranswarp.scan.custom.annotation.CustomAnnotationBean, factory=null, init-method=null, destroy-method=null, primary=false, instance=com.itranswarp.scan.custom.annotation.CustomAnnotationBean@58c540cf]
13:29:35.684 [main] DEBUG c.g.c.AnnotationConfigApplicationContext -- bean initialized: BeanDefinition [name=husky, beanClass=com.itranswarp.scan.primary.DogBean, factory=PrimaryConfiguration.husky(), init-method=null, destroy-method=null, primary=true, instance=com.itranswarp.scan.primary.DogBean@3d6300e8]
13:29:35.684 [main] DEBUG c.g.c.AnnotationConfigApplicationContext -- bean initialized: BeanDefinition [name=injectProxyOnConstructorBean, beanClass=com.itranswarp.scan.proxy.InjectProxyOnConstructorBean, factory=null, init-method=null, destroy-method=null, primary=false, instance=com.itranswarp.scan.proxy.InjectProxyOnConstructorBean@1b822fcc]
13:29:35.684 [main] DEBUG c.g.c.AnnotationConfigApplicationContext -- bean initialized: BeanDefinition [name=injectProxyOnPropertyBean, beanClass=com.itranswarp.scan.proxy.InjectProxyOnPropertyBean, factory=null, init-method=null, destroy-method=null, primary=false, instance=com.itranswarp.scan.proxy.InjectProxyOnPropertyBean@24a1c17f]
13:29:35.684 [main] DEBUG c.g.c.AnnotationConfigApplicationContext -- bean initialized: BeanDefinition [name=localDateConfiguration, beanClass=com.itranswarp.imported.LocalDateConfiguration, factory=null, init-method=null, destroy-method=null, primary=false, instance=com.itranswarp.imported.LocalDateConfiguration@56102e1c]
13:29:35.684 [main] DEBUG c.g.c.AnnotationConfigApplicationContext -- bean initialized: BeanDefinition [name=nestedBean, beanClass=com.itranswarp.scan.nested.OuterBean$NestedBean, factory=null, init-method=null, destroy-method=null, primary=false, instance=com.itranswarp.scan.nested.OuterBean$NestedBean@73511076]
13:29:35.684 [main] DEBUG c.g.c.AnnotationConfigApplicationContext -- bean initialized: BeanDefinition [name=originBean, beanClass=com.itranswarp.scan.proxy.OriginBean, factory=null, init-method=null, destroy-method=null, primary=false, instance=com.itranswarp.scan.proxy.SecondProxyBean@70ab80e3]
13:29:35.684 [main] DEBUG c.g.c.AnnotationConfigApplicationContext -- bean initialized: BeanDefinition [name=outerBean, beanClass=com.itranswarp.scan.nested.OuterBean, factory=null, init-method=null, destroy-method=null, primary=false, instance=com.itranswarp.scan.nested.OuterBean@7927bd9f]
13:29:35.684 [main] DEBUG c.g.c.AnnotationConfigApplicationContext -- bean initialized: BeanDefinition [name=primaryConfiguration, beanClass=com.itranswarp.scan.primary.PrimaryConfiguration, factory=null, init-method=null, destroy-method=null, primary=false, instance=com.itranswarp.scan.primary.PrimaryConfiguration@532721fd]
13:29:35.684 [main] DEBUG c.g.c.AnnotationConfigApplicationContext -- bean initialized: BeanDefinition [name=specifyDestroyConfiguration, beanClass=com.itranswarp.scan.destroy.SpecifyDestroyConfiguration, factory=null, init-method=null, destroy-method=null, primary=false, instance=com.itranswarp.scan.destroy.SpecifyDestroyConfiguration@410954b]
13:29:35.684 [main] DEBUG c.g.c.AnnotationConfigApplicationContext -- bean initialized: BeanDefinition [name=specifyInitConfiguration, beanClass=com.itranswarp.scan.init.SpecifyInitConfiguration, factory=null, init-method=null, destroy-method=null, primary=false, instance=com.itranswarp.scan.init.SpecifyInitConfiguration@7fb9f71f]
13:29:35.684 [main] DEBUG c.g.c.AnnotationConfigApplicationContext -- bean initialized: BeanDefinition [name=startLocalDate, beanClass=java.time.LocalDate, factory=LocalDateConfiguration.startLocalDate(), init-method=null, destroy-method=null, primary=false, instance=2023-08-17]
13:29:35.684 [main] DEBUG c.g.c.AnnotationConfigApplicationContext -- bean initialized: BeanDefinition [name=startLocalDateTime, beanClass=java.time.LocalDateTime, factory=LocalDateConfiguration.startLocalDateTime(), init-method=null, destroy-method=null, primary=false, instance=2023-08-17T13:29:35.682821200]
13:29:35.684 [main] DEBUG c.g.c.AnnotationConfigApplicationContext -- bean initialized: BeanDefinition [name=startZonedDateTime, beanClass=java.time.ZonedDateTime, factory=ZonedDateConfiguration.startZonedDateTime(), init-method=null, destroy-method=null, primary=false, instance=2023-08-17T13:29:35.682821200+08:00[Asia/Shanghai]]
13:29:35.684 [main] DEBUG c.g.c.AnnotationConfigApplicationContext -- bean initialized: BeanDefinition [name=studentBean, beanClass=com.itranswarp.scan.primary.StudentBean, factory=null, init-method=null, destroy-method=null, primary=false, instance=com.itranswarp.scan.primary.StudentBean@3b366632]
13:29:35.684 [main] DEBUG c.g.c.AnnotationConfigApplicationContext -- bean initialized: BeanDefinition [name=sub1Bean, beanClass=com.itranswarp.scan.sub1.Sub1Bean, factory=null, init-method=null, destroy-method=null, primary=false, instance=com.itranswarp.scan.sub1.Sub1Bean@51f49060]
13:29:35.684 [main] DEBUG c.g.c.AnnotationConfigApplicationContext -- bean initialized: BeanDefinition [name=sub2Bean, beanClass=com.itranswarp.scan.sub1.sub2.Sub2Bean, factory=null, init-method=null, destroy-method=null, primary=false, instance=com.itranswarp.scan.sub1.sub2.Sub2Bean@514eedd8]
13:29:35.684 [main] DEBUG c.g.c.AnnotationConfigApplicationContext -- bean initialized: BeanDefinition [name=sub3Bean, beanClass=com.itranswarp.scan.sub1.sub2.sub3.Sub3Bean, factory=null, init-method=null, destroy-method=null, primary=false, instance=com.itranswarp.scan.sub1.sub2.sub3.Sub3Bean@617fe9e1]
13:29:35.684 [main] DEBUG c.g.c.AnnotationConfigApplicationContext -- bean initialized: BeanDefinition [name=teacherBean, beanClass=com.itranswarp.scan.primary.TeacherBean, factory=null, init-method=null, destroy-method=null, primary=true, instance=com.itranswarp.scan.primary.TeacherBean@6970140a]
13:29:35.684 [main] DEBUG c.g.c.AnnotationConfigApplicationContext -- bean initialized: BeanDefinition [name=teddy, beanClass=com.itranswarp.scan.primary.DogBean, factory=PrimaryConfiguration.teddy(), init-method=null, destroy-method=null, primary=false, instance=com.itranswarp.scan.primary.DogBean@1cf2fed4]
13:29:35.684 [main] DEBUG c.g.c.AnnotationConfigApplicationContext -- bean initialized: BeanDefinition [name=valueConverterBean, beanClass=com.itranswarp.scan.convert.ValueConverterBean, factory=null, init-method=null, destroy-method=null, primary=false, instance=com.itranswarp.scan.convert.ValueConverterBean@3af4e0bf]
13:29:35.684 [main] DEBUG c.g.c.AnnotationConfigApplicationContext -- bean initialized: BeanDefinition [name=zonedDateConfiguration, beanClass=com.itranswarp.imported.ZonedDateConfiguration, factory=null, init-method=null, destroy-method=null, primary=false, instance=com.itranswarp.imported.ZonedDateConfiguration@245a26e1]
]]></system-out>
  </testcase>
  <testcase name="testDestroyMethod" classname="com.itranswarp.summer.context.AnnotationConfigApplicationContextTest" time="0.023">
    <system-out><![CDATA[13:29:35.686 [main] DEBUG com.gaoda.io.PropertyResolver -- PropertyResolver: =:: = ::\
13:29:35.686 [main] DEBUG com.gaoda.io.PropertyResolver -- PropertyResolver: =D: = D:\Codes\Projects\summer\summer_framework\Summer_Framework
13:29:35.686 [main] DEBUG com.gaoda.io.PropertyResolver -- PropertyResolver: ALLUSERSPROFILE = C:\ProgramData
13:29:35.686 [main] DEBUG com.gaoda.io.PropertyResolver -- PropertyResolver: APPDATA = C:\Users\Gundam\AppData\Roaming
13:29:35.686 [main] DEBUG com.gaoda.io.PropertyResolver -- PropertyResolver: CLASSPATH = .;D:\Code\jdk-18\lib;D:\Code\jdk-18\lib\tools.jar
13:29:35.686 [main] DEBUG com.gaoda.io.PropertyResolver -- PropertyResolver: COMMONPROGRAMFILES = C:\Program Files\Common Files
13:29:35.686 [main] DEBUG com.gaoda.io.PropertyResolver -- PropertyResolver: COMMONPROGRAMFILES(X86) = C:\Program Files (x86)\Common Files
13:29:35.686 [main] DEBUG com.gaoda.io.PropertyResolver -- PropertyResolver: COMMONPROGRAMW6432 = C:\Program Files\Common Files
13:29:35.686 [main] DEBUG com.gaoda.io.PropertyResolver -- PropertyResolver: COMPUTERNAME = DESKTOP-HR12F04
13:29:35.686 [main] DEBUG com.gaoda.io.PropertyResolver -- PropertyResolver: COMSPEC = C:\Windows\system32\cmd.exe
13:29:35.686 [main] DEBUG com.gaoda.io.PropertyResolver -- PropertyResolver: DRIVERDATA = C:\Windows\System32\Drivers\DriverData
13:29:35.686 [main] DEBUG com.gaoda.io.PropertyResolver -- PropertyResolver: FPS_BROWSER_APP_PROFILE_STRING = Internet Explorer
13:29:35.686 [main] DEBUG com.gaoda.io.PropertyResolver -- PropertyResolver: FPS_BROWSER_USER_PROFILE_STRING = Default
13:29:35.686 [main] DEBUG com.gaoda.io.PropertyResolver -- PropertyResolver: HOMEDRIVE = C:
13:29:35.686 [main] DEBUG com.gaoda.io.PropertyResolver -- PropertyResolver: HOMEPATH = \Users\Gundam
13:29:35.686 [main] DEBUG com.gaoda.io.PropertyResolver -- PropertyResolver: IDEA_INITIAL_DIRECTORY = D:\Applications1\code\idea\IntelliJ IDEA 2022.2.1\bin
13:29:35.686 [main] DEBUG com.gaoda.io.PropertyResolver -- PropertyResolver: INTELLIJ IDEA = D:\Applications1\code\idea\IntelliJ IDEA 2022.2.1\bin;
13:29:35.686 [main] DEBUG com.gaoda.io.PropertyResolver -- PropertyResolver: JAVA18_HOME = D:\Code\jdk-18
13:29:35.686 [main] DEBUG com.gaoda.io.PropertyResolver -- PropertyResolver: JAVA8_HOME = D:\Code\jdk-8
13:29:35.686 [main] DEBUG com.gaoda.io.PropertyResolver -- PropertyResolver: JAVA_HOME = D:\Code\jdk-18
13:29:35.686 [main] DEBUG com.gaoda.io.PropertyResolver -- PropertyResolver: LOCALAPPDATA = C:\Users\Gundam\AppData\Local
13:29:35.686 [main] DEBUG com.gaoda.io.PropertyResolver -- PropertyResolver: LOGONSERVER = \\DESKTOP-HR12F04
13:29:35.686 [main] DEBUG com.gaoda.io.PropertyResolver -- PropertyResolver: MAVEN_HOME = D:\Code\Maven\apache-maven-3.8.6
13:29:35.686 [main] DEBUG com.gaoda.io.PropertyResolver -- PropertyResolver: NLS_LANG = SIMPLIFIED CHINESE_CHINA.ZHS16GBK
13:29:35.686 [main] DEBUG com.gaoda.io.PropertyResolver -- PropertyResolver: NUMBER_OF_PROCESSORS = 16
13:29:35.686 [main] DEBUG com.gaoda.io.PropertyResolver -- PropertyResolver: ONEDRIVE = C:\Users\Gundam\OneDrive
13:29:35.686 [main] DEBUG com.gaoda.io.PropertyResolver -- PropertyResolver: OPENSSL_IA32CAP = ~0x200000200000000
13:29:35.686 [main] DEBUG com.gaoda.io.PropertyResolver -- PropertyResolver: ORACLE_HOME = D:\Code\oracle\Ora10InstantClient
13:29:35.686 [main] DEBUG com.gaoda.io.PropertyResolver -- PropertyResolver: OS = Windows_NT
13:29:35.686 [main] DEBUG com.gaoda.io.PropertyResolver -- PropertyResolver: PATH = C:\Windows;D:\Code\jdk-18\bin;D:\Code\jdk-18\jre\bin;C:\Program Files\Common Files\Oracle\Java\javapath;C:\Windows\system32;C:\Windows\System32\Wbem;C:\Windows\System32\WindowsPowerShell\v1.0\;C:\Windows\System32\OpenSSH\;D:\Applications1\computer\Bandizip\;C:\Program Files\NVIDIA Corporation\NVIDIA NvDLISR;C:\Program Files (x86)\NVIDIA Corporation\PhysX\Common;D:\Code\jdk-18;D:\Code\oracle\Ora10InstantClient;D:\Applications1\code\MySQL\bin;D:\Code\Maven\apache-maven-3.8.6\bin;D:\Code\Node.js\;D:\Applications1\code\Git\cmd;D:\Applications1\code\微信web开发者工具\dll;C:\Program Files\TortoiseGit\bin;C:\Program Files\Asiainfo Security\AisEsmAgent\atom_plugins\base_plugin;C:\Users\Gundam\AppData\Local\Programs\Python\Python311\Scripts\;C:\Users\Gundam\AppData\Local\Programs\Python\Python311\;C:\Users\Gundam\AppData\Local\Microsoft\WindowsApps;D:\Applications1\code\idea\IntelliJ IDEA 2022.2.1\bin;;D:\Applications1\code\vscode\Microsoft VS Code\bin;C:\Users\Gundam\AppData\Roaming\npm;D:\Applications1\code\webstorm\WebStorm 2022.3.2\bin;;D:\Applications1\play\QQgame\Hall.57975\
13:29:35.686 [main] DEBUG com.gaoda.io.PropertyResolver -- PropertyResolver: PATHEXT = .COM;.EXE;.BAT;.CMD;.VBS;.VBE;.JS;.JSE;.WSF;.WSH;.MSC
13:29:35.686 [main] DEBUG com.gaoda.io.PropertyResolver -- PropertyResolver: PROCESSOR_ARCHITECTURE = AMD64
13:29:35.686 [main] DEBUG com.gaoda.io.PropertyResolver -- PropertyResolver: PROCESSOR_IDENTIFIER = AMD64 Family 23 Model 96 Stepping 1, AuthenticAMD
13:29:35.686 [main] DEBUG com.gaoda.io.PropertyResolver -- PropertyResolver: PROCESSOR_LEVEL = 23
13:29:35.686 [main] DEBUG com.gaoda.io.PropertyResolver -- PropertyResolver: PROCESSOR_REVISION = 6001
13:29:35.686 [main] DEBUG com.gaoda.io.PropertyResolver -- PropertyResolver: PROGRAMDATA = C:\ProgramData
13:29:35.686 [main] DEBUG com.gaoda.io.PropertyResolver -- PropertyResolver: PROGRAMFILES = C:\Program Files
13:29:35.686 [main] DEBUG com.gaoda.io.PropertyResolver -- PropertyResolver: PROGRAMFILES(X86) = C:\Program Files (x86)
13:29:35.686 [main] DEBUG com.gaoda.io.PropertyResolver -- PropertyResolver: PROGRAMW6432 = C:\Program Files
13:29:35.686 [main] DEBUG com.gaoda.io.PropertyResolver -- PropertyResolver: PROMPT = $P$G
13:29:35.686 [main] DEBUG com.gaoda.io.PropertyResolver -- PropertyResolver: PSMODULEPATH = C:\Program Files\WindowsPowerShell\Modules;C:\Windows\system32\WindowsPowerShell\v1.0\Modules
13:29:35.686 [main] DEBUG com.gaoda.io.PropertyResolver -- PropertyResolver: PUBLIC = C:\Users\Public
13:29:35.686 [main] DEBUG com.gaoda.io.PropertyResolver -- PropertyResolver: SESSIONNAME = Console
13:29:35.686 [main] DEBUG com.gaoda.io.PropertyResolver -- PropertyResolver: SYSTEMDRIVE = C:
13:29:35.686 [main] DEBUG com.gaoda.io.PropertyResolver -- PropertyResolver: SYSTEMROOT = C:\Windows
13:29:35.686 [main] DEBUG com.gaoda.io.PropertyResolver -- PropertyResolver: TEMP = C:\Users\Gundam\AppData\Local\Temp
13:29:35.686 [main] DEBUG com.gaoda.io.PropertyResolver -- PropertyResolver: TMP = C:\Users\Gundam\AppData\Local\Temp
13:29:35.686 [main] DEBUG com.gaoda.io.PropertyResolver -- PropertyResolver: TNS_ADMIN = D:\Code\oracle\Ora10InstantClient
13:29:35.686 [main] DEBUG com.gaoda.io.PropertyResolver -- PropertyResolver: USERDOMAIN = DESKTOP-HR12F04
13:29:35.686 [main] DEBUG com.gaoda.io.PropertyResolver -- PropertyResolver: USERDOMAIN_ROAMINGPROFILE = DESKTOP-HR12F04
13:29:35.686 [main] DEBUG com.gaoda.io.PropertyResolver -- PropertyResolver: USERNAME = Gundam
13:29:35.686 [main] DEBUG com.gaoda.io.PropertyResolver -- PropertyResolver: USERPROFILE = C:\Users\Gundam
13:29:35.686 [main] DEBUG com.gaoda.io.PropertyResolver -- PropertyResolver: WEBSTORM = D:\Applications1\code\webstorm\WebStorm 2022.3.2\bin;
13:29:35.686 [main] DEBUG com.gaoda.io.PropertyResolver -- PropertyResolver: WINDIR = C:\Windows
13:29:35.686 [main] DEBUG com.gaoda.io.PropertyResolver -- PropertyResolver: app.title = Scan App
13:29:35.686 [main] DEBUG com.gaoda.io.PropertyResolver -- PropertyResolver: app.version = v1.0
13:29:35.686 [main] DEBUG com.gaoda.io.PropertyResolver -- PropertyResolver: convert.boolean = true
13:29:35.686 [main] DEBUG com.gaoda.io.PropertyResolver -- PropertyResolver: convert.byte = 123
13:29:35.686 [main] DEBUG com.gaoda.io.PropertyResolver -- PropertyResolver: convert.double = 123456789.87654321
13:29:35.686 [main] DEBUG com.gaoda.io.PropertyResolver -- PropertyResolver: convert.duration = P2DT3H4M
13:29:35.686 [main] DEBUG com.gaoda.io.PropertyResolver -- PropertyResolver: convert.float = 12345.6789
13:29:35.686 [main] DEBUG com.gaoda.io.PropertyResolver -- PropertyResolver: convert.integer = 1234567
13:29:35.686 [main] DEBUG com.gaoda.io.PropertyResolver -- PropertyResolver: convert.localdate = 2023-03-29
13:29:35.686 [main] DEBUG com.gaoda.io.PropertyResolver -- PropertyResolver: convert.localdatetime = 2023-03-29T20:45:01
13:29:35.686 [main] DEBUG com.gaoda.io.PropertyResolver -- PropertyResolver: convert.localtime = 20:45:01
13:29:35.686 [main] DEBUG com.gaoda.io.PropertyResolver -- PropertyResolver: convert.long = 123456789000
13:29:35.686 [main] DEBUG com.gaoda.io.PropertyResolver -- PropertyResolver: convert.short = 12345
13:29:35.686 [main] DEBUG com.gaoda.io.PropertyResolver -- PropertyResolver: convert.zoneddatetime = 2023-03-29T20:45:01+08:00[Asia/Shanghai]
13:29:35.686 [main] DEBUG com.gaoda.io.PropertyResolver -- PropertyResolver: convert.zoneid = Asia/Shanghai
13:29:35.686 [main] DEBUG com.gaoda.io.PropertyResolver -- PropertyResolver: jdbc.password = 
13:29:35.686 [main] DEBUG com.gaoda.io.PropertyResolver -- PropertyResolver: jdbc.url = jdbc:hsqldb:file:testdb.tmp
13:29:35.686 [main] DEBUG com.gaoda.io.PropertyResolver -- PropertyResolver: jdbc.username = sa
13:29:35.686 [main] INFO  c.g.c.AnnotationConfigApplicationContext -- component scan in packages: [com.itranswarp.scan]
13:29:35.686 [main] DEBUG c.g.c.AnnotationConfigApplicationContext -- scan package: com.itranswarp.scan
13:29:35.686 [main] DEBUG com.gaoda.io.ResourceResolver -- scan path: com/itranswarp/scan
13:29:35.688 [main] DEBUG com.gaoda.io.ResourceResolver -- found resource: Resource[path=file:D:\Codes\Projects\summer\summer_framework\Summer_Framework\target\test-classes\com\itranswarp\scan\convert\ValueConverterBean.class, name=com\itranswarp\scan\convert\ValueConverterBean.class]
13:29:35.689 [main] DEBUG com.gaoda.io.ResourceResolver -- found resource: Resource[path=file:D:\Codes\Projects\summer\summer_framework\Summer_Framework\target\test-classes\com\itranswarp\scan\custom\annotation\CustomAnnotation.class, name=com\itranswarp\scan\custom\annotation\CustomAnnotation.class]
13:29:35.689 [main] DEBUG com.gaoda.io.ResourceResolver -- found resource: Resource[path=file:D:\Codes\Projects\summer\summer_framework\Summer_Framework\target\test-classes\com\itranswarp\scan\custom\annotation\CustomAnnotationBean.class, name=com\itranswarp\scan\custom\annotation\CustomAnnotationBean.class]
13:29:35.690 [main] DEBUG com.gaoda.io.ResourceResolver -- found resource: Resource[path=file:D:\Codes\Projects\summer\summer_framework\Summer_Framework\target\test-classes\com\itranswarp\scan\destroy\AnnotationDestroyBean.class, name=com\itranswarp\scan\destroy\AnnotationDestroyBean.class]
13:29:35.691 [main] DEBUG com.gaoda.io.ResourceResolver -- found resource: Resource[path=file:D:\Codes\Projects\summer\summer_framework\Summer_Framework\target\test-classes\com\itranswarp\scan\destroy\SpecifyDestroyBean.class, name=com\itranswarp\scan\destroy\SpecifyDestroyBean.class]
13:29:35.691 [main] DEBUG com.gaoda.io.ResourceResolver -- found resource: Resource[path=file:D:\Codes\Projects\summer\summer_framework\Summer_Framework\target\test-classes\com\itranswarp\scan\destroy\SpecifyDestroyConfiguration.class, name=com\itranswarp\scan\destroy\SpecifyDestroyConfiguration.class]
13:29:35.692 [main] DEBUG com.gaoda.io.ResourceResolver -- found resource: Resource[path=file:D:\Codes\Projects\summer\summer_framework\Summer_Framework\target\test-classes\com\itranswarp\scan\init\AnnotationInitBean.class, name=com\itranswarp\scan\init\AnnotationInitBean.class]
13:29:35.692 [main] DEBUG com.gaoda.io.ResourceResolver -- found resource: Resource[path=file:D:\Codes\Projects\summer\summer_framework\Summer_Framework\target\test-classes\com\itranswarp\scan\init\SpecifyInitBean.class, name=com\itranswarp\scan\init\SpecifyInitBean.class]
13:29:35.693 [main] DEBUG com.gaoda.io.ResourceResolver -- found resource: Resource[path=file:D:\Codes\Projects\summer\summer_framework\Summer_Framework\target\test-classes\com\itranswarp\scan\init\SpecifyInitConfiguration.class, name=com\itranswarp\scan\init\SpecifyInitConfiguration.class]
13:29:35.694 [main] DEBUG com.gaoda.io.ResourceResolver -- found resource: Resource[path=file:D:\Codes\Projects\summer\summer_framework\Summer_Framework\target\test-classes\com\itranswarp\scan\nested\OuterBean$NestedBean.class, name=com\itranswarp\scan\nested\OuterBean$NestedBean.class]
13:29:35.695 [main] DEBUG com.gaoda.io.ResourceResolver -- found resource: Resource[path=file:D:\Codes\Projects\summer\summer_framework\Summer_Framework\target\test-classes\com\itranswarp\scan\nested\OuterBean.class, name=com\itranswarp\scan\nested\OuterBean.class]
13:29:35.696 [main] DEBUG com.gaoda.io.ResourceResolver -- found resource: Resource[path=file:D:\Codes\Projects\summer\summer_framework\Summer_Framework\target\test-classes\com\itranswarp\scan\primary\DogBean.class, name=com\itranswarp\scan\primary\DogBean.class]
13:29:35.697 [main] DEBUG com.gaoda.io.ResourceResolver -- found resource: Resource[path=file:D:\Codes\Projects\summer\summer_framework\Summer_Framework\target\test-classes\com\itranswarp\scan\primary\PersonBean.class, name=com\itranswarp\scan\primary\PersonBean.class]
13:29:35.697 [main] DEBUG com.gaoda.io.ResourceResolver -- found resource: Resource[path=file:D:\Codes\Projects\summer\summer_framework\Summer_Framework\target\test-classes\com\itranswarp\scan\primary\PrimaryConfiguration.class, name=com\itranswarp\scan\primary\PrimaryConfiguration.class]
13:29:35.697 [main] DEBUG com.gaoda.io.ResourceResolver -- found resource: Resource[path=file:D:\Codes\Projects\summer\summer_framework\Summer_Framework\target\test-classes\com\itranswarp\scan\primary\StudentBean.class, name=com\itranswarp\scan\primary\StudentBean.class]
13:29:35.697 [main] DEBUG com.gaoda.io.ResourceResolver -- found resource: Resource[path=file:D:\Codes\Projects\summer\summer_framework\Summer_Framework\target\test-classes\com\itranswarp\scan\primary\TeacherBean.class, name=com\itranswarp\scan\primary\TeacherBean.class]
13:29:35.698 [main] DEBUG com.gaoda.io.ResourceResolver -- found resource: Resource[path=file:D:\Codes\Projects\summer\summer_framework\Summer_Framework\target\test-classes\com\itranswarp\scan\proxy\FirstProxyBean.class, name=com\itranswarp\scan\proxy\FirstProxyBean.class]
13:29:35.698 [main] DEBUG com.gaoda.io.ResourceResolver -- found resource: Resource[path=file:D:\Codes\Projects\summer\summer_framework\Summer_Framework\target\test-classes\com\itranswarp\scan\proxy\FirstProxyBeanPostProcessor.class, name=com\itranswarp\scan\proxy\FirstProxyBeanPostProcessor.class]
13:29:35.699 [main] DEBUG com.gaoda.io.ResourceResolver -- found resource: Resource[path=file:D:\Codes\Projects\summer\summer_framework\Summer_Framework\target\test-classes\com\itranswarp\scan\proxy\InjectProxyOnConstructorBean.class, name=com\itranswarp\scan\proxy\InjectProxyOnConstructorBean.class]
13:29:35.699 [main] DEBUG com.gaoda.io.ResourceResolver -- found resource: Resource[path=file:D:\Codes\Projects\summer\summer_framework\Summer_Framework\target\test-classes\com\itranswarp\scan\proxy\InjectProxyOnPropertyBean.class, name=com\itranswarp\scan\proxy\InjectProxyOnPropertyBean.class]
13:29:35.699 [main] DEBUG com.gaoda.io.ResourceResolver -- found resource: Resource[path=file:D:\Codes\Projects\summer\summer_framework\Summer_Framework\target\test-classes\com\itranswarp\scan\proxy\OriginBean.class, name=com\itranswarp\scan\proxy\OriginBean.class]
13:29:35.699 [main] DEBUG com.gaoda.io.ResourceResolver -- found resource: Resource[path=file:D:\Codes\Projects\summer\summer_framework\Summer_Framework\target\test-classes\com\itranswarp\scan\proxy\SecondProxyBean.class, name=com\itranswarp\scan\proxy\SecondProxyBean.class]
13:29:35.699 [main] DEBUG com.gaoda.io.ResourceResolver -- found resource: Resource[path=file:D:\Codes\Projects\summer\summer_framework\Summer_Framework\target\test-classes\com\itranswarp\scan\proxy\SecondProxyBeanPostProcessor.class, name=com\itranswarp\scan\proxy\SecondProxyBeanPostProcessor.class]
13:29:35.700 [main] DEBUG com.gaoda.io.ResourceResolver -- found resource: Resource[path=file:D:\Codes\Projects\summer\summer_framework\Summer_Framework\target\test-classes\com\itranswarp\scan\ScanApplication.class, name=com\itranswarp\scan\ScanApplication.class]
13:29:35.700 [main] DEBUG com.gaoda.io.ResourceResolver -- found resource: Resource[path=file:D:\Codes\Projects\summer\summer_framework\Summer_Framework\target\test-classes\com\itranswarp\scan\sub1\sub1.txt, name=com\itranswarp\scan\sub1\sub1.txt]
13:29:35.701 [main] DEBUG com.gaoda.io.ResourceResolver -- found resource: Resource[path=file:D:\Codes\Projects\summer\summer_framework\Summer_Framework\target\test-classes\com\itranswarp\scan\sub1\Sub1Bean.class, name=com\itranswarp\scan\sub1\Sub1Bean.class]
13:29:35.701 [main] DEBUG com.gaoda.io.ResourceResolver -- found resource: Resource[path=file:D:\Codes\Projects\summer\summer_framework\Summer_Framework\target\test-classes\com\itranswarp\scan\sub1\sub2\sub2.txt, name=com\itranswarp\scan\sub1\sub2\sub2.txt]
13:29:35.701 [main] DEBUG com.gaoda.io.ResourceResolver -- found resource: Resource[path=file:D:\Codes\Projects\summer\summer_framework\Summer_Framework\target\test-classes\com\itranswarp\scan\sub1\sub2\Sub2Bean.class, name=com\itranswarp\scan\sub1\sub2\Sub2Bean.class]
13:29:35.702 [main] DEBUG com.gaoda.io.ResourceResolver -- found resource: Resource[path=file:D:\Codes\Projects\summer\summer_framework\Summer_Framework\target\test-classes\com\itranswarp\scan\sub1\sub2\sub3\sub3.txt, name=com\itranswarp\scan\sub1\sub2\sub3\sub3.txt]
13:29:35.702 [main] DEBUG com.gaoda.io.ResourceResolver -- found resource: Resource[path=file:D:\Codes\Projects\summer\summer_framework\Summer_Framework\target\test-classes\com\itranswarp\scan\sub1\sub2\sub3\Sub3Bean.class, name=com\itranswarp\scan\sub1\sub2\sub3\Sub3Bean.class]
13:29:35.702 [main] DEBUG c.g.c.AnnotationConfigApplicationContext -- class found by component scan: com.itranswarp.scan.convert.ValueConverterBean
13:29:35.702 [main] DEBUG c.g.c.AnnotationConfigApplicationContext -- class found by component scan: com.itranswarp.scan.custom.annotation.CustomAnnotation
13:29:35.703 [main] DEBUG c.g.c.AnnotationConfigApplicationContext -- class found by component scan: com.itranswarp.scan.custom.annotation.CustomAnnotationBean
13:29:35.703 [main] DEBUG c.g.c.AnnotationConfigApplicationContext -- class found by component scan: com.itranswarp.scan.destroy.AnnotationDestroyBean
13:29:35.703 [main] DEBUG c.g.c.AnnotationConfigApplicationContext -- class found by component scan: com.itranswarp.scan.destroy.SpecifyDestroyBean
13:29:35.703 [main] DEBUG c.g.c.AnnotationConfigApplicationContext -- class found by component scan: com.itranswarp.scan.destroy.SpecifyDestroyConfiguration
13:29:35.703 [main] DEBUG c.g.c.AnnotationConfigApplicationContext -- class found by component scan: com.itranswarp.scan.init.AnnotationInitBean
13:29:35.703 [main] DEBUG c.g.c.AnnotationConfigApplicationContext -- class found by component scan: com.itranswarp.scan.init.SpecifyInitBean
13:29:35.703 [main] DEBUG c.g.c.AnnotationConfigApplicationContext -- class found by component scan: com.itranswarp.scan.init.SpecifyInitConfiguration
13:29:35.703 [main] DEBUG c.g.c.AnnotationConfigApplicationContext -- class found by component scan: com.itranswarp.scan.nested.OuterBean$NestedBean
13:29:35.703 [main] DEBUG c.g.c.AnnotationConfigApplicationContext -- class found by component scan: com.itranswarp.scan.nested.OuterBean
13:29:35.703 [main] DEBUG c.g.c.AnnotationConfigApplicationContext -- class found by component scan: com.itranswarp.scan.primary.DogBean
13:29:35.703 [main] DEBUG c.g.c.AnnotationConfigApplicationContext -- class found by component scan: com.itranswarp.scan.primary.PersonBean
13:29:35.703 [main] DEBUG c.g.c.AnnotationConfigApplicationContext -- class found by component scan: com.itranswarp.scan.primary.PrimaryConfiguration
13:29:35.703 [main] DEBUG c.g.c.AnnotationConfigApplicationContext -- class found by component scan: com.itranswarp.scan.primary.StudentBean
13:29:35.703 [main] DEBUG c.g.c.AnnotationConfigApplicationContext -- class found by component scan: com.itranswarp.scan.primary.TeacherBean
13:29:35.703 [main] DEBUG c.g.c.AnnotationConfigApplicationContext -- class found by component scan: com.itranswarp.scan.proxy.FirstProxyBean
13:29:35.703 [main] DEBUG c.g.c.AnnotationConfigApplicationContext -- class found by component scan: com.itranswarp.scan.proxy.FirstProxyBeanPostProcessor
13:29:35.703 [main] DEBUG c.g.c.AnnotationConfigApplicationContext -- class found by component scan: com.itranswarp.scan.proxy.InjectProxyOnConstructorBean
13:29:35.703 [main] DEBUG c.g.c.AnnotationConfigApplicationContext -- class found by component scan: com.itranswarp.scan.proxy.InjectProxyOnPropertyBean
13:29:35.703 [main] DEBUG c.g.c.AnnotationConfigApplicationContext -- class found by component scan: com.itranswarp.scan.proxy.OriginBean
13:29:35.703 [main] DEBUG c.g.c.AnnotationConfigApplicationContext -- class found by component scan: com.itranswarp.scan.proxy.SecondProxyBean
13:29:35.703 [main] DEBUG c.g.c.AnnotationConfigApplicationContext -- class found by component scan: com.itranswarp.scan.proxy.SecondProxyBeanPostProcessor
13:29:35.703 [main] DEBUG c.g.c.AnnotationConfigApplicationContext -- class found by component scan: com.itranswarp.scan.ScanApplication
13:29:35.703 [main] DEBUG c.g.c.AnnotationConfigApplicationContext -- class found by component scan: com.itranswarp.scan.sub1.Sub1Bean
13:29:35.703 [main] DEBUG c.g.c.AnnotationConfigApplicationContext -- class found by component scan: com.itranswarp.scan.sub1.sub2.Sub2Bean
13:29:35.703 [main] DEBUG c.g.c.AnnotationConfigApplicationContext -- class found by component scan: com.itranswarp.scan.sub1.sub2.sub3.Sub3Bean
13:29:35.703 [main] DEBUG c.g.c.AnnotationConfigApplicationContext -- class found by import: com.itranswarp.imported.LocalDateConfiguration
13:29:35.703 [main] DEBUG c.g.c.AnnotationConfigApplicationContext -- class found by import: com.itranswarp.imported.ZonedDateConfiguration
13:29:35.703 [main] DEBUG c.g.c.AnnotationConfigApplicationContext -- found component: com.itranswarp.scan.proxy.SecondProxyBeanPostProcessor
13:29:35.703 [main] DEBUG c.g.c.AnnotationConfigApplicationContext -- define bean: BeanDefinition [name=secondProxyBeanPostProcessor, beanClass=com.itranswarp.scan.proxy.SecondProxyBeanPostProcessor, factory=null, init-method=null, destroy-method=null, primary=false, instance=null]
13:29:35.703 [main] DEBUG c.g.c.AnnotationConfigApplicationContext -- found component: com.itranswarp.scan.destroy.AnnotationDestroyBean
13:29:35.703 [main] DEBUG c.g.c.AnnotationConfigApplicationContext -- define bean: BeanDefinition [name=annotationDestroyBean, beanClass=com.itranswarp.scan.destroy.AnnotationDestroyBean, factory=null, init-method=null, destroy-method=destroy, primary=false, instance=null]
13:29:35.703 [main] DEBUG c.g.c.AnnotationConfigApplicationContext -- found component: com.itranswarp.scan.primary.StudentBean
13:29:35.703 [main] DEBUG c.g.c.AnnotationConfigApplicationContext -- define bean: BeanDefinition [name=studentBean, beanClass=com.itranswarp.scan.primary.StudentBean, factory=null, init-method=null, destroy-method=null, primary=false, instance=null]
13:29:35.703 [main] DEBUG c.g.c.AnnotationConfigApplicationContext -- found component: com.itranswarp.scan.sub1.sub2.Sub2Bean
13:29:35.703 [main] DEBUG c.g.c.AnnotationConfigApplicationContext -- define bean: BeanDefinition [name=sub2Bean, beanClass=com.itranswarp.scan.sub1.sub2.Sub2Bean, factory=null, init-method=null, destroy-method=null, primary=false, instance=null]
13:29:35.703 [main] DEBUG c.g.c.AnnotationConfigApplicationContext -- found component: com.itranswarp.scan.primary.TeacherBean
13:29:35.703 [main] DEBUG c.g.c.AnnotationConfigApplicationContext -- define bean: BeanDefinition [name=teacherBean, beanClass=com.itranswarp.scan.primary.TeacherBean, factory=null, init-method=null, destroy-method=null, primary=true, instance=null]
13:29:35.703 [main] DEBUG c.g.c.AnnotationConfigApplicationContext -- found component: com.itranswarp.scan.proxy.FirstProxyBeanPostProcessor
13:29:35.703 [main] DEBUG c.g.c.AnnotationConfigApplicationContext -- define bean: BeanDefinition [name=firstProxyBeanPostProcessor, beanClass=com.itranswarp.scan.proxy.FirstProxyBeanPostProcessor, factory=null, init-method=null, destroy-method=null, primary=false, instance=null]
13:29:35.703 [main] DEBUG c.g.c.AnnotationConfigApplicationContext -- found component: com.itranswarp.scan.primary.PrimaryConfiguration
13:29:35.703 [main] DEBUG c.g.c.AnnotationConfigApplicationContext -- define bean: BeanDefinition [name=primaryConfiguration, beanClass=com.itranswarp.scan.primary.PrimaryConfiguration, factory=null, init-method=null, destroy-method=null, primary=false, instance=null]
13:29:35.703 [main] DEBUG c.g.c.AnnotationConfigApplicationContext -- define bean: BeanDefinition [name=teddy, beanClass=com.itranswarp.scan.primary.DogBean, factory=PrimaryConfiguration.teddy(), init-method=null, destroy-method=null, primary=false, instance=null]
13:29:35.703 [main] DEBUG c.g.c.AnnotationConfigApplicationContext -- define bean: BeanDefinition [name=husky, beanClass=com.itranswarp.scan.primary.DogBean, factory=PrimaryConfiguration.husky(), init-method=null, destroy-method=null, primary=true, instance=null]
13:29:35.703 [main] DEBUG c.g.c.AnnotationConfigApplicationContext -- found component: com.itranswarp.imported.ZonedDateConfiguration
13:29:35.703 [main] DEBUG c.g.c.AnnotationConfigApplicationContext -- define bean: BeanDefinition [name=zonedDateConfiguration, beanClass=com.itranswarp.imported.ZonedDateConfiguration, factory=null, init-method=null, destroy-method=null, primary=false, instance=null]
13:29:35.703 [main] DEBUG c.g.c.AnnotationConfigApplicationContext -- define bean: BeanDefinition [name=startZonedDateTime, beanClass=java.time.ZonedDateTime, factory=ZonedDateConfiguration.startZonedDateTime(), init-method=null, destroy-method=null, primary=false, instance=null]
13:29:35.703 [main] DEBUG c.g.c.AnnotationConfigApplicationContext -- found component: com.itranswarp.scan.custom.annotation.CustomAnnotationBean
13:29:35.703 [main] DEBUG c.g.c.AnnotationConfigApplicationContext -- define bean: BeanDefinition [name=customAnnotation, beanClass=com.itranswarp.scan.custom.annotation.CustomAnnotationBean, factory=null, init-method=null, destroy-method=null, primary=false, instance=null]
13:29:35.703 [main] DEBUG c.g.c.AnnotationConfigApplicationContext -- found component: com.itranswarp.imported.LocalDateConfiguration
13:29:35.703 [main] DEBUG c.g.c.AnnotationConfigApplicationContext -- define bean: BeanDefinition [name=localDateConfiguration, beanClass=com.itranswarp.imported.LocalDateConfiguration, factory=null, init-method=null, destroy-method=null, primary=false, instance=null]
13:29:35.703 [main] DEBUG c.g.c.AnnotationConfigApplicationContext -- define bean: BeanDefinition [name=startLocalDate, beanClass=java.time.LocalDate, factory=LocalDateConfiguration.startLocalDate(), init-method=null, destroy-method=null, primary=false, instance=null]
13:29:35.703 [main] DEBUG c.g.c.AnnotationConfigApplicationContext -- define bean: BeanDefinition [name=startLocalDateTime, beanClass=java.time.LocalDateTime, factory=LocalDateConfiguration.startLocalDateTime(), init-method=null, destroy-method=null, primary=false, instance=null]
13:29:35.703 [main] DEBUG c.g.c.AnnotationConfigApplicationContext -- found component: com.itranswarp.scan.convert.ValueConverterBean
13:29:35.703 [main] DEBUG c.g.c.AnnotationConfigApplicationContext -- define bean: BeanDefinition [name=valueConverterBean, beanClass=com.itranswarp.scan.convert.ValueConverterBean, factory=null, init-method=null, destroy-method=null, primary=false, instance=null]
13:29:35.703 [main] DEBUG c.g.c.AnnotationConfigApplicationContext -- found component: com.itranswarp.scan.nested.OuterBean$NestedBean
13:29:35.703 [main] DEBUG c.g.c.AnnotationConfigApplicationContext -- define bean: BeanDefinition [name=nestedBean, beanClass=com.itranswarp.scan.nested.OuterBean$NestedBean, factory=null, init-method=null, destroy-method=null, primary=false, instance=null]
13:29:35.703 [main] DEBUG c.g.c.AnnotationConfigApplicationContext -- found component: com.itranswarp.scan.nested.OuterBean
13:29:35.704 [main] DEBUG c.g.c.AnnotationConfigApplicationContext -- define bean: BeanDefinition [name=outerBean, beanClass=com.itranswarp.scan.nested.OuterBean, factory=null, init-method=null, destroy-method=null, primary=false, instance=null]
13:29:35.704 [main] DEBUG c.g.c.AnnotationConfigApplicationContext -- found component: com.itranswarp.scan.destroy.SpecifyDestroyConfiguration
13:29:35.704 [main] DEBUG c.g.c.AnnotationConfigApplicationContext -- define bean: BeanDefinition [name=specifyDestroyConfiguration, beanClass=com.itranswarp.scan.destroy.SpecifyDestroyConfiguration, factory=null, init-method=null, destroy-method=null, primary=false, instance=null]
13:29:35.704 [main] DEBUG c.g.c.AnnotationConfigApplicationContext -- define bean: BeanDefinition [name=createSpecifyDestroyBean, beanClass=com.itranswarp.scan.destroy.SpecifyDestroyBean, factory=SpecifyDestroyConfiguration.createSpecifyDestroyBean(String), init-method=null, destroy-method=null, primary=false, instance=null]
13:29:35.704 [main] DEBUG c.g.c.AnnotationConfigApplicationContext -- found component: com.itranswarp.scan.proxy.InjectProxyOnConstructorBean
13:29:35.704 [main] DEBUG c.g.c.AnnotationConfigApplicationContext -- define bean: BeanDefinition [name=injectProxyOnConstructorBean, beanClass=com.itranswarp.scan.proxy.InjectProxyOnConstructorBean, factory=null, init-method=null, destroy-method=null, primary=false, instance=null]
13:29:35.704 [main] DEBUG c.g.c.AnnotationConfigApplicationContext -- found component: com.itranswarp.scan.init.SpecifyInitConfiguration
13:29:35.704 [main] DEBUG c.g.c.AnnotationConfigApplicationContext -- define bean: BeanDefinition [name=specifyInitConfiguration, beanClass=com.itranswarp.scan.init.SpecifyInitConfiguration, factory=null, init-method=null, destroy-method=null, primary=false, instance=null]
13:29:35.704 [main] DEBUG c.g.c.AnnotationConfigApplicationContext -- define bean: BeanDefinition [name=createSpecifyInitBean, beanClass=com.itranswarp.scan.init.SpecifyInitBean, factory=SpecifyInitConfiguration.createSpecifyInitBean(String, String), init-method=null, destroy-method=null, primary=false, instance=null]
13:29:35.704 [main] DEBUG c.g.c.AnnotationConfigApplicationContext -- found component: com.itranswarp.scan.proxy.InjectProxyOnPropertyBean
13:29:35.704 [main] DEBUG c.g.c.AnnotationConfigApplicationContext -- define bean: BeanDefinition [name=injectProxyOnPropertyBean, beanClass=com.itranswarp.scan.proxy.InjectProxyOnPropertyBean, factory=null, init-method=null, destroy-method=null, primary=false, instance=null]
13:29:35.704 [main] DEBUG c.g.c.AnnotationConfigApplicationContext -- found component: com.itranswarp.scan.proxy.OriginBean
13:29:35.704 [main] DEBUG c.g.c.AnnotationConfigApplicationContext -- define bean: BeanDefinition [name=originBean, beanClass=com.itranswarp.scan.proxy.OriginBean, factory=null, init-method=null, destroy-method=null, primary=false, instance=null]
13:29:35.704 [main] DEBUG c.g.c.AnnotationConfigApplicationContext -- found component: com.itranswarp.scan.sub1.sub2.sub3.Sub3Bean
13:29:35.704 [main] DEBUG c.g.c.AnnotationConfigApplicationContext -- define bean: BeanDefinition [name=sub3Bean, beanClass=com.itranswarp.scan.sub1.sub2.sub3.Sub3Bean, factory=null, init-method=null, destroy-method=null, primary=false, instance=null]
13:29:35.704 [main] DEBUG c.g.c.AnnotationConfigApplicationContext -- found component: com.itranswarp.scan.sub1.Sub1Bean
13:29:35.704 [main] DEBUG c.g.c.AnnotationConfigApplicationContext -- define bean: BeanDefinition [name=sub1Bean, beanClass=com.itranswarp.scan.sub1.Sub1Bean, factory=null, init-method=null, destroy-method=null, primary=false, instance=null]
13:29:35.704 [main] DEBUG c.g.c.AnnotationConfigApplicationContext -- found component: com.itranswarp.scan.init.AnnotationInitBean
13:29:35.704 [main] DEBUG c.g.c.AnnotationConfigApplicationContext -- define bean: BeanDefinition [name=annotationInitBean, beanClass=com.itranswarp.scan.init.AnnotationInitBean, factory=null, init-method=init, destroy-method=null, primary=false, instance=null]
13:29:35.704 [main] DEBUG c.g.c.AnnotationConfigApplicationContext -- Try create bean 'localDateConfiguration' as early singleton: com.itranswarp.imported.LocalDateConfiguration
13:29:35.704 [main] DEBUG c.g.c.AnnotationConfigApplicationContext -- Try create bean 'primaryConfiguration' as early singleton: com.itranswarp.scan.primary.PrimaryConfiguration
13:29:35.704 [main] DEBUG c.g.c.AnnotationConfigApplicationContext -- Try create bean 'specifyDestroyConfiguration' as early singleton: com.itranswarp.scan.destroy.SpecifyDestroyConfiguration
13:29:35.704 [main] DEBUG c.g.c.AnnotationConfigApplicationContext -- Try create bean 'specifyInitConfiguration' as early singleton: com.itranswarp.scan.init.SpecifyInitConfiguration
13:29:35.704 [main] DEBUG c.g.c.AnnotationConfigApplicationContext -- Try create bean 'zonedDateConfiguration' as early singleton: com.itranswarp.imported.ZonedDateConfiguration
13:29:35.704 [main] DEBUG c.g.c.AnnotationConfigApplicationContext -- Try create bean 'firstProxyBeanPostProcessor' as early singleton: com.itranswarp.scan.proxy.FirstProxyBeanPostProcessor
13:29:35.704 [main] DEBUG c.g.c.AnnotationConfigApplicationContext -- Try create bean 'secondProxyBeanPostProcessor' as early singleton: com.itranswarp.scan.proxy.SecondProxyBeanPostProcessor
13:29:35.704 [main] DEBUG c.g.c.AnnotationConfigApplicationContext -- Try create bean 'annotationDestroyBean' as early singleton: com.itranswarp.scan.destroy.AnnotationDestroyBean
13:29:35.704 [main] DEBUG c.g.c.AnnotationConfigApplicationContext -- Try create bean 'annotationInitBean' as early singleton: com.itranswarp.scan.init.AnnotationInitBean
13:29:35.704 [main] DEBUG c.g.c.AnnotationConfigApplicationContext -- Try create bean 'createSpecifyDestroyBean' as early singleton: com.itranswarp.scan.destroy.SpecifyDestroyBean
13:29:35.704 [main] DEBUG c.g.c.AnnotationConfigApplicationContext -- Try create bean 'createSpecifyInitBean' as early singleton: com.itranswarp.scan.init.SpecifyInitBean
13:29:35.704 [main] DEBUG c.g.c.AnnotationConfigApplicationContext -- Try create bean 'customAnnotation' as early singleton: com.itranswarp.scan.custom.annotation.CustomAnnotationBean
13:29:35.704 [main] DEBUG c.g.c.AnnotationConfigApplicationContext -- Try create bean 'husky' as early singleton: com.itranswarp.scan.primary.DogBean
13:29:35.705 [main] DEBUG c.g.c.AnnotationConfigApplicationContext -- Try create bean 'injectProxyOnConstructorBean' as early singleton: com.itranswarp.scan.proxy.InjectProxyOnConstructorBean
13:29:35.705 [main] DEBUG c.g.c.AnnotationConfigApplicationContext -- Try create bean 'originBean' as early singleton: com.itranswarp.scan.proxy.OriginBean
13:29:35.705 [main] DEBUG c.i.s.p.FirstProxyBeanPostProcessor -- create first proxy for bean 'originBean': com.itranswarp.scan.proxy.OriginBean@4d63b624
13:29:35.705 [main] DEBUG c.g.c.AnnotationConfigApplicationContext -- Bean 'originBean' was replaced by post processor com.itranswarp.scan.proxy.FirstProxyBeanPostProcessor.
13:29:35.705 [main] DEBUG c.i.s.p.SecondProxyBeanPostProcessor -- create second proxy for bean 'originBean': com.itranswarp.scan.proxy.FirstProxyBean@466cf502
13:29:35.705 [main] DEBUG c.g.c.AnnotationConfigApplicationContext -- Bean 'originBean' was replaced by post processor com.itranswarp.scan.proxy.SecondProxyBeanPostProcessor.
13:29:35.705 [main] DEBUG c.g.c.AnnotationConfigApplicationContext -- Try create bean 'injectProxyOnPropertyBean' as early singleton: com.itranswarp.scan.proxy.InjectProxyOnPropertyBean
13:29:35.705 [main] DEBUG c.g.c.AnnotationConfigApplicationContext -- Try create bean 'nestedBean' as early singleton: com.itranswarp.scan.nested.OuterBean$NestedBean
13:29:35.705 [main] DEBUG c.g.c.AnnotationConfigApplicationContext -- Try create bean 'outerBean' as early singleton: com.itranswarp.scan.nested.OuterBean
13:29:35.705 [main] DEBUG c.g.c.AnnotationConfigApplicationContext -- Try create bean 'startLocalDate' as early singleton: java.time.LocalDate
13:29:35.705 [main] DEBUG c.g.c.AnnotationConfigApplicationContext -- Try create bean 'startLocalDateTime' as early singleton: java.time.LocalDateTime
13:29:35.705 [main] DEBUG c.g.c.AnnotationConfigApplicationContext -- Try create bean 'startZonedDateTime' as early singleton: java.time.ZonedDateTime
13:29:35.705 [main] DEBUG c.g.c.AnnotationConfigApplicationContext -- Try create bean 'studentBean' as early singleton: com.itranswarp.scan.primary.StudentBean
13:29:35.705 [main] DEBUG c.g.c.AnnotationConfigApplicationContext -- Try create bean 'sub1Bean' as early singleton: com.itranswarp.scan.sub1.Sub1Bean
13:29:35.705 [main] DEBUG c.g.c.AnnotationConfigApplicationContext -- Try create bean 'sub2Bean' as early singleton: com.itranswarp.scan.sub1.sub2.Sub2Bean
13:29:35.705 [main] DEBUG c.g.c.AnnotationConfigApplicationContext -- Try create bean 'sub3Bean' as early singleton: com.itranswarp.scan.sub1.sub2.sub3.Sub3Bean
13:29:35.705 [main] DEBUG c.g.c.AnnotationConfigApplicationContext -- Try create bean 'teacherBean' as early singleton: com.itranswarp.scan.primary.TeacherBean
13:29:35.705 [main] DEBUG c.g.c.AnnotationConfigApplicationContext -- Try create bean 'teddy' as early singleton: com.itranswarp.scan.primary.DogBean
13:29:35.705 [main] DEBUG c.g.c.AnnotationConfigApplicationContext -- Try create bean 'valueConverterBean' as early singleton: com.itranswarp.scan.convert.ValueConverterBean
13:29:35.705 [main] DEBUG c.g.c.AnnotationConfigApplicationContext -- Field injection: com.itranswarp.scan.convert.ValueConverterBean.injectedBooleanPrimitive = true
13:29:35.705 [main] DEBUG c.g.c.AnnotationConfigApplicationContext -- Field injection: com.itranswarp.scan.convert.ValueConverterBean.injectedBoolean = true
13:29:35.705 [main] DEBUG c.g.c.AnnotationConfigApplicationContext -- Field injection: com.itranswarp.scan.convert.ValueConverterBean.injectedBytePrimitive = 123
13:29:35.705 [main] DEBUG c.g.c.AnnotationConfigApplicationContext -- Field injection: com.itranswarp.scan.convert.ValueConverterBean.injectedByte = 123
13:29:35.705 [main] DEBUG c.g.c.AnnotationConfigApplicationContext -- Field injection: com.itranswarp.scan.convert.ValueConverterBean.injectedShortPrimitive = 12345
13:29:35.705 [main] DEBUG c.g.c.AnnotationConfigApplicationContext -- Field injection: com.itranswarp.scan.convert.ValueConverterBean.injectedShort = 12345
13:29:35.705 [main] DEBUG c.g.c.AnnotationConfigApplicationContext -- Field injection: com.itranswarp.scan.convert.ValueConverterBean.injectedIntPrimitive = 1234567
13:29:35.705 [main] DEBUG c.g.c.AnnotationConfigApplicationContext -- Field injection: com.itranswarp.scan.convert.ValueConverterBean.injectedInteger = 1234567
13:29:35.705 [main] DEBUG c.g.c.AnnotationConfigApplicationContext -- Field injection: com.itranswarp.scan.convert.ValueConverterBean.injectedLongPrimitive = 123456789000
13:29:35.705 [main] DEBUG c.g.c.AnnotationConfigApplicationContext -- Field injection: com.itranswarp.scan.convert.ValueConverterBean.injectedLong = 123456789000
13:29:35.705 [main] DEBUG c.g.c.AnnotationConfigApplicationContext -- Field injection: com.itranswarp.scan.convert.ValueConverterBean.injectedFloatPrimitive = 12345.679
13:29:35.705 [main] DEBUG c.g.c.AnnotationConfigApplicationContext -- Field injection: com.itranswarp.scan.convert.ValueConverterBean.injectedFloat = 12345.679
13:29:35.705 [main] DEBUG c.g.c.AnnotationConfigApplicationContext -- Field injection: com.itranswarp.scan.convert.ValueConverterBean.injectedDoublePrimitive = 1.2345678987654321E8
13:29:35.705 [main] DEBUG c.g.c.AnnotationConfigApplicationContext -- Field injection: com.itranswarp.scan.convert.ValueConverterBean.injectedDouble = 1.2345678987654321E8
13:29:35.705 [main] DEBUG c.g.c.AnnotationConfigApplicationContext -- Field injection: com.itranswarp.scan.convert.ValueConverterBean.injectedLocalDate = 2023-03-29
13:29:35.705 [main] DEBUG c.g.c.AnnotationConfigApplicationContext -- Field injection: com.itranswarp.scan.convert.ValueConverterBean.injectedLocalTime = 20:45:01
13:29:35.706 [main] DEBUG c.g.c.AnnotationConfigApplicationContext -- Field injection: com.itranswarp.scan.convert.ValueConverterBean.injectedLocalDateTime = 2023-03-29T20:45:01
13:29:35.706 [main] DEBUG c.g.c.AnnotationConfigApplicationContext -- Field injection: com.itranswarp.scan.convert.ValueConverterBean.injectedZonedDateTime = 2023-03-29T20:45:01+08:00[Asia/Shanghai]
13:29:35.706 [main] DEBUG c.g.c.AnnotationConfigApplicationContext -- Field injection: com.itranswarp.scan.convert.ValueConverterBean.injectedDuration = PT51H4M
13:29:35.706 [main] DEBUG c.g.c.AnnotationConfigApplicationContext -- Field injection: com.itranswarp.scan.convert.ValueConverterBean.injectedZoneId = Asia/Shanghai
13:29:35.706 [main] DEBUG c.g.c.AnnotationConfigApplicationContext -- Field injection: com.itranswarp.scan.proxy.InjectProxyOnPropertyBean.injected = com.itranswarp.scan.proxy.SecondProxyBean@5b800468
13:29:35.706 [main] DEBUG c.i.s.p.SecondProxyBeanPostProcessor -- auto set property for originBean from second proxy com.itranswarp.scan.proxy.SecondProxyBean@5b800468 to origin bean: com.itranswarp.scan.proxy.FirstProxyBean@466cf502
13:29:35.706 [main] DEBUG c.g.c.AnnotationConfigApplicationContext -- BeanPostProcessor SecondProxyBeanPostProcessor specified injection from SecondProxyBean to FirstProxyBean.
13:29:35.706 [main] DEBUG c.i.s.p.FirstProxyBeanPostProcessor -- auto set property for originBean from first proxy com.itranswarp.scan.proxy.FirstProxyBean@466cf502 to origin bean: com.itranswarp.scan.proxy.OriginBean@4d63b624
13:29:35.706 [main] DEBUG c.g.c.AnnotationConfigApplicationContext -- BeanPostProcessor FirstProxyBeanPostProcessor specified injection from FirstProxyBean to OriginBean.
13:29:35.706 [main] DEBUG c.g.c.AnnotationConfigApplicationContext -- Field injection: com.itranswarp.scan.proxy.OriginBean.name = Scan App
13:29:35.706 [main] DEBUG c.g.c.AnnotationConfigApplicationContext -- Method injection: com.itranswarp.scan.proxy.OriginBean.setVersion (v1.0)
13:29:35.706 [main] DEBUG c.g.c.AnnotationConfigApplicationContext -- Field injection: com.itranswarp.scan.destroy.AnnotationDestroyBean.appTitle = Scan App
13:29:35.706 [main] DEBUG c.g.c.AnnotationConfigApplicationContext -- Field injection: com.itranswarp.scan.init.AnnotationInitBean.appTitle = Scan App
13:29:35.706 [main] DEBUG c.g.c.AnnotationConfigApplicationContext -- Field injection: com.itranswarp.scan.init.AnnotationInitBean.appVersion = v1.0
13:29:35.706 [main] DEBUG c.i.s.p.SecondProxyBeanPostProcessor -- auto set property for originBean from second proxy com.itranswarp.scan.proxy.SecondProxyBean@5b800468 to origin bean: com.itranswarp.scan.proxy.FirstProxyBean@466cf502
13:29:35.706 [main] DEBUG c.g.c.AnnotationConfigApplicationContext -- BeanPostProcessor SecondProxyBeanPostProcessor specified injection from SecondProxyBean to FirstProxyBean.
13:29:35.706 [main] DEBUG c.i.s.p.FirstProxyBeanPostProcessor -- auto set property for originBean from first proxy com.itranswarp.scan.proxy.FirstProxyBean@466cf502 to origin bean: com.itranswarp.scan.proxy.OriginBean@4d63b624
13:29:35.706 [main] DEBUG c.g.c.AnnotationConfigApplicationContext -- BeanPostProcessor FirstProxyBeanPostProcessor specified injection from FirstProxyBean to OriginBean.
13:29:35.706 [main] DEBUG c.g.c.AnnotationConfigApplicationContext -- bean initialized: BeanDefinition [name=firstProxyBeanPostProcessor, beanClass=com.itranswarp.scan.proxy.FirstProxyBeanPostProcessor, factory=null, init-method=null, destroy-method=null, primary=false, instance=com.itranswarp.scan.proxy.FirstProxyBeanPostProcessor@2e185cd7]
13:29:35.706 [main] DEBUG c.g.c.AnnotationConfigApplicationContext -- bean initialized: BeanDefinition [name=secondProxyBeanPostProcessor, beanClass=com.itranswarp.scan.proxy.SecondProxyBeanPostProcessor, factory=null, init-method=null, destroy-method=null, primary=false, instance=com.itranswarp.scan.proxy.SecondProxyBeanPostProcessor@7e1a1da6]
13:29:35.707 [main] DEBUG c.g.c.AnnotationConfigApplicationContext -- bean initialized: BeanDefinition [name=annotationDestroyBean, beanClass=com.itranswarp.scan.destroy.AnnotationDestroyBean, factory=null, init-method=null, destroy-method=destroy, primary=false, instance=com.itranswarp.scan.destroy.AnnotationDestroyBean@5f7f2382]
13:29:35.707 [main] DEBUG c.g.c.AnnotationConfigApplicationContext -- bean initialized: BeanDefinition [name=annotationInitBean, beanClass=com.itranswarp.scan.init.AnnotationInitBean, factory=null, init-method=init, destroy-method=null, primary=false, instance=com.itranswarp.scan.init.AnnotationInitBean@407cf41]
13:29:35.707 [main] DEBUG c.g.c.AnnotationConfigApplicationContext -- bean initialized: BeanDefinition [name=createSpecifyDestroyBean, beanClass=com.itranswarp.scan.destroy.SpecifyDestroyBean, factory=SpecifyDestroyConfiguration.createSpecifyDestroyBean(String), init-method=null, destroy-method=null, primary=false, instance=com.itranswarp.scan.destroy.SpecifyDestroyBean@6815c5f2]
13:29:35.707 [main] DEBUG c.g.c.AnnotationConfigApplicationContext -- bean initialized: BeanDefinition [name=createSpecifyInitBean, beanClass=com.itranswarp.scan.init.SpecifyInitBean, factory=SpecifyInitConfiguration.createSpecifyInitBean(String, String), init-method=null, destroy-method=null, primary=false, instance=com.itranswarp.scan.init.SpecifyInitBean@46cc127b]
13:29:35.707 [main] DEBUG c.g.c.AnnotationConfigApplicationContext -- bean initialized: BeanDefinition [name=customAnnotation, beanClass=com.itranswarp.scan.custom.annotation.CustomAnnotationBean, factory=null, init-method=null, destroy-method=null, primary=false, instance=com.itranswarp.scan.custom.annotation.CustomAnnotationBean@60094a13]
13:29:35.707 [main] DEBUG c.g.c.AnnotationConfigApplicationContext -- bean initialized: BeanDefinition [name=husky, beanClass=com.itranswarp.scan.primary.DogBean, factory=PrimaryConfiguration.husky(), init-method=null, destroy-method=null, primary=true, instance=com.itranswarp.scan.primary.DogBean@5aceec94]
13:29:35.707 [main] DEBUG c.g.c.AnnotationConfigApplicationContext -- bean initialized: BeanDefinition [name=injectProxyOnConstructorBean, beanClass=com.itranswarp.scan.proxy.InjectProxyOnConstructorBean, factory=null, init-method=null, destroy-method=null, primary=false, instance=com.itranswarp.scan.proxy.InjectProxyOnConstructorBean@1c32886a]
13:29:35.707 [main] DEBUG c.g.c.AnnotationConfigApplicationContext -- bean initialized: BeanDefinition [name=injectProxyOnPropertyBean, beanClass=com.itranswarp.scan.proxy.InjectProxyOnPropertyBean, factory=null, init-method=null, destroy-method=null, primary=false, instance=com.itranswarp.scan.proxy.InjectProxyOnPropertyBean@3a4b0e5d]
13:29:35.707 [main] DEBUG c.g.c.AnnotationConfigApplicationContext -- bean initialized: BeanDefinition [name=localDateConfiguration, beanClass=com.itranswarp.imported.LocalDateConfiguration, factory=null, init-method=null, destroy-method=null, primary=false, instance=com.itranswarp.imported.LocalDateConfiguration@10b892d5]
13:29:35.707 [main] DEBUG c.g.c.AnnotationConfigApplicationContext -- bean initialized: BeanDefinition [name=nestedBean, beanClass=com.itranswarp.scan.nested.OuterBean$NestedBean, factory=null, init-method=null, destroy-method=null, primary=false, instance=com.itranswarp.scan.nested.OuterBean$NestedBean@3d3f761a]
13:29:35.707 [main] DEBUG c.g.c.AnnotationConfigApplicationContext -- bean initialized: BeanDefinition [name=originBean, beanClass=com.itranswarp.scan.proxy.OriginBean, factory=null, init-method=null, destroy-method=null, primary=false, instance=com.itranswarp.scan.proxy.SecondProxyBean@5b800468]
13:29:35.707 [main] DEBUG c.g.c.AnnotationConfigApplicationContext -- bean initialized: BeanDefinition [name=outerBean, beanClass=com.itranswarp.scan.nested.OuterBean, factory=null, init-method=null, destroy-method=null, primary=false, instance=com.itranswarp.scan.nested.OuterBean@3546d80f]
13:29:35.707 [main] DEBUG c.g.c.AnnotationConfigApplicationContext -- bean initialized: BeanDefinition [name=primaryConfiguration, beanClass=com.itranswarp.scan.primary.PrimaryConfiguration, factory=null, init-method=null, destroy-method=null, primary=false, instance=com.itranswarp.scan.primary.PrimaryConfiguration@579d011c]
13:29:35.707 [main] DEBUG c.g.c.AnnotationConfigApplicationContext -- bean initialized: BeanDefinition [name=specifyDestroyConfiguration, beanClass=com.itranswarp.scan.destroy.SpecifyDestroyConfiguration, factory=null, init-method=null, destroy-method=null, primary=false, instance=com.itranswarp.scan.destroy.SpecifyDestroyConfiguration@3670f00]
13:29:35.707 [main] DEBUG c.g.c.AnnotationConfigApplicationContext -- bean initialized: BeanDefinition [name=specifyInitConfiguration, beanClass=com.itranswarp.scan.init.SpecifyInitConfiguration, factory=null, init-method=null, destroy-method=null, primary=false, instance=com.itranswarp.scan.init.SpecifyInitConfiguration@452e26d0]
13:29:35.707 [main] DEBUG c.g.c.AnnotationConfigApplicationContext -- bean initialized: BeanDefinition [name=startLocalDate, beanClass=java.time.LocalDate, factory=LocalDateConfiguration.startLocalDate(), init-method=null, destroy-method=null, primary=false, instance=2023-08-17]
13:29:35.707 [main] DEBUG c.g.c.AnnotationConfigApplicationContext -- bean initialized: BeanDefinition [name=startLocalDateTime, beanClass=java.time.LocalDateTime, factory=LocalDateConfiguration.startLocalDateTime(), init-method=null, destroy-method=null, primary=false, instance=2023-08-17T13:29:35.705827500]
13:29:35.707 [main] DEBUG c.g.c.AnnotationConfigApplicationContext -- bean initialized: BeanDefinition [name=startZonedDateTime, beanClass=java.time.ZonedDateTime, factory=ZonedDateConfiguration.startZonedDateTime(), init-method=null, destroy-method=null, primary=false, instance=2023-08-17T13:29:35.705827500+08:00[Asia/Shanghai]]
13:29:35.707 [main] DEBUG c.g.c.AnnotationConfigApplicationContext -- bean initialized: BeanDefinition [name=studentBean, beanClass=com.itranswarp.scan.primary.StudentBean, factory=null, init-method=null, destroy-method=null, primary=false, instance=com.itranswarp.scan.primary.StudentBean@46ab18da]
13:29:35.707 [main] DEBUG c.g.c.AnnotationConfigApplicationContext -- bean initialized: BeanDefinition [name=sub1Bean, beanClass=com.itranswarp.scan.sub1.Sub1Bean, factory=null, init-method=null, destroy-method=null, primary=false, instance=com.itranswarp.scan.sub1.Sub1Bean@790174f2]
13:29:35.707 [main] DEBUG c.g.c.AnnotationConfigApplicationContext -- bean initialized: BeanDefinition [name=sub2Bean, beanClass=com.itranswarp.scan.sub1.sub2.Sub2Bean, factory=null, init-method=null, destroy-method=null, primary=false, instance=com.itranswarp.scan.sub1.sub2.Sub2Bean@42257bdd]
13:29:35.707 [main] DEBUG c.g.c.AnnotationConfigApplicationContext -- bean initialized: BeanDefinition [name=sub3Bean, beanClass=com.itranswarp.scan.sub1.sub2.sub3.Sub3Bean, factory=null, init-method=null, destroy-method=null, primary=false, instance=com.itranswarp.scan.sub1.sub2.sub3.Sub3Bean@7689ddef]
13:29:35.707 [main] DEBUG c.g.c.AnnotationConfigApplicationContext -- bean initialized: BeanDefinition [name=teacherBean, beanClass=com.itranswarp.scan.primary.TeacherBean, factory=null, init-method=null, destroy-method=null, primary=true, instance=com.itranswarp.scan.primary.TeacherBean@687a762c]
13:29:35.707 [main] DEBUG c.g.c.AnnotationConfigApplicationContext -- bean initialized: BeanDefinition [name=teddy, beanClass=com.itranswarp.scan.primary.DogBean, factory=PrimaryConfiguration.teddy(), init-method=null, destroy-method=null, primary=false, instance=com.itranswarp.scan.primary.DogBean@1a2e2935]
13:29:35.707 [main] DEBUG c.g.c.AnnotationConfigApplicationContext -- bean initialized: BeanDefinition [name=valueConverterBean, beanClass=com.itranswarp.scan.convert.ValueConverterBean, factory=null, init-method=null, destroy-method=null, primary=false, instance=com.itranswarp.scan.convert.ValueConverterBean@733c423e]
13:29:35.707 [main] DEBUG c.g.c.AnnotationConfigApplicationContext -- bean initialized: BeanDefinition [name=zonedDateConfiguration, beanClass=com.itranswarp.imported.ZonedDateConfiguration, factory=null, init-method=null, destroy-method=null, primary=false, instance=com.itranswarp.imported.ZonedDateConfiguration@4b629f13]
13:29:35.707 [main] INFO  c.g.c.AnnotationConfigApplicationContext -- Closing com.gaoda.context.AnnotationConfigApplicationContext...
13:29:35.707 [main] DEBUG c.i.s.p.SecondProxyBeanPostProcessor -- auto set property for originBean from second proxy com.itranswarp.scan.proxy.SecondProxyBean@5b800468 to origin bean: com.itranswarp.scan.proxy.FirstProxyBean@466cf502
13:29:35.707 [main] DEBUG c.g.c.AnnotationConfigApplicationContext -- BeanPostProcessor SecondProxyBeanPostProcessor specified injection from SecondProxyBean to FirstProxyBean.
13:29:35.707 [main] DEBUG c.i.s.p.FirstProxyBeanPostProcessor -- auto set property for originBean from first proxy com.itranswarp.scan.proxy.FirstProxyBean@466cf502 to origin bean: com.itranswarp.scan.proxy.OriginBean@4d63b624
13:29:35.707 [main] DEBUG c.g.c.AnnotationConfigApplicationContext -- BeanPostProcessor FirstProxyBeanPostProcessor specified injection from FirstProxyBean to OriginBean.
13:29:35.708 [main] INFO  c.g.c.AnnotationConfigApplicationContext -- com.gaoda.context.AnnotationConfigApplicationContext closed.
]]></system-out>
  </testcase>
  <testcase name="testPrimary" classname="com.itranswarp.summer.context.AnnotationConfigApplicationContextTest" time="0.026">
    <system-out><![CDATA[13:29:35.709 [main] DEBUG com.gaoda.io.PropertyResolver -- PropertyResolver: =:: = ::\
13:29:35.709 [main] DEBUG com.gaoda.io.PropertyResolver -- PropertyResolver: =D: = D:\Codes\Projects\summer\summer_framework\Summer_Framework
13:29:35.709 [main] DEBUG com.gaoda.io.PropertyResolver -- PropertyResolver: ALLUSERSPROFILE = C:\ProgramData
13:29:35.709 [main] DEBUG com.gaoda.io.PropertyResolver -- PropertyResolver: APPDATA = C:\Users\Gundam\AppData\Roaming
13:29:35.709 [main] DEBUG com.gaoda.io.PropertyResolver -- PropertyResolver: CLASSPATH = .;D:\Code\jdk-18\lib;D:\Code\jdk-18\lib\tools.jar
13:29:35.709 [main] DEBUG com.gaoda.io.PropertyResolver -- PropertyResolver: COMMONPROGRAMFILES = C:\Program Files\Common Files
13:29:35.709 [main] DEBUG com.gaoda.io.PropertyResolver -- PropertyResolver: COMMONPROGRAMFILES(X86) = C:\Program Files (x86)\Common Files
13:29:35.709 [main] DEBUG com.gaoda.io.PropertyResolver -- PropertyResolver: COMMONPROGRAMW6432 = C:\Program Files\Common Files
13:29:35.709 [main] DEBUG com.gaoda.io.PropertyResolver -- PropertyResolver: COMPUTERNAME = DESKTOP-HR12F04
13:29:35.709 [main] DEBUG com.gaoda.io.PropertyResolver -- PropertyResolver: COMSPEC = C:\Windows\system32\cmd.exe
13:29:35.709 [main] DEBUG com.gaoda.io.PropertyResolver -- PropertyResolver: DRIVERDATA = C:\Windows\System32\Drivers\DriverData
13:29:35.709 [main] DEBUG com.gaoda.io.PropertyResolver -- PropertyResolver: FPS_BROWSER_APP_PROFILE_STRING = Internet Explorer
13:29:35.709 [main] DEBUG com.gaoda.io.PropertyResolver -- PropertyResolver: FPS_BROWSER_USER_PROFILE_STRING = Default
13:29:35.709 [main] DEBUG com.gaoda.io.PropertyResolver -- PropertyResolver: HOMEDRIVE = C:
13:29:35.709 [main] DEBUG com.gaoda.io.PropertyResolver -- PropertyResolver: HOMEPATH = \Users\Gundam
13:29:35.709 [main] DEBUG com.gaoda.io.PropertyResolver -- PropertyResolver: IDEA_INITIAL_DIRECTORY = D:\Applications1\code\idea\IntelliJ IDEA 2022.2.1\bin
13:29:35.709 [main] DEBUG com.gaoda.io.PropertyResolver -- PropertyResolver: INTELLIJ IDEA = D:\Applications1\code\idea\IntelliJ IDEA 2022.2.1\bin;
13:29:35.709 [main] DEBUG com.gaoda.io.PropertyResolver -- PropertyResolver: JAVA18_HOME = D:\Code\jdk-18
13:29:35.709 [main] DEBUG com.gaoda.io.PropertyResolver -- PropertyResolver: JAVA8_HOME = D:\Code\jdk-8
13:29:35.709 [main] DEBUG com.gaoda.io.PropertyResolver -- PropertyResolver: JAVA_HOME = D:\Code\jdk-18
13:29:35.709 [main] DEBUG com.gaoda.io.PropertyResolver -- PropertyResolver: LOCALAPPDATA = C:\Users\Gundam\AppData\Local
13:29:35.709 [main] DEBUG com.gaoda.io.PropertyResolver -- PropertyResolver: LOGONSERVER = \\DESKTOP-HR12F04
13:29:35.709 [main] DEBUG com.gaoda.io.PropertyResolver -- PropertyResolver: MAVEN_HOME = D:\Code\Maven\apache-maven-3.8.6
13:29:35.709 [main] DEBUG com.gaoda.io.PropertyResolver -- PropertyResolver: NLS_LANG = SIMPLIFIED CHINESE_CHINA.ZHS16GBK
13:29:35.709 [main] DEBUG com.gaoda.io.PropertyResolver -- PropertyResolver: NUMBER_OF_PROCESSORS = 16
13:29:35.709 [main] DEBUG com.gaoda.io.PropertyResolver -- PropertyResolver: ONEDRIVE = C:\Users\Gundam\OneDrive
13:29:35.709 [main] DEBUG com.gaoda.io.PropertyResolver -- PropertyResolver: OPENSSL_IA32CAP = ~0x200000200000000
13:29:35.709 [main] DEBUG com.gaoda.io.PropertyResolver -- PropertyResolver: ORACLE_HOME = D:\Code\oracle\Ora10InstantClient
13:29:35.709 [main] DEBUG com.gaoda.io.PropertyResolver -- PropertyResolver: OS = Windows_NT
13:29:35.709 [main] DEBUG com.gaoda.io.PropertyResolver -- PropertyResolver: PATH = C:\Windows;D:\Code\jdk-18\bin;D:\Code\jdk-18\jre\bin;C:\Program Files\Common Files\Oracle\Java\javapath;C:\Windows\system32;C:\Windows\System32\Wbem;C:\Windows\System32\WindowsPowerShell\v1.0\;C:\Windows\System32\OpenSSH\;D:\Applications1\computer\Bandizip\;C:\Program Files\NVIDIA Corporation\NVIDIA NvDLISR;C:\Program Files (x86)\NVIDIA Corporation\PhysX\Common;D:\Code\jdk-18;D:\Code\oracle\Ora10InstantClient;D:\Applications1\code\MySQL\bin;D:\Code\Maven\apache-maven-3.8.6\bin;D:\Code\Node.js\;D:\Applications1\code\Git\cmd;D:\Applications1\code\微信web开发者工具\dll;C:\Program Files\TortoiseGit\bin;C:\Program Files\Asiainfo Security\AisEsmAgent\atom_plugins\base_plugin;C:\Users\Gundam\AppData\Local\Programs\Python\Python311\Scripts\;C:\Users\Gundam\AppData\Local\Programs\Python\Python311\;C:\Users\Gundam\AppData\Local\Microsoft\WindowsApps;D:\Applications1\code\idea\IntelliJ IDEA 2022.2.1\bin;;D:\Applications1\code\vscode\Microsoft VS Code\bin;C:\Users\Gundam\AppData\Roaming\npm;D:\Applications1\code\webstorm\WebStorm 2022.3.2\bin;;D:\Applications1\play\QQgame\Hall.57975\
13:29:35.709 [main] DEBUG com.gaoda.io.PropertyResolver -- PropertyResolver: PATHEXT = .COM;.EXE;.BAT;.CMD;.VBS;.VBE;.JS;.JSE;.WSF;.WSH;.MSC
13:29:35.709 [main] DEBUG com.gaoda.io.PropertyResolver -- PropertyResolver: PROCESSOR_ARCHITECTURE = AMD64
13:29:35.709 [main] DEBUG com.gaoda.io.PropertyResolver -- PropertyResolver: PROCESSOR_IDENTIFIER = AMD64 Family 23 Model 96 Stepping 1, AuthenticAMD
13:29:35.709 [main] DEBUG com.gaoda.io.PropertyResolver -- PropertyResolver: PROCESSOR_LEVEL = 23
13:29:35.709 [main] DEBUG com.gaoda.io.PropertyResolver -- PropertyResolver: PROCESSOR_REVISION = 6001
13:29:35.709 [main] DEBUG com.gaoda.io.PropertyResolver -- PropertyResolver: PROGRAMDATA = C:\ProgramData
13:29:35.709 [main] DEBUG com.gaoda.io.PropertyResolver -- PropertyResolver: PROGRAMFILES = C:\Program Files
13:29:35.709 [main] DEBUG com.gaoda.io.PropertyResolver -- PropertyResolver: PROGRAMFILES(X86) = C:\Program Files (x86)
13:29:35.709 [main] DEBUG com.gaoda.io.PropertyResolver -- PropertyResolver: PROGRAMW6432 = C:\Program Files
13:29:35.709 [main] DEBUG com.gaoda.io.PropertyResolver -- PropertyResolver: PROMPT = $P$G
13:29:35.709 [main] DEBUG com.gaoda.io.PropertyResolver -- PropertyResolver: PSMODULEPATH = C:\Program Files\WindowsPowerShell\Modules;C:\Windows\system32\WindowsPowerShell\v1.0\Modules
13:29:35.709 [main] DEBUG com.gaoda.io.PropertyResolver -- PropertyResolver: PUBLIC = C:\Users\Public
13:29:35.709 [main] DEBUG com.gaoda.io.PropertyResolver -- PropertyResolver: SESSIONNAME = Console
13:29:35.709 [main] DEBUG com.gaoda.io.PropertyResolver -- PropertyResolver: SYSTEMDRIVE = C:
13:29:35.709 [main] DEBUG com.gaoda.io.PropertyResolver -- PropertyResolver: SYSTEMROOT = C:\Windows
13:29:35.709 [main] DEBUG com.gaoda.io.PropertyResolver -- PropertyResolver: TEMP = C:\Users\Gundam\AppData\Local\Temp
13:29:35.709 [main] DEBUG com.gaoda.io.PropertyResolver -- PropertyResolver: TMP = C:\Users\Gundam\AppData\Local\Temp
13:29:35.709 [main] DEBUG com.gaoda.io.PropertyResolver -- PropertyResolver: TNS_ADMIN = D:\Code\oracle\Ora10InstantClient
13:29:35.709 [main] DEBUG com.gaoda.io.PropertyResolver -- PropertyResolver: USERDOMAIN = DESKTOP-HR12F04
13:29:35.709 [main] DEBUG com.gaoda.io.PropertyResolver -- PropertyResolver: USERDOMAIN_ROAMINGPROFILE = DESKTOP-HR12F04
13:29:35.709 [main] DEBUG com.gaoda.io.PropertyResolver -- PropertyResolver: USERNAME = Gundam
13:29:35.709 [main] DEBUG com.gaoda.io.PropertyResolver -- PropertyResolver: USERPROFILE = C:\Users\Gundam
13:29:35.710 [main] DEBUG com.gaoda.io.PropertyResolver -- PropertyResolver: WEBSTORM = D:\Applications1\code\webstorm\WebStorm 2022.3.2\bin;
13:29:35.710 [main] DEBUG com.gaoda.io.PropertyResolver -- PropertyResolver: WINDIR = C:\Windows
13:29:35.710 [main] DEBUG com.gaoda.io.PropertyResolver -- PropertyResolver: app.title = Scan App
13:29:35.710 [main] DEBUG com.gaoda.io.PropertyResolver -- PropertyResolver: app.version = v1.0
13:29:35.710 [main] DEBUG com.gaoda.io.PropertyResolver -- PropertyResolver: convert.boolean = true
13:29:35.710 [main] DEBUG com.gaoda.io.PropertyResolver -- PropertyResolver: convert.byte = 123
13:29:35.710 [main] DEBUG com.gaoda.io.PropertyResolver -- PropertyResolver: convert.double = 123456789.87654321
13:29:35.710 [main] DEBUG com.gaoda.io.PropertyResolver -- PropertyResolver: convert.duration = P2DT3H4M
13:29:35.710 [main] DEBUG com.gaoda.io.PropertyResolver -- PropertyResolver: convert.float = 12345.6789
13:29:35.710 [main] DEBUG com.gaoda.io.PropertyResolver -- PropertyResolver: convert.integer = 1234567
13:29:35.710 [main] DEBUG com.gaoda.io.PropertyResolver -- PropertyResolver: convert.localdate = 2023-03-29
13:29:35.710 [main] DEBUG com.gaoda.io.PropertyResolver -- PropertyResolver: convert.localdatetime = 2023-03-29T20:45:01
13:29:35.710 [main] DEBUG com.gaoda.io.PropertyResolver -- PropertyResolver: convert.localtime = 20:45:01
13:29:35.710 [main] DEBUG com.gaoda.io.PropertyResolver -- PropertyResolver: convert.long = 123456789000
13:29:35.710 [main] DEBUG com.gaoda.io.PropertyResolver -- PropertyResolver: convert.short = 12345
13:29:35.710 [main] DEBUG com.gaoda.io.PropertyResolver -- PropertyResolver: convert.zoneddatetime = 2023-03-29T20:45:01+08:00[Asia/Shanghai]
13:29:35.710 [main] DEBUG com.gaoda.io.PropertyResolver -- PropertyResolver: convert.zoneid = Asia/Shanghai
13:29:35.710 [main] DEBUG com.gaoda.io.PropertyResolver -- PropertyResolver: jdbc.password = 
13:29:35.710 [main] DEBUG com.gaoda.io.PropertyResolver -- PropertyResolver: jdbc.url = jdbc:hsqldb:file:testdb.tmp
13:29:35.710 [main] DEBUG com.gaoda.io.PropertyResolver -- PropertyResolver: jdbc.username = sa
13:29:35.710 [main] INFO  c.g.c.AnnotationConfigApplicationContext -- component scan in packages: [com.itranswarp.scan]
13:29:35.710 [main] DEBUG c.g.c.AnnotationConfigApplicationContext -- scan package: com.itranswarp.scan
13:29:35.710 [main] DEBUG com.gaoda.io.ResourceResolver -- scan path: com/itranswarp/scan
13:29:35.712 [main] DEBUG com.gaoda.io.ResourceResolver -- found resource: Resource[path=file:D:\Codes\Projects\summer\summer_framework\Summer_Framework\target\test-classes\com\itranswarp\scan\convert\ValueConverterBean.class, name=com\itranswarp\scan\convert\ValueConverterBean.class]
13:29:35.713 [main] DEBUG com.gaoda.io.ResourceResolver -- found resource: Resource[path=file:D:\Codes\Projects\summer\summer_framework\Summer_Framework\target\test-classes\com\itranswarp\scan\custom\annotation\CustomAnnotation.class, name=com\itranswarp\scan\custom\annotation\CustomAnnotation.class]
13:29:35.713 [main] DEBUG com.gaoda.io.ResourceResolver -- found resource: Resource[path=file:D:\Codes\Projects\summer\summer_framework\Summer_Framework\target\test-classes\com\itranswarp\scan\custom\annotation\CustomAnnotationBean.class, name=com\itranswarp\scan\custom\annotation\CustomAnnotationBean.class]
13:29:35.714 [main] DEBUG com.gaoda.io.ResourceResolver -- found resource: Resource[path=file:D:\Codes\Projects\summer\summer_framework\Summer_Framework\target\test-classes\com\itranswarp\scan\destroy\AnnotationDestroyBean.class, name=com\itranswarp\scan\destroy\AnnotationDestroyBean.class]
13:29:35.715 [main] DEBUG com.gaoda.io.ResourceResolver -- found resource: Resource[path=file:D:\Codes\Projects\summer\summer_framework\Summer_Framework\target\test-classes\com\itranswarp\scan\destroy\SpecifyDestroyBean.class, name=com\itranswarp\scan\destroy\SpecifyDestroyBean.class]
13:29:35.715 [main] DEBUG com.gaoda.io.ResourceResolver -- found resource: Resource[path=file:D:\Codes\Projects\summer\summer_framework\Summer_Framework\target\test-classes\com\itranswarp\scan\destroy\SpecifyDestroyConfiguration.class, name=com\itranswarp\scan\destroy\SpecifyDestroyConfiguration.class]
13:29:35.715 [main] DEBUG com.gaoda.io.ResourceResolver -- found resource: Resource[path=file:D:\Codes\Projects\summer\summer_framework\Summer_Framework\target\test-classes\com\itranswarp\scan\init\AnnotationInitBean.class, name=com\itranswarp\scan\init\AnnotationInitBean.class]
13:29:35.716 [main] DEBUG com.gaoda.io.ResourceResolver -- found resource: Resource[path=file:D:\Codes\Projects\summer\summer_framework\Summer_Framework\target\test-classes\com\itranswarp\scan\init\SpecifyInitBean.class, name=com\itranswarp\scan\init\SpecifyInitBean.class]
13:29:35.716 [main] DEBUG com.gaoda.io.ResourceResolver -- found resource: Resource[path=file:D:\Codes\Projects\summer\summer_framework\Summer_Framework\target\test-classes\com\itranswarp\scan\init\SpecifyInitConfiguration.class, name=com\itranswarp\scan\init\SpecifyInitConfiguration.class]
13:29:35.717 [main] DEBUG com.gaoda.io.ResourceResolver -- found resource: Resource[path=file:D:\Codes\Projects\summer\summer_framework\Summer_Framework\target\test-classes\com\itranswarp\scan\nested\OuterBean$NestedBean.class, name=com\itranswarp\scan\nested\OuterBean$NestedBean.class]
13:29:35.717 [main] DEBUG com.gaoda.io.ResourceResolver -- found resource: Resource[path=file:D:\Codes\Projects\summer\summer_framework\Summer_Framework\target\test-classes\com\itranswarp\scan\nested\OuterBean.class, name=com\itranswarp\scan\nested\OuterBean.class]
13:29:35.718 [main] DEBUG com.gaoda.io.ResourceResolver -- found resource: Resource[path=file:D:\Codes\Projects\summer\summer_framework\Summer_Framework\target\test-classes\com\itranswarp\scan\primary\DogBean.class, name=com\itranswarp\scan\primary\DogBean.class]
13:29:35.719 [main] DEBUG com.gaoda.io.ResourceResolver -- found resource: Resource[path=file:D:\Codes\Projects\summer\summer_framework\Summer_Framework\target\test-classes\com\itranswarp\scan\primary\PersonBean.class, name=com\itranswarp\scan\primary\PersonBean.class]
13:29:35.719 [main] DEBUG com.gaoda.io.ResourceResolver -- found resource: Resource[path=file:D:\Codes\Projects\summer\summer_framework\Summer_Framework\target\test-classes\com\itranswarp\scan\primary\PrimaryConfiguration.class, name=com\itranswarp\scan\primary\PrimaryConfiguration.class]
13:29:35.720 [main] DEBUG com.gaoda.io.ResourceResolver -- found resource: Resource[path=file:D:\Codes\Projects\summer\summer_framework\Summer_Framework\target\test-classes\com\itranswarp\scan\primary\StudentBean.class, name=com\itranswarp\scan\primary\StudentBean.class]
13:29:35.720 [main] DEBUG com.gaoda.io.ResourceResolver -- found resource: Resource[path=file:D:\Codes\Projects\summer\summer_framework\Summer_Framework\target\test-classes\com\itranswarp\scan\primary\TeacherBean.class, name=com\itranswarp\scan\primary\TeacherBean.class]
13:29:35.721 [main] DEBUG com.gaoda.io.ResourceResolver -- found resource: Resource[path=file:D:\Codes\Projects\summer\summer_framework\Summer_Framework\target\test-classes\com\itranswarp\scan\proxy\FirstProxyBean.class, name=com\itranswarp\scan\proxy\FirstProxyBean.class]
13:29:35.721 [main] DEBUG com.gaoda.io.ResourceResolver -- found resource: Resource[path=file:D:\Codes\Projects\summer\summer_framework\Summer_Framework\target\test-classes\com\itranswarp\scan\proxy\FirstProxyBeanPostProcessor.class, name=com\itranswarp\scan\proxy\FirstProxyBeanPostProcessor.class]
13:29:35.722 [main] DEBUG com.gaoda.io.ResourceResolver -- found resource: Resource[path=file:D:\Codes\Projects\summer\summer_framework\Summer_Framework\target\test-classes\com\itranswarp\scan\proxy\InjectProxyOnConstructorBean.class, name=com\itranswarp\scan\proxy\InjectProxyOnConstructorBean.class]
13:29:35.722 [main] DEBUG com.gaoda.io.ResourceResolver -- found resource: Resource[path=file:D:\Codes\Projects\summer\summer_framework\Summer_Framework\target\test-classes\com\itranswarp\scan\proxy\InjectProxyOnPropertyBean.class, name=com\itranswarp\scan\proxy\InjectProxyOnPropertyBean.class]
13:29:35.723 [main] DEBUG com.gaoda.io.ResourceResolver -- found resource: Resource[path=file:D:\Codes\Projects\summer\summer_framework\Summer_Framework\target\test-classes\com\itranswarp\scan\proxy\OriginBean.class, name=com\itranswarp\scan\proxy\OriginBean.class]
13:29:35.723 [main] DEBUG com.gaoda.io.ResourceResolver -- found resource: Resource[path=file:D:\Codes\Projects\summer\summer_framework\Summer_Framework\target\test-classes\com\itranswarp\scan\proxy\SecondProxyBean.class, name=com\itranswarp\scan\proxy\SecondProxyBean.class]
13:29:35.723 [main] DEBUG com.gaoda.io.ResourceResolver -- found resource: Resource[path=file:D:\Codes\Projects\summer\summer_framework\Summer_Framework\target\test-classes\com\itranswarp\scan\proxy\SecondProxyBeanPostProcessor.class, name=com\itranswarp\scan\proxy\SecondProxyBeanPostProcessor.class]
13:29:35.724 [main] DEBUG com.gaoda.io.ResourceResolver -- found resource: Resource[path=file:D:\Codes\Projects\summer\summer_framework\Summer_Framework\target\test-classes\com\itranswarp\scan\ScanApplication.class, name=com\itranswarp\scan\ScanApplication.class]
13:29:35.726 [main] DEBUG com.gaoda.io.ResourceResolver -- found resource: Resource[path=file:D:\Codes\Projects\summer\summer_framework\Summer_Framework\target\test-classes\com\itranswarp\scan\sub1\sub1.txt, name=com\itranswarp\scan\sub1\sub1.txt]
13:29:35.726 [main] DEBUG com.gaoda.io.ResourceResolver -- found resource: Resource[path=file:D:\Codes\Projects\summer\summer_framework\Summer_Framework\target\test-classes\com\itranswarp\scan\sub1\Sub1Bean.class, name=com\itranswarp\scan\sub1\Sub1Bean.class]
13:29:35.727 [main] DEBUG com.gaoda.io.ResourceResolver -- found resource: Resource[path=file:D:\Codes\Projects\summer\summer_framework\Summer_Framework\target\test-classes\com\itranswarp\scan\sub1\sub2\sub2.txt, name=com\itranswarp\scan\sub1\sub2\sub2.txt]
13:29:35.728 [main] DEBUG com.gaoda.io.ResourceResolver -- found resource: Resource[path=file:D:\Codes\Projects\summer\summer_framework\Summer_Framework\target\test-classes\com\itranswarp\scan\sub1\sub2\Sub2Bean.class, name=com\itranswarp\scan\sub1\sub2\Sub2Bean.class]
13:29:35.728 [main] DEBUG com.gaoda.io.ResourceResolver -- found resource: Resource[path=file:D:\Codes\Projects\summer\summer_framework\Summer_Framework\target\test-classes\com\itranswarp\scan\sub1\sub2\sub3\sub3.txt, name=com\itranswarp\scan\sub1\sub2\sub3\sub3.txt]
13:29:35.729 [main] DEBUG com.gaoda.io.ResourceResolver -- found resource: Resource[path=file:D:\Codes\Projects\summer\summer_framework\Summer_Framework\target\test-classes\com\itranswarp\scan\sub1\sub2\sub3\Sub3Bean.class, name=com\itranswarp\scan\sub1\sub2\sub3\Sub3Bean.class]
13:29:35.729 [main] DEBUG c.g.c.AnnotationConfigApplicationContext -- class found by component scan: com.itranswarp.scan.convert.ValueConverterBean
13:29:35.729 [main] DEBUG c.g.c.AnnotationConfigApplicationContext -- class found by component scan: com.itranswarp.scan.custom.annotation.CustomAnnotation
13:29:35.729 [main] DEBUG c.g.c.AnnotationConfigApplicationContext -- class found by component scan: com.itranswarp.scan.custom.annotation.CustomAnnotationBean
13:29:35.729 [main] DEBUG c.g.c.AnnotationConfigApplicationContext -- class found by component scan: com.itranswarp.scan.destroy.AnnotationDestroyBean
13:29:35.729 [main] DEBUG c.g.c.AnnotationConfigApplicationContext -- class found by component scan: com.itranswarp.scan.destroy.SpecifyDestroyBean
13:29:35.729 [main] DEBUG c.g.c.AnnotationConfigApplicationContext -- class found by component scan: com.itranswarp.scan.destroy.SpecifyDestroyConfiguration
13:29:35.729 [main] DEBUG c.g.c.AnnotationConfigApplicationContext -- class found by component scan: com.itranswarp.scan.init.AnnotationInitBean
13:29:35.729 [main] DEBUG c.g.c.AnnotationConfigApplicationContext -- class found by component scan: com.itranswarp.scan.init.SpecifyInitBean
13:29:35.729 [main] DEBUG c.g.c.AnnotationConfigApplicationContext -- class found by component scan: com.itranswarp.scan.init.SpecifyInitConfiguration
13:29:35.729 [main] DEBUG c.g.c.AnnotationConfigApplicationContext -- class found by component scan: com.itranswarp.scan.nested.OuterBean$NestedBean
13:29:35.729 [main] DEBUG c.g.c.AnnotationConfigApplicationContext -- class found by component scan: com.itranswarp.scan.nested.OuterBean
13:29:35.729 [main] DEBUG c.g.c.AnnotationConfigApplicationContext -- class found by component scan: com.itranswarp.scan.primary.DogBean
13:29:35.729 [main] DEBUG c.g.c.AnnotationConfigApplicationContext -- class found by component scan: com.itranswarp.scan.primary.PersonBean
13:29:35.729 [main] DEBUG c.g.c.AnnotationConfigApplicationContext -- class found by component scan: com.itranswarp.scan.primary.PrimaryConfiguration
13:29:35.729 [main] DEBUG c.g.c.AnnotationConfigApplicationContext -- class found by component scan: com.itranswarp.scan.primary.StudentBean
13:29:35.729 [main] DEBUG c.g.c.AnnotationConfigApplicationContext -- class found by component scan: com.itranswarp.scan.primary.TeacherBean
13:29:35.729 [main] DEBUG c.g.c.AnnotationConfigApplicationContext -- class found by component scan: com.itranswarp.scan.proxy.FirstProxyBean
13:29:35.729 [main] DEBUG c.g.c.AnnotationConfigApplicationContext -- class found by component scan: com.itranswarp.scan.proxy.FirstProxyBeanPostProcessor
13:29:35.729 [main] DEBUG c.g.c.AnnotationConfigApplicationContext -- class found by component scan: com.itranswarp.scan.proxy.InjectProxyOnConstructorBean
13:29:35.729 [main] DEBUG c.g.c.AnnotationConfigApplicationContext -- class found by component scan: com.itranswarp.scan.proxy.InjectProxyOnPropertyBean
13:29:35.729 [main] DEBUG c.g.c.AnnotationConfigApplicationContext -- class found by component scan: com.itranswarp.scan.proxy.OriginBean
13:29:35.729 [main] DEBUG c.g.c.AnnotationConfigApplicationContext -- class found by component scan: com.itranswarp.scan.proxy.SecondProxyBean
13:29:35.729 [main] DEBUG c.g.c.AnnotationConfigApplicationContext -- class found by component scan: com.itranswarp.scan.proxy.SecondProxyBeanPostProcessor
13:29:35.729 [main] DEBUG c.g.c.AnnotationConfigApplicationContext -- class found by component scan: com.itranswarp.scan.ScanApplication
13:29:35.729 [main] DEBUG c.g.c.AnnotationConfigApplicationContext -- class found by component scan: com.itranswarp.scan.sub1.Sub1Bean
13:29:35.729 [main] DEBUG c.g.c.AnnotationConfigApplicationContext -- class found by component scan: com.itranswarp.scan.sub1.sub2.Sub2Bean
13:29:35.729 [main] DEBUG c.g.c.AnnotationConfigApplicationContext -- class found by component scan: com.itranswarp.scan.sub1.sub2.sub3.Sub3Bean
13:29:35.729 [main] DEBUG c.g.c.AnnotationConfigApplicationContext -- class found by import: com.itranswarp.imported.LocalDateConfiguration
13:29:35.729 [main] DEBUG c.g.c.AnnotationConfigApplicationContext -- class found by import: com.itranswarp.imported.ZonedDateConfiguration
13:29:35.729 [main] DEBUG c.g.c.AnnotationConfigApplicationContext -- found component: com.itranswarp.scan.proxy.SecondProxyBeanPostProcessor
13:29:35.729 [main] DEBUG c.g.c.AnnotationConfigApplicationContext -- define bean: BeanDefinition [name=secondProxyBeanPostProcessor, beanClass=com.itranswarp.scan.proxy.SecondProxyBeanPostProcessor, factory=null, init-method=null, destroy-method=null, primary=false, instance=null]
13:29:35.729 [main] DEBUG c.g.c.AnnotationConfigApplicationContext -- found component: com.itranswarp.scan.destroy.AnnotationDestroyBean
13:29:35.729 [main] DEBUG c.g.c.AnnotationConfigApplicationContext -- define bean: BeanDefinition [name=annotationDestroyBean, beanClass=com.itranswarp.scan.destroy.AnnotationDestroyBean, factory=null, init-method=null, destroy-method=destroy, primary=false, instance=null]
13:29:35.729 [main] DEBUG c.g.c.AnnotationConfigApplicationContext -- found component: com.itranswarp.scan.primary.StudentBean
13:29:35.729 [main] DEBUG c.g.c.AnnotationConfigApplicationContext -- define bean: BeanDefinition [name=studentBean, beanClass=com.itranswarp.scan.primary.StudentBean, factory=null, init-method=null, destroy-method=null, primary=false, instance=null]
13:29:35.729 [main] DEBUG c.g.c.AnnotationConfigApplicationContext -- found component: com.itranswarp.scan.sub1.sub2.Sub2Bean
13:29:35.729 [main] DEBUG c.g.c.AnnotationConfigApplicationContext -- define bean: BeanDefinition [name=sub2Bean, beanClass=com.itranswarp.scan.sub1.sub2.Sub2Bean, factory=null, init-method=null, destroy-method=null, primary=false, instance=null]
13:29:35.729 [main] DEBUG c.g.c.AnnotationConfigApplicationContext -- found component: com.itranswarp.scan.primary.TeacherBean
13:29:35.729 [main] DEBUG c.g.c.AnnotationConfigApplicationContext -- define bean: BeanDefinition [name=teacherBean, beanClass=com.itranswarp.scan.primary.TeacherBean, factory=null, init-method=null, destroy-method=null, primary=true, instance=null]
13:29:35.729 [main] DEBUG c.g.c.AnnotationConfigApplicationContext -- found component: com.itranswarp.scan.proxy.FirstProxyBeanPostProcessor
13:29:35.729 [main] DEBUG c.g.c.AnnotationConfigApplicationContext -- define bean: BeanDefinition [name=firstProxyBeanPostProcessor, beanClass=com.itranswarp.scan.proxy.FirstProxyBeanPostProcessor, factory=null, init-method=null, destroy-method=null, primary=false, instance=null]
13:29:35.729 [main] DEBUG c.g.c.AnnotationConfigApplicationContext -- found component: com.itranswarp.scan.primary.PrimaryConfiguration
13:29:35.730 [main] DEBUG c.g.c.AnnotationConfigApplicationContext -- define bean: BeanDefinition [name=primaryConfiguration, beanClass=com.itranswarp.scan.primary.PrimaryConfiguration, factory=null, init-method=null, destroy-method=null, primary=false, instance=null]
13:29:35.730 [main] DEBUG c.g.c.AnnotationConfigApplicationContext -- define bean: BeanDefinition [name=teddy, beanClass=com.itranswarp.scan.primary.DogBean, factory=PrimaryConfiguration.teddy(), init-method=null, destroy-method=null, primary=false, instance=null]
13:29:35.730 [main] DEBUG c.g.c.AnnotationConfigApplicationContext -- define bean: BeanDefinition [name=husky, beanClass=com.itranswarp.scan.primary.DogBean, factory=PrimaryConfiguration.husky(), init-method=null, destroy-method=null, primary=true, instance=null]
13:29:35.730 [main] DEBUG c.g.c.AnnotationConfigApplicationContext -- found component: com.itranswarp.imported.ZonedDateConfiguration
13:29:35.730 [main] DEBUG c.g.c.AnnotationConfigApplicationContext -- define bean: BeanDefinition [name=zonedDateConfiguration, beanClass=com.itranswarp.imported.ZonedDateConfiguration, factory=null, init-method=null, destroy-method=null, primary=false, instance=null]
13:29:35.730 [main] DEBUG c.g.c.AnnotationConfigApplicationContext -- define bean: BeanDefinition [name=startZonedDateTime, beanClass=java.time.ZonedDateTime, factory=ZonedDateConfiguration.startZonedDateTime(), init-method=null, destroy-method=null, primary=false, instance=null]
13:29:35.730 [main] DEBUG c.g.c.AnnotationConfigApplicationContext -- found component: com.itranswarp.scan.custom.annotation.CustomAnnotationBean
13:29:35.730 [main] DEBUG c.g.c.AnnotationConfigApplicationContext -- define bean: BeanDefinition [name=customAnnotation, beanClass=com.itranswarp.scan.custom.annotation.CustomAnnotationBean, factory=null, init-method=null, destroy-method=null, primary=false, instance=null]
13:29:35.730 [main] DEBUG c.g.c.AnnotationConfigApplicationContext -- found component: com.itranswarp.imported.LocalDateConfiguration
13:29:35.730 [main] DEBUG c.g.c.AnnotationConfigApplicationContext -- define bean: BeanDefinition [name=localDateConfiguration, beanClass=com.itranswarp.imported.LocalDateConfiguration, factory=null, init-method=null, destroy-method=null, primary=false, instance=null]
13:29:35.730 [main] DEBUG c.g.c.AnnotationConfigApplicationContext -- define bean: BeanDefinition [name=startLocalDate, beanClass=java.time.LocalDate, factory=LocalDateConfiguration.startLocalDate(), init-method=null, destroy-method=null, primary=false, instance=null]
13:29:35.730 [main] DEBUG c.g.c.AnnotationConfigApplicationContext -- define bean: BeanDefinition [name=startLocalDateTime, beanClass=java.time.LocalDateTime, factory=LocalDateConfiguration.startLocalDateTime(), init-method=null, destroy-method=null, primary=false, instance=null]
13:29:35.730 [main] DEBUG c.g.c.AnnotationConfigApplicationContext -- found component: com.itranswarp.scan.convert.ValueConverterBean
13:29:35.730 [main] DEBUG c.g.c.AnnotationConfigApplicationContext -- define bean: BeanDefinition [name=valueConverterBean, beanClass=com.itranswarp.scan.convert.ValueConverterBean, factory=null, init-method=null, destroy-method=null, primary=false, instance=null]
13:29:35.730 [main] DEBUG c.g.c.AnnotationConfigApplicationContext -- found component: com.itranswarp.scan.nested.OuterBean$NestedBean
13:29:35.730 [main] DEBUG c.g.c.AnnotationConfigApplicationContext -- define bean: BeanDefinition [name=nestedBean, beanClass=com.itranswarp.scan.nested.OuterBean$NestedBean, factory=null, init-method=null, destroy-method=null, primary=false, instance=null]
13:29:35.730 [main] DEBUG c.g.c.AnnotationConfigApplicationContext -- found component: com.itranswarp.scan.nested.OuterBean
13:29:35.730 [main] DEBUG c.g.c.AnnotationConfigApplicationContext -- define bean: BeanDefinition [name=outerBean, beanClass=com.itranswarp.scan.nested.OuterBean, factory=null, init-method=null, destroy-method=null, primary=false, instance=null]
13:29:35.730 [main] DEBUG c.g.c.AnnotationConfigApplicationContext -- found component: com.itranswarp.scan.destroy.SpecifyDestroyConfiguration
13:29:35.730 [main] DEBUG c.g.c.AnnotationConfigApplicationContext -- define bean: BeanDefinition [name=specifyDestroyConfiguration, beanClass=com.itranswarp.scan.destroy.SpecifyDestroyConfiguration, factory=null, init-method=null, destroy-method=null, primary=false, instance=null]
13:29:35.730 [main] DEBUG c.g.c.AnnotationConfigApplicationContext -- define bean: BeanDefinition [name=createSpecifyDestroyBean, beanClass=com.itranswarp.scan.destroy.SpecifyDestroyBean, factory=SpecifyDestroyConfiguration.createSpecifyDestroyBean(String), init-method=null, destroy-method=null, primary=false, instance=null]
13:29:35.730 [main] DEBUG c.g.c.AnnotationConfigApplicationContext -- found component: com.itranswarp.scan.proxy.InjectProxyOnConstructorBean
13:29:35.730 [main] DEBUG c.g.c.AnnotationConfigApplicationContext -- define bean: BeanDefinition [name=injectProxyOnConstructorBean, beanClass=com.itranswarp.scan.proxy.InjectProxyOnConstructorBean, factory=null, init-method=null, destroy-method=null, primary=false, instance=null]
13:29:35.730 [main] DEBUG c.g.c.AnnotationConfigApplicationContext -- found component: com.itranswarp.scan.init.SpecifyInitConfiguration
13:29:35.730 [main] DEBUG c.g.c.AnnotationConfigApplicationContext -- define bean: BeanDefinition [name=specifyInitConfiguration, beanClass=com.itranswarp.scan.init.SpecifyInitConfiguration, factory=null, init-method=null, destroy-method=null, primary=false, instance=null]
13:29:35.730 [main] DEBUG c.g.c.AnnotationConfigApplicationContext -- define bean: BeanDefinition [name=createSpecifyInitBean, beanClass=com.itranswarp.scan.init.SpecifyInitBean, factory=SpecifyInitConfiguration.createSpecifyInitBean(String, String), init-method=null, destroy-method=null, primary=false, instance=null]
13:29:35.730 [main] DEBUG c.g.c.AnnotationConfigApplicationContext -- found component: com.itranswarp.scan.proxy.InjectProxyOnPropertyBean
13:29:35.730 [main] DEBUG c.g.c.AnnotationConfigApplicationContext -- define bean: BeanDefinition [name=injectProxyOnPropertyBean, beanClass=com.itranswarp.scan.proxy.InjectProxyOnPropertyBean, factory=null, init-method=null, destroy-method=null, primary=false, instance=null]
13:29:35.730 [main] DEBUG c.g.c.AnnotationConfigApplicationContext -- found component: com.itranswarp.scan.proxy.OriginBean
13:29:35.730 [main] DEBUG c.g.c.AnnotationConfigApplicationContext -- define bean: BeanDefinition [name=originBean, beanClass=com.itranswarp.scan.proxy.OriginBean, factory=null, init-method=null, destroy-method=null, primary=false, instance=null]
13:29:35.730 [main] DEBUG c.g.c.AnnotationConfigApplicationContext -- found component: com.itranswarp.scan.sub1.sub2.sub3.Sub3Bean
13:29:35.730 [main] DEBUG c.g.c.AnnotationConfigApplicationContext -- define bean: BeanDefinition [name=sub3Bean, beanClass=com.itranswarp.scan.sub1.sub2.sub3.Sub3Bean, factory=null, init-method=null, destroy-method=null, primary=false, instance=null]
13:29:35.730 [main] DEBUG c.g.c.AnnotationConfigApplicationContext -- found component: com.itranswarp.scan.sub1.Sub1Bean
13:29:35.730 [main] DEBUG c.g.c.AnnotationConfigApplicationContext -- define bean: BeanDefinition [name=sub1Bean, beanClass=com.itranswarp.scan.sub1.Sub1Bean, factory=null, init-method=null, destroy-method=null, primary=false, instance=null]
13:29:35.730 [main] DEBUG c.g.c.AnnotationConfigApplicationContext -- found component: com.itranswarp.scan.init.AnnotationInitBean
13:29:35.730 [main] DEBUG c.g.c.AnnotationConfigApplicationContext -- define bean: BeanDefinition [name=annotationInitBean, beanClass=com.itranswarp.scan.init.AnnotationInitBean, factory=null, init-method=init, destroy-method=null, primary=false, instance=null]
13:29:35.731 [main] DEBUG c.g.c.AnnotationConfigApplicationContext -- Try create bean 'localDateConfiguration' as early singleton: com.itranswarp.imported.LocalDateConfiguration
13:29:35.731 [main] DEBUG c.g.c.AnnotationConfigApplicationContext -- Try create bean 'primaryConfiguration' as early singleton: com.itranswarp.scan.primary.PrimaryConfiguration
13:29:35.731 [main] DEBUG c.g.c.AnnotationConfigApplicationContext -- Try create bean 'specifyDestroyConfiguration' as early singleton: com.itranswarp.scan.destroy.SpecifyDestroyConfiguration
13:29:35.731 [main] DEBUG c.g.c.AnnotationConfigApplicationContext -- Try create bean 'specifyInitConfiguration' as early singleton: com.itranswarp.scan.init.SpecifyInitConfiguration
13:29:35.731 [main] DEBUG c.g.c.AnnotationConfigApplicationContext -- Try create bean 'zonedDateConfiguration' as early singleton: com.itranswarp.imported.ZonedDateConfiguration
13:29:35.731 [main] DEBUG c.g.c.AnnotationConfigApplicationContext -- Try create bean 'firstProxyBeanPostProcessor' as early singleton: com.itranswarp.scan.proxy.FirstProxyBeanPostProcessor
13:29:35.731 [main] DEBUG c.g.c.AnnotationConfigApplicationContext -- Try create bean 'secondProxyBeanPostProcessor' as early singleton: com.itranswarp.scan.proxy.SecondProxyBeanPostProcessor
13:29:35.731 [main] DEBUG c.g.c.AnnotationConfigApplicationContext -- Try create bean 'annotationDestroyBean' as early singleton: com.itranswarp.scan.destroy.AnnotationDestroyBean
13:29:35.731 [main] DEBUG c.g.c.AnnotationConfigApplicationContext -- Try create bean 'annotationInitBean' as early singleton: com.itranswarp.scan.init.AnnotationInitBean
13:29:35.731 [main] DEBUG c.g.c.AnnotationConfigApplicationContext -- Try create bean 'createSpecifyDestroyBean' as early singleton: com.itranswarp.scan.destroy.SpecifyDestroyBean
13:29:35.731 [main] DEBUG c.g.c.AnnotationConfigApplicationContext -- Try create bean 'createSpecifyInitBean' as early singleton: com.itranswarp.scan.init.SpecifyInitBean
13:29:35.731 [main] DEBUG c.g.c.AnnotationConfigApplicationContext -- Try create bean 'customAnnotation' as early singleton: com.itranswarp.scan.custom.annotation.CustomAnnotationBean
13:29:35.731 [main] DEBUG c.g.c.AnnotationConfigApplicationContext -- Try create bean 'husky' as early singleton: com.itranswarp.scan.primary.DogBean
13:29:35.731 [main] DEBUG c.g.c.AnnotationConfigApplicationContext -- Try create bean 'injectProxyOnConstructorBean' as early singleton: com.itranswarp.scan.proxy.InjectProxyOnConstructorBean
13:29:35.731 [main] DEBUG c.g.c.AnnotationConfigApplicationContext -- Try create bean 'originBean' as early singleton: com.itranswarp.scan.proxy.OriginBean
13:29:35.731 [main] DEBUG c.i.s.p.FirstProxyBeanPostProcessor -- create first proxy for bean 'originBean': com.itranswarp.scan.proxy.OriginBean@70925b45
13:29:35.731 [main] DEBUG c.g.c.AnnotationConfigApplicationContext -- Bean 'originBean' was replaced by post processor com.itranswarp.scan.proxy.FirstProxyBeanPostProcessor.
13:29:35.731 [main] DEBUG c.i.s.p.SecondProxyBeanPostProcessor -- create second proxy for bean 'originBean': com.itranswarp.scan.proxy.FirstProxyBean@1b9ea3e3
13:29:35.731 [main] DEBUG c.g.c.AnnotationConfigApplicationContext -- Bean 'originBean' was replaced by post processor com.itranswarp.scan.proxy.SecondProxyBeanPostProcessor.
13:29:35.731 [main] DEBUG c.g.c.AnnotationConfigApplicationContext -- Try create bean 'injectProxyOnPropertyBean' as early singleton: com.itranswarp.scan.proxy.InjectProxyOnPropertyBean
13:29:35.731 [main] DEBUG c.g.c.AnnotationConfigApplicationContext -- Try create bean 'nestedBean' as early singleton: com.itranswarp.scan.nested.OuterBean$NestedBean
13:29:35.731 [main] DEBUG c.g.c.AnnotationConfigApplicationContext -- Try create bean 'outerBean' as early singleton: com.itranswarp.scan.nested.OuterBean
13:29:35.731 [main] DEBUG c.g.c.AnnotationConfigApplicationContext -- Try create bean 'startLocalDate' as early singleton: java.time.LocalDate
13:29:35.731 [main] DEBUG c.g.c.AnnotationConfigApplicationContext -- Try create bean 'startLocalDateTime' as early singleton: java.time.LocalDateTime
13:29:35.731 [main] DEBUG c.g.c.AnnotationConfigApplicationContext -- Try create bean 'startZonedDateTime' as early singleton: java.time.ZonedDateTime
13:29:35.731 [main] DEBUG c.g.c.AnnotationConfigApplicationContext -- Try create bean 'studentBean' as early singleton: com.itranswarp.scan.primary.StudentBean
13:29:35.731 [main] DEBUG c.g.c.AnnotationConfigApplicationContext -- Try create bean 'sub1Bean' as early singleton: com.itranswarp.scan.sub1.Sub1Bean
13:29:35.731 [main] DEBUG c.g.c.AnnotationConfigApplicationContext -- Try create bean 'sub2Bean' as early singleton: com.itranswarp.scan.sub1.sub2.Sub2Bean
13:29:35.731 [main] DEBUG c.g.c.AnnotationConfigApplicationContext -- Try create bean 'sub3Bean' as early singleton: com.itranswarp.scan.sub1.sub2.sub3.Sub3Bean
13:29:35.731 [main] DEBUG c.g.c.AnnotationConfigApplicationContext -- Try create bean 'teacherBean' as early singleton: com.itranswarp.scan.primary.TeacherBean
13:29:35.731 [main] DEBUG c.g.c.AnnotationConfigApplicationContext -- Try create bean 'teddy' as early singleton: com.itranswarp.scan.primary.DogBean
13:29:35.731 [main] DEBUG c.g.c.AnnotationConfigApplicationContext -- Try create bean 'valueConverterBean' as early singleton: com.itranswarp.scan.convert.ValueConverterBean
13:29:35.731 [main] DEBUG c.g.c.AnnotationConfigApplicationContext -- Field injection: com.itranswarp.scan.convert.ValueConverterBean.injectedBooleanPrimitive = true
13:29:35.732 [main] DEBUG c.g.c.AnnotationConfigApplicationContext -- Field injection: com.itranswarp.scan.convert.ValueConverterBean.injectedBoolean = true
13:29:35.732 [main] DEBUG c.g.c.AnnotationConfigApplicationContext -- Field injection: com.itranswarp.scan.convert.ValueConverterBean.injectedBytePrimitive = 123
13:29:35.732 [main] DEBUG c.g.c.AnnotationConfigApplicationContext -- Field injection: com.itranswarp.scan.convert.ValueConverterBean.injectedByte = 123
13:29:35.732 [main] DEBUG c.g.c.AnnotationConfigApplicationContext -- Field injection: com.itranswarp.scan.convert.ValueConverterBean.injectedShortPrimitive = 12345
13:29:35.732 [main] DEBUG c.g.c.AnnotationConfigApplicationContext -- Field injection: com.itranswarp.scan.convert.ValueConverterBean.injectedShort = 12345
13:29:35.732 [main] DEBUG c.g.c.AnnotationConfigApplicationContext -- Field injection: com.itranswarp.scan.convert.ValueConverterBean.injectedIntPrimitive = 1234567
13:29:35.732 [main] DEBUG c.g.c.AnnotationConfigApplicationContext -- Field injection: com.itranswarp.scan.convert.ValueConverterBean.injectedInteger = 1234567
13:29:35.732 [main] DEBUG c.g.c.AnnotationConfigApplicationContext -- Field injection: com.itranswarp.scan.convert.ValueConverterBean.injectedLongPrimitive = 123456789000
13:29:35.732 [main] DEBUG c.g.c.AnnotationConfigApplicationContext -- Field injection: com.itranswarp.scan.convert.ValueConverterBean.injectedLong = 123456789000
13:29:35.732 [main] DEBUG c.g.c.AnnotationConfigApplicationContext -- Field injection: com.itranswarp.scan.convert.ValueConverterBean.injectedFloatPrimitive = 12345.679
13:29:35.732 [main] DEBUG c.g.c.AnnotationConfigApplicationContext -- Field injection: com.itranswarp.scan.convert.ValueConverterBean.injectedFloat = 12345.679
13:29:35.732 [main] DEBUG c.g.c.AnnotationConfigApplicationContext -- Field injection: com.itranswarp.scan.convert.ValueConverterBean.injectedDoublePrimitive = 1.2345678987654321E8
13:29:35.732 [main] DEBUG c.g.c.AnnotationConfigApplicationContext -- Field injection: com.itranswarp.scan.convert.ValueConverterBean.injectedDouble = 1.2345678987654321E8
13:29:35.732 [main] DEBUG c.g.c.AnnotationConfigApplicationContext -- Field injection: com.itranswarp.scan.convert.ValueConverterBean.injectedLocalDate = 2023-03-29
13:29:35.732 [main] DEBUG c.g.c.AnnotationConfigApplicationContext -- Field injection: com.itranswarp.scan.convert.ValueConverterBean.injectedLocalTime = 20:45:01
13:29:35.732 [main] DEBUG c.g.c.AnnotationConfigApplicationContext -- Field injection: com.itranswarp.scan.convert.ValueConverterBean.injectedLocalDateTime = 2023-03-29T20:45:01
13:29:35.732 [main] DEBUG c.g.c.AnnotationConfigApplicationContext -- Field injection: com.itranswarp.scan.convert.ValueConverterBean.injectedZonedDateTime = 2023-03-29T20:45:01+08:00[Asia/Shanghai]
13:29:35.733 [main] DEBUG c.g.c.AnnotationConfigApplicationContext -- Field injection: com.itranswarp.scan.convert.ValueConverterBean.injectedDuration = PT51H4M
13:29:35.733 [main] DEBUG c.g.c.AnnotationConfigApplicationContext -- Field injection: com.itranswarp.scan.convert.ValueConverterBean.injectedZoneId = Asia/Shanghai
13:29:35.733 [main] DEBUG c.g.c.AnnotationConfigApplicationContext -- Field injection: com.itranswarp.scan.proxy.InjectProxyOnPropertyBean.injected = com.itranswarp.scan.proxy.SecondProxyBean@aa22f1c
13:29:35.733 [main] DEBUG c.i.s.p.SecondProxyBeanPostProcessor -- auto set property for originBean from second proxy com.itranswarp.scan.proxy.SecondProxyBean@aa22f1c to origin bean: com.itranswarp.scan.proxy.FirstProxyBean@1b9ea3e3
13:29:35.733 [main] DEBUG c.g.c.AnnotationConfigApplicationContext -- BeanPostProcessor SecondProxyBeanPostProcessor specified injection from SecondProxyBean to FirstProxyBean.
13:29:35.733 [main] DEBUG c.i.s.p.FirstProxyBeanPostProcessor -- auto set property for originBean from first proxy com.itranswarp.scan.proxy.FirstProxyBean@1b9ea3e3 to origin bean: com.itranswarp.scan.proxy.OriginBean@70925b45
13:29:35.733 [main] DEBUG c.g.c.AnnotationConfigApplicationContext -- BeanPostProcessor FirstProxyBeanPostProcessor specified injection from FirstProxyBean to OriginBean.
13:29:35.733 [main] DEBUG c.g.c.AnnotationConfigApplicationContext -- Field injection: com.itranswarp.scan.proxy.OriginBean.name = Scan App
13:29:35.733 [main] DEBUG c.g.c.AnnotationConfigApplicationContext -- Method injection: com.itranswarp.scan.proxy.OriginBean.setVersion (v1.0)
13:29:35.733 [main] DEBUG c.g.c.AnnotationConfigApplicationContext -- Field injection: com.itranswarp.scan.destroy.AnnotationDestroyBean.appTitle = Scan App
13:29:35.733 [main] DEBUG c.g.c.AnnotationConfigApplicationContext -- Field injection: com.itranswarp.scan.init.AnnotationInitBean.appTitle = Scan App
13:29:35.733 [main] DEBUG c.g.c.AnnotationConfigApplicationContext -- Field injection: com.itranswarp.scan.init.AnnotationInitBean.appVersion = v1.0
13:29:35.733 [main] DEBUG c.i.s.p.SecondProxyBeanPostProcessor -- auto set property for originBean from second proxy com.itranswarp.scan.proxy.SecondProxyBean@aa22f1c to origin bean: com.itranswarp.scan.proxy.FirstProxyBean@1b9ea3e3
13:29:35.734 [main] DEBUG c.g.c.AnnotationConfigApplicationContext -- BeanPostProcessor SecondProxyBeanPostProcessor specified injection from SecondProxyBean to FirstProxyBean.
13:29:35.734 [main] DEBUG c.i.s.p.FirstProxyBeanPostProcessor -- auto set property for originBean from first proxy com.itranswarp.scan.proxy.FirstProxyBean@1b9ea3e3 to origin bean: com.itranswarp.scan.proxy.OriginBean@70925b45
13:29:35.734 [main] DEBUG c.g.c.AnnotationConfigApplicationContext -- BeanPostProcessor FirstProxyBeanPostProcessor specified injection from FirstProxyBean to OriginBean.
13:29:35.734 [main] DEBUG c.g.c.AnnotationConfigApplicationContext -- bean initialized: BeanDefinition [name=firstProxyBeanPostProcessor, beanClass=com.itranswarp.scan.proxy.FirstProxyBeanPostProcessor, factory=null, init-method=null, destroy-method=null, primary=false, instance=com.itranswarp.scan.proxy.FirstProxyBeanPostProcessor@55e7a35c]
13:29:35.734 [main] DEBUG c.g.c.AnnotationConfigApplicationContext -- bean initialized: BeanDefinition [name=secondProxyBeanPostProcessor, beanClass=com.itranswarp.scan.proxy.SecondProxyBeanPostProcessor, factory=null, init-method=null, destroy-method=null, primary=false, instance=com.itranswarp.scan.proxy.SecondProxyBeanPostProcessor@37cd92d6]
13:29:35.734 [main] DEBUG c.g.c.AnnotationConfigApplicationContext -- bean initialized: BeanDefinition [name=annotationDestroyBean, beanClass=com.itranswarp.scan.destroy.AnnotationDestroyBean, factory=null, init-method=null, destroy-method=destroy, primary=false, instance=com.itranswarp.scan.destroy.AnnotationDestroyBean@5922ae77]
13:29:35.734 [main] DEBUG c.g.c.AnnotationConfigApplicationContext -- bean initialized: BeanDefinition [name=annotationInitBean, beanClass=com.itranswarp.scan.init.AnnotationInitBean, factory=null, init-method=init, destroy-method=null, primary=false, instance=com.itranswarp.scan.init.AnnotationInitBean@4263b080]
13:29:35.734 [main] DEBUG c.g.c.AnnotationConfigApplicationContext -- bean initialized: BeanDefinition [name=createSpecifyDestroyBean, beanClass=com.itranswarp.scan.destroy.SpecifyDestroyBean, factory=SpecifyDestroyConfiguration.createSpecifyDestroyBean(String), init-method=null, destroy-method=null, primary=false, instance=com.itranswarp.scan.destroy.SpecifyDestroyBean@2af616d3]
13:29:35.734 [main] DEBUG c.g.c.AnnotationConfigApplicationContext -- bean initialized: BeanDefinition [name=createSpecifyInitBean, beanClass=com.itranswarp.scan.init.SpecifyInitBean, factory=SpecifyInitConfiguration.createSpecifyInitBean(String, String), init-method=null, destroy-method=null, primary=false, instance=com.itranswarp.scan.init.SpecifyInitBean@71f67a79]
13:29:35.734 [main] DEBUG c.g.c.AnnotationConfigApplicationContext -- bean initialized: BeanDefinition [name=customAnnotation, beanClass=com.itranswarp.scan.custom.annotation.CustomAnnotationBean, factory=null, init-method=null, destroy-method=null, primary=false, instance=com.itranswarp.scan.custom.annotation.CustomAnnotationBean@3deb2326]
13:29:35.734 [main] DEBUG c.g.c.AnnotationConfigApplicationContext -- bean initialized: BeanDefinition [name=husky, beanClass=com.itranswarp.scan.primary.DogBean, factory=PrimaryConfiguration.husky(), init-method=null, destroy-method=null, primary=true, instance=com.itranswarp.scan.primary.DogBean@62d363ab]
13:29:35.734 [main] DEBUG c.g.c.AnnotationConfigApplicationContext -- bean initialized: BeanDefinition [name=injectProxyOnConstructorBean, beanClass=com.itranswarp.scan.proxy.InjectProxyOnConstructorBean, factory=null, init-method=null, destroy-method=null, primary=false, instance=com.itranswarp.scan.proxy.InjectProxyOnConstructorBean@7889a1ac]
13:29:35.734 [main] DEBUG c.g.c.AnnotationConfigApplicationContext -- bean initialized: BeanDefinition [name=injectProxyOnPropertyBean, beanClass=com.itranswarp.scan.proxy.InjectProxyOnPropertyBean, factory=null, init-method=null, destroy-method=null, primary=false, instance=com.itranswarp.scan.proxy.InjectProxyOnPropertyBean@3aee3976]
13:29:35.734 [main] DEBUG c.g.c.AnnotationConfigApplicationContext -- bean initialized: BeanDefinition [name=localDateConfiguration, beanClass=com.itranswarp.imported.LocalDateConfiguration, factory=null, init-method=null, destroy-method=null, primary=false, instance=com.itranswarp.imported.LocalDateConfiguration@5ef8df1e]
13:29:35.734 [main] DEBUG c.g.c.AnnotationConfigApplicationContext -- bean initialized: BeanDefinition [name=nestedBean, beanClass=com.itranswarp.scan.nested.OuterBean$NestedBean, factory=null, init-method=null, destroy-method=null, primary=false, instance=com.itranswarp.scan.nested.OuterBean$NestedBean@27cf3151]
13:29:35.734 [main] DEBUG c.g.c.AnnotationConfigApplicationContext -- bean initialized: BeanDefinition [name=originBean, beanClass=com.itranswarp.scan.proxy.OriginBean, factory=null, init-method=null, destroy-method=null, primary=false, instance=com.itranswarp.scan.proxy.SecondProxyBean@aa22f1c]
13:29:35.734 [main] DEBUG c.g.c.AnnotationConfigApplicationContext -- bean initialized: BeanDefinition [name=outerBean, beanClass=com.itranswarp.scan.nested.OuterBean, factory=null, init-method=null, destroy-method=null, primary=false, instance=com.itranswarp.scan.nested.OuterBean@127e70c5]
13:29:35.734 [main] DEBUG c.g.c.AnnotationConfigApplicationContext -- bean initialized: BeanDefinition [name=primaryConfiguration, beanClass=com.itranswarp.scan.primary.PrimaryConfiguration, factory=null, init-method=null, destroy-method=null, primary=false, instance=com.itranswarp.scan.primary.PrimaryConfiguration@5910de75]
13:29:35.734 [main] DEBUG c.g.c.AnnotationConfigApplicationContext -- bean initialized: BeanDefinition [name=specifyDestroyConfiguration, beanClass=com.itranswarp.scan.destroy.SpecifyDestroyConfiguration, factory=null, init-method=null, destroy-method=null, primary=false, instance=com.itranswarp.scan.destroy.SpecifyDestroyConfiguration@4108fa66]
13:29:35.734 [main] DEBUG c.g.c.AnnotationConfigApplicationContext -- bean initialized: BeanDefinition [name=specifyInitConfiguration, beanClass=com.itranswarp.scan.init.SpecifyInitConfiguration, factory=null, init-method=null, destroy-method=null, primary=false, instance=com.itranswarp.scan.init.SpecifyInitConfiguration@1f130eaf]
13:29:35.734 [main] DEBUG c.g.c.AnnotationConfigApplicationContext -- bean initialized: BeanDefinition [name=startLocalDate, beanClass=java.time.LocalDate, factory=LocalDateConfiguration.startLocalDate(), init-method=null, destroy-method=null, primary=false, instance=2023-08-17]
13:29:35.734 [main] DEBUG c.g.c.AnnotationConfigApplicationContext -- bean initialized: BeanDefinition [name=startLocalDateTime, beanClass=java.time.LocalDateTime, factory=LocalDateConfiguration.startLocalDateTime(), init-method=null, destroy-method=null, primary=false, instance=2023-08-17T13:29:35.731897800]
13:29:35.734 [main] DEBUG c.g.c.AnnotationConfigApplicationContext -- bean initialized: BeanDefinition [name=startZonedDateTime, beanClass=java.time.ZonedDateTime, factory=ZonedDateConfiguration.startZonedDateTime(), init-method=null, destroy-method=null, primary=false, instance=2023-08-17T13:29:35.731897800+08:00[Asia/Shanghai]]
13:29:35.734 [main] DEBUG c.g.c.AnnotationConfigApplicationContext -- bean initialized: BeanDefinition [name=studentBean, beanClass=com.itranswarp.scan.primary.StudentBean, factory=null, init-method=null, destroy-method=null, primary=false, instance=com.itranswarp.scan.primary.StudentBean@7e0aadd0]
13:29:35.734 [main] DEBUG c.g.c.AnnotationConfigApplicationContext -- bean initialized: BeanDefinition [name=sub1Bean, beanClass=com.itranswarp.scan.sub1.Sub1Bean, factory=null, init-method=null, destroy-method=null, primary=false, instance=com.itranswarp.scan.sub1.Sub1Bean@21362712]
13:29:35.734 [main] DEBUG c.g.c.AnnotationConfigApplicationContext -- bean initialized: BeanDefinition [name=sub2Bean, beanClass=com.itranswarp.scan.sub1.sub2.Sub2Bean, factory=null, init-method=null, destroy-method=null, primary=false, instance=com.itranswarp.scan.sub1.sub2.Sub2Bean@27eb3298]
13:29:35.734 [main] DEBUG c.g.c.AnnotationConfigApplicationContext -- bean initialized: BeanDefinition [name=sub3Bean, beanClass=com.itranswarp.scan.sub1.sub2.sub3.Sub3Bean, factory=null, init-method=null, destroy-method=null, primary=false, instance=com.itranswarp.scan.sub1.sub2.sub3.Sub3Bean@200a26bc]
13:29:35.734 [main] DEBUG c.g.c.AnnotationConfigApplicationContext -- bean initialized: BeanDefinition [name=teacherBean, beanClass=com.itranswarp.scan.primary.TeacherBean, factory=null, init-method=null, destroy-method=null, primary=true, instance=com.itranswarp.scan.primary.TeacherBean@bc57b40]
13:29:35.734 [main] DEBUG c.g.c.AnnotationConfigApplicationContext -- bean initialized: BeanDefinition [name=teddy, beanClass=com.itranswarp.scan.primary.DogBean, factory=PrimaryConfiguration.teddy(), init-method=null, destroy-method=null, primary=false, instance=com.itranswarp.scan.primary.DogBean@1b5bc39d]
13:29:35.734 [main] DEBUG c.g.c.AnnotationConfigApplicationContext -- bean initialized: BeanDefinition [name=valueConverterBean, beanClass=com.itranswarp.scan.convert.ValueConverterBean, factory=null, init-method=null, destroy-method=null, primary=false, instance=com.itranswarp.scan.convert.ValueConverterBean@655a5d9c]
13:29:35.734 [main] DEBUG c.g.c.AnnotationConfigApplicationContext -- bean initialized: BeanDefinition [name=zonedDateConfiguration, beanClass=com.itranswarp.imported.ZonedDateConfiguration, factory=null, init-method=null, destroy-method=null, primary=false, instance=com.itranswarp.imported.ZonedDateConfiguration@1494b84d]
]]></system-out>
  </testcase>
  <testcase name="testInitMethod" classname="com.itranswarp.summer.context.AnnotationConfigApplicationContextTest" time="0.022">
    <system-out><![CDATA[13:29:35.735 [main] DEBUG com.gaoda.io.PropertyResolver -- PropertyResolver: =:: = ::\
13:29:35.735 [main] DEBUG com.gaoda.io.PropertyResolver -- PropertyResolver: =D: = D:\Codes\Projects\summer\summer_framework\Summer_Framework
13:29:35.735 [main] DEBUG com.gaoda.io.PropertyResolver -- PropertyResolver: ALLUSERSPROFILE = C:\ProgramData
13:29:35.735 [main] DEBUG com.gaoda.io.PropertyResolver -- PropertyResolver: APPDATA = C:\Users\Gundam\AppData\Roaming
13:29:35.735 [main] DEBUG com.gaoda.io.PropertyResolver -- PropertyResolver: CLASSPATH = .;D:\Code\jdk-18\lib;D:\Code\jdk-18\lib\tools.jar
13:29:35.735 [main] DEBUG com.gaoda.io.PropertyResolver -- PropertyResolver: COMMONPROGRAMFILES = C:\Program Files\Common Files
13:29:35.735 [main] DEBUG com.gaoda.io.PropertyResolver -- PropertyResolver: COMMONPROGRAMFILES(X86) = C:\Program Files (x86)\Common Files
13:29:35.735 [main] DEBUG com.gaoda.io.PropertyResolver -- PropertyResolver: COMMONPROGRAMW6432 = C:\Program Files\Common Files
13:29:35.735 [main] DEBUG com.gaoda.io.PropertyResolver -- PropertyResolver: COMPUTERNAME = DESKTOP-HR12F04
13:29:35.735 [main] DEBUG com.gaoda.io.PropertyResolver -- PropertyResolver: COMSPEC = C:\Windows\system32\cmd.exe
13:29:35.735 [main] DEBUG com.gaoda.io.PropertyResolver -- PropertyResolver: DRIVERDATA = C:\Windows\System32\Drivers\DriverData
13:29:35.735 [main] DEBUG com.gaoda.io.PropertyResolver -- PropertyResolver: FPS_BROWSER_APP_PROFILE_STRING = Internet Explorer
13:29:35.735 [main] DEBUG com.gaoda.io.PropertyResolver -- PropertyResolver: FPS_BROWSER_USER_PROFILE_STRING = Default
13:29:35.735 [main] DEBUG com.gaoda.io.PropertyResolver -- PropertyResolver: HOMEDRIVE = C:
13:29:35.735 [main] DEBUG com.gaoda.io.PropertyResolver -- PropertyResolver: HOMEPATH = \Users\Gundam
13:29:35.735 [main] DEBUG com.gaoda.io.PropertyResolver -- PropertyResolver: IDEA_INITIAL_DIRECTORY = D:\Applications1\code\idea\IntelliJ IDEA 2022.2.1\bin
13:29:35.735 [main] DEBUG com.gaoda.io.PropertyResolver -- PropertyResolver: INTELLIJ IDEA = D:\Applications1\code\idea\IntelliJ IDEA 2022.2.1\bin;
13:29:35.735 [main] DEBUG com.gaoda.io.PropertyResolver -- PropertyResolver: JAVA18_HOME = D:\Code\jdk-18
13:29:35.735 [main] DEBUG com.gaoda.io.PropertyResolver -- PropertyResolver: JAVA8_HOME = D:\Code\jdk-8
13:29:35.735 [main] DEBUG com.gaoda.io.PropertyResolver -- PropertyResolver: JAVA_HOME = D:\Code\jdk-18
13:29:35.735 [main] DEBUG com.gaoda.io.PropertyResolver -- PropertyResolver: LOCALAPPDATA = C:\Users\Gundam\AppData\Local
13:29:35.735 [main] DEBUG com.gaoda.io.PropertyResolver -- PropertyResolver: LOGONSERVER = \\DESKTOP-HR12F04
13:29:35.735 [main] DEBUG com.gaoda.io.PropertyResolver -- PropertyResolver: MAVEN_HOME = D:\Code\Maven\apache-maven-3.8.6
13:29:35.735 [main] DEBUG com.gaoda.io.PropertyResolver -- PropertyResolver: NLS_LANG = SIMPLIFIED CHINESE_CHINA.ZHS16GBK
13:29:35.735 [main] DEBUG com.gaoda.io.PropertyResolver -- PropertyResolver: NUMBER_OF_PROCESSORS = 16
13:29:35.735 [main] DEBUG com.gaoda.io.PropertyResolver -- PropertyResolver: ONEDRIVE = C:\Users\Gundam\OneDrive
13:29:35.735 [main] DEBUG com.gaoda.io.PropertyResolver -- PropertyResolver: OPENSSL_IA32CAP = ~0x200000200000000
13:29:35.735 [main] DEBUG com.gaoda.io.PropertyResolver -- PropertyResolver: ORACLE_HOME = D:\Code\oracle\Ora10InstantClient
13:29:35.735 [main] DEBUG com.gaoda.io.PropertyResolver -- PropertyResolver: OS = Windows_NT
13:29:35.735 [main] DEBUG com.gaoda.io.PropertyResolver -- PropertyResolver: PATH = C:\Windows;D:\Code\jdk-18\bin;D:\Code\jdk-18\jre\bin;C:\Program Files\Common Files\Oracle\Java\javapath;C:\Windows\system32;C:\Windows\System32\Wbem;C:\Windows\System32\WindowsPowerShell\v1.0\;C:\Windows\System32\OpenSSH\;D:\Applications1\computer\Bandizip\;C:\Program Files\NVIDIA Corporation\NVIDIA NvDLISR;C:\Program Files (x86)\NVIDIA Corporation\PhysX\Common;D:\Code\jdk-18;D:\Code\oracle\Ora10InstantClient;D:\Applications1\code\MySQL\bin;D:\Code\Maven\apache-maven-3.8.6\bin;D:\Code\Node.js\;D:\Applications1\code\Git\cmd;D:\Applications1\code\微信web开发者工具\dll;C:\Program Files\TortoiseGit\bin;C:\Program Files\Asiainfo Security\AisEsmAgent\atom_plugins\base_plugin;C:\Users\Gundam\AppData\Local\Programs\Python\Python311\Scripts\;C:\Users\Gundam\AppData\Local\Programs\Python\Python311\;C:\Users\Gundam\AppData\Local\Microsoft\WindowsApps;D:\Applications1\code\idea\IntelliJ IDEA 2022.2.1\bin;;D:\Applications1\code\vscode\Microsoft VS Code\bin;C:\Users\Gundam\AppData\Roaming\npm;D:\Applications1\code\webstorm\WebStorm 2022.3.2\bin;;D:\Applications1\play\QQgame\Hall.57975\
13:29:35.735 [main] DEBUG com.gaoda.io.PropertyResolver -- PropertyResolver: PATHEXT = .COM;.EXE;.BAT;.CMD;.VBS;.VBE;.JS;.JSE;.WSF;.WSH;.MSC
13:29:35.735 [main] DEBUG com.gaoda.io.PropertyResolver -- PropertyResolver: PROCESSOR_ARCHITECTURE = AMD64
13:29:35.735 [main] DEBUG com.gaoda.io.PropertyResolver -- PropertyResolver: PROCESSOR_IDENTIFIER = AMD64 Family 23 Model 96 Stepping 1, AuthenticAMD
13:29:35.735 [main] DEBUG com.gaoda.io.PropertyResolver -- PropertyResolver: PROCESSOR_LEVEL = 23
13:29:35.735 [main] DEBUG com.gaoda.io.PropertyResolver -- PropertyResolver: PROCESSOR_REVISION = 6001
13:29:35.735 [main] DEBUG com.gaoda.io.PropertyResolver -- PropertyResolver: PROGRAMDATA = C:\ProgramData
13:29:35.735 [main] DEBUG com.gaoda.io.PropertyResolver -- PropertyResolver: PROGRAMFILES = C:\Program Files
13:29:35.735 [main] DEBUG com.gaoda.io.PropertyResolver -- PropertyResolver: PROGRAMFILES(X86) = C:\Program Files (x86)
13:29:35.735 [main] DEBUG com.gaoda.io.PropertyResolver -- PropertyResolver: PROGRAMW6432 = C:\Program Files
13:29:35.735 [main] DEBUG com.gaoda.io.PropertyResolver -- PropertyResolver: PROMPT = $P$G
13:29:35.735 [main] DEBUG com.gaoda.io.PropertyResolver -- PropertyResolver: PSMODULEPATH = C:\Program Files\WindowsPowerShell\Modules;C:\Windows\system32\WindowsPowerShell\v1.0\Modules
13:29:35.735 [main] DEBUG com.gaoda.io.PropertyResolver -- PropertyResolver: PUBLIC = C:\Users\Public
13:29:35.735 [main] DEBUG com.gaoda.io.PropertyResolver -- PropertyResolver: SESSIONNAME = Console
13:29:35.735 [main] DEBUG com.gaoda.io.PropertyResolver -- PropertyResolver: SYSTEMDRIVE = C:
13:29:35.735 [main] DEBUG com.gaoda.io.PropertyResolver -- PropertyResolver: SYSTEMROOT = C:\Windows
13:29:35.735 [main] DEBUG com.gaoda.io.PropertyResolver -- PropertyResolver: TEMP = C:\Users\Gundam\AppData\Local\Temp
13:29:35.735 [main] DEBUG com.gaoda.io.PropertyResolver -- PropertyResolver: TMP = C:\Users\Gundam\AppData\Local\Temp
13:29:35.735 [main] DEBUG com.gaoda.io.PropertyResolver -- PropertyResolver: TNS_ADMIN = D:\Code\oracle\Ora10InstantClient
13:29:35.735 [main] DEBUG com.gaoda.io.PropertyResolver -- PropertyResolver: USERDOMAIN = DESKTOP-HR12F04
13:29:35.735 [main] DEBUG com.gaoda.io.PropertyResolver -- PropertyResolver: USERDOMAIN_ROAMINGPROFILE = DESKTOP-HR12F04
13:29:35.735 [main] DEBUG com.gaoda.io.PropertyResolver -- PropertyResolver: USERNAME = Gundam
13:29:35.735 [main] DEBUG com.gaoda.io.PropertyResolver -- PropertyResolver: USERPROFILE = C:\Users\Gundam
13:29:35.735 [main] DEBUG com.gaoda.io.PropertyResolver -- PropertyResolver: WEBSTORM = D:\Applications1\code\webstorm\WebStorm 2022.3.2\bin;
13:29:35.735 [main] DEBUG com.gaoda.io.PropertyResolver -- PropertyResolver: WINDIR = C:\Windows
13:29:35.735 [main] DEBUG com.gaoda.io.PropertyResolver -- PropertyResolver: app.title = Scan App
13:29:35.735 [main] DEBUG com.gaoda.io.PropertyResolver -- PropertyResolver: app.version = v1.0
13:29:35.735 [main] DEBUG com.gaoda.io.PropertyResolver -- PropertyResolver: convert.boolean = true
13:29:35.735 [main] DEBUG com.gaoda.io.PropertyResolver -- PropertyResolver: convert.byte = 123
13:29:35.735 [main] DEBUG com.gaoda.io.PropertyResolver -- PropertyResolver: convert.double = 123456789.87654321
13:29:35.735 [main] DEBUG com.gaoda.io.PropertyResolver -- PropertyResolver: convert.duration = P2DT3H4M
13:29:35.736 [main] DEBUG com.gaoda.io.PropertyResolver -- PropertyResolver: convert.float = 12345.6789
13:29:35.736 [main] DEBUG com.gaoda.io.PropertyResolver -- PropertyResolver: convert.integer = 1234567
13:29:35.736 [main] DEBUG com.gaoda.io.PropertyResolver -- PropertyResolver: convert.localdate = 2023-03-29
13:29:35.736 [main] DEBUG com.gaoda.io.PropertyResolver -- PropertyResolver: convert.localdatetime = 2023-03-29T20:45:01
13:29:35.736 [main] DEBUG com.gaoda.io.PropertyResolver -- PropertyResolver: convert.localtime = 20:45:01
13:29:35.736 [main] DEBUG com.gaoda.io.PropertyResolver -- PropertyResolver: convert.long = 123456789000
13:29:35.736 [main] DEBUG com.gaoda.io.PropertyResolver -- PropertyResolver: convert.short = 12345
13:29:35.736 [main] DEBUG com.gaoda.io.PropertyResolver -- PropertyResolver: convert.zoneddatetime = 2023-03-29T20:45:01+08:00[Asia/Shanghai]
13:29:35.736 [main] DEBUG com.gaoda.io.PropertyResolver -- PropertyResolver: convert.zoneid = Asia/Shanghai
13:29:35.736 [main] DEBUG com.gaoda.io.PropertyResolver -- PropertyResolver: jdbc.password = 
13:29:35.736 [main] DEBUG com.gaoda.io.PropertyResolver -- PropertyResolver: jdbc.url = jdbc:hsqldb:file:testdb.tmp
13:29:35.736 [main] DEBUG com.gaoda.io.PropertyResolver -- PropertyResolver: jdbc.username = sa
13:29:35.736 [main] INFO  c.g.c.AnnotationConfigApplicationContext -- component scan in packages: [com.itranswarp.scan]
13:29:35.736 [main] DEBUG c.g.c.AnnotationConfigApplicationContext -- scan package: com.itranswarp.scan
13:29:35.736 [main] DEBUG com.gaoda.io.ResourceResolver -- scan path: com/itranswarp/scan
13:29:35.737 [main] DEBUG com.gaoda.io.ResourceResolver -- found resource: Resource[path=file:D:\Codes\Projects\summer\summer_framework\Summer_Framework\target\test-classes\com\itranswarp\scan\convert\ValueConverterBean.class, name=com\itranswarp\scan\convert\ValueConverterBean.class]
13:29:35.740 [main] DEBUG com.gaoda.io.ResourceResolver -- found resource: Resource[path=file:D:\Codes\Projects\summer\summer_framework\Summer_Framework\target\test-classes\com\itranswarp\scan\custom\annotation\CustomAnnotation.class, name=com\itranswarp\scan\custom\annotation\CustomAnnotation.class]
13:29:35.741 [main] DEBUG com.gaoda.io.ResourceResolver -- found resource: Resource[path=file:D:\Codes\Projects\summer\summer_framework\Summer_Framework\target\test-classes\com\itranswarp\scan\custom\annotation\CustomAnnotationBean.class, name=com\itranswarp\scan\custom\annotation\CustomAnnotationBean.class]
13:29:35.741 [main] DEBUG com.gaoda.io.ResourceResolver -- found resource: Resource[path=file:D:\Codes\Projects\summer\summer_framework\Summer_Framework\target\test-classes\com\itranswarp\scan\destroy\AnnotationDestroyBean.class, name=com\itranswarp\scan\destroy\AnnotationDestroyBean.class]
13:29:35.742 [main] DEBUG com.gaoda.io.ResourceResolver -- found resource: Resource[path=file:D:\Codes\Projects\summer\summer_framework\Summer_Framework\target\test-classes\com\itranswarp\scan\destroy\SpecifyDestroyBean.class, name=com\itranswarp\scan\destroy\SpecifyDestroyBean.class]
13:29:35.742 [main] DEBUG com.gaoda.io.ResourceResolver -- found resource: Resource[path=file:D:\Codes\Projects\summer\summer_framework\Summer_Framework\target\test-classes\com\itranswarp\scan\destroy\SpecifyDestroyConfiguration.class, name=com\itranswarp\scan\destroy\SpecifyDestroyConfiguration.class]
13:29:35.743 [main] DEBUG com.gaoda.io.ResourceResolver -- found resource: Resource[path=file:D:\Codes\Projects\summer\summer_framework\Summer_Framework\target\test-classes\com\itranswarp\scan\init\AnnotationInitBean.class, name=com\itranswarp\scan\init\AnnotationInitBean.class]
13:29:35.744 [main] DEBUG com.gaoda.io.ResourceResolver -- found resource: Resource[path=file:D:\Codes\Projects\summer\summer_framework\Summer_Framework\target\test-classes\com\itranswarp\scan\init\SpecifyInitBean.class, name=com\itranswarp\scan\init\SpecifyInitBean.class]
13:29:35.744 [main] DEBUG com.gaoda.io.ResourceResolver -- found resource: Resource[path=file:D:\Codes\Projects\summer\summer_framework\Summer_Framework\target\test-classes\com\itranswarp\scan\init\SpecifyInitConfiguration.class, name=com\itranswarp\scan\init\SpecifyInitConfiguration.class]
13:29:35.745 [main] DEBUG com.gaoda.io.ResourceResolver -- found resource: Resource[path=file:D:\Codes\Projects\summer\summer_framework\Summer_Framework\target\test-classes\com\itranswarp\scan\nested\OuterBean$NestedBean.class, name=com\itranswarp\scan\nested\OuterBean$NestedBean.class]
13:29:35.745 [main] DEBUG com.gaoda.io.ResourceResolver -- found resource: Resource[path=file:D:\Codes\Projects\summer\summer_framework\Summer_Framework\target\test-classes\com\itranswarp\scan\nested\OuterBean.class, name=com\itranswarp\scan\nested\OuterBean.class]
13:29:35.746 [main] DEBUG com.gaoda.io.ResourceResolver -- found resource: Resource[path=file:D:\Codes\Projects\summer\summer_framework\Summer_Framework\target\test-classes\com\itranswarp\scan\primary\DogBean.class, name=com\itranswarp\scan\primary\DogBean.class]
13:29:35.746 [main] DEBUG com.gaoda.io.ResourceResolver -- found resource: Resource[path=file:D:\Codes\Projects\summer\summer_framework\Summer_Framework\target\test-classes\com\itranswarp\scan\primary\PersonBean.class, name=com\itranswarp\scan\primary\PersonBean.class]
13:29:35.747 [main] DEBUG com.gaoda.io.ResourceResolver -- found resource: Resource[path=file:D:\Codes\Projects\summer\summer_framework\Summer_Framework\target\test-classes\com\itranswarp\scan\primary\PrimaryConfiguration.class, name=com\itranswarp\scan\primary\PrimaryConfiguration.class]
13:29:35.747 [main] DEBUG com.gaoda.io.ResourceResolver -- found resource: Resource[path=file:D:\Codes\Projects\summer\summer_framework\Summer_Framework\target\test-classes\com\itranswarp\scan\primary\StudentBean.class, name=com\itranswarp\scan\primary\StudentBean.class]
13:29:35.747 [main] DEBUG com.gaoda.io.ResourceResolver -- found resource: Resource[path=file:D:\Codes\Projects\summer\summer_framework\Summer_Framework\target\test-classes\com\itranswarp\scan\primary\TeacherBean.class, name=com\itranswarp\scan\primary\TeacherBean.class]
13:29:35.748 [main] DEBUG com.gaoda.io.ResourceResolver -- found resource: Resource[path=file:D:\Codes\Projects\summer\summer_framework\Summer_Framework\target\test-classes\com\itranswarp\scan\proxy\FirstProxyBean.class, name=com\itranswarp\scan\proxy\FirstProxyBean.class]
13:29:35.748 [main] DEBUG com.gaoda.io.ResourceResolver -- found resource: Resource[path=file:D:\Codes\Projects\summer\summer_framework\Summer_Framework\target\test-classes\com\itranswarp\scan\proxy\FirstProxyBeanPostProcessor.class, name=com\itranswarp\scan\proxy\FirstProxyBeanPostProcessor.class]
13:29:35.748 [main] DEBUG com.gaoda.io.ResourceResolver -- found resource: Resource[path=file:D:\Codes\Projects\summer\summer_framework\Summer_Framework\target\test-classes\com\itranswarp\scan\proxy\InjectProxyOnConstructorBean.class, name=com\itranswarp\scan\proxy\InjectProxyOnConstructorBean.class]
13:29:35.749 [main] DEBUG com.gaoda.io.ResourceResolver -- found resource: Resource[path=file:D:\Codes\Projects\summer\summer_framework\Summer_Framework\target\test-classes\com\itranswarp\scan\proxy\InjectProxyOnPropertyBean.class, name=com\itranswarp\scan\proxy\InjectProxyOnPropertyBean.class]
13:29:35.749 [main] DEBUG com.gaoda.io.ResourceResolver -- found resource: Resource[path=file:D:\Codes\Projects\summer\summer_framework\Summer_Framework\target\test-classes\com\itranswarp\scan\proxy\OriginBean.class, name=com\itranswarp\scan\proxy\OriginBean.class]
13:29:35.749 [main] DEBUG com.gaoda.io.ResourceResolver -- found resource: Resource[path=file:D:\Codes\Projects\summer\summer_framework\Summer_Framework\target\test-classes\com\itranswarp\scan\proxy\SecondProxyBean.class, name=com\itranswarp\scan\proxy\SecondProxyBean.class]
13:29:35.750 [main] DEBUG com.gaoda.io.ResourceResolver -- found resource: Resource[path=file:D:\Codes\Projects\summer\summer_framework\Summer_Framework\target\test-classes\com\itranswarp\scan\proxy\SecondProxyBeanPostProcessor.class, name=com\itranswarp\scan\proxy\SecondProxyBeanPostProcessor.class]
13:29:35.750 [main] DEBUG com.gaoda.io.ResourceResolver -- found resource: Resource[path=file:D:\Codes\Projects\summer\summer_framework\Summer_Framework\target\test-classes\com\itranswarp\scan\ScanApplication.class, name=com\itranswarp\scan\ScanApplication.class]
13:29:35.751 [main] DEBUG com.gaoda.io.ResourceResolver -- found resource: Resource[path=file:D:\Codes\Projects\summer\summer_framework\Summer_Framework\target\test-classes\com\itranswarp\scan\sub1\sub1.txt, name=com\itranswarp\scan\sub1\sub1.txt]
13:29:35.751 [main] DEBUG com.gaoda.io.ResourceResolver -- found resource: Resource[path=file:D:\Codes\Projects\summer\summer_framework\Summer_Framework\target\test-classes\com\itranswarp\scan\sub1\Sub1Bean.class, name=com\itranswarp\scan\sub1\Sub1Bean.class]
13:29:35.751 [main] DEBUG com.gaoda.io.ResourceResolver -- found resource: Resource[path=file:D:\Codes\Projects\summer\summer_framework\Summer_Framework\target\test-classes\com\itranswarp\scan\sub1\sub2\sub2.txt, name=com\itranswarp\scan\sub1\sub2\sub2.txt]
13:29:35.752 [main] DEBUG com.gaoda.io.ResourceResolver -- found resource: Resource[path=file:D:\Codes\Projects\summer\summer_framework\Summer_Framework\target\test-classes\com\itranswarp\scan\sub1\sub2\Sub2Bean.class, name=com\itranswarp\scan\sub1\sub2\Sub2Bean.class]
13:29:35.753 [main] DEBUG com.gaoda.io.ResourceResolver -- found resource: Resource[path=file:D:\Codes\Projects\summer\summer_framework\Summer_Framework\target\test-classes\com\itranswarp\scan\sub1\sub2\sub3\sub3.txt, name=com\itranswarp\scan\sub1\sub2\sub3\sub3.txt]
13:29:35.753 [main] DEBUG com.gaoda.io.ResourceResolver -- found resource: Resource[path=file:D:\Codes\Projects\summer\summer_framework\Summer_Framework\target\test-classes\com\itranswarp\scan\sub1\sub2\sub3\Sub3Bean.class, name=com\itranswarp\scan\sub1\sub2\sub3\Sub3Bean.class]
13:29:35.753 [main] DEBUG c.g.c.AnnotationConfigApplicationContext -- class found by component scan: com.itranswarp.scan.convert.ValueConverterBean
13:29:35.753 [main] DEBUG c.g.c.AnnotationConfigApplicationContext -- class found by component scan: com.itranswarp.scan.custom.annotation.CustomAnnotation
13:29:35.753 [main] DEBUG c.g.c.AnnotationConfigApplicationContext -- class found by component scan: com.itranswarp.scan.custom.annotation.CustomAnnotationBean
13:29:35.753 [main] DEBUG c.g.c.AnnotationConfigApplicationContext -- class found by component scan: com.itranswarp.scan.destroy.AnnotationDestroyBean
13:29:35.753 [main] DEBUG c.g.c.AnnotationConfigApplicationContext -- class found by component scan: com.itranswarp.scan.destroy.SpecifyDestroyBean
13:29:35.753 [main] DEBUG c.g.c.AnnotationConfigApplicationContext -- class found by component scan: com.itranswarp.scan.destroy.SpecifyDestroyConfiguration
13:29:35.753 [main] DEBUG c.g.c.AnnotationConfigApplicationContext -- class found by component scan: com.itranswarp.scan.init.AnnotationInitBean
13:29:35.753 [main] DEBUG c.g.c.AnnotationConfigApplicationContext -- class found by component scan: com.itranswarp.scan.init.SpecifyInitBean
13:29:35.753 [main] DEBUG c.g.c.AnnotationConfigApplicationContext -- class found by component scan: com.itranswarp.scan.init.SpecifyInitConfiguration
13:29:35.753 [main] DEBUG c.g.c.AnnotationConfigApplicationContext -- class found by component scan: com.itranswarp.scan.nested.OuterBean$NestedBean
13:29:35.753 [main] DEBUG c.g.c.AnnotationConfigApplicationContext -- class found by component scan: com.itranswarp.scan.nested.OuterBean
13:29:35.753 [main] DEBUG c.g.c.AnnotationConfigApplicationContext -- class found by component scan: com.itranswarp.scan.primary.DogBean
13:29:35.753 [main] DEBUG c.g.c.AnnotationConfigApplicationContext -- class found by component scan: com.itranswarp.scan.primary.PersonBean
13:29:35.753 [main] DEBUG c.g.c.AnnotationConfigApplicationContext -- class found by component scan: com.itranswarp.scan.primary.PrimaryConfiguration
13:29:35.753 [main] DEBUG c.g.c.AnnotationConfigApplicationContext -- class found by component scan: com.itranswarp.scan.primary.StudentBean
13:29:35.753 [main] DEBUG c.g.c.AnnotationConfigApplicationContext -- class found by component scan: com.itranswarp.scan.primary.TeacherBean
13:29:35.753 [main] DEBUG c.g.c.AnnotationConfigApplicationContext -- class found by component scan: com.itranswarp.scan.proxy.FirstProxyBean
13:29:35.753 [main] DEBUG c.g.c.AnnotationConfigApplicationContext -- class found by component scan: com.itranswarp.scan.proxy.FirstProxyBeanPostProcessor
13:29:35.753 [main] DEBUG c.g.c.AnnotationConfigApplicationContext -- class found by component scan: com.itranswarp.scan.proxy.InjectProxyOnConstructorBean
13:29:35.753 [main] DEBUG c.g.c.AnnotationConfigApplicationContext -- class found by component scan: com.itranswarp.scan.proxy.InjectProxyOnPropertyBean
13:29:35.753 [main] DEBUG c.g.c.AnnotationConfigApplicationContext -- class found by component scan: com.itranswarp.scan.proxy.OriginBean
13:29:35.753 [main] DEBUG c.g.c.AnnotationConfigApplicationContext -- class found by component scan: com.itranswarp.scan.proxy.SecondProxyBean
13:29:35.753 [main] DEBUG c.g.c.AnnotationConfigApplicationContext -- class found by component scan: com.itranswarp.scan.proxy.SecondProxyBeanPostProcessor
13:29:35.753 [main] DEBUG c.g.c.AnnotationConfigApplicationContext -- class found by component scan: com.itranswarp.scan.ScanApplication
13:29:35.753 [main] DEBUG c.g.c.AnnotationConfigApplicationContext -- class found by component scan: com.itranswarp.scan.sub1.Sub1Bean
13:29:35.753 [main] DEBUG c.g.c.AnnotationConfigApplicationContext -- class found by component scan: com.itranswarp.scan.sub1.sub2.Sub2Bean
13:29:35.753 [main] DEBUG c.g.c.AnnotationConfigApplicationContext -- class found by component scan: com.itranswarp.scan.sub1.sub2.sub3.Sub3Bean
13:29:35.753 [main] DEBUG c.g.c.AnnotationConfigApplicationContext -- class found by import: com.itranswarp.imported.LocalDateConfiguration
13:29:35.753 [main] DEBUG c.g.c.AnnotationConfigApplicationContext -- class found by import: com.itranswarp.imported.ZonedDateConfiguration
13:29:35.754 [main] DEBUG c.g.c.AnnotationConfigApplicationContext -- found component: com.itranswarp.scan.proxy.SecondProxyBeanPostProcessor
13:29:35.754 [main] DEBUG c.g.c.AnnotationConfigApplicationContext -- define bean: BeanDefinition [name=secondProxyBeanPostProcessor, beanClass=com.itranswarp.scan.proxy.SecondProxyBeanPostProcessor, factory=null, init-method=null, destroy-method=null, primary=false, instance=null]
13:29:35.754 [main] DEBUG c.g.c.AnnotationConfigApplicationContext -- found component: com.itranswarp.scan.destroy.AnnotationDestroyBean
13:29:35.754 [main] DEBUG c.g.c.AnnotationConfigApplicationContext -- define bean: BeanDefinition [name=annotationDestroyBean, beanClass=com.itranswarp.scan.destroy.AnnotationDestroyBean, factory=null, init-method=null, destroy-method=destroy, primary=false, instance=null]
13:29:35.754 [main] DEBUG c.g.c.AnnotationConfigApplicationContext -- found component: com.itranswarp.scan.primary.StudentBean
13:29:35.754 [main] DEBUG c.g.c.AnnotationConfigApplicationContext -- define bean: BeanDefinition [name=studentBean, beanClass=com.itranswarp.scan.primary.StudentBean, factory=null, init-method=null, destroy-method=null, primary=false, instance=null]
13:29:35.754 [main] DEBUG c.g.c.AnnotationConfigApplicationContext -- found component: com.itranswarp.scan.sub1.sub2.Sub2Bean
13:29:35.754 [main] DEBUG c.g.c.AnnotationConfigApplicationContext -- define bean: BeanDefinition [name=sub2Bean, beanClass=com.itranswarp.scan.sub1.sub2.Sub2Bean, factory=null, init-method=null, destroy-method=null, primary=false, instance=null]
13:29:35.754 [main] DEBUG c.g.c.AnnotationConfigApplicationContext -- found component: com.itranswarp.scan.primary.TeacherBean
13:29:35.754 [main] DEBUG c.g.c.AnnotationConfigApplicationContext -- define bean: BeanDefinition [name=teacherBean, beanClass=com.itranswarp.scan.primary.TeacherBean, factory=null, init-method=null, destroy-method=null, primary=true, instance=null]
13:29:35.754 [main] DEBUG c.g.c.AnnotationConfigApplicationContext -- found component: com.itranswarp.scan.proxy.FirstProxyBeanPostProcessor
13:29:35.754 [main] DEBUG c.g.c.AnnotationConfigApplicationContext -- define bean: BeanDefinition [name=firstProxyBeanPostProcessor, beanClass=com.itranswarp.scan.proxy.FirstProxyBeanPostProcessor, factory=null, init-method=null, destroy-method=null, primary=false, instance=null]
13:29:35.754 [main] DEBUG c.g.c.AnnotationConfigApplicationContext -- found component: com.itranswarp.scan.primary.PrimaryConfiguration
13:29:35.754 [main] DEBUG c.g.c.AnnotationConfigApplicationContext -- define bean: BeanDefinition [name=primaryConfiguration, beanClass=com.itranswarp.scan.primary.PrimaryConfiguration, factory=null, init-method=null, destroy-method=null, primary=false, instance=null]
13:29:35.754 [main] DEBUG c.g.c.AnnotationConfigApplicationContext -- define bean: BeanDefinition [name=teddy, beanClass=com.itranswarp.scan.primary.DogBean, factory=PrimaryConfiguration.teddy(), init-method=null, destroy-method=null, primary=false, instance=null]
13:29:35.754 [main] DEBUG c.g.c.AnnotationConfigApplicationContext -- define bean: BeanDefinition [name=husky, beanClass=com.itranswarp.scan.primary.DogBean, factory=PrimaryConfiguration.husky(), init-method=null, destroy-method=null, primary=true, instance=null]
13:29:35.754 [main] DEBUG c.g.c.AnnotationConfigApplicationContext -- found component: com.itranswarp.imported.ZonedDateConfiguration
13:29:35.754 [main] DEBUG c.g.c.AnnotationConfigApplicationContext -- define bean: BeanDefinition [name=zonedDateConfiguration, beanClass=com.itranswarp.imported.ZonedDateConfiguration, factory=null, init-method=null, destroy-method=null, primary=false, instance=null]
13:29:35.754 [main] DEBUG c.g.c.AnnotationConfigApplicationContext -- define bean: BeanDefinition [name=startZonedDateTime, beanClass=java.time.ZonedDateTime, factory=ZonedDateConfiguration.startZonedDateTime(), init-method=null, destroy-method=null, primary=false, instance=null]
13:29:35.754 [main] DEBUG c.g.c.AnnotationConfigApplicationContext -- found component: com.itranswarp.scan.custom.annotation.CustomAnnotationBean
13:29:35.754 [main] DEBUG c.g.c.AnnotationConfigApplicationContext -- define bean: BeanDefinition [name=customAnnotation, beanClass=com.itranswarp.scan.custom.annotation.CustomAnnotationBean, factory=null, init-method=null, destroy-method=null, primary=false, instance=null]
13:29:35.754 [main] DEBUG c.g.c.AnnotationConfigApplicationContext -- found component: com.itranswarp.imported.LocalDateConfiguration
13:29:35.754 [main] DEBUG c.g.c.AnnotationConfigApplicationContext -- define bean: BeanDefinition [name=localDateConfiguration, beanClass=com.itranswarp.imported.LocalDateConfiguration, factory=null, init-method=null, destroy-method=null, primary=false, instance=null]
13:29:35.754 [main] DEBUG c.g.c.AnnotationConfigApplicationContext -- define bean: BeanDefinition [name=startLocalDate, beanClass=java.time.LocalDate, factory=LocalDateConfiguration.startLocalDate(), init-method=null, destroy-method=null, primary=false, instance=null]
13:29:35.754 [main] DEBUG c.g.c.AnnotationConfigApplicationContext -- define bean: BeanDefinition [name=startLocalDateTime, beanClass=java.time.LocalDateTime, factory=LocalDateConfiguration.startLocalDateTime(), init-method=null, destroy-method=null, primary=false, instance=null]
13:29:35.754 [main] DEBUG c.g.c.AnnotationConfigApplicationContext -- found component: com.itranswarp.scan.convert.ValueConverterBean
13:29:35.754 [main] DEBUG c.g.c.AnnotationConfigApplicationContext -- define bean: BeanDefinition [name=valueConverterBean, beanClass=com.itranswarp.scan.convert.ValueConverterBean, factory=null, init-method=null, destroy-method=null, primary=false, instance=null]
13:29:35.754 [main] DEBUG c.g.c.AnnotationConfigApplicationContext -- found component: com.itranswarp.scan.nested.OuterBean$NestedBean
13:29:35.754 [main] DEBUG c.g.c.AnnotationConfigApplicationContext -- define bean: BeanDefinition [name=nestedBean, beanClass=com.itranswarp.scan.nested.OuterBean$NestedBean, factory=null, init-method=null, destroy-method=null, primary=false, instance=null]
13:29:35.754 [main] DEBUG c.g.c.AnnotationConfigApplicationContext -- found component: com.itranswarp.scan.nested.OuterBean
13:29:35.754 [main] DEBUG c.g.c.AnnotationConfigApplicationContext -- define bean: BeanDefinition [name=outerBean, beanClass=com.itranswarp.scan.nested.OuterBean, factory=null, init-method=null, destroy-method=null, primary=false, instance=null]
13:29:35.754 [main] DEBUG c.g.c.AnnotationConfigApplicationContext -- found component: com.itranswarp.scan.destroy.SpecifyDestroyConfiguration
13:29:35.754 [main] DEBUG c.g.c.AnnotationConfigApplicationContext -- define bean: BeanDefinition [name=specifyDestroyConfiguration, beanClass=com.itranswarp.scan.destroy.SpecifyDestroyConfiguration, factory=null, init-method=null, destroy-method=null, primary=false, instance=null]
13:29:35.754 [main] DEBUG c.g.c.AnnotationConfigApplicationContext -- define bean: BeanDefinition [name=createSpecifyDestroyBean, beanClass=com.itranswarp.scan.destroy.SpecifyDestroyBean, factory=SpecifyDestroyConfiguration.createSpecifyDestroyBean(String), init-method=null, destroy-method=null, primary=false, instance=null]
13:29:35.754 [main] DEBUG c.g.c.AnnotationConfigApplicationContext -- found component: com.itranswarp.scan.proxy.InjectProxyOnConstructorBean
13:29:35.754 [main] DEBUG c.g.c.AnnotationConfigApplicationContext -- define bean: BeanDefinition [name=injectProxyOnConstructorBean, beanClass=com.itranswarp.scan.proxy.InjectProxyOnConstructorBean, factory=null, init-method=null, destroy-method=null, primary=false, instance=null]
13:29:35.754 [main] DEBUG c.g.c.AnnotationConfigApplicationContext -- found component: com.itranswarp.scan.init.SpecifyInitConfiguration
13:29:35.754 [main] DEBUG c.g.c.AnnotationConfigApplicationContext -- define bean: BeanDefinition [name=specifyInitConfiguration, beanClass=com.itranswarp.scan.init.SpecifyInitConfiguration, factory=null, init-method=null, destroy-method=null, primary=false, instance=null]
13:29:35.754 [main] DEBUG c.g.c.AnnotationConfigApplicationContext -- define bean: BeanDefinition [name=createSpecifyInitBean, beanClass=com.itranswarp.scan.init.SpecifyInitBean, factory=SpecifyInitConfiguration.createSpecifyInitBean(String, String), init-method=null, destroy-method=null, primary=false, instance=null]
13:29:35.754 [main] DEBUG c.g.c.AnnotationConfigApplicationContext -- found component: com.itranswarp.scan.proxy.InjectProxyOnPropertyBean
13:29:35.755 [main] DEBUG c.g.c.AnnotationConfigApplicationContext -- define bean: BeanDefinition [name=injectProxyOnPropertyBean, beanClass=com.itranswarp.scan.proxy.InjectProxyOnPropertyBean, factory=null, init-method=null, destroy-method=null, primary=false, instance=null]
13:29:35.755 [main] DEBUG c.g.c.AnnotationConfigApplicationContext -- found component: com.itranswarp.scan.proxy.OriginBean
13:29:35.755 [main] DEBUG c.g.c.AnnotationConfigApplicationContext -- define bean: BeanDefinition [name=originBean, beanClass=com.itranswarp.scan.proxy.OriginBean, factory=null, init-method=null, destroy-method=null, primary=false, instance=null]
13:29:35.755 [main] DEBUG c.g.c.AnnotationConfigApplicationContext -- found component: com.itranswarp.scan.sub1.sub2.sub3.Sub3Bean
13:29:35.755 [main] DEBUG c.g.c.AnnotationConfigApplicationContext -- define bean: BeanDefinition [name=sub3Bean, beanClass=com.itranswarp.scan.sub1.sub2.sub3.Sub3Bean, factory=null, init-method=null, destroy-method=null, primary=false, instance=null]
13:29:35.755 [main] DEBUG c.g.c.AnnotationConfigApplicationContext -- found component: com.itranswarp.scan.sub1.Sub1Bean
13:29:35.755 [main] DEBUG c.g.c.AnnotationConfigApplicationContext -- define bean: BeanDefinition [name=sub1Bean, beanClass=com.itranswarp.scan.sub1.Sub1Bean, factory=null, init-method=null, destroy-method=null, primary=false, instance=null]
13:29:35.755 [main] DEBUG c.g.c.AnnotationConfigApplicationContext -- found component: com.itranswarp.scan.init.AnnotationInitBean
13:29:35.755 [main] DEBUG c.g.c.AnnotationConfigApplicationContext -- define bean: BeanDefinition [name=annotationInitBean, beanClass=com.itranswarp.scan.init.AnnotationInitBean, factory=null, init-method=init, destroy-method=null, primary=false, instance=null]
13:29:35.755 [main] DEBUG c.g.c.AnnotationConfigApplicationContext -- Try create bean 'localDateConfiguration' as early singleton: com.itranswarp.imported.LocalDateConfiguration
13:29:35.755 [main] DEBUG c.g.c.AnnotationConfigApplicationContext -- Try create bean 'primaryConfiguration' as early singleton: com.itranswarp.scan.primary.PrimaryConfiguration
13:29:35.755 [main] DEBUG c.g.c.AnnotationConfigApplicationContext -- Try create bean 'specifyDestroyConfiguration' as early singleton: com.itranswarp.scan.destroy.SpecifyDestroyConfiguration
13:29:35.755 [main] DEBUG c.g.c.AnnotationConfigApplicationContext -- Try create bean 'specifyInitConfiguration' as early singleton: com.itranswarp.scan.init.SpecifyInitConfiguration
13:29:35.755 [main] DEBUG c.g.c.AnnotationConfigApplicationContext -- Try create bean 'zonedDateConfiguration' as early singleton: com.itranswarp.imported.ZonedDateConfiguration
13:29:35.755 [main] DEBUG c.g.c.AnnotationConfigApplicationContext -- Try create bean 'firstProxyBeanPostProcessor' as early singleton: com.itranswarp.scan.proxy.FirstProxyBeanPostProcessor
13:29:35.755 [main] DEBUG c.g.c.AnnotationConfigApplicationContext -- Try create bean 'secondProxyBeanPostProcessor' as early singleton: com.itranswarp.scan.proxy.SecondProxyBeanPostProcessor
13:29:35.755 [main] DEBUG c.g.c.AnnotationConfigApplicationContext -- Try create bean 'annotationDestroyBean' as early singleton: com.itranswarp.scan.destroy.AnnotationDestroyBean
13:29:35.755 [main] DEBUG c.g.c.AnnotationConfigApplicationContext -- Try create bean 'annotationInitBean' as early singleton: com.itranswarp.scan.init.AnnotationInitBean
13:29:35.755 [main] DEBUG c.g.c.AnnotationConfigApplicationContext -- Try create bean 'createSpecifyDestroyBean' as early singleton: com.itranswarp.scan.destroy.SpecifyDestroyBean
13:29:35.755 [main] DEBUG c.g.c.AnnotationConfigApplicationContext -- Try create bean 'createSpecifyInitBean' as early singleton: com.itranswarp.scan.init.SpecifyInitBean
13:29:35.755 [main] DEBUG c.g.c.AnnotationConfigApplicationContext -- Try create bean 'customAnnotation' as early singleton: com.itranswarp.scan.custom.annotation.CustomAnnotationBean
13:29:35.755 [main] DEBUG c.g.c.AnnotationConfigApplicationContext -- Try create bean 'husky' as early singleton: com.itranswarp.scan.primary.DogBean
13:29:35.755 [main] DEBUG c.g.c.AnnotationConfigApplicationContext -- Try create bean 'injectProxyOnConstructorBean' as early singleton: com.itranswarp.scan.proxy.InjectProxyOnConstructorBean
13:29:35.755 [main] DEBUG c.g.c.AnnotationConfigApplicationContext -- Try create bean 'originBean' as early singleton: com.itranswarp.scan.proxy.OriginBean
13:29:35.756 [main] DEBUG c.i.s.p.FirstProxyBeanPostProcessor -- create first proxy for bean 'originBean': com.itranswarp.scan.proxy.OriginBean@34abdee4
13:29:35.756 [main] DEBUG c.g.c.AnnotationConfigApplicationContext -- Bean 'originBean' was replaced by post processor com.itranswarp.scan.proxy.FirstProxyBeanPostProcessor.
13:29:35.756 [main] DEBUG c.i.s.p.SecondProxyBeanPostProcessor -- create second proxy for bean 'originBean': com.itranswarp.scan.proxy.FirstProxyBean@71a9b4c7
13:29:35.756 [main] DEBUG c.g.c.AnnotationConfigApplicationContext -- Bean 'originBean' was replaced by post processor com.itranswarp.scan.proxy.SecondProxyBeanPostProcessor.
13:29:35.756 [main] DEBUG c.g.c.AnnotationConfigApplicationContext -- Try create bean 'injectProxyOnPropertyBean' as early singleton: com.itranswarp.scan.proxy.InjectProxyOnPropertyBean
13:29:35.756 [main] DEBUG c.g.c.AnnotationConfigApplicationContext -- Try create bean 'nestedBean' as early singleton: com.itranswarp.scan.nested.OuterBean$NestedBean
13:29:35.756 [main] DEBUG c.g.c.AnnotationConfigApplicationContext -- Try create bean 'outerBean' as early singleton: com.itranswarp.scan.nested.OuterBean
13:29:35.756 [main] DEBUG c.g.c.AnnotationConfigApplicationContext -- Try create bean 'startLocalDate' as early singleton: java.time.LocalDate
13:29:35.756 [main] DEBUG c.g.c.AnnotationConfigApplicationContext -- Try create bean 'startLocalDateTime' as early singleton: java.time.LocalDateTime
13:29:35.756 [main] DEBUG c.g.c.AnnotationConfigApplicationContext -- Try create bean 'startZonedDateTime' as early singleton: java.time.ZonedDateTime
13:29:35.756 [main] DEBUG c.g.c.AnnotationConfigApplicationContext -- Try create bean 'studentBean' as early singleton: com.itranswarp.scan.primary.StudentBean
13:29:35.756 [main] DEBUG c.g.c.AnnotationConfigApplicationContext -- Try create bean 'sub1Bean' as early singleton: com.itranswarp.scan.sub1.Sub1Bean
13:29:35.756 [main] DEBUG c.g.c.AnnotationConfigApplicationContext -- Try create bean 'sub2Bean' as early singleton: com.itranswarp.scan.sub1.sub2.Sub2Bean
13:29:35.756 [main] DEBUG c.g.c.AnnotationConfigApplicationContext -- Try create bean 'sub3Bean' as early singleton: com.itranswarp.scan.sub1.sub2.sub3.Sub3Bean
13:29:35.756 [main] DEBUG c.g.c.AnnotationConfigApplicationContext -- Try create bean 'teacherBean' as early singleton: com.itranswarp.scan.primary.TeacherBean
13:29:35.756 [main] DEBUG c.g.c.AnnotationConfigApplicationContext -- Try create bean 'teddy' as early singleton: com.itranswarp.scan.primary.DogBean
13:29:35.756 [main] DEBUG c.g.c.AnnotationConfigApplicationContext -- Try create bean 'valueConverterBean' as early singleton: com.itranswarp.scan.convert.ValueConverterBean
13:29:35.756 [main] DEBUG c.g.c.AnnotationConfigApplicationContext -- Field injection: com.itranswarp.scan.convert.ValueConverterBean.injectedBooleanPrimitive = true
13:29:35.756 [main] DEBUG c.g.c.AnnotationConfigApplicationContext -- Field injection: com.itranswarp.scan.convert.ValueConverterBean.injectedBoolean = true
13:29:35.756 [main] DEBUG c.g.c.AnnotationConfigApplicationContext -- Field injection: com.itranswarp.scan.convert.ValueConverterBean.injectedBytePrimitive = 123
13:29:35.756 [main] DEBUG c.g.c.AnnotationConfigApplicationContext -- Field injection: com.itranswarp.scan.convert.ValueConverterBean.injectedByte = 123
13:29:35.756 [main] DEBUG c.g.c.AnnotationConfigApplicationContext -- Field injection: com.itranswarp.scan.convert.ValueConverterBean.injectedShortPrimitive = 12345
13:29:35.756 [main] DEBUG c.g.c.AnnotationConfigApplicationContext -- Field injection: com.itranswarp.scan.convert.ValueConverterBean.injectedShort = 12345
13:29:35.756 [main] DEBUG c.g.c.AnnotationConfigApplicationContext -- Field injection: com.itranswarp.scan.convert.ValueConverterBean.injectedIntPrimitive = 1234567
13:29:35.756 [main] DEBUG c.g.c.AnnotationConfigApplicationContext -- Field injection: com.itranswarp.scan.convert.ValueConverterBean.injectedInteger = 1234567
13:29:35.756 [main] DEBUG c.g.c.AnnotationConfigApplicationContext -- Field injection: com.itranswarp.scan.convert.ValueConverterBean.injectedLongPrimitive = 123456789000
13:29:35.756 [main] DEBUG c.g.c.AnnotationConfigApplicationContext -- Field injection: com.itranswarp.scan.convert.ValueConverterBean.injectedLong = 123456789000
13:29:35.756 [main] DEBUG c.g.c.AnnotationConfigApplicationContext -- Field injection: com.itranswarp.scan.convert.ValueConverterBean.injectedFloatPrimitive = 12345.679
13:29:35.756 [main] DEBUG c.g.c.AnnotationConfigApplicationContext -- Field injection: com.itranswarp.scan.convert.ValueConverterBean.injectedFloat = 12345.679
13:29:35.756 [main] DEBUG c.g.c.AnnotationConfigApplicationContext -- Field injection: com.itranswarp.scan.convert.ValueConverterBean.injectedDoublePrimitive = 1.2345678987654321E8
13:29:35.756 [main] DEBUG c.g.c.AnnotationConfigApplicationContext -- Field injection: com.itranswarp.scan.convert.ValueConverterBean.injectedDouble = 1.2345678987654321E8
13:29:35.756 [main] DEBUG c.g.c.AnnotationConfigApplicationContext -- Field injection: com.itranswarp.scan.convert.ValueConverterBean.injectedLocalDate = 2023-03-29
13:29:35.756 [main] DEBUG c.g.c.AnnotationConfigApplicationContext -- Field injection: com.itranswarp.scan.convert.ValueConverterBean.injectedLocalTime = 20:45:01
13:29:35.756 [main] DEBUG c.g.c.AnnotationConfigApplicationContext -- Field injection: com.itranswarp.scan.convert.ValueConverterBean.injectedLocalDateTime = 2023-03-29T20:45:01
13:29:35.756 [main] DEBUG c.g.c.AnnotationConfigApplicationContext -- Field injection: com.itranswarp.scan.convert.ValueConverterBean.injectedZonedDateTime = 2023-03-29T20:45:01+08:00[Asia/Shanghai]
13:29:35.756 [main] DEBUG c.g.c.AnnotationConfigApplicationContext -- Field injection: com.itranswarp.scan.convert.ValueConverterBean.injectedDuration = PT51H4M
13:29:35.756 [main] DEBUG c.g.c.AnnotationConfigApplicationContext -- Field injection: com.itranswarp.scan.convert.ValueConverterBean.injectedZoneId = Asia/Shanghai
13:29:35.756 [main] DEBUG c.g.c.AnnotationConfigApplicationContext -- Field injection: com.itranswarp.scan.proxy.InjectProxyOnPropertyBean.injected = com.itranswarp.scan.proxy.SecondProxyBean@4628b1d3
13:29:35.756 [main] DEBUG c.i.s.p.SecondProxyBeanPostProcessor -- auto set property for originBean from second proxy com.itranswarp.scan.proxy.SecondProxyBean@4628b1d3 to origin bean: com.itranswarp.scan.proxy.FirstProxyBean@71a9b4c7
13:29:35.756 [main] DEBUG c.g.c.AnnotationConfigApplicationContext -- BeanPostProcessor SecondProxyBeanPostProcessor specified injection from SecondProxyBean to FirstProxyBean.
13:29:35.756 [main] DEBUG c.i.s.p.FirstProxyBeanPostProcessor -- auto set property for originBean from first proxy com.itranswarp.scan.proxy.FirstProxyBean@71a9b4c7 to origin bean: com.itranswarp.scan.proxy.OriginBean@34abdee4
13:29:35.756 [main] DEBUG c.g.c.AnnotationConfigApplicationContext -- BeanPostProcessor FirstProxyBeanPostProcessor specified injection from FirstProxyBean to OriginBean.
13:29:35.756 [main] DEBUG c.g.c.AnnotationConfigApplicationContext -- Field injection: com.itranswarp.scan.proxy.OriginBean.name = Scan App
13:29:35.756 [main] DEBUG c.g.c.AnnotationConfigApplicationContext -- Method injection: com.itranswarp.scan.proxy.OriginBean.setVersion (v1.0)
13:29:35.757 [main] DEBUG c.g.c.AnnotationConfigApplicationContext -- Field injection: com.itranswarp.scan.destroy.AnnotationDestroyBean.appTitle = Scan App
13:29:35.757 [main] DEBUG c.g.c.AnnotationConfigApplicationContext -- Field injection: com.itranswarp.scan.init.AnnotationInitBean.appTitle = Scan App
13:29:35.757 [main] DEBUG c.g.c.AnnotationConfigApplicationContext -- Field injection: com.itranswarp.scan.init.AnnotationInitBean.appVersion = v1.0
13:29:35.757 [main] DEBUG c.i.s.p.SecondProxyBeanPostProcessor -- auto set property for originBean from second proxy com.itranswarp.scan.proxy.SecondProxyBean@4628b1d3 to origin bean: com.itranswarp.scan.proxy.FirstProxyBean@71a9b4c7
13:29:35.757 [main] DEBUG c.g.c.AnnotationConfigApplicationContext -- BeanPostProcessor SecondProxyBeanPostProcessor specified injection from SecondProxyBean to FirstProxyBean.
13:29:35.757 [main] DEBUG c.i.s.p.FirstProxyBeanPostProcessor -- auto set property for originBean from first proxy com.itranswarp.scan.proxy.FirstProxyBean@71a9b4c7 to origin bean: com.itranswarp.scan.proxy.OriginBean@34abdee4
13:29:35.757 [main] DEBUG c.g.c.AnnotationConfigApplicationContext -- BeanPostProcessor FirstProxyBeanPostProcessor specified injection from FirstProxyBean to OriginBean.
13:29:35.757 [main] DEBUG c.g.c.AnnotationConfigApplicationContext -- bean initialized: BeanDefinition [name=firstProxyBeanPostProcessor, beanClass=com.itranswarp.scan.proxy.FirstProxyBeanPostProcessor, factory=null, init-method=null, destroy-method=null, primary=false, instance=com.itranswarp.scan.proxy.FirstProxyBeanPostProcessor@77cf3f8b]
13:29:35.757 [main] DEBUG c.g.c.AnnotationConfigApplicationContext -- bean initialized: BeanDefinition [name=secondProxyBeanPostProcessor, beanClass=com.itranswarp.scan.proxy.SecondProxyBeanPostProcessor, factory=null, init-method=null, destroy-method=null, primary=false, instance=com.itranswarp.scan.proxy.SecondProxyBeanPostProcessor@1df98368]
13:29:35.757 [main] DEBUG c.g.c.AnnotationConfigApplicationContext -- bean initialized: BeanDefinition [name=annotationDestroyBean, beanClass=com.itranswarp.scan.destroy.AnnotationDestroyBean, factory=null, init-method=null, destroy-method=destroy, primary=false, instance=com.itranswarp.scan.destroy.AnnotationDestroyBean@21ca139c]
13:29:35.757 [main] DEBUG c.g.c.AnnotationConfigApplicationContext -- bean initialized: BeanDefinition [name=annotationInitBean, beanClass=com.itranswarp.scan.init.AnnotationInitBean, factory=null, init-method=init, destroy-method=null, primary=false, instance=com.itranswarp.scan.init.AnnotationInitBean@226f885f]
13:29:35.757 [main] DEBUG c.g.c.AnnotationConfigApplicationContext -- bean initialized: BeanDefinition [name=createSpecifyDestroyBean, beanClass=com.itranswarp.scan.destroy.SpecifyDestroyBean, factory=SpecifyDestroyConfiguration.createSpecifyDestroyBean(String), init-method=null, destroy-method=null, primary=false, instance=com.itranswarp.scan.destroy.SpecifyDestroyBean@2cd2c8fe]
13:29:35.757 [main] DEBUG c.g.c.AnnotationConfigApplicationContext -- bean initialized: BeanDefinition [name=createSpecifyInitBean, beanClass=com.itranswarp.scan.init.SpecifyInitBean, factory=SpecifyInitConfiguration.createSpecifyInitBean(String, String), init-method=null, destroy-method=null, primary=false, instance=com.itranswarp.scan.init.SpecifyInitBean@7d61eccf]
13:29:35.757 [main] DEBUG c.g.c.AnnotationConfigApplicationContext -- bean initialized: BeanDefinition [name=customAnnotation, beanClass=com.itranswarp.scan.custom.annotation.CustomAnnotationBean, factory=null, init-method=null, destroy-method=null, primary=false, instance=com.itranswarp.scan.custom.annotation.CustomAnnotationBean@cc6460c]
13:29:35.757 [main] DEBUG c.g.c.AnnotationConfigApplicationContext -- bean initialized: BeanDefinition [name=husky, beanClass=com.itranswarp.scan.primary.DogBean, factory=PrimaryConfiguration.husky(), init-method=null, destroy-method=null, primary=true, instance=com.itranswarp.scan.primary.DogBean@52350abb]
13:29:35.757 [main] DEBUG c.g.c.AnnotationConfigApplicationContext -- bean initialized: BeanDefinition [name=injectProxyOnConstructorBean, beanClass=com.itranswarp.scan.proxy.InjectProxyOnConstructorBean, factory=null, init-method=null, destroy-method=null, primary=false, instance=com.itranswarp.scan.proxy.InjectProxyOnConstructorBean@681aad3b]
13:29:35.757 [main] DEBUG c.g.c.AnnotationConfigApplicationContext -- bean initialized: BeanDefinition [name=injectProxyOnPropertyBean, beanClass=com.itranswarp.scan.proxy.InjectProxyOnPropertyBean, factory=null, init-method=null, destroy-method=null, primary=false, instance=com.itranswarp.scan.proxy.InjectProxyOnPropertyBean@1a6f2363]
13:29:35.757 [main] DEBUG c.g.c.AnnotationConfigApplicationContext -- bean initialized: BeanDefinition [name=localDateConfiguration, beanClass=com.itranswarp.imported.LocalDateConfiguration, factory=null, init-method=null, destroy-method=null, primary=false, instance=com.itranswarp.imported.LocalDateConfiguration@2427e004]
13:29:35.757 [main] DEBUG c.g.c.AnnotationConfigApplicationContext -- bean initialized: BeanDefinition [name=nestedBean, beanClass=com.itranswarp.scan.nested.OuterBean$NestedBean, factory=null, init-method=null, destroy-method=null, primary=false, instance=com.itranswarp.scan.nested.OuterBean$NestedBean@5ebd56e9]
13:29:35.757 [main] DEBUG c.g.c.AnnotationConfigApplicationContext -- bean initialized: BeanDefinition [name=originBean, beanClass=com.itranswarp.scan.proxy.OriginBean, factory=null, init-method=null, destroy-method=null, primary=false, instance=com.itranswarp.scan.proxy.SecondProxyBean@4628b1d3]
13:29:35.757 [main] DEBUG c.g.c.AnnotationConfigApplicationContext -- bean initialized: BeanDefinition [name=outerBean, beanClass=com.itranswarp.scan.nested.OuterBean, factory=null, init-method=null, destroy-method=null, primary=false, instance=com.itranswarp.scan.nested.OuterBean@63f34b70]
13:29:35.757 [main] DEBUG c.g.c.AnnotationConfigApplicationContext -- bean initialized: BeanDefinition [name=primaryConfiguration, beanClass=com.itranswarp.scan.primary.PrimaryConfiguration, factory=null, init-method=null, destroy-method=null, primary=false, instance=com.itranswarp.scan.primary.PrimaryConfiguration@641856]
13:29:35.757 [main] DEBUG c.g.c.AnnotationConfigApplicationContext -- bean initialized: BeanDefinition [name=specifyDestroyConfiguration, beanClass=com.itranswarp.scan.destroy.SpecifyDestroyConfiguration, factory=null, init-method=null, destroy-method=null, primary=false, instance=com.itranswarp.scan.destroy.SpecifyDestroyConfiguration@1b58ff9e]
13:29:35.757 [main] DEBUG c.g.c.AnnotationConfigApplicationContext -- bean initialized: BeanDefinition [name=specifyInitConfiguration, beanClass=com.itranswarp.scan.init.SpecifyInitConfiguration, factory=null, init-method=null, destroy-method=null, primary=false, instance=com.itranswarp.scan.init.SpecifyInitConfiguration@2f66e802]
13:29:35.757 [main] DEBUG c.g.c.AnnotationConfigApplicationContext -- bean initialized: BeanDefinition [name=startLocalDate, beanClass=java.time.LocalDate, factory=LocalDateConfiguration.startLocalDate(), init-method=null, destroy-method=null, primary=false, instance=2023-08-17]
13:29:35.757 [main] DEBUG c.g.c.AnnotationConfigApplicationContext -- bean initialized: BeanDefinition [name=startLocalDateTime, beanClass=java.time.LocalDateTime, factory=LocalDateConfiguration.startLocalDateTime(), init-method=null, destroy-method=null, primary=false, instance=2023-08-17T13:29:35.756643100]
13:29:35.757 [main] DEBUG c.g.c.AnnotationConfigApplicationContext -- bean initialized: BeanDefinition [name=startZonedDateTime, beanClass=java.time.ZonedDateTime, factory=ZonedDateConfiguration.startZonedDateTime(), init-method=null, destroy-method=null, primary=false, instance=2023-08-17T13:29:35.756643100+08:00[Asia/Shanghai]]
13:29:35.757 [main] DEBUG c.g.c.AnnotationConfigApplicationContext -- bean initialized: BeanDefinition [name=studentBean, beanClass=com.itranswarp.scan.primary.StudentBean, factory=null, init-method=null, destroy-method=null, primary=false, instance=com.itranswarp.scan.primary.StudentBean@56b78e55]
13:29:35.757 [main] DEBUG c.g.c.AnnotationConfigApplicationContext -- bean initialized: BeanDefinition [name=sub1Bean, beanClass=com.itranswarp.scan.sub1.Sub1Bean, factory=null, init-method=null, destroy-method=null, primary=false, instance=com.itranswarp.scan.sub1.Sub1Bean@76318a7d]
13:29:35.757 [main] DEBUG c.g.c.AnnotationConfigApplicationContext -- bean initialized: BeanDefinition [name=sub2Bean, beanClass=com.itranswarp.scan.sub1.sub2.Sub2Bean, factory=null, init-method=null, destroy-method=null, primary=false, instance=com.itranswarp.scan.sub1.sub2.Sub2Bean@2a492f2a]
13:29:35.757 [main] DEBUG c.g.c.AnnotationConfigApplicationContext -- bean initialized: BeanDefinition [name=sub3Bean, beanClass=com.itranswarp.scan.sub1.sub2.sub3.Sub3Bean, factory=null, init-method=null, destroy-method=null, primary=false, instance=com.itranswarp.scan.sub1.sub2.sub3.Sub3Bean@3277e499]
13:29:35.757 [main] DEBUG c.g.c.AnnotationConfigApplicationContext -- bean initialized: BeanDefinition [name=teacherBean, beanClass=com.itranswarp.scan.primary.TeacherBean, factory=null, init-method=null, destroy-method=null, primary=true, instance=com.itranswarp.scan.primary.TeacherBean@585811a4]
13:29:35.757 [main] DEBUG c.g.c.AnnotationConfigApplicationContext -- bean initialized: BeanDefinition [name=teddy, beanClass=com.itranswarp.scan.primary.DogBean, factory=PrimaryConfiguration.teddy(), init-method=null, destroy-method=null, primary=false, instance=com.itranswarp.scan.primary.DogBean@22c01ab0]
13:29:35.757 [main] DEBUG c.g.c.AnnotationConfigApplicationContext -- bean initialized: BeanDefinition [name=valueConverterBean, beanClass=com.itranswarp.scan.convert.ValueConverterBean, factory=null, init-method=null, destroy-method=null, primary=false, instance=com.itranswarp.scan.convert.ValueConverterBean@411341bd]
13:29:35.757 [main] DEBUG c.g.c.AnnotationConfigApplicationContext -- bean initialized: BeanDefinition [name=zonedDateConfiguration, beanClass=com.itranswarp.imported.ZonedDateConfiguration, factory=null, init-method=null, destroy-method=null, primary=false, instance=com.itranswarp.imported.ZonedDateConfiguration@4c4d362a]
]]></system-out>
  </testcase>
  <testcase name="testConverter" classname="com.itranswarp.summer.context.AnnotationConfigApplicationContextTest" time="0.02">
    <system-out><![CDATA[13:29:35.758 [main] DEBUG com.gaoda.io.PropertyResolver -- PropertyResolver: =:: = ::\
13:29:35.759 [main] DEBUG com.gaoda.io.PropertyResolver -- PropertyResolver: =D: = D:\Codes\Projects\summer\summer_framework\Summer_Framework
13:29:35.759 [main] DEBUG com.gaoda.io.PropertyResolver -- PropertyResolver: ALLUSERSPROFILE = C:\ProgramData
13:29:35.759 [main] DEBUG com.gaoda.io.PropertyResolver -- PropertyResolver: APPDATA = C:\Users\Gundam\AppData\Roaming
13:29:35.759 [main] DEBUG com.gaoda.io.PropertyResolver -- PropertyResolver: CLASSPATH = .;D:\Code\jdk-18\lib;D:\Code\jdk-18\lib\tools.jar
13:29:35.759 [main] DEBUG com.gaoda.io.PropertyResolver -- PropertyResolver: COMMONPROGRAMFILES = C:\Program Files\Common Files
13:29:35.759 [main] DEBUG com.gaoda.io.PropertyResolver -- PropertyResolver: COMMONPROGRAMFILES(X86) = C:\Program Files (x86)\Common Files
13:29:35.759 [main] DEBUG com.gaoda.io.PropertyResolver -- PropertyResolver: COMMONPROGRAMW6432 = C:\Program Files\Common Files
13:29:35.759 [main] DEBUG com.gaoda.io.PropertyResolver -- PropertyResolver: COMPUTERNAME = DESKTOP-HR12F04
13:29:35.759 [main] DEBUG com.gaoda.io.PropertyResolver -- PropertyResolver: COMSPEC = C:\Windows\system32\cmd.exe
13:29:35.759 [main] DEBUG com.gaoda.io.PropertyResolver -- PropertyResolver: DRIVERDATA = C:\Windows\System32\Drivers\DriverData
13:29:35.759 [main] DEBUG com.gaoda.io.PropertyResolver -- PropertyResolver: FPS_BROWSER_APP_PROFILE_STRING = Internet Explorer
13:29:35.759 [main] DEBUG com.gaoda.io.PropertyResolver -- PropertyResolver: FPS_BROWSER_USER_PROFILE_STRING = Default
13:29:35.759 [main] DEBUG com.gaoda.io.PropertyResolver -- PropertyResolver: HOMEDRIVE = C:
13:29:35.759 [main] DEBUG com.gaoda.io.PropertyResolver -- PropertyResolver: HOMEPATH = \Users\Gundam
13:29:35.759 [main] DEBUG com.gaoda.io.PropertyResolver -- PropertyResolver: IDEA_INITIAL_DIRECTORY = D:\Applications1\code\idea\IntelliJ IDEA 2022.2.1\bin
13:29:35.759 [main] DEBUG com.gaoda.io.PropertyResolver -- PropertyResolver: INTELLIJ IDEA = D:\Applications1\code\idea\IntelliJ IDEA 2022.2.1\bin;
13:29:35.759 [main] DEBUG com.gaoda.io.PropertyResolver -- PropertyResolver: JAVA18_HOME = D:\Code\jdk-18
13:29:35.759 [main] DEBUG com.gaoda.io.PropertyResolver -- PropertyResolver: JAVA8_HOME = D:\Code\jdk-8
13:29:35.759 [main] DEBUG com.gaoda.io.PropertyResolver -- PropertyResolver: JAVA_HOME = D:\Code\jdk-18
13:29:35.759 [main] DEBUG com.gaoda.io.PropertyResolver -- PropertyResolver: LOCALAPPDATA = C:\Users\Gundam\AppData\Local
13:29:35.759 [main] DEBUG com.gaoda.io.PropertyResolver -- PropertyResolver: LOGONSERVER = \\DESKTOP-HR12F04
13:29:35.759 [main] DEBUG com.gaoda.io.PropertyResolver -- PropertyResolver: MAVEN_HOME = D:\Code\Maven\apache-maven-3.8.6
13:29:35.759 [main] DEBUG com.gaoda.io.PropertyResolver -- PropertyResolver: NLS_LANG = SIMPLIFIED CHINESE_CHINA.ZHS16GBK
13:29:35.759 [main] DEBUG com.gaoda.io.PropertyResolver -- PropertyResolver: NUMBER_OF_PROCESSORS = 16
13:29:35.759 [main] DEBUG com.gaoda.io.PropertyResolver -- PropertyResolver: ONEDRIVE = C:\Users\Gundam\OneDrive
13:29:35.759 [main] DEBUG com.gaoda.io.PropertyResolver -- PropertyResolver: OPENSSL_IA32CAP = ~0x200000200000000
13:29:35.759 [main] DEBUG com.gaoda.io.PropertyResolver -- PropertyResolver: ORACLE_HOME = D:\Code\oracle\Ora10InstantClient
13:29:35.759 [main] DEBUG com.gaoda.io.PropertyResolver -- PropertyResolver: OS = Windows_NT
13:29:35.759 [main] DEBUG com.gaoda.io.PropertyResolver -- PropertyResolver: PATH = C:\Windows;D:\Code\jdk-18\bin;D:\Code\jdk-18\jre\bin;C:\Program Files\Common Files\Oracle\Java\javapath;C:\Windows\system32;C:\Windows\System32\Wbem;C:\Windows\System32\WindowsPowerShell\v1.0\;C:\Windows\System32\OpenSSH\;D:\Applications1\computer\Bandizip\;C:\Program Files\NVIDIA Corporation\NVIDIA NvDLISR;C:\Program Files (x86)\NVIDIA Corporation\PhysX\Common;D:\Code\jdk-18;D:\Code\oracle\Ora10InstantClient;D:\Applications1\code\MySQL\bin;D:\Code\Maven\apache-maven-3.8.6\bin;D:\Code\Node.js\;D:\Applications1\code\Git\cmd;D:\Applications1\code\微信web开发者工具\dll;C:\Program Files\TortoiseGit\bin;C:\Program Files\Asiainfo Security\AisEsmAgent\atom_plugins\base_plugin;C:\Users\Gundam\AppData\Local\Programs\Python\Python311\Scripts\;C:\Users\Gundam\AppData\Local\Programs\Python\Python311\;C:\Users\Gundam\AppData\Local\Microsoft\WindowsApps;D:\Applications1\code\idea\IntelliJ IDEA 2022.2.1\bin;;D:\Applications1\code\vscode\Microsoft VS Code\bin;C:\Users\Gundam\AppData\Roaming\npm;D:\Applications1\code\webstorm\WebStorm 2022.3.2\bin;;D:\Applications1\play\QQgame\Hall.57975\
13:29:35.759 [main] DEBUG com.gaoda.io.PropertyResolver -- PropertyResolver: PATHEXT = .COM;.EXE;.BAT;.CMD;.VBS;.VBE;.JS;.JSE;.WSF;.WSH;.MSC
13:29:35.759 [main] DEBUG com.gaoda.io.PropertyResolver -- PropertyResolver: PROCESSOR_ARCHITECTURE = AMD64
13:29:35.759 [main] DEBUG com.gaoda.io.PropertyResolver -- PropertyResolver: PROCESSOR_IDENTIFIER = AMD64 Family 23 Model 96 Stepping 1, AuthenticAMD
13:29:35.759 [main] DEBUG com.gaoda.io.PropertyResolver -- PropertyResolver: PROCESSOR_LEVEL = 23
13:29:35.759 [main] DEBUG com.gaoda.io.PropertyResolver -- PropertyResolver: PROCESSOR_REVISION = 6001
13:29:35.759 [main] DEBUG com.gaoda.io.PropertyResolver -- PropertyResolver: PROGRAMDATA = C:\ProgramData
13:29:35.759 [main] DEBUG com.gaoda.io.PropertyResolver -- PropertyResolver: PROGRAMFILES = C:\Program Files
13:29:35.759 [main] DEBUG com.gaoda.io.PropertyResolver -- PropertyResolver: PROGRAMFILES(X86) = C:\Program Files (x86)
13:29:35.759 [main] DEBUG com.gaoda.io.PropertyResolver -- PropertyResolver: PROGRAMW6432 = C:\Program Files
13:29:35.759 [main] DEBUG com.gaoda.io.PropertyResolver -- PropertyResolver: PROMPT = $P$G
13:29:35.759 [main] DEBUG com.gaoda.io.PropertyResolver -- PropertyResolver: PSMODULEPATH = C:\Program Files\WindowsPowerShell\Modules;C:\Windows\system32\WindowsPowerShell\v1.0\Modules
13:29:35.759 [main] DEBUG com.gaoda.io.PropertyResolver -- PropertyResolver: PUBLIC = C:\Users\Public
13:29:35.759 [main] DEBUG com.gaoda.io.PropertyResolver -- PropertyResolver: SESSIONNAME = Console
13:29:35.759 [main] DEBUG com.gaoda.io.PropertyResolver -- PropertyResolver: SYSTEMDRIVE = C:
13:29:35.759 [main] DEBUG com.gaoda.io.PropertyResolver -- PropertyResolver: SYSTEMROOT = C:\Windows
13:29:35.759 [main] DEBUG com.gaoda.io.PropertyResolver -- PropertyResolver: TEMP = C:\Users\Gundam\AppData\Local\Temp
13:29:35.759 [main] DEBUG com.gaoda.io.PropertyResolver -- PropertyResolver: TMP = C:\Users\Gundam\AppData\Local\Temp
13:29:35.759 [main] DEBUG com.gaoda.io.PropertyResolver -- PropertyResolver: TNS_ADMIN = D:\Code\oracle\Ora10InstantClient
13:29:35.759 [main] DEBUG com.gaoda.io.PropertyResolver -- PropertyResolver: USERDOMAIN = DESKTOP-HR12F04
13:29:35.759 [main] DEBUG com.gaoda.io.PropertyResolver -- PropertyResolver: USERDOMAIN_ROAMINGPROFILE = DESKTOP-HR12F04
13:29:35.759 [main] DEBUG com.gaoda.io.PropertyResolver -- PropertyResolver: USERNAME = Gundam
13:29:35.759 [main] DEBUG com.gaoda.io.PropertyResolver -- PropertyResolver: USERPROFILE = C:\Users\Gundam
13:29:35.759 [main] DEBUG com.gaoda.io.PropertyResolver -- PropertyResolver: WEBSTORM = D:\Applications1\code\webstorm\WebStorm 2022.3.2\bin;
13:29:35.759 [main] DEBUG com.gaoda.io.PropertyResolver -- PropertyResolver: WINDIR = C:\Windows
13:29:35.759 [main] DEBUG com.gaoda.io.PropertyResolver -- PropertyResolver: app.title = Scan App
13:29:35.759 [main] DEBUG com.gaoda.io.PropertyResolver -- PropertyResolver: app.version = v1.0
13:29:35.759 [main] DEBUG com.gaoda.io.PropertyResolver -- PropertyResolver: convert.boolean = true
13:29:35.759 [main] DEBUG com.gaoda.io.PropertyResolver -- PropertyResolver: convert.byte = 123
13:29:35.759 [main] DEBUG com.gaoda.io.PropertyResolver -- PropertyResolver: convert.double = 123456789.87654321
13:29:35.759 [main] DEBUG com.gaoda.io.PropertyResolver -- PropertyResolver: convert.duration = P2DT3H4M
13:29:35.759 [main] DEBUG com.gaoda.io.PropertyResolver -- PropertyResolver: convert.float = 12345.6789
13:29:35.759 [main] DEBUG com.gaoda.io.PropertyResolver -- PropertyResolver: convert.integer = 1234567
13:29:35.759 [main] DEBUG com.gaoda.io.PropertyResolver -- PropertyResolver: convert.localdate = 2023-03-29
13:29:35.759 [main] DEBUG com.gaoda.io.PropertyResolver -- PropertyResolver: convert.localdatetime = 2023-03-29T20:45:01
13:29:35.759 [main] DEBUG com.gaoda.io.PropertyResolver -- PropertyResolver: convert.localtime = 20:45:01
13:29:35.759 [main] DEBUG com.gaoda.io.PropertyResolver -- PropertyResolver: convert.long = 123456789000
13:29:35.759 [main] DEBUG com.gaoda.io.PropertyResolver -- PropertyResolver: convert.short = 12345
13:29:35.759 [main] DEBUG com.gaoda.io.PropertyResolver -- PropertyResolver: convert.zoneddatetime = 2023-03-29T20:45:01+08:00[Asia/Shanghai]
13:29:35.759 [main] DEBUG com.gaoda.io.PropertyResolver -- PropertyResolver: convert.zoneid = Asia/Shanghai
13:29:35.759 [main] DEBUG com.gaoda.io.PropertyResolver -- PropertyResolver: jdbc.password = 
13:29:35.759 [main] DEBUG com.gaoda.io.PropertyResolver -- PropertyResolver: jdbc.url = jdbc:hsqldb:file:testdb.tmp
13:29:35.759 [main] DEBUG com.gaoda.io.PropertyResolver -- PropertyResolver: jdbc.username = sa
13:29:35.759 [main] INFO  c.g.c.AnnotationConfigApplicationContext -- component scan in packages: [com.itranswarp.scan]
13:29:35.759 [main] DEBUG c.g.c.AnnotationConfigApplicationContext -- scan package: com.itranswarp.scan
13:29:35.759 [main] DEBUG com.gaoda.io.ResourceResolver -- scan path: com/itranswarp/scan
13:29:35.761 [main] DEBUG com.gaoda.io.ResourceResolver -- found resource: Resource[path=file:D:\Codes\Projects\summer\summer_framework\Summer_Framework\target\test-classes\com\itranswarp\scan\convert\ValueConverterBean.class, name=com\itranswarp\scan\convert\ValueConverterBean.class]
13:29:35.762 [main] DEBUG com.gaoda.io.ResourceResolver -- found resource: Resource[path=file:D:\Codes\Projects\summer\summer_framework\Summer_Framework\target\test-classes\com\itranswarp\scan\custom\annotation\CustomAnnotation.class, name=com\itranswarp\scan\custom\annotation\CustomAnnotation.class]
13:29:35.762 [main] DEBUG com.gaoda.io.ResourceResolver -- found resource: Resource[path=file:D:\Codes\Projects\summer\summer_framework\Summer_Framework\target\test-classes\com\itranswarp\scan\custom\annotation\CustomAnnotationBean.class, name=com\itranswarp\scan\custom\annotation\CustomAnnotationBean.class]
13:29:35.763 [main] DEBUG com.gaoda.io.ResourceResolver -- found resource: Resource[path=file:D:\Codes\Projects\summer\summer_framework\Summer_Framework\target\test-classes\com\itranswarp\scan\destroy\AnnotationDestroyBean.class, name=com\itranswarp\scan\destroy\AnnotationDestroyBean.class]
13:29:35.763 [main] DEBUG com.gaoda.io.ResourceResolver -- found resource: Resource[path=file:D:\Codes\Projects\summer\summer_framework\Summer_Framework\target\test-classes\com\itranswarp\scan\destroy\SpecifyDestroyBean.class, name=com\itranswarp\scan\destroy\SpecifyDestroyBean.class]
13:29:35.763 [main] DEBUG com.gaoda.io.ResourceResolver -- found resource: Resource[path=file:D:\Codes\Projects\summer\summer_framework\Summer_Framework\target\test-classes\com\itranswarp\scan\destroy\SpecifyDestroyConfiguration.class, name=com\itranswarp\scan\destroy\SpecifyDestroyConfiguration.class]
13:29:35.764 [main] DEBUG com.gaoda.io.ResourceResolver -- found resource: Resource[path=file:D:\Codes\Projects\summer\summer_framework\Summer_Framework\target\test-classes\com\itranswarp\scan\init\AnnotationInitBean.class, name=com\itranswarp\scan\init\AnnotationInitBean.class]
13:29:35.764 [main] DEBUG com.gaoda.io.ResourceResolver -- found resource: Resource[path=file:D:\Codes\Projects\summer\summer_framework\Summer_Framework\target\test-classes\com\itranswarp\scan\init\SpecifyInitBean.class, name=com\itranswarp\scan\init\SpecifyInitBean.class]
13:29:35.764 [main] DEBUG com.gaoda.io.ResourceResolver -- found resource: Resource[path=file:D:\Codes\Projects\summer\summer_framework\Summer_Framework\target\test-classes\com\itranswarp\scan\init\SpecifyInitConfiguration.class, name=com\itranswarp\scan\init\SpecifyInitConfiguration.class]
13:29:35.765 [main] DEBUG com.gaoda.io.ResourceResolver -- found resource: Resource[path=file:D:\Codes\Projects\summer\summer_framework\Summer_Framework\target\test-classes\com\itranswarp\scan\nested\OuterBean$NestedBean.class, name=com\itranswarp\scan\nested\OuterBean$NestedBean.class]
13:29:35.765 [main] DEBUG com.gaoda.io.ResourceResolver -- found resource: Resource[path=file:D:\Codes\Projects\summer\summer_framework\Summer_Framework\target\test-classes\com\itranswarp\scan\nested\OuterBean.class, name=com\itranswarp\scan\nested\OuterBean.class]
13:29:35.766 [main] DEBUG com.gaoda.io.ResourceResolver -- found resource: Resource[path=file:D:\Codes\Projects\summer\summer_framework\Summer_Framework\target\test-classes\com\itranswarp\scan\primary\DogBean.class, name=com\itranswarp\scan\primary\DogBean.class]
13:29:35.767 [main] DEBUG com.gaoda.io.ResourceResolver -- found resource: Resource[path=file:D:\Codes\Projects\summer\summer_framework\Summer_Framework\target\test-classes\com\itranswarp\scan\primary\PersonBean.class, name=com\itranswarp\scan\primary\PersonBean.class]
13:29:35.767 [main] DEBUG com.gaoda.io.ResourceResolver -- found resource: Resource[path=file:D:\Codes\Projects\summer\summer_framework\Summer_Framework\target\test-classes\com\itranswarp\scan\primary\PrimaryConfiguration.class, name=com\itranswarp\scan\primary\PrimaryConfiguration.class]
13:29:35.767 [main] DEBUG com.gaoda.io.ResourceResolver -- found resource: Resource[path=file:D:\Codes\Projects\summer\summer_framework\Summer_Framework\target\test-classes\com\itranswarp\scan\primary\StudentBean.class, name=com\itranswarp\scan\primary\StudentBean.class]
13:29:35.768 [main] DEBUG com.gaoda.io.ResourceResolver -- found resource: Resource[path=file:D:\Codes\Projects\summer\summer_framework\Summer_Framework\target\test-classes\com\itranswarp\scan\primary\TeacherBean.class, name=com\itranswarp\scan\primary\TeacherBean.class]
13:29:35.769 [main] DEBUG com.gaoda.io.ResourceResolver -- found resource: Resource[path=file:D:\Codes\Projects\summer\summer_framework\Summer_Framework\target\test-classes\com\itranswarp\scan\proxy\FirstProxyBean.class, name=com\itranswarp\scan\proxy\FirstProxyBean.class]
13:29:35.769 [main] DEBUG com.gaoda.io.ResourceResolver -- found resource: Resource[path=file:D:\Codes\Projects\summer\summer_framework\Summer_Framework\target\test-classes\com\itranswarp\scan\proxy\FirstProxyBeanPostProcessor.class, name=com\itranswarp\scan\proxy\FirstProxyBeanPostProcessor.class]
13:29:35.769 [main] DEBUG com.gaoda.io.ResourceResolver -- found resource: Resource[path=file:D:\Codes\Projects\summer\summer_framework\Summer_Framework\target\test-classes\com\itranswarp\scan\proxy\InjectProxyOnConstructorBean.class, name=com\itranswarp\scan\proxy\InjectProxyOnConstructorBean.class]
13:29:35.769 [main] DEBUG com.gaoda.io.ResourceResolver -- found resource: Resource[path=file:D:\Codes\Projects\summer\summer_framework\Summer_Framework\target\test-classes\com\itranswarp\scan\proxy\InjectProxyOnPropertyBean.class, name=com\itranswarp\scan\proxy\InjectProxyOnPropertyBean.class]
13:29:35.770 [main] DEBUG com.gaoda.io.ResourceResolver -- found resource: Resource[path=file:D:\Codes\Projects\summer\summer_framework\Summer_Framework\target\test-classes\com\itranswarp\scan\proxy\OriginBean.class, name=com\itranswarp\scan\proxy\OriginBean.class]
13:29:35.770 [main] DEBUG com.gaoda.io.ResourceResolver -- found resource: Resource[path=file:D:\Codes\Projects\summer\summer_framework\Summer_Framework\target\test-classes\com\itranswarp\scan\proxy\SecondProxyBean.class, name=com\itranswarp\scan\proxy\SecondProxyBean.class]
13:29:35.770 [main] DEBUG com.gaoda.io.ResourceResolver -- found resource: Resource[path=file:D:\Codes\Projects\summer\summer_framework\Summer_Framework\target\test-classes\com\itranswarp\scan\proxy\SecondProxyBeanPostProcessor.class, name=com\itranswarp\scan\proxy\SecondProxyBeanPostProcessor.class]
13:29:35.770 [main] DEBUG com.gaoda.io.ResourceResolver -- found resource: Resource[path=file:D:\Codes\Projects\summer\summer_framework\Summer_Framework\target\test-classes\com\itranswarp\scan\ScanApplication.class, name=com\itranswarp\scan\ScanApplication.class]
13:29:35.771 [main] DEBUG com.gaoda.io.ResourceResolver -- found resource: Resource[path=file:D:\Codes\Projects\summer\summer_framework\Summer_Framework\target\test-classes\com\itranswarp\scan\sub1\sub1.txt, name=com\itranswarp\scan\sub1\sub1.txt]
13:29:35.771 [main] DEBUG com.gaoda.io.ResourceResolver -- found resource: Resource[path=file:D:\Codes\Projects\summer\summer_framework\Summer_Framework\target\test-classes\com\itranswarp\scan\sub1\Sub1Bean.class, name=com\itranswarp\scan\sub1\Sub1Bean.class]
13:29:35.772 [main] DEBUG com.gaoda.io.ResourceResolver -- found resource: Resource[path=file:D:\Codes\Projects\summer\summer_framework\Summer_Framework\target\test-classes\com\itranswarp\scan\sub1\sub2\sub2.txt, name=com\itranswarp\scan\sub1\sub2\sub2.txt]
13:29:35.772 [main] DEBUG com.gaoda.io.ResourceResolver -- found resource: Resource[path=file:D:\Codes\Projects\summer\summer_framework\Summer_Framework\target\test-classes\com\itranswarp\scan\sub1\sub2\Sub2Bean.class, name=com\itranswarp\scan\sub1\sub2\Sub2Bean.class]
13:29:35.773 [main] DEBUG com.gaoda.io.ResourceResolver -- found resource: Resource[path=file:D:\Codes\Projects\summer\summer_framework\Summer_Framework\target\test-classes\com\itranswarp\scan\sub1\sub2\sub3\sub3.txt, name=com\itranswarp\scan\sub1\sub2\sub3\sub3.txt]
13:29:35.773 [main] DEBUG com.gaoda.io.ResourceResolver -- found resource: Resource[path=file:D:\Codes\Projects\summer\summer_framework\Summer_Framework\target\test-classes\com\itranswarp\scan\sub1\sub2\sub3\Sub3Bean.class, name=com\itranswarp\scan\sub1\sub2\sub3\Sub3Bean.class]
13:29:35.773 [main] DEBUG c.g.c.AnnotationConfigApplicationContext -- class found by component scan: com.itranswarp.scan.convert.ValueConverterBean
13:29:35.773 [main] DEBUG c.g.c.AnnotationConfigApplicationContext -- class found by component scan: com.itranswarp.scan.custom.annotation.CustomAnnotation
13:29:35.773 [main] DEBUG c.g.c.AnnotationConfigApplicationContext -- class found by component scan: com.itranswarp.scan.custom.annotation.CustomAnnotationBean
13:29:35.773 [main] DEBUG c.g.c.AnnotationConfigApplicationContext -- class found by component scan: com.itranswarp.scan.destroy.AnnotationDestroyBean
13:29:35.773 [main] DEBUG c.g.c.AnnotationConfigApplicationContext -- class found by component scan: com.itranswarp.scan.destroy.SpecifyDestroyBean
13:29:35.773 [main] DEBUG c.g.c.AnnotationConfigApplicationContext -- class found by component scan: com.itranswarp.scan.destroy.SpecifyDestroyConfiguration
13:29:35.773 [main] DEBUG c.g.c.AnnotationConfigApplicationContext -- class found by component scan: com.itranswarp.scan.init.AnnotationInitBean
13:29:35.773 [main] DEBUG c.g.c.AnnotationConfigApplicationContext -- class found by component scan: com.itranswarp.scan.init.SpecifyInitBean
13:29:35.773 [main] DEBUG c.g.c.AnnotationConfigApplicationContext -- class found by component scan: com.itranswarp.scan.init.SpecifyInitConfiguration
13:29:35.773 [main] DEBUG c.g.c.AnnotationConfigApplicationContext -- class found by component scan: com.itranswarp.scan.nested.OuterBean$NestedBean
13:29:35.773 [main] DEBUG c.g.c.AnnotationConfigApplicationContext -- class found by component scan: com.itranswarp.scan.nested.OuterBean
13:29:35.773 [main] DEBUG c.g.c.AnnotationConfigApplicationContext -- class found by component scan: com.itranswarp.scan.primary.DogBean
13:29:35.773 [main] DEBUG c.g.c.AnnotationConfigApplicationContext -- class found by component scan: com.itranswarp.scan.primary.PersonBean
13:29:35.773 [main] DEBUG c.g.c.AnnotationConfigApplicationContext -- class found by component scan: com.itranswarp.scan.primary.PrimaryConfiguration
13:29:35.773 [main] DEBUG c.g.c.AnnotationConfigApplicationContext -- class found by component scan: com.itranswarp.scan.primary.StudentBean
13:29:35.773 [main] DEBUG c.g.c.AnnotationConfigApplicationContext -- class found by component scan: com.itranswarp.scan.primary.TeacherBean
13:29:35.773 [main] DEBUG c.g.c.AnnotationConfigApplicationContext -- class found by component scan: com.itranswarp.scan.proxy.FirstProxyBean
13:29:35.773 [main] DEBUG c.g.c.AnnotationConfigApplicationContext -- class found by component scan: com.itranswarp.scan.proxy.FirstProxyBeanPostProcessor
13:29:35.773 [main] DEBUG c.g.c.AnnotationConfigApplicationContext -- class found by component scan: com.itranswarp.scan.proxy.InjectProxyOnConstructorBean
13:29:35.773 [main] DEBUG c.g.c.AnnotationConfigApplicationContext -- class found by component scan: com.itranswarp.scan.proxy.InjectProxyOnPropertyBean
13:29:35.773 [main] DEBUG c.g.c.AnnotationConfigApplicationContext -- class found by component scan: com.itranswarp.scan.proxy.OriginBean
13:29:35.773 [main] DEBUG c.g.c.AnnotationConfigApplicationContext -- class found by component scan: com.itranswarp.scan.proxy.SecondProxyBean
13:29:35.773 [main] DEBUG c.g.c.AnnotationConfigApplicationContext -- class found by component scan: com.itranswarp.scan.proxy.SecondProxyBeanPostProcessor
13:29:35.773 [main] DEBUG c.g.c.AnnotationConfigApplicationContext -- class found by component scan: com.itranswarp.scan.ScanApplication
13:29:35.773 [main] DEBUG c.g.c.AnnotationConfigApplicationContext -- class found by component scan: com.itranswarp.scan.sub1.Sub1Bean
13:29:35.773 [main] DEBUG c.g.c.AnnotationConfigApplicationContext -- class found by component scan: com.itranswarp.scan.sub1.sub2.Sub2Bean
13:29:35.773 [main] DEBUG c.g.c.AnnotationConfigApplicationContext -- class found by component scan: com.itranswarp.scan.sub1.sub2.sub3.Sub3Bean
13:29:35.773 [main] DEBUG c.g.c.AnnotationConfigApplicationContext -- class found by import: com.itranswarp.imported.LocalDateConfiguration
13:29:35.773 [main] DEBUG c.g.c.AnnotationConfigApplicationContext -- class found by import: com.itranswarp.imported.ZonedDateConfiguration
13:29:35.773 [main] DEBUG c.g.c.AnnotationConfigApplicationContext -- found component: com.itranswarp.scan.proxy.SecondProxyBeanPostProcessor
13:29:35.774 [main] DEBUG c.g.c.AnnotationConfigApplicationContext -- define bean: BeanDefinition [name=secondProxyBeanPostProcessor, beanClass=com.itranswarp.scan.proxy.SecondProxyBeanPostProcessor, factory=null, init-method=null, destroy-method=null, primary=false, instance=null]
13:29:35.774 [main] DEBUG c.g.c.AnnotationConfigApplicationContext -- found component: com.itranswarp.scan.destroy.AnnotationDestroyBean
13:29:35.774 [main] DEBUG c.g.c.AnnotationConfigApplicationContext -- define bean: BeanDefinition [name=annotationDestroyBean, beanClass=com.itranswarp.scan.destroy.AnnotationDestroyBean, factory=null, init-method=null, destroy-method=destroy, primary=false, instance=null]
13:29:35.774 [main] DEBUG c.g.c.AnnotationConfigApplicationContext -- found component: com.itranswarp.scan.primary.StudentBean
13:29:35.774 [main] DEBUG c.g.c.AnnotationConfigApplicationContext -- define bean: BeanDefinition [name=studentBean, beanClass=com.itranswarp.scan.primary.StudentBean, factory=null, init-method=null, destroy-method=null, primary=false, instance=null]
13:29:35.774 [main] DEBUG c.g.c.AnnotationConfigApplicationContext -- found component: com.itranswarp.scan.sub1.sub2.Sub2Bean
13:29:35.774 [main] DEBUG c.g.c.AnnotationConfigApplicationContext -- define bean: BeanDefinition [name=sub2Bean, beanClass=com.itranswarp.scan.sub1.sub2.Sub2Bean, factory=null, init-method=null, destroy-method=null, primary=false, instance=null]
13:29:35.774 [main] DEBUG c.g.c.AnnotationConfigApplicationContext -- found component: com.itranswarp.scan.primary.TeacherBean
13:29:35.774 [main] DEBUG c.g.c.AnnotationConfigApplicationContext -- define bean: BeanDefinition [name=teacherBean, beanClass=com.itranswarp.scan.primary.TeacherBean, factory=null, init-method=null, destroy-method=null, primary=true, instance=null]
13:29:35.774 [main] DEBUG c.g.c.AnnotationConfigApplicationContext -- found component: com.itranswarp.scan.proxy.FirstProxyBeanPostProcessor
13:29:35.774 [main] DEBUG c.g.c.AnnotationConfigApplicationContext -- define bean: BeanDefinition [name=firstProxyBeanPostProcessor, beanClass=com.itranswarp.scan.proxy.FirstProxyBeanPostProcessor, factory=null, init-method=null, destroy-method=null, primary=false, instance=null]
13:29:35.774 [main] DEBUG c.g.c.AnnotationConfigApplicationContext -- found component: com.itranswarp.scan.primary.PrimaryConfiguration
13:29:35.774 [main] DEBUG c.g.c.AnnotationConfigApplicationContext -- define bean: BeanDefinition [name=primaryConfiguration, beanClass=com.itranswarp.scan.primary.PrimaryConfiguration, factory=null, init-method=null, destroy-method=null, primary=false, instance=null]
13:29:35.774 [main] DEBUG c.g.c.AnnotationConfigApplicationContext -- define bean: BeanDefinition [name=teddy, beanClass=com.itranswarp.scan.primary.DogBean, factory=PrimaryConfiguration.teddy(), init-method=null, destroy-method=null, primary=false, instance=null]
13:29:35.774 [main] DEBUG c.g.c.AnnotationConfigApplicationContext -- define bean: BeanDefinition [name=husky, beanClass=com.itranswarp.scan.primary.DogBean, factory=PrimaryConfiguration.husky(), init-method=null, destroy-method=null, primary=true, instance=null]
13:29:35.774 [main] DEBUG c.g.c.AnnotationConfigApplicationContext -- found component: com.itranswarp.imported.ZonedDateConfiguration
13:29:35.774 [main] DEBUG c.g.c.AnnotationConfigApplicationContext -- define bean: BeanDefinition [name=zonedDateConfiguration, beanClass=com.itranswarp.imported.ZonedDateConfiguration, factory=null, init-method=null, destroy-method=null, primary=false, instance=null]
13:29:35.774 [main] DEBUG c.g.c.AnnotationConfigApplicationContext -- define bean: BeanDefinition [name=startZonedDateTime, beanClass=java.time.ZonedDateTime, factory=ZonedDateConfiguration.startZonedDateTime(), init-method=null, destroy-method=null, primary=false, instance=null]
13:29:35.774 [main] DEBUG c.g.c.AnnotationConfigApplicationContext -- found component: com.itranswarp.scan.custom.annotation.CustomAnnotationBean
13:29:35.774 [main] DEBUG c.g.c.AnnotationConfigApplicationContext -- define bean: BeanDefinition [name=customAnnotation, beanClass=com.itranswarp.scan.custom.annotation.CustomAnnotationBean, factory=null, init-method=null, destroy-method=null, primary=false, instance=null]
13:29:35.774 [main] DEBUG c.g.c.AnnotationConfigApplicationContext -- found component: com.itranswarp.imported.LocalDateConfiguration
13:29:35.774 [main] DEBUG c.g.c.AnnotationConfigApplicationContext -- define bean: BeanDefinition [name=localDateConfiguration, beanClass=com.itranswarp.imported.LocalDateConfiguration, factory=null, init-method=null, destroy-method=null, primary=false, instance=null]
13:29:35.774 [main] DEBUG c.g.c.AnnotationConfigApplicationContext -- define bean: BeanDefinition [name=startLocalDate, beanClass=java.time.LocalDate, factory=LocalDateConfiguration.startLocalDate(), init-method=null, destroy-method=null, primary=false, instance=null]
13:29:35.774 [main] DEBUG c.g.c.AnnotationConfigApplicationContext -- define bean: BeanDefinition [name=startLocalDateTime, beanClass=java.time.LocalDateTime, factory=LocalDateConfiguration.startLocalDateTime(), init-method=null, destroy-method=null, primary=false, instance=null]
13:29:35.774 [main] DEBUG c.g.c.AnnotationConfigApplicationContext -- found component: com.itranswarp.scan.convert.ValueConverterBean
13:29:35.774 [main] DEBUG c.g.c.AnnotationConfigApplicationContext -- define bean: BeanDefinition [name=valueConverterBean, beanClass=com.itranswarp.scan.convert.ValueConverterBean, factory=null, init-method=null, destroy-method=null, primary=false, instance=null]
13:29:35.774 [main] DEBUG c.g.c.AnnotationConfigApplicationContext -- found component: com.itranswarp.scan.nested.OuterBean$NestedBean
13:29:35.774 [main] DEBUG c.g.c.AnnotationConfigApplicationContext -- define bean: BeanDefinition [name=nestedBean, beanClass=com.itranswarp.scan.nested.OuterBean$NestedBean, factory=null, init-method=null, destroy-method=null, primary=false, instance=null]
13:29:35.774 [main] DEBUG c.g.c.AnnotationConfigApplicationContext -- found component: com.itranswarp.scan.nested.OuterBean
13:29:35.774 [main] DEBUG c.g.c.AnnotationConfigApplicationContext -- define bean: BeanDefinition [name=outerBean, beanClass=com.itranswarp.scan.nested.OuterBean, factory=null, init-method=null, destroy-method=null, primary=false, instance=null]
13:29:35.774 [main] DEBUG c.g.c.AnnotationConfigApplicationContext -- found component: com.itranswarp.scan.destroy.SpecifyDestroyConfiguration
13:29:35.774 [main] DEBUG c.g.c.AnnotationConfigApplicationContext -- define bean: BeanDefinition [name=specifyDestroyConfiguration, beanClass=com.itranswarp.scan.destroy.SpecifyDestroyConfiguration, factory=null, init-method=null, destroy-method=null, primary=false, instance=null]
13:29:35.774 [main] DEBUG c.g.c.AnnotationConfigApplicationContext -- define bean: BeanDefinition [name=createSpecifyDestroyBean, beanClass=com.itranswarp.scan.destroy.SpecifyDestroyBean, factory=SpecifyDestroyConfiguration.createSpecifyDestroyBean(String), init-method=null, destroy-method=null, primary=false, instance=null]
13:29:35.774 [main] DEBUG c.g.c.AnnotationConfigApplicationContext -- found component: com.itranswarp.scan.proxy.InjectProxyOnConstructorBean
13:29:35.774 [main] DEBUG c.g.c.AnnotationConfigApplicationContext -- define bean: BeanDefinition [name=injectProxyOnConstructorBean, beanClass=com.itranswarp.scan.proxy.InjectProxyOnConstructorBean, factory=null, init-method=null, destroy-method=null, primary=false, instance=null]
13:29:35.774 [main] DEBUG c.g.c.AnnotationConfigApplicationContext -- found component: com.itranswarp.scan.init.SpecifyInitConfiguration
13:29:35.774 [main] DEBUG c.g.c.AnnotationConfigApplicationContext -- define bean: BeanDefinition [name=specifyInitConfiguration, beanClass=com.itranswarp.scan.init.SpecifyInitConfiguration, factory=null, init-method=null, destroy-method=null, primary=false, instance=null]
13:29:35.774 [main] DEBUG c.g.c.AnnotationConfigApplicationContext -- define bean: BeanDefinition [name=createSpecifyInitBean, beanClass=com.itranswarp.scan.init.SpecifyInitBean, factory=SpecifyInitConfiguration.createSpecifyInitBean(String, String), init-method=null, destroy-method=null, primary=false, instance=null]
13:29:35.774 [main] DEBUG c.g.c.AnnotationConfigApplicationContext -- found component: com.itranswarp.scan.proxy.InjectProxyOnPropertyBean
13:29:35.774 [main] DEBUG c.g.c.AnnotationConfigApplicationContext -- define bean: BeanDefinition [name=injectProxyOnPropertyBean, beanClass=com.itranswarp.scan.proxy.InjectProxyOnPropertyBean, factory=null, init-method=null, destroy-method=null, primary=false, instance=null]
13:29:35.774 [main] DEBUG c.g.c.AnnotationConfigApplicationContext -- found component: com.itranswarp.scan.proxy.OriginBean
13:29:35.774 [main] DEBUG c.g.c.AnnotationConfigApplicationContext -- define bean: BeanDefinition [name=originBean, beanClass=com.itranswarp.scan.proxy.OriginBean, factory=null, init-method=null, destroy-method=null, primary=false, instance=null]
13:29:35.774 [main] DEBUG c.g.c.AnnotationConfigApplicationContext -- found component: com.itranswarp.scan.sub1.sub2.sub3.Sub3Bean
13:29:35.774 [main] DEBUG c.g.c.AnnotationConfigApplicationContext -- define bean: BeanDefinition [name=sub3Bean, beanClass=com.itranswarp.scan.sub1.sub2.sub3.Sub3Bean, factory=null, init-method=null, destroy-method=null, primary=false, instance=null]
13:29:35.774 [main] DEBUG c.g.c.AnnotationConfigApplicationContext -- found component: com.itranswarp.scan.sub1.Sub1Bean
13:29:35.774 [main] DEBUG c.g.c.AnnotationConfigApplicationContext -- define bean: BeanDefinition [name=sub1Bean, beanClass=com.itranswarp.scan.sub1.Sub1Bean, factory=null, init-method=null, destroy-method=null, primary=false, instance=null]
13:29:35.774 [main] DEBUG c.g.c.AnnotationConfigApplicationContext -- found component: com.itranswarp.scan.init.AnnotationInitBean
13:29:35.774 [main] DEBUG c.g.c.AnnotationConfigApplicationContext -- define bean: BeanDefinition [name=annotationInitBean, beanClass=com.itranswarp.scan.init.AnnotationInitBean, factory=null, init-method=init, destroy-method=null, primary=false, instance=null]
13:29:35.775 [main] DEBUG c.g.c.AnnotationConfigApplicationContext -- Try create bean 'localDateConfiguration' as early singleton: com.itranswarp.imported.LocalDateConfiguration
13:29:35.775 [main] DEBUG c.g.c.AnnotationConfigApplicationContext -- Try create bean 'primaryConfiguration' as early singleton: com.itranswarp.scan.primary.PrimaryConfiguration
13:29:35.775 [main] DEBUG c.g.c.AnnotationConfigApplicationContext -- Try create bean 'specifyDestroyConfiguration' as early singleton: com.itranswarp.scan.destroy.SpecifyDestroyConfiguration
13:29:35.775 [main] DEBUG c.g.c.AnnotationConfigApplicationContext -- Try create bean 'specifyInitConfiguration' as early singleton: com.itranswarp.scan.init.SpecifyInitConfiguration
13:29:35.775 [main] DEBUG c.g.c.AnnotationConfigApplicationContext -- Try create bean 'zonedDateConfiguration' as early singleton: com.itranswarp.imported.ZonedDateConfiguration
13:29:35.775 [main] DEBUG c.g.c.AnnotationConfigApplicationContext -- Try create bean 'firstProxyBeanPostProcessor' as early singleton: com.itranswarp.scan.proxy.FirstProxyBeanPostProcessor
13:29:35.775 [main] DEBUG c.g.c.AnnotationConfigApplicationContext -- Try create bean 'secondProxyBeanPostProcessor' as early singleton: com.itranswarp.scan.proxy.SecondProxyBeanPostProcessor
13:29:35.775 [main] DEBUG c.g.c.AnnotationConfigApplicationContext -- Try create bean 'annotationDestroyBean' as early singleton: com.itranswarp.scan.destroy.AnnotationDestroyBean
13:29:35.775 [main] DEBUG c.g.c.AnnotationConfigApplicationContext -- Try create bean 'annotationInitBean' as early singleton: com.itranswarp.scan.init.AnnotationInitBean
13:29:35.775 [main] DEBUG c.g.c.AnnotationConfigApplicationContext -- Try create bean 'createSpecifyDestroyBean' as early singleton: com.itranswarp.scan.destroy.SpecifyDestroyBean
13:29:35.775 [main] DEBUG c.g.c.AnnotationConfigApplicationContext -- Try create bean 'createSpecifyInitBean' as early singleton: com.itranswarp.scan.init.SpecifyInitBean
13:29:35.775 [main] DEBUG c.g.c.AnnotationConfigApplicationContext -- Try create bean 'customAnnotation' as early singleton: com.itranswarp.scan.custom.annotation.CustomAnnotationBean
13:29:35.775 [main] DEBUG c.g.c.AnnotationConfigApplicationContext -- Try create bean 'husky' as early singleton: com.itranswarp.scan.primary.DogBean
13:29:35.775 [main] DEBUG c.g.c.AnnotationConfigApplicationContext -- Try create bean 'injectProxyOnConstructorBean' as early singleton: com.itranswarp.scan.proxy.InjectProxyOnConstructorBean
13:29:35.775 [main] DEBUG c.g.c.AnnotationConfigApplicationContext -- Try create bean 'originBean' as early singleton: com.itranswarp.scan.proxy.OriginBean
13:29:35.775 [main] DEBUG c.i.s.p.FirstProxyBeanPostProcessor -- create first proxy for bean 'originBean': com.itranswarp.scan.proxy.OriginBean@5400db36
13:29:35.775 [main] DEBUG c.g.c.AnnotationConfigApplicationContext -- Bean 'originBean' was replaced by post processor com.itranswarp.scan.proxy.FirstProxyBeanPostProcessor.
13:29:35.775 [main] DEBUG c.i.s.p.SecondProxyBeanPostProcessor -- create second proxy for bean 'originBean': com.itranswarp.scan.proxy.FirstProxyBean@76b74e9c
13:29:35.775 [main] DEBUG c.g.c.AnnotationConfigApplicationContext -- Bean 'originBean' was replaced by post processor com.itranswarp.scan.proxy.SecondProxyBeanPostProcessor.
13:29:35.775 [main] DEBUG c.g.c.AnnotationConfigApplicationContext -- Try create bean 'injectProxyOnPropertyBean' as early singleton: com.itranswarp.scan.proxy.InjectProxyOnPropertyBean
13:29:35.775 [main] DEBUG c.g.c.AnnotationConfigApplicationContext -- Try create bean 'nestedBean' as early singleton: com.itranswarp.scan.nested.OuterBean$NestedBean
13:29:35.775 [main] DEBUG c.g.c.AnnotationConfigApplicationContext -- Try create bean 'outerBean' as early singleton: com.itranswarp.scan.nested.OuterBean
13:29:35.775 [main] DEBUG c.g.c.AnnotationConfigApplicationContext -- Try create bean 'startLocalDate' as early singleton: java.time.LocalDate
13:29:35.775 [main] DEBUG c.g.c.AnnotationConfigApplicationContext -- Try create bean 'startLocalDateTime' as early singleton: java.time.LocalDateTime
13:29:35.775 [main] DEBUG c.g.c.AnnotationConfigApplicationContext -- Try create bean 'startZonedDateTime' as early singleton: java.time.ZonedDateTime
13:29:35.775 [main] DEBUG c.g.c.AnnotationConfigApplicationContext -- Try create bean 'studentBean' as early singleton: com.itranswarp.scan.primary.StudentBean
13:29:35.775 [main] DEBUG c.g.c.AnnotationConfigApplicationContext -- Try create bean 'sub1Bean' as early singleton: com.itranswarp.scan.sub1.Sub1Bean
13:29:35.775 [main] DEBUG c.g.c.AnnotationConfigApplicationContext -- Try create bean 'sub2Bean' as early singleton: com.itranswarp.scan.sub1.sub2.Sub2Bean
13:29:35.775 [main] DEBUG c.g.c.AnnotationConfigApplicationContext -- Try create bean 'sub3Bean' as early singleton: com.itranswarp.scan.sub1.sub2.sub3.Sub3Bean
13:29:35.775 [main] DEBUG c.g.c.AnnotationConfigApplicationContext -- Try create bean 'teacherBean' as early singleton: com.itranswarp.scan.primary.TeacherBean
13:29:35.775 [main] DEBUG c.g.c.AnnotationConfigApplicationContext -- Try create bean 'teddy' as early singleton: com.itranswarp.scan.primary.DogBean
13:29:35.775 [main] DEBUG c.g.c.AnnotationConfigApplicationContext -- Try create bean 'valueConverterBean' as early singleton: com.itranswarp.scan.convert.ValueConverterBean
13:29:35.775 [main] DEBUG c.g.c.AnnotationConfigApplicationContext -- Field injection: com.itranswarp.scan.convert.ValueConverterBean.injectedBooleanPrimitive = true
13:29:35.775 [main] DEBUG c.g.c.AnnotationConfigApplicationContext -- Field injection: com.itranswarp.scan.convert.ValueConverterBean.injectedBoolean = true
13:29:35.775 [main] DEBUG c.g.c.AnnotationConfigApplicationContext -- Field injection: com.itranswarp.scan.convert.ValueConverterBean.injectedBytePrimitive = 123
13:29:35.775 [main] DEBUG c.g.c.AnnotationConfigApplicationContext -- Field injection: com.itranswarp.scan.convert.ValueConverterBean.injectedByte = 123
13:29:35.775 [main] DEBUG c.g.c.AnnotationConfigApplicationContext -- Field injection: com.itranswarp.scan.convert.ValueConverterBean.injectedShortPrimitive = 12345
13:29:35.775 [main] DEBUG c.g.c.AnnotationConfigApplicationContext -- Field injection: com.itranswarp.scan.convert.ValueConverterBean.injectedShort = 12345
13:29:35.775 [main] DEBUG c.g.c.AnnotationConfigApplicationContext -- Field injection: com.itranswarp.scan.convert.ValueConverterBean.injectedIntPrimitive = 1234567
13:29:35.775 [main] DEBUG c.g.c.AnnotationConfigApplicationContext -- Field injection: com.itranswarp.scan.convert.ValueConverterBean.injectedInteger = 1234567
13:29:35.775 [main] DEBUG c.g.c.AnnotationConfigApplicationContext -- Field injection: com.itranswarp.scan.convert.ValueConverterBean.injectedLongPrimitive = 123456789000
13:29:35.775 [main] DEBUG c.g.c.AnnotationConfigApplicationContext -- Field injection: com.itranswarp.scan.convert.ValueConverterBean.injectedLong = 123456789000
13:29:35.775 [main] DEBUG c.g.c.AnnotationConfigApplicationContext -- Field injection: com.itranswarp.scan.convert.ValueConverterBean.injectedFloatPrimitive = 12345.679
13:29:35.776 [main] DEBUG c.g.c.AnnotationConfigApplicationContext -- Field injection: com.itranswarp.scan.convert.ValueConverterBean.injectedFloat = 12345.679
13:29:35.776 [main] DEBUG c.g.c.AnnotationConfigApplicationContext -- Field injection: com.itranswarp.scan.convert.ValueConverterBean.injectedDoublePrimitive = 1.2345678987654321E8
13:29:35.776 [main] DEBUG c.g.c.AnnotationConfigApplicationContext -- Field injection: com.itranswarp.scan.convert.ValueConverterBean.injectedDouble = 1.2345678987654321E8
13:29:35.776 [main] DEBUG c.g.c.AnnotationConfigApplicationContext -- Field injection: com.itranswarp.scan.convert.ValueConverterBean.injectedLocalDate = 2023-03-29
13:29:35.776 [main] DEBUG c.g.c.AnnotationConfigApplicationContext -- Field injection: com.itranswarp.scan.convert.ValueConverterBean.injectedLocalTime = 20:45:01
13:29:35.776 [main] DEBUG c.g.c.AnnotationConfigApplicationContext -- Field injection: com.itranswarp.scan.convert.ValueConverterBean.injectedLocalDateTime = 2023-03-29T20:45:01
13:29:35.776 [main] DEBUG c.g.c.AnnotationConfigApplicationContext -- Field injection: com.itranswarp.scan.convert.ValueConverterBean.injectedZonedDateTime = 2023-03-29T20:45:01+08:00[Asia/Shanghai]
13:29:35.776 [main] DEBUG c.g.c.AnnotationConfigApplicationContext -- Field injection: com.itranswarp.scan.convert.ValueConverterBean.injectedDuration = PT51H4M
13:29:35.776 [main] DEBUG c.g.c.AnnotationConfigApplicationContext -- Field injection: com.itranswarp.scan.convert.ValueConverterBean.injectedZoneId = Asia/Shanghai
13:29:35.776 [main] DEBUG c.g.c.AnnotationConfigApplicationContext -- Field injection: com.itranswarp.scan.proxy.InjectProxyOnPropertyBean.injected = com.itranswarp.scan.proxy.SecondProxyBean@2d72f75e
13:29:35.776 [main] DEBUG c.i.s.p.SecondProxyBeanPostProcessor -- auto set property for originBean from second proxy com.itranswarp.scan.proxy.SecondProxyBean@2d72f75e to origin bean: com.itranswarp.scan.proxy.FirstProxyBean@76b74e9c
13:29:35.776 [main] DEBUG c.g.c.AnnotationConfigApplicationContext -- BeanPostProcessor SecondProxyBeanPostProcessor specified injection from SecondProxyBean to FirstProxyBean.
13:29:35.776 [main] DEBUG c.i.s.p.FirstProxyBeanPostProcessor -- auto set property for originBean from first proxy com.itranswarp.scan.proxy.FirstProxyBean@76b74e9c to origin bean: com.itranswarp.scan.proxy.OriginBean@5400db36
13:29:35.776 [main] DEBUG c.g.c.AnnotationConfigApplicationContext -- BeanPostProcessor FirstProxyBeanPostProcessor specified injection from FirstProxyBean to OriginBean.
13:29:35.776 [main] DEBUG c.g.c.AnnotationConfigApplicationContext -- Field injection: com.itranswarp.scan.proxy.OriginBean.name = Scan App
13:29:35.776 [main] DEBUG c.g.c.AnnotationConfigApplicationContext -- Method injection: com.itranswarp.scan.proxy.OriginBean.setVersion (v1.0)
13:29:35.776 [main] DEBUG c.g.c.AnnotationConfigApplicationContext -- Field injection: com.itranswarp.scan.destroy.AnnotationDestroyBean.appTitle = Scan App
13:29:35.776 [main] DEBUG c.g.c.AnnotationConfigApplicationContext -- Field injection: com.itranswarp.scan.init.AnnotationInitBean.appTitle = Scan App
13:29:35.776 [main] DEBUG c.g.c.AnnotationConfigApplicationContext -- Field injection: com.itranswarp.scan.init.AnnotationInitBean.appVersion = v1.0
13:29:35.776 [main] DEBUG c.i.s.p.SecondProxyBeanPostProcessor -- auto set property for originBean from second proxy com.itranswarp.scan.proxy.SecondProxyBean@2d72f75e to origin bean: com.itranswarp.scan.proxy.FirstProxyBean@76b74e9c
13:29:35.776 [main] DEBUG c.g.c.AnnotationConfigApplicationContext -- BeanPostProcessor SecondProxyBeanPostProcessor specified injection from SecondProxyBean to FirstProxyBean.
13:29:35.776 [main] DEBUG c.i.s.p.FirstProxyBeanPostProcessor -- auto set property for originBean from first proxy com.itranswarp.scan.proxy.FirstProxyBean@76b74e9c to origin bean: com.itranswarp.scan.proxy.OriginBean@5400db36
13:29:35.776 [main] DEBUG c.g.c.AnnotationConfigApplicationContext -- BeanPostProcessor FirstProxyBeanPostProcessor specified injection from FirstProxyBean to OriginBean.
13:29:35.776 [main] DEBUG c.g.c.AnnotationConfigApplicationContext -- bean initialized: BeanDefinition [name=firstProxyBeanPostProcessor, beanClass=com.itranswarp.scan.proxy.FirstProxyBeanPostProcessor, factory=null, init-method=null, destroy-method=null, primary=false, instance=com.itranswarp.scan.proxy.FirstProxyBeanPostProcessor@8ab78bc]
13:29:35.776 [main] DEBUG c.g.c.AnnotationConfigApplicationContext -- bean initialized: BeanDefinition [name=secondProxyBeanPostProcessor, beanClass=com.itranswarp.scan.proxy.SecondProxyBeanPostProcessor, factory=null, init-method=null, destroy-method=null, primary=false, instance=com.itranswarp.scan.proxy.SecondProxyBeanPostProcessor@5aa0dbf4]
13:29:35.776 [main] DEBUG c.g.c.AnnotationConfigApplicationContext -- bean initialized: BeanDefinition [name=annotationDestroyBean, beanClass=com.itranswarp.scan.destroy.AnnotationDestroyBean, factory=null, init-method=null, destroy-method=destroy, primary=false, instance=com.itranswarp.scan.destroy.AnnotationDestroyBean@16afbd92]
13:29:35.776 [main] DEBUG c.g.c.AnnotationConfigApplicationContext -- bean initialized: BeanDefinition [name=annotationInitBean, beanClass=com.itranswarp.scan.init.AnnotationInitBean, factory=null, init-method=init, destroy-method=null, primary=false, instance=com.itranswarp.scan.init.AnnotationInitBean@2c5d601e]
13:29:35.776 [main] DEBUG c.g.c.AnnotationConfigApplicationContext -- bean initialized: BeanDefinition [name=createSpecifyDestroyBean, beanClass=com.itranswarp.scan.destroy.SpecifyDestroyBean, factory=SpecifyDestroyConfiguration.createSpecifyDestroyBean(String), init-method=null, destroy-method=null, primary=false, instance=com.itranswarp.scan.destroy.SpecifyDestroyBean@7fe083b1]
13:29:35.776 [main] DEBUG c.g.c.AnnotationConfigApplicationContext -- bean initialized: BeanDefinition [name=createSpecifyInitBean, beanClass=com.itranswarp.scan.init.SpecifyInitBean, factory=SpecifyInitConfiguration.createSpecifyInitBean(String, String), init-method=null, destroy-method=null, primary=false, instance=com.itranswarp.scan.init.SpecifyInitBean@23c388c2]
13:29:35.777 [main] DEBUG c.g.c.AnnotationConfigApplicationContext -- bean initialized: BeanDefinition [name=customAnnotation, beanClass=com.itranswarp.scan.custom.annotation.CustomAnnotationBean, factory=null, init-method=null, destroy-method=null, primary=false, instance=com.itranswarp.scan.custom.annotation.CustomAnnotationBean@486be205]
13:29:35.777 [main] DEBUG c.g.c.AnnotationConfigApplicationContext -- bean initialized: BeanDefinition [name=husky, beanClass=com.itranswarp.scan.primary.DogBean, factory=PrimaryConfiguration.husky(), init-method=null, destroy-method=null, primary=true, instance=com.itranswarp.scan.primary.DogBean@f713686]
13:29:35.777 [main] DEBUG c.g.c.AnnotationConfigApplicationContext -- bean initialized: BeanDefinition [name=injectProxyOnConstructorBean, beanClass=com.itranswarp.scan.proxy.InjectProxyOnConstructorBean, factory=null, init-method=null, destroy-method=null, primary=false, instance=com.itranswarp.scan.proxy.InjectProxyOnConstructorBean@74f7d1d2]
13:29:35.777 [main] DEBUG c.g.c.AnnotationConfigApplicationContext -- bean initialized: BeanDefinition [name=injectProxyOnPropertyBean, beanClass=com.itranswarp.scan.proxy.InjectProxyOnPropertyBean, factory=null, init-method=null, destroy-method=null, primary=false, instance=com.itranswarp.scan.proxy.InjectProxyOnPropertyBean@4b4dd216]
13:29:35.777 [main] DEBUG c.g.c.AnnotationConfigApplicationContext -- bean initialized: BeanDefinition [name=localDateConfiguration, beanClass=com.itranswarp.imported.LocalDateConfiguration, factory=null, init-method=null, destroy-method=null, primary=false, instance=com.itranswarp.imported.LocalDateConfiguration@5ca17ab0]
13:29:35.777 [main] DEBUG c.g.c.AnnotationConfigApplicationContext -- bean initialized: BeanDefinition [name=nestedBean, beanClass=com.itranswarp.scan.nested.OuterBean$NestedBean, factory=null, init-method=null, destroy-method=null, primary=false, instance=com.itranswarp.scan.nested.OuterBean$NestedBean@5a62b2a4]
13:29:35.777 [main] DEBUG c.g.c.AnnotationConfigApplicationContext -- bean initialized: BeanDefinition [name=originBean, beanClass=com.itranswarp.scan.proxy.OriginBean, factory=null, init-method=null, destroy-method=null, primary=false, instance=com.itranswarp.scan.proxy.SecondProxyBean@2d72f75e]
13:29:35.777 [main] DEBUG c.g.c.AnnotationConfigApplicationContext -- bean initialized: BeanDefinition [name=outerBean, beanClass=com.itranswarp.scan.nested.OuterBean, factory=null, init-method=null, destroy-method=null, primary=false, instance=com.itranswarp.scan.nested.OuterBean@1051817b]
13:29:35.777 [main] DEBUG c.g.c.AnnotationConfigApplicationContext -- bean initialized: BeanDefinition [name=primaryConfiguration, beanClass=com.itranswarp.scan.primary.PrimaryConfiguration, factory=null, init-method=null, destroy-method=null, primary=false, instance=com.itranswarp.scan.primary.PrimaryConfiguration@35293c05]
13:29:35.777 [main] DEBUG c.g.c.AnnotationConfigApplicationContext -- bean initialized: BeanDefinition [name=specifyDestroyConfiguration, beanClass=com.itranswarp.scan.destroy.SpecifyDestroyConfiguration, factory=null, init-method=null, destroy-method=null, primary=false, instance=com.itranswarp.scan.destroy.SpecifyDestroyConfiguration@620aa4ea]
13:29:35.777 [main] DEBUG c.g.c.AnnotationConfigApplicationContext -- bean initialized: BeanDefinition [name=specifyInitConfiguration, beanClass=com.itranswarp.scan.init.SpecifyInitConfiguration, factory=null, init-method=null, destroy-method=null, primary=false, instance=com.itranswarp.scan.init.SpecifyInitConfiguration@2db2dd9d]
13:29:35.777 [main] DEBUG c.g.c.AnnotationConfigApplicationContext -- bean initialized: BeanDefinition [name=startLocalDate, beanClass=java.time.LocalDate, factory=LocalDateConfiguration.startLocalDate(), init-method=null, destroy-method=null, primary=false, instance=2023-08-17]
13:29:35.777 [main] DEBUG c.g.c.AnnotationConfigApplicationContext -- bean initialized: BeanDefinition [name=startLocalDateTime, beanClass=java.time.LocalDateTime, factory=LocalDateConfiguration.startLocalDateTime(), init-method=null, destroy-method=null, primary=false, instance=2023-08-17T13:29:35.775646300]
13:29:35.777 [main] DEBUG c.g.c.AnnotationConfigApplicationContext -- bean initialized: BeanDefinition [name=startZonedDateTime, beanClass=java.time.ZonedDateTime, factory=ZonedDateConfiguration.startZonedDateTime(), init-method=null, destroy-method=null, primary=false, instance=2023-08-17T13:29:35.775646300+08:00[Asia/Shanghai]]
13:29:35.777 [main] DEBUG c.g.c.AnnotationConfigApplicationContext -- bean initialized: BeanDefinition [name=studentBean, beanClass=com.itranswarp.scan.primary.StudentBean, factory=null, init-method=null, destroy-method=null, primary=false, instance=com.itranswarp.scan.primary.StudentBean@3174cb09]
13:29:35.777 [main] DEBUG c.g.c.AnnotationConfigApplicationContext -- bean initialized: BeanDefinition [name=sub1Bean, beanClass=com.itranswarp.scan.sub1.Sub1Bean, factory=null, init-method=null, destroy-method=null, primary=false, instance=com.itranswarp.scan.sub1.Sub1Bean@4d411036]
13:29:35.777 [main] DEBUG c.g.c.AnnotationConfigApplicationContext -- bean initialized: BeanDefinition [name=sub2Bean, beanClass=com.itranswarp.scan.sub1.sub2.Sub2Bean, factory=null, init-method=null, destroy-method=null, primary=false, instance=com.itranswarp.scan.sub1.sub2.Sub2Bean@7adbd080]
13:29:35.777 [main] DEBUG c.g.c.AnnotationConfigApplicationContext -- bean initialized: BeanDefinition [name=sub3Bean, beanClass=com.itranswarp.scan.sub1.sub2.sub3.Sub3Bean, factory=null, init-method=null, destroy-method=null, primary=false, instance=com.itranswarp.scan.sub1.sub2.sub3.Sub3Bean@41beb473]
13:29:35.777 [main] DEBUG c.g.c.AnnotationConfigApplicationContext -- bean initialized: BeanDefinition [name=teacherBean, beanClass=com.itranswarp.scan.primary.TeacherBean, factory=null, init-method=null, destroy-method=null, primary=true, instance=com.itranswarp.scan.primary.TeacherBean@560513ce]
13:29:35.777 [main] DEBUG c.g.c.AnnotationConfigApplicationContext -- bean initialized: BeanDefinition [name=teddy, beanClass=com.itranswarp.scan.primary.DogBean, factory=PrimaryConfiguration.teddy(), init-method=null, destroy-method=null, primary=false, instance=com.itranswarp.scan.primary.DogBean@13006998]
13:29:35.777 [main] DEBUG c.g.c.AnnotationConfigApplicationContext -- bean initialized: BeanDefinition [name=valueConverterBean, beanClass=com.itranswarp.scan.convert.ValueConverterBean, factory=null, init-method=null, destroy-method=null, primary=false, instance=com.itranswarp.scan.convert.ValueConverterBean@37fbe4a8]
13:29:35.777 [main] DEBUG c.g.c.AnnotationConfigApplicationContext -- bean initialized: BeanDefinition [name=zonedDateConfiguration, beanClass=com.itranswarp.imported.ZonedDateConfiguration, factory=null, init-method=null, destroy-method=null, primary=false, instance=com.itranswarp.imported.ZonedDateConfiguration@352c308]
]]></system-out>
  </testcase>
  <testcase name="testImport" classname="com.itranswarp.summer.context.AnnotationConfigApplicationContextTest" time="0.022">
    <system-out><![CDATA[13:29:35.780 [main] DEBUG com.gaoda.io.PropertyResolver -- PropertyResolver: =:: = ::\
13:29:35.780 [main] DEBUG com.gaoda.io.PropertyResolver -- PropertyResolver: =D: = D:\Codes\Projects\summer\summer_framework\Summer_Framework
13:29:35.780 [main] DEBUG com.gaoda.io.PropertyResolver -- PropertyResolver: ALLUSERSPROFILE = C:\ProgramData
13:29:35.780 [main] DEBUG com.gaoda.io.PropertyResolver -- PropertyResolver: APPDATA = C:\Users\Gundam\AppData\Roaming
13:29:35.780 [main] DEBUG com.gaoda.io.PropertyResolver -- PropertyResolver: CLASSPATH = .;D:\Code\jdk-18\lib;D:\Code\jdk-18\lib\tools.jar
13:29:35.780 [main] DEBUG com.gaoda.io.PropertyResolver -- PropertyResolver: COMMONPROGRAMFILES = C:\Program Files\Common Files
13:29:35.780 [main] DEBUG com.gaoda.io.PropertyResolver -- PropertyResolver: COMMONPROGRAMFILES(X86) = C:\Program Files (x86)\Common Files
13:29:35.780 [main] DEBUG com.gaoda.io.PropertyResolver -- PropertyResolver: COMMONPROGRAMW6432 = C:\Program Files\Common Files
13:29:35.780 [main] DEBUG com.gaoda.io.PropertyResolver -- PropertyResolver: COMPUTERNAME = DESKTOP-HR12F04
13:29:35.780 [main] DEBUG com.gaoda.io.PropertyResolver -- PropertyResolver: COMSPEC = C:\Windows\system32\cmd.exe
13:29:35.780 [main] DEBUG com.gaoda.io.PropertyResolver -- PropertyResolver: DRIVERDATA = C:\Windows\System32\Drivers\DriverData
13:29:35.780 [main] DEBUG com.gaoda.io.PropertyResolver -- PropertyResolver: FPS_BROWSER_APP_PROFILE_STRING = Internet Explorer
13:29:35.780 [main] DEBUG com.gaoda.io.PropertyResolver -- PropertyResolver: FPS_BROWSER_USER_PROFILE_STRING = Default
13:29:35.780 [main] DEBUG com.gaoda.io.PropertyResolver -- PropertyResolver: HOMEDRIVE = C:
13:29:35.780 [main] DEBUG com.gaoda.io.PropertyResolver -- PropertyResolver: HOMEPATH = \Users\Gundam
13:29:35.780 [main] DEBUG com.gaoda.io.PropertyResolver -- PropertyResolver: IDEA_INITIAL_DIRECTORY = D:\Applications1\code\idea\IntelliJ IDEA 2022.2.1\bin
13:29:35.780 [main] DEBUG com.gaoda.io.PropertyResolver -- PropertyResolver: INTELLIJ IDEA = D:\Applications1\code\idea\IntelliJ IDEA 2022.2.1\bin;
13:29:35.780 [main] DEBUG com.gaoda.io.PropertyResolver -- PropertyResolver: JAVA18_HOME = D:\Code\jdk-18
13:29:35.780 [main] DEBUG com.gaoda.io.PropertyResolver -- PropertyResolver: JAVA8_HOME = D:\Code\jdk-8
13:29:35.780 [main] DEBUG com.gaoda.io.PropertyResolver -- PropertyResolver: JAVA_HOME = D:\Code\jdk-18
13:29:35.780 [main] DEBUG com.gaoda.io.PropertyResolver -- PropertyResolver: LOCALAPPDATA = C:\Users\Gundam\AppData\Local
13:29:35.780 [main] DEBUG com.gaoda.io.PropertyResolver -- PropertyResolver: LOGONSERVER = \\DESKTOP-HR12F04
13:29:35.780 [main] DEBUG com.gaoda.io.PropertyResolver -- PropertyResolver: MAVEN_HOME = D:\Code\Maven\apache-maven-3.8.6
13:29:35.780 [main] DEBUG com.gaoda.io.PropertyResolver -- PropertyResolver: NLS_LANG = SIMPLIFIED CHINESE_CHINA.ZHS16GBK
13:29:35.780 [main] DEBUG com.gaoda.io.PropertyResolver -- PropertyResolver: NUMBER_OF_PROCESSORS = 16
13:29:35.780 [main] DEBUG com.gaoda.io.PropertyResolver -- PropertyResolver: ONEDRIVE = C:\Users\Gundam\OneDrive
13:29:35.780 [main] DEBUG com.gaoda.io.PropertyResolver -- PropertyResolver: OPENSSL_IA32CAP = ~0x200000200000000
13:29:35.780 [main] DEBUG com.gaoda.io.PropertyResolver -- PropertyResolver: ORACLE_HOME = D:\Code\oracle\Ora10InstantClient
13:29:35.780 [main] DEBUG com.gaoda.io.PropertyResolver -- PropertyResolver: OS = Windows_NT
13:29:35.780 [main] DEBUG com.gaoda.io.PropertyResolver -- PropertyResolver: PATH = C:\Windows;D:\Code\jdk-18\bin;D:\Code\jdk-18\jre\bin;C:\Program Files\Common Files\Oracle\Java\javapath;C:\Windows\system32;C:\Windows\System32\Wbem;C:\Windows\System32\WindowsPowerShell\v1.0\;C:\Windows\System32\OpenSSH\;D:\Applications1\computer\Bandizip\;C:\Program Files\NVIDIA Corporation\NVIDIA NvDLISR;C:\Program Files (x86)\NVIDIA Corporation\PhysX\Common;D:\Code\jdk-18;D:\Code\oracle\Ora10InstantClient;D:\Applications1\code\MySQL\bin;D:\Code\Maven\apache-maven-3.8.6\bin;D:\Code\Node.js\;D:\Applications1\code\Git\cmd;D:\Applications1\code\微信web开发者工具\dll;C:\Program Files\TortoiseGit\bin;C:\Program Files\Asiainfo Security\AisEsmAgent\atom_plugins\base_plugin;C:\Users\Gundam\AppData\Local\Programs\Python\Python311\Scripts\;C:\Users\Gundam\AppData\Local\Programs\Python\Python311\;C:\Users\Gundam\AppData\Local\Microsoft\WindowsApps;D:\Applications1\code\idea\IntelliJ IDEA 2022.2.1\bin;;D:\Applications1\code\vscode\Microsoft VS Code\bin;C:\Users\Gundam\AppData\Roaming\npm;D:\Applications1\code\webstorm\WebStorm 2022.3.2\bin;;D:\Applications1\play\QQgame\Hall.57975\
13:29:35.780 [main] DEBUG com.gaoda.io.PropertyResolver -- PropertyResolver: PATHEXT = .COM;.EXE;.BAT;.CMD;.VBS;.VBE;.JS;.JSE;.WSF;.WSH;.MSC
13:29:35.780 [main] DEBUG com.gaoda.io.PropertyResolver -- PropertyResolver: PROCESSOR_ARCHITECTURE = AMD64
13:29:35.780 [main] DEBUG com.gaoda.io.PropertyResolver -- PropertyResolver: PROCESSOR_IDENTIFIER = AMD64 Family 23 Model 96 Stepping 1, AuthenticAMD
13:29:35.780 [main] DEBUG com.gaoda.io.PropertyResolver -- PropertyResolver: PROCESSOR_LEVEL = 23
13:29:35.780 [main] DEBUG com.gaoda.io.PropertyResolver -- PropertyResolver: PROCESSOR_REVISION = 6001
13:29:35.780 [main] DEBUG com.gaoda.io.PropertyResolver -- PropertyResolver: PROGRAMDATA = C:\ProgramData
13:29:35.780 [main] DEBUG com.gaoda.io.PropertyResolver -- PropertyResolver: PROGRAMFILES = C:\Program Files
13:29:35.780 [main] DEBUG com.gaoda.io.PropertyResolver -- PropertyResolver: PROGRAMFILES(X86) = C:\Program Files (x86)
13:29:35.780 [main] DEBUG com.gaoda.io.PropertyResolver -- PropertyResolver: PROGRAMW6432 = C:\Program Files
13:29:35.780 [main] DEBUG com.gaoda.io.PropertyResolver -- PropertyResolver: PROMPT = $P$G
13:29:35.780 [main] DEBUG com.gaoda.io.PropertyResolver -- PropertyResolver: PSMODULEPATH = C:\Program Files\WindowsPowerShell\Modules;C:\Windows\system32\WindowsPowerShell\v1.0\Modules
13:29:35.780 [main] DEBUG com.gaoda.io.PropertyResolver -- PropertyResolver: PUBLIC = C:\Users\Public
13:29:35.780 [main] DEBUG com.gaoda.io.PropertyResolver -- PropertyResolver: SESSIONNAME = Console
13:29:35.780 [main] DEBUG com.gaoda.io.PropertyResolver -- PropertyResolver: SYSTEMDRIVE = C:
13:29:35.780 [main] DEBUG com.gaoda.io.PropertyResolver -- PropertyResolver: SYSTEMROOT = C:\Windows
13:29:35.780 [main] DEBUG com.gaoda.io.PropertyResolver -- PropertyResolver: TEMP = C:\Users\Gundam\AppData\Local\Temp
13:29:35.780 [main] DEBUG com.gaoda.io.PropertyResolver -- PropertyResolver: TMP = C:\Users\Gundam\AppData\Local\Temp
13:29:35.780 [main] DEBUG com.gaoda.io.PropertyResolver -- PropertyResolver: TNS_ADMIN = D:\Code\oracle\Ora10InstantClient
13:29:35.780 [main] DEBUG com.gaoda.io.PropertyResolver -- PropertyResolver: USERDOMAIN = DESKTOP-HR12F04
13:29:35.780 [main] DEBUG com.gaoda.io.PropertyResolver -- PropertyResolver: USERDOMAIN_ROAMINGPROFILE = DESKTOP-HR12F04
13:29:35.780 [main] DEBUG com.gaoda.io.PropertyResolver -- PropertyResolver: USERNAME = Gundam
13:29:35.780 [main] DEBUG com.gaoda.io.PropertyResolver -- PropertyResolver: USERPROFILE = C:\Users\Gundam
13:29:35.780 [main] DEBUG com.gaoda.io.PropertyResolver -- PropertyResolver: WEBSTORM = D:\Applications1\code\webstorm\WebStorm 2022.3.2\bin;
13:29:35.780 [main] DEBUG com.gaoda.io.PropertyResolver -- PropertyResolver: WINDIR = C:\Windows
13:29:35.780 [main] DEBUG com.gaoda.io.PropertyResolver -- PropertyResolver: app.title = Scan App
13:29:35.780 [main] DEBUG com.gaoda.io.PropertyResolver -- PropertyResolver: app.version = v1.0
13:29:35.780 [main] DEBUG com.gaoda.io.PropertyResolver -- PropertyResolver: convert.boolean = true
13:29:35.780 [main] DEBUG com.gaoda.io.PropertyResolver -- PropertyResolver: convert.byte = 123
13:29:35.780 [main] DEBUG com.gaoda.io.PropertyResolver -- PropertyResolver: convert.double = 123456789.87654321
13:29:35.780 [main] DEBUG com.gaoda.io.PropertyResolver -- PropertyResolver: convert.duration = P2DT3H4M
13:29:35.780 [main] DEBUG com.gaoda.io.PropertyResolver -- PropertyResolver: convert.float = 12345.6789
13:29:35.780 [main] DEBUG com.gaoda.io.PropertyResolver -- PropertyResolver: convert.integer = 1234567
13:29:35.780 [main] DEBUG com.gaoda.io.PropertyResolver -- PropertyResolver: convert.localdate = 2023-03-29
13:29:35.780 [main] DEBUG com.gaoda.io.PropertyResolver -- PropertyResolver: convert.localdatetime = 2023-03-29T20:45:01
13:29:35.780 [main] DEBUG com.gaoda.io.PropertyResolver -- PropertyResolver: convert.localtime = 20:45:01
13:29:35.780 [main] DEBUG com.gaoda.io.PropertyResolver -- PropertyResolver: convert.long = 123456789000
13:29:35.780 [main] DEBUG com.gaoda.io.PropertyResolver -- PropertyResolver: convert.short = 12345
13:29:35.780 [main] DEBUG com.gaoda.io.PropertyResolver -- PropertyResolver: convert.zoneddatetime = 2023-03-29T20:45:01+08:00[Asia/Shanghai]
13:29:35.780 [main] DEBUG com.gaoda.io.PropertyResolver -- PropertyResolver: convert.zoneid = Asia/Shanghai
13:29:35.780 [main] DEBUG com.gaoda.io.PropertyResolver -- PropertyResolver: jdbc.password = 
13:29:35.780 [main] DEBUG com.gaoda.io.PropertyResolver -- PropertyResolver: jdbc.url = jdbc:hsqldb:file:testdb.tmp
13:29:35.780 [main] DEBUG com.gaoda.io.PropertyResolver -- PropertyResolver: jdbc.username = sa
13:29:35.780 [main] INFO  c.g.c.AnnotationConfigApplicationContext -- component scan in packages: [com.itranswarp.scan]
13:29:35.780 [main] DEBUG c.g.c.AnnotationConfigApplicationContext -- scan package: com.itranswarp.scan
13:29:35.781 [main] DEBUG com.gaoda.io.ResourceResolver -- scan path: com/itranswarp/scan
13:29:35.783 [main] DEBUG com.gaoda.io.ResourceResolver -- found resource: Resource[path=file:D:\Codes\Projects\summer\summer_framework\Summer_Framework\target\test-classes\com\itranswarp\scan\convert\ValueConverterBean.class, name=com\itranswarp\scan\convert\ValueConverterBean.class]
13:29:35.784 [main] DEBUG com.gaoda.io.ResourceResolver -- found resource: Resource[path=file:D:\Codes\Projects\summer\summer_framework\Summer_Framework\target\test-classes\com\itranswarp\scan\custom\annotation\CustomAnnotation.class, name=com\itranswarp\scan\custom\annotation\CustomAnnotation.class]
13:29:35.785 [main] DEBUG com.gaoda.io.ResourceResolver -- found resource: Resource[path=file:D:\Codes\Projects\summer\summer_framework\Summer_Framework\target\test-classes\com\itranswarp\scan\custom\annotation\CustomAnnotationBean.class, name=com\itranswarp\scan\custom\annotation\CustomAnnotationBean.class]
13:29:35.785 [main] DEBUG com.gaoda.io.ResourceResolver -- found resource: Resource[path=file:D:\Codes\Projects\summer\summer_framework\Summer_Framework\target\test-classes\com\itranswarp\scan\destroy\AnnotationDestroyBean.class, name=com\itranswarp\scan\destroy\AnnotationDestroyBean.class]
13:29:35.786 [main] DEBUG com.gaoda.io.ResourceResolver -- found resource: Resource[path=file:D:\Codes\Projects\summer\summer_framework\Summer_Framework\target\test-classes\com\itranswarp\scan\destroy\SpecifyDestroyBean.class, name=com\itranswarp\scan\destroy\SpecifyDestroyBean.class]
13:29:35.786 [main] DEBUG com.gaoda.io.ResourceResolver -- found resource: Resource[path=file:D:\Codes\Projects\summer\summer_framework\Summer_Framework\target\test-classes\com\itranswarp\scan\destroy\SpecifyDestroyConfiguration.class, name=com\itranswarp\scan\destroy\SpecifyDestroyConfiguration.class]
13:29:35.787 [main] DEBUG com.gaoda.io.ResourceResolver -- found resource: Resource[path=file:D:\Codes\Projects\summer\summer_framework\Summer_Framework\target\test-classes\com\itranswarp\scan\init\AnnotationInitBean.class, name=com\itranswarp\scan\init\AnnotationInitBean.class]
13:29:35.787 [main] DEBUG com.gaoda.io.ResourceResolver -- found resource: Resource[path=file:D:\Codes\Projects\summer\summer_framework\Summer_Framework\target\test-classes\com\itranswarp\scan\init\SpecifyInitBean.class, name=com\itranswarp\scan\init\SpecifyInitBean.class]
13:29:35.787 [main] DEBUG com.gaoda.io.ResourceResolver -- found resource: Resource[path=file:D:\Codes\Projects\summer\summer_framework\Summer_Framework\target\test-classes\com\itranswarp\scan\init\SpecifyInitConfiguration.class, name=com\itranswarp\scan\init\SpecifyInitConfiguration.class]
13:29:35.788 [main] DEBUG com.gaoda.io.ResourceResolver -- found resource: Resource[path=file:D:\Codes\Projects\summer\summer_framework\Summer_Framework\target\test-classes\com\itranswarp\scan\nested\OuterBean$NestedBean.class, name=com\itranswarp\scan\nested\OuterBean$NestedBean.class]
13:29:35.788 [main] DEBUG com.gaoda.io.ResourceResolver -- found resource: Resource[path=file:D:\Codes\Projects\summer\summer_framework\Summer_Framework\target\test-classes\com\itranswarp\scan\nested\OuterBean.class, name=com\itranswarp\scan\nested\OuterBean.class]
13:29:35.789 [main] DEBUG com.gaoda.io.ResourceResolver -- found resource: Resource[path=file:D:\Codes\Projects\summer\summer_framework\Summer_Framework\target\test-classes\com\itranswarp\scan\primary\DogBean.class, name=com\itranswarp\scan\primary\DogBean.class]
13:29:35.789 [main] DEBUG com.gaoda.io.ResourceResolver -- found resource: Resource[path=file:D:\Codes\Projects\summer\summer_framework\Summer_Framework\target\test-classes\com\itranswarp\scan\primary\PersonBean.class, name=com\itranswarp\scan\primary\PersonBean.class]
13:29:35.790 [main] DEBUG com.gaoda.io.ResourceResolver -- found resource: Resource[path=file:D:\Codes\Projects\summer\summer_framework\Summer_Framework\target\test-classes\com\itranswarp\scan\primary\PrimaryConfiguration.class, name=com\itranswarp\scan\primary\PrimaryConfiguration.class]
13:29:35.790 [main] DEBUG com.gaoda.io.ResourceResolver -- found resource: Resource[path=file:D:\Codes\Projects\summer\summer_framework\Summer_Framework\target\test-classes\com\itranswarp\scan\primary\StudentBean.class, name=com\itranswarp\scan\primary\StudentBean.class]
13:29:35.790 [main] DEBUG com.gaoda.io.ResourceResolver -- found resource: Resource[path=file:D:\Codes\Projects\summer\summer_framework\Summer_Framework\target\test-classes\com\itranswarp\scan\primary\TeacherBean.class, name=com\itranswarp\scan\primary\TeacherBean.class]
13:29:35.791 [main] DEBUG com.gaoda.io.ResourceResolver -- found resource: Resource[path=file:D:\Codes\Projects\summer\summer_framework\Summer_Framework\target\test-classes\com\itranswarp\scan\proxy\FirstProxyBean.class, name=com\itranswarp\scan\proxy\FirstProxyBean.class]
13:29:35.791 [main] DEBUG com.gaoda.io.ResourceResolver -- found resource: Resource[path=file:D:\Codes\Projects\summer\summer_framework\Summer_Framework\target\test-classes\com\itranswarp\scan\proxy\FirstProxyBeanPostProcessor.class, name=com\itranswarp\scan\proxy\FirstProxyBeanPostProcessor.class]
13:29:35.791 [main] DEBUG com.gaoda.io.ResourceResolver -- found resource: Resource[path=file:D:\Codes\Projects\summer\summer_framework\Summer_Framework\target\test-classes\com\itranswarp\scan\proxy\InjectProxyOnConstructorBean.class, name=com\itranswarp\scan\proxy\InjectProxyOnConstructorBean.class]
13:29:35.792 [main] DEBUG com.gaoda.io.ResourceResolver -- found resource: Resource[path=file:D:\Codes\Projects\summer\summer_framework\Summer_Framework\target\test-classes\com\itranswarp\scan\proxy\InjectProxyOnPropertyBean.class, name=com\itranswarp\scan\proxy\InjectProxyOnPropertyBean.class]
13:29:35.792 [main] DEBUG com.gaoda.io.ResourceResolver -- found resource: Resource[path=file:D:\Codes\Projects\summer\summer_framework\Summer_Framework\target\test-classes\com\itranswarp\scan\proxy\OriginBean.class, name=com\itranswarp\scan\proxy\OriginBean.class]
13:29:35.792 [main] DEBUG com.gaoda.io.ResourceResolver -- found resource: Resource[path=file:D:\Codes\Projects\summer\summer_framework\Summer_Framework\target\test-classes\com\itranswarp\scan\proxy\SecondProxyBean.class, name=com\itranswarp\scan\proxy\SecondProxyBean.class]
13:29:35.792 [main] DEBUG com.gaoda.io.ResourceResolver -- found resource: Resource[path=file:D:\Codes\Projects\summer\summer_framework\Summer_Framework\target\test-classes\com\itranswarp\scan\proxy\SecondProxyBeanPostProcessor.class, name=com\itranswarp\scan\proxy\SecondProxyBeanPostProcessor.class]
13:29:35.793 [main] DEBUG com.gaoda.io.ResourceResolver -- found resource: Resource[path=file:D:\Codes\Projects\summer\summer_framework\Summer_Framework\target\test-classes\com\itranswarp\scan\ScanApplication.class, name=com\itranswarp\scan\ScanApplication.class]
13:29:35.794 [main] DEBUG com.gaoda.io.ResourceResolver -- found resource: Resource[path=file:D:\Codes\Projects\summer\summer_framework\Summer_Framework\target\test-classes\com\itranswarp\scan\sub1\sub1.txt, name=com\itranswarp\scan\sub1\sub1.txt]
13:29:35.794 [main] DEBUG com.gaoda.io.ResourceResolver -- found resource: Resource[path=file:D:\Codes\Projects\summer\summer_framework\Summer_Framework\target\test-classes\com\itranswarp\scan\sub1\Sub1Bean.class, name=com\itranswarp\scan\sub1\Sub1Bean.class]
13:29:35.795 [main] DEBUG com.gaoda.io.ResourceResolver -- found resource: Resource[path=file:D:\Codes\Projects\summer\summer_framework\Summer_Framework\target\test-classes\com\itranswarp\scan\sub1\sub2\sub2.txt, name=com\itranswarp\scan\sub1\sub2\sub2.txt]
13:29:35.795 [main] DEBUG com.gaoda.io.ResourceResolver -- found resource: Resource[path=file:D:\Codes\Projects\summer\summer_framework\Summer_Framework\target\test-classes\com\itranswarp\scan\sub1\sub2\Sub2Bean.class, name=com\itranswarp\scan\sub1\sub2\Sub2Bean.class]
13:29:35.796 [main] DEBUG com.gaoda.io.ResourceResolver -- found resource: Resource[path=file:D:\Codes\Projects\summer\summer_framework\Summer_Framework\target\test-classes\com\itranswarp\scan\sub1\sub2\sub3\sub3.txt, name=com\itranswarp\scan\sub1\sub2\sub3\sub3.txt]
13:29:35.796 [main] DEBUG com.gaoda.io.ResourceResolver -- found resource: Resource[path=file:D:\Codes\Projects\summer\summer_framework\Summer_Framework\target\test-classes\com\itranswarp\scan\sub1\sub2\sub3\Sub3Bean.class, name=com\itranswarp\scan\sub1\sub2\sub3\Sub3Bean.class]
13:29:35.797 [main] DEBUG c.g.c.AnnotationConfigApplicationContext -- class found by component scan: com.itranswarp.scan.convert.ValueConverterBean
13:29:35.797 [main] DEBUG c.g.c.AnnotationConfigApplicationContext -- class found by component scan: com.itranswarp.scan.custom.annotation.CustomAnnotation
13:29:35.797 [main] DEBUG c.g.c.AnnotationConfigApplicationContext -- class found by component scan: com.itranswarp.scan.custom.annotation.CustomAnnotationBean
13:29:35.797 [main] DEBUG c.g.c.AnnotationConfigApplicationContext -- class found by component scan: com.itranswarp.scan.destroy.AnnotationDestroyBean
13:29:35.797 [main] DEBUG c.g.c.AnnotationConfigApplicationContext -- class found by component scan: com.itranswarp.scan.destroy.SpecifyDestroyBean
13:29:35.797 [main] DEBUG c.g.c.AnnotationConfigApplicationContext -- class found by component scan: com.itranswarp.scan.destroy.SpecifyDestroyConfiguration
13:29:35.797 [main] DEBUG c.g.c.AnnotationConfigApplicationContext -- class found by component scan: com.itranswarp.scan.init.AnnotationInitBean
13:29:35.797 [main] DEBUG c.g.c.AnnotationConfigApplicationContext -- class found by component scan: com.itranswarp.scan.init.SpecifyInitBean
13:29:35.797 [main] DEBUG c.g.c.AnnotationConfigApplicationContext -- class found by component scan: com.itranswarp.scan.init.SpecifyInitConfiguration
13:29:35.797 [main] DEBUG c.g.c.AnnotationConfigApplicationContext -- class found by component scan: com.itranswarp.scan.nested.OuterBean$NestedBean
13:29:35.797 [main] DEBUG c.g.c.AnnotationConfigApplicationContext -- class found by component scan: com.itranswarp.scan.nested.OuterBean
13:29:35.797 [main] DEBUG c.g.c.AnnotationConfigApplicationContext -- class found by component scan: com.itranswarp.scan.primary.DogBean
13:29:35.797 [main] DEBUG c.g.c.AnnotationConfigApplicationContext -- class found by component scan: com.itranswarp.scan.primary.PersonBean
13:29:35.797 [main] DEBUG c.g.c.AnnotationConfigApplicationContext -- class found by component scan: com.itranswarp.scan.primary.PrimaryConfiguration
13:29:35.797 [main] DEBUG c.g.c.AnnotationConfigApplicationContext -- class found by component scan: com.itranswarp.scan.primary.StudentBean
13:29:35.797 [main] DEBUG c.g.c.AnnotationConfigApplicationContext -- class found by component scan: com.itranswarp.scan.primary.TeacherBean
13:29:35.797 [main] DEBUG c.g.c.AnnotationConfigApplicationContext -- class found by component scan: com.itranswarp.scan.proxy.FirstProxyBean
13:29:35.797 [main] DEBUG c.g.c.AnnotationConfigApplicationContext -- class found by component scan: com.itranswarp.scan.proxy.FirstProxyBeanPostProcessor
13:29:35.797 [main] DEBUG c.g.c.AnnotationConfigApplicationContext -- class found by component scan: com.itranswarp.scan.proxy.InjectProxyOnConstructorBean
13:29:35.797 [main] DEBUG c.g.c.AnnotationConfigApplicationContext -- class found by component scan: com.itranswarp.scan.proxy.InjectProxyOnPropertyBean
13:29:35.797 [main] DEBUG c.g.c.AnnotationConfigApplicationContext -- class found by component scan: com.itranswarp.scan.proxy.OriginBean
13:29:35.797 [main] DEBUG c.g.c.AnnotationConfigApplicationContext -- class found by component scan: com.itranswarp.scan.proxy.SecondProxyBean
13:29:35.797 [main] DEBUG c.g.c.AnnotationConfigApplicationContext -- class found by component scan: com.itranswarp.scan.proxy.SecondProxyBeanPostProcessor
13:29:35.797 [main] DEBUG c.g.c.AnnotationConfigApplicationContext -- class found by component scan: com.itranswarp.scan.ScanApplication
13:29:35.797 [main] DEBUG c.g.c.AnnotationConfigApplicationContext -- class found by component scan: com.itranswarp.scan.sub1.Sub1Bean
13:29:35.797 [main] DEBUG c.g.c.AnnotationConfigApplicationContext -- class found by component scan: com.itranswarp.scan.sub1.sub2.Sub2Bean
13:29:35.797 [main] DEBUG c.g.c.AnnotationConfigApplicationContext -- class found by component scan: com.itranswarp.scan.sub1.sub2.sub3.Sub3Bean
13:29:35.797 [main] DEBUG c.g.c.AnnotationConfigApplicationContext -- class found by import: com.itranswarp.imported.LocalDateConfiguration
13:29:35.797 [main] DEBUG c.g.c.AnnotationConfigApplicationContext -- class found by import: com.itranswarp.imported.ZonedDateConfiguration
13:29:35.797 [main] DEBUG c.g.c.AnnotationConfigApplicationContext -- found component: com.itranswarp.scan.proxy.SecondProxyBeanPostProcessor
13:29:35.797 [main] DEBUG c.g.c.AnnotationConfigApplicationContext -- define bean: BeanDefinition [name=secondProxyBeanPostProcessor, beanClass=com.itranswarp.scan.proxy.SecondProxyBeanPostProcessor, factory=null, init-method=null, destroy-method=null, primary=false, instance=null]
13:29:35.797 [main] DEBUG c.g.c.AnnotationConfigApplicationContext -- found component: com.itranswarp.scan.destroy.AnnotationDestroyBean
13:29:35.797 [main] DEBUG c.g.c.AnnotationConfigApplicationContext -- define bean: BeanDefinition [name=annotationDestroyBean, beanClass=com.itranswarp.scan.destroy.AnnotationDestroyBean, factory=null, init-method=null, destroy-method=destroy, primary=false, instance=null]
13:29:35.797 [main] DEBUG c.g.c.AnnotationConfigApplicationContext -- found component: com.itranswarp.scan.primary.StudentBean
13:29:35.797 [main] DEBUG c.g.c.AnnotationConfigApplicationContext -- define bean: BeanDefinition [name=studentBean, beanClass=com.itranswarp.scan.primary.StudentBean, factory=null, init-method=null, destroy-method=null, primary=false, instance=null]
13:29:35.797 [main] DEBUG c.g.c.AnnotationConfigApplicationContext -- found component: com.itranswarp.scan.sub1.sub2.Sub2Bean
13:29:35.797 [main] DEBUG c.g.c.AnnotationConfigApplicationContext -- define bean: BeanDefinition [name=sub2Bean, beanClass=com.itranswarp.scan.sub1.sub2.Sub2Bean, factory=null, init-method=null, destroy-method=null, primary=false, instance=null]
13:29:35.797 [main] DEBUG c.g.c.AnnotationConfigApplicationContext -- found component: com.itranswarp.scan.primary.TeacherBean
13:29:35.797 [main] DEBUG c.g.c.AnnotationConfigApplicationContext -- define bean: BeanDefinition [name=teacherBean, beanClass=com.itranswarp.scan.primary.TeacherBean, factory=null, init-method=null, destroy-method=null, primary=true, instance=null]
13:29:35.797 [main] DEBUG c.g.c.AnnotationConfigApplicationContext -- found component: com.itranswarp.scan.proxy.FirstProxyBeanPostProcessor
13:29:35.797 [main] DEBUG c.g.c.AnnotationConfigApplicationContext -- define bean: BeanDefinition [name=firstProxyBeanPostProcessor, beanClass=com.itranswarp.scan.proxy.FirstProxyBeanPostProcessor, factory=null, init-method=null, destroy-method=null, primary=false, instance=null]
13:29:35.797 [main] DEBUG c.g.c.AnnotationConfigApplicationContext -- found component: com.itranswarp.scan.primary.PrimaryConfiguration
13:29:35.797 [main] DEBUG c.g.c.AnnotationConfigApplicationContext -- define bean: BeanDefinition [name=primaryConfiguration, beanClass=com.itranswarp.scan.primary.PrimaryConfiguration, factory=null, init-method=null, destroy-method=null, primary=false, instance=null]
13:29:35.797 [main] DEBUG c.g.c.AnnotationConfigApplicationContext -- define bean: BeanDefinition [name=teddy, beanClass=com.itranswarp.scan.primary.DogBean, factory=PrimaryConfiguration.teddy(), init-method=null, destroy-method=null, primary=false, instance=null]
13:29:35.797 [main] DEBUG c.g.c.AnnotationConfigApplicationContext -- define bean: BeanDefinition [name=husky, beanClass=com.itranswarp.scan.primary.DogBean, factory=PrimaryConfiguration.husky(), init-method=null, destroy-method=null, primary=true, instance=null]
13:29:35.797 [main] DEBUG c.g.c.AnnotationConfigApplicationContext -- found component: com.itranswarp.imported.ZonedDateConfiguration
13:29:35.797 [main] DEBUG c.g.c.AnnotationConfigApplicationContext -- define bean: BeanDefinition [name=zonedDateConfiguration, beanClass=com.itranswarp.imported.ZonedDateConfiguration, factory=null, init-method=null, destroy-method=null, primary=false, instance=null]
13:29:35.797 [main] DEBUG c.g.c.AnnotationConfigApplicationContext -- define bean: BeanDefinition [name=startZonedDateTime, beanClass=java.time.ZonedDateTime, factory=ZonedDateConfiguration.startZonedDateTime(), init-method=null, destroy-method=null, primary=false, instance=null]
13:29:35.797 [main] DEBUG c.g.c.AnnotationConfigApplicationContext -- found component: com.itranswarp.scan.custom.annotation.CustomAnnotationBean
13:29:35.797 [main] DEBUG c.g.c.AnnotationConfigApplicationContext -- define bean: BeanDefinition [name=customAnnotation, beanClass=com.itranswarp.scan.custom.annotation.CustomAnnotationBean, factory=null, init-method=null, destroy-method=null, primary=false, instance=null]
13:29:35.797 [main] DEBUG c.g.c.AnnotationConfigApplicationContext -- found component: com.itranswarp.imported.LocalDateConfiguration
13:29:35.797 [main] DEBUG c.g.c.AnnotationConfigApplicationContext -- define bean: BeanDefinition [name=localDateConfiguration, beanClass=com.itranswarp.imported.LocalDateConfiguration, factory=null, init-method=null, destroy-method=null, primary=false, instance=null]
13:29:35.797 [main] DEBUG c.g.c.AnnotationConfigApplicationContext -- define bean: BeanDefinition [name=startLocalDate, beanClass=java.time.LocalDate, factory=LocalDateConfiguration.startLocalDate(), init-method=null, destroy-method=null, primary=false, instance=null]
13:29:35.797 [main] DEBUG c.g.c.AnnotationConfigApplicationContext -- define bean: BeanDefinition [name=startLocalDateTime, beanClass=java.time.LocalDateTime, factory=LocalDateConfiguration.startLocalDateTime(), init-method=null, destroy-method=null, primary=false, instance=null]
13:29:35.797 [main] DEBUG c.g.c.AnnotationConfigApplicationContext -- found component: com.itranswarp.scan.convert.ValueConverterBean
13:29:35.797 [main] DEBUG c.g.c.AnnotationConfigApplicationContext -- define bean: BeanDefinition [name=valueConverterBean, beanClass=com.itranswarp.scan.convert.ValueConverterBean, factory=null, init-method=null, destroy-method=null, primary=false, instance=null]
13:29:35.797 [main] DEBUG c.g.c.AnnotationConfigApplicationContext -- found component: com.itranswarp.scan.nested.OuterBean$NestedBean
13:29:35.797 [main] DEBUG c.g.c.AnnotationConfigApplicationContext -- define bean: BeanDefinition [name=nestedBean, beanClass=com.itranswarp.scan.nested.OuterBean$NestedBean, factory=null, init-method=null, destroy-method=null, primary=false, instance=null]
13:29:35.797 [main] DEBUG c.g.c.AnnotationConfigApplicationContext -- found component: com.itranswarp.scan.nested.OuterBean
13:29:35.797 [main] DEBUG c.g.c.AnnotationConfigApplicationContext -- define bean: BeanDefinition [name=outerBean, beanClass=com.itranswarp.scan.nested.OuterBean, factory=null, init-method=null, destroy-method=null, primary=false, instance=null]
13:29:35.797 [main] DEBUG c.g.c.AnnotationConfigApplicationContext -- found component: com.itranswarp.scan.destroy.SpecifyDestroyConfiguration
13:29:35.797 [main] DEBUG c.g.c.AnnotationConfigApplicationContext -- define bean: BeanDefinition [name=specifyDestroyConfiguration, beanClass=com.itranswarp.scan.destroy.SpecifyDestroyConfiguration, factory=null, init-method=null, destroy-method=null, primary=false, instance=null]
13:29:35.797 [main] DEBUG c.g.c.AnnotationConfigApplicationContext -- define bean: BeanDefinition [name=createSpecifyDestroyBean, beanClass=com.itranswarp.scan.destroy.SpecifyDestroyBean, factory=SpecifyDestroyConfiguration.createSpecifyDestroyBean(String), init-method=null, destroy-method=null, primary=false, instance=null]
13:29:35.797 [main] DEBUG c.g.c.AnnotationConfigApplicationContext -- found component: com.itranswarp.scan.proxy.InjectProxyOnConstructorBean
13:29:35.797 [main] DEBUG c.g.c.AnnotationConfigApplicationContext -- define bean: BeanDefinition [name=injectProxyOnConstructorBean, beanClass=com.itranswarp.scan.proxy.InjectProxyOnConstructorBean, factory=null, init-method=null, destroy-method=null, primary=false, instance=null]
13:29:35.797 [main] DEBUG c.g.c.AnnotationConfigApplicationContext -- found component: com.itranswarp.scan.init.SpecifyInitConfiguration
13:29:35.797 [main] DEBUG c.g.c.AnnotationConfigApplicationContext -- define bean: BeanDefinition [name=specifyInitConfiguration, beanClass=com.itranswarp.scan.init.SpecifyInitConfiguration, factory=null, init-method=null, destroy-method=null, primary=false, instance=null]
13:29:35.798 [main] DEBUG c.g.c.AnnotationConfigApplicationContext -- define bean: BeanDefinition [name=createSpecifyInitBean, beanClass=com.itranswarp.scan.init.SpecifyInitBean, factory=SpecifyInitConfiguration.createSpecifyInitBean(String, String), init-method=null, destroy-method=null, primary=false, instance=null]
13:29:35.798 [main] DEBUG c.g.c.AnnotationConfigApplicationContext -- found component: com.itranswarp.scan.proxy.InjectProxyOnPropertyBean
13:29:35.798 [main] DEBUG c.g.c.AnnotationConfigApplicationContext -- define bean: BeanDefinition [name=injectProxyOnPropertyBean, beanClass=com.itranswarp.scan.proxy.InjectProxyOnPropertyBean, factory=null, init-method=null, destroy-method=null, primary=false, instance=null]
13:29:35.798 [main] DEBUG c.g.c.AnnotationConfigApplicationContext -- found component: com.itranswarp.scan.proxy.OriginBean
13:29:35.798 [main] DEBUG c.g.c.AnnotationConfigApplicationContext -- define bean: BeanDefinition [name=originBean, beanClass=com.itranswarp.scan.proxy.OriginBean, factory=null, init-method=null, destroy-method=null, primary=false, instance=null]
13:29:35.798 [main] DEBUG c.g.c.AnnotationConfigApplicationContext -- found component: com.itranswarp.scan.sub1.sub2.sub3.Sub3Bean
13:29:35.798 [main] DEBUG c.g.c.AnnotationConfigApplicationContext -- define bean: BeanDefinition [name=sub3Bean, beanClass=com.itranswarp.scan.sub1.sub2.sub3.Sub3Bean, factory=null, init-method=null, destroy-method=null, primary=false, instance=null]
13:29:35.798 [main] DEBUG c.g.c.AnnotationConfigApplicationContext -- found component: com.itranswarp.scan.sub1.Sub1Bean
13:29:35.798 [main] DEBUG c.g.c.AnnotationConfigApplicationContext -- define bean: BeanDefinition [name=sub1Bean, beanClass=com.itranswarp.scan.sub1.Sub1Bean, factory=null, init-method=null, destroy-method=null, primary=false, instance=null]
13:29:35.798 [main] DEBUG c.g.c.AnnotationConfigApplicationContext -- found component: com.itranswarp.scan.init.AnnotationInitBean
13:29:35.798 [main] DEBUG c.g.c.AnnotationConfigApplicationContext -- define bean: BeanDefinition [name=annotationInitBean, beanClass=com.itranswarp.scan.init.AnnotationInitBean, factory=null, init-method=init, destroy-method=null, primary=false, instance=null]
13:29:35.798 [main] DEBUG c.g.c.AnnotationConfigApplicationContext -- Try create bean 'localDateConfiguration' as early singleton: com.itranswarp.imported.LocalDateConfiguration
13:29:35.798 [main] DEBUG c.g.c.AnnotationConfigApplicationContext -- Try create bean 'primaryConfiguration' as early singleton: com.itranswarp.scan.primary.PrimaryConfiguration
13:29:35.798 [main] DEBUG c.g.c.AnnotationConfigApplicationContext -- Try create bean 'specifyDestroyConfiguration' as early singleton: com.itranswarp.scan.destroy.SpecifyDestroyConfiguration
13:29:35.798 [main] DEBUG c.g.c.AnnotationConfigApplicationContext -- Try create bean 'specifyInitConfiguration' as early singleton: com.itranswarp.scan.init.SpecifyInitConfiguration
13:29:35.798 [main] DEBUG c.g.c.AnnotationConfigApplicationContext -- Try create bean 'zonedDateConfiguration' as early singleton: com.itranswarp.imported.ZonedDateConfiguration
13:29:35.798 [main] DEBUG c.g.c.AnnotationConfigApplicationContext -- Try create bean 'firstProxyBeanPostProcessor' as early singleton: com.itranswarp.scan.proxy.FirstProxyBeanPostProcessor
13:29:35.798 [main] DEBUG c.g.c.AnnotationConfigApplicationContext -- Try create bean 'secondProxyBeanPostProcessor' as early singleton: com.itranswarp.scan.proxy.SecondProxyBeanPostProcessor
13:29:35.798 [main] DEBUG c.g.c.AnnotationConfigApplicationContext -- Try create bean 'annotationDestroyBean' as early singleton: com.itranswarp.scan.destroy.AnnotationDestroyBean
13:29:35.798 [main] DEBUG c.g.c.AnnotationConfigApplicationContext -- Try create bean 'annotationInitBean' as early singleton: com.itranswarp.scan.init.AnnotationInitBean
13:29:35.798 [main] DEBUG c.g.c.AnnotationConfigApplicationContext -- Try create bean 'createSpecifyDestroyBean' as early singleton: com.itranswarp.scan.destroy.SpecifyDestroyBean
13:29:35.798 [main] DEBUG c.g.c.AnnotationConfigApplicationContext -- Try create bean 'createSpecifyInitBean' as early singleton: com.itranswarp.scan.init.SpecifyInitBean
13:29:35.798 [main] DEBUG c.g.c.AnnotationConfigApplicationContext -- Try create bean 'customAnnotation' as early singleton: com.itranswarp.scan.custom.annotation.CustomAnnotationBean
13:29:35.798 [main] DEBUG c.g.c.AnnotationConfigApplicationContext -- Try create bean 'husky' as early singleton: com.itranswarp.scan.primary.DogBean
13:29:35.798 [main] DEBUG c.g.c.AnnotationConfigApplicationContext -- Try create bean 'injectProxyOnConstructorBean' as early singleton: com.itranswarp.scan.proxy.InjectProxyOnConstructorBean
13:29:35.798 [main] DEBUG c.g.c.AnnotationConfigApplicationContext -- Try create bean 'originBean' as early singleton: com.itranswarp.scan.proxy.OriginBean
13:29:35.798 [main] DEBUG c.i.s.p.FirstProxyBeanPostProcessor -- create first proxy for bean 'originBean': com.itranswarp.scan.proxy.OriginBean@10027fc9
13:29:35.798 [main] DEBUG c.g.c.AnnotationConfigApplicationContext -- Bean 'originBean' was replaced by post processor com.itranswarp.scan.proxy.FirstProxyBeanPostProcessor.
13:29:35.798 [main] DEBUG c.i.s.p.SecondProxyBeanPostProcessor -- create second proxy for bean 'originBean': com.itranswarp.scan.proxy.FirstProxyBean@54afd745
13:29:35.798 [main] DEBUG c.g.c.AnnotationConfigApplicationContext -- Bean 'originBean' was replaced by post processor com.itranswarp.scan.proxy.SecondProxyBeanPostProcessor.
13:29:35.798 [main] DEBUG c.g.c.AnnotationConfigApplicationContext -- Try create bean 'injectProxyOnPropertyBean' as early singleton: com.itranswarp.scan.proxy.InjectProxyOnPropertyBean
13:29:35.798 [main] DEBUG c.g.c.AnnotationConfigApplicationContext -- Try create bean 'nestedBean' as early singleton: com.itranswarp.scan.nested.OuterBean$NestedBean
13:29:35.798 [main] DEBUG c.g.c.AnnotationConfigApplicationContext -- Try create bean 'outerBean' as early singleton: com.itranswarp.scan.nested.OuterBean
13:29:35.798 [main] DEBUG c.g.c.AnnotationConfigApplicationContext -- Try create bean 'startLocalDate' as early singleton: java.time.LocalDate
13:29:35.798 [main] DEBUG c.g.c.AnnotationConfigApplicationContext -- Try create bean 'startLocalDateTime' as early singleton: java.time.LocalDateTime
13:29:35.798 [main] DEBUG c.g.c.AnnotationConfigApplicationContext -- Try create bean 'startZonedDateTime' as early singleton: java.time.ZonedDateTime
13:29:35.798 [main] DEBUG c.g.c.AnnotationConfigApplicationContext -- Try create bean 'studentBean' as early singleton: com.itranswarp.scan.primary.StudentBean
13:29:35.798 [main] DEBUG c.g.c.AnnotationConfigApplicationContext -- Try create bean 'sub1Bean' as early singleton: com.itranswarp.scan.sub1.Sub1Bean
13:29:35.798 [main] DEBUG c.g.c.AnnotationConfigApplicationContext -- Try create bean 'sub2Bean' as early singleton: com.itranswarp.scan.sub1.sub2.Sub2Bean
13:29:35.798 [main] DEBUG c.g.c.AnnotationConfigApplicationContext -- Try create bean 'sub3Bean' as early singleton: com.itranswarp.scan.sub1.sub2.sub3.Sub3Bean
13:29:35.798 [main] DEBUG c.g.c.AnnotationConfigApplicationContext -- Try create bean 'teacherBean' as early singleton: com.itranswarp.scan.primary.TeacherBean
13:29:35.798 [main] DEBUG c.g.c.AnnotationConfigApplicationContext -- Try create bean 'teddy' as early singleton: com.itranswarp.scan.primary.DogBean
13:29:35.798 [main] DEBUG c.g.c.AnnotationConfigApplicationContext -- Try create bean 'valueConverterBean' as early singleton: com.itranswarp.scan.convert.ValueConverterBean
13:29:35.798 [main] DEBUG c.g.c.AnnotationConfigApplicationContext -- Field injection: com.itranswarp.scan.convert.ValueConverterBean.injectedBooleanPrimitive = true
13:29:35.799 [main] DEBUG c.g.c.AnnotationConfigApplicationContext -- Field injection: com.itranswarp.scan.convert.ValueConverterBean.injectedBoolean = true
13:29:35.799 [main] DEBUG c.g.c.AnnotationConfigApplicationContext -- Field injection: com.itranswarp.scan.convert.ValueConverterBean.injectedBytePrimitive = 123
13:29:35.799 [main] DEBUG c.g.c.AnnotationConfigApplicationContext -- Field injection: com.itranswarp.scan.convert.ValueConverterBean.injectedByte = 123
13:29:35.799 [main] DEBUG c.g.c.AnnotationConfigApplicationContext -- Field injection: com.itranswarp.scan.convert.ValueConverterBean.injectedShortPrimitive = 12345
13:29:35.799 [main] DEBUG c.g.c.AnnotationConfigApplicationContext -- Field injection: com.itranswarp.scan.convert.ValueConverterBean.injectedShort = 12345
13:29:35.799 [main] DEBUG c.g.c.AnnotationConfigApplicationContext -- Field injection: com.itranswarp.scan.convert.ValueConverterBean.injectedIntPrimitive = 1234567
13:29:35.799 [main] DEBUG c.g.c.AnnotationConfigApplicationContext -- Field injection: com.itranswarp.scan.convert.ValueConverterBean.injectedInteger = 1234567
13:29:35.799 [main] DEBUG c.g.c.AnnotationConfigApplicationContext -- Field injection: com.itranswarp.scan.convert.ValueConverterBean.injectedLongPrimitive = 123456789000
13:29:35.799 [main] DEBUG c.g.c.AnnotationConfigApplicationContext -- Field injection: com.itranswarp.scan.convert.ValueConverterBean.injectedLong = 123456789000
13:29:35.799 [main] DEBUG c.g.c.AnnotationConfigApplicationContext -- Field injection: com.itranswarp.scan.convert.ValueConverterBean.injectedFloatPrimitive = 12345.679
13:29:35.799 [main] DEBUG c.g.c.AnnotationConfigApplicationContext -- Field injection: com.itranswarp.scan.convert.ValueConverterBean.injectedFloat = 12345.679
13:29:35.799 [main] DEBUG c.g.c.AnnotationConfigApplicationContext -- Field injection: com.itranswarp.scan.convert.ValueConverterBean.injectedDoublePrimitive = 1.2345678987654321E8
13:29:35.799 [main] DEBUG c.g.c.AnnotationConfigApplicationContext -- Field injection: com.itranswarp.scan.convert.ValueConverterBean.injectedDouble = 1.2345678987654321E8
13:29:35.799 [main] DEBUG c.g.c.AnnotationConfigApplicationContext -- Field injection: com.itranswarp.scan.convert.ValueConverterBean.injectedLocalDate = 2023-03-29
13:29:35.799 [main] DEBUG c.g.c.AnnotationConfigApplicationContext -- Field injection: com.itranswarp.scan.convert.ValueConverterBean.injectedLocalTime = 20:45:01
13:29:35.799 [main] DEBUG c.g.c.AnnotationConfigApplicationContext -- Field injection: com.itranswarp.scan.convert.ValueConverterBean.injectedLocalDateTime = 2023-03-29T20:45:01
13:29:35.799 [main] DEBUG c.g.c.AnnotationConfigApplicationContext -- Field injection: com.itranswarp.scan.convert.ValueConverterBean.injectedZonedDateTime = 2023-03-29T20:45:01+08:00[Asia/Shanghai]
13:29:35.799 [main] DEBUG c.g.c.AnnotationConfigApplicationContext -- Field injection: com.itranswarp.scan.convert.ValueConverterBean.injectedDuration = PT51H4M
13:29:35.799 [main] DEBUG c.g.c.AnnotationConfigApplicationContext -- Field injection: com.itranswarp.scan.convert.ValueConverterBean.injectedZoneId = Asia/Shanghai
13:29:35.799 [main] DEBUG c.g.c.AnnotationConfigApplicationContext -- Field injection: com.itranswarp.scan.proxy.InjectProxyOnPropertyBean.injected = com.itranswarp.scan.proxy.SecondProxyBean@677dbd89
13:29:35.799 [main] DEBUG c.i.s.p.SecondProxyBeanPostProcessor -- auto set property for originBean from second proxy com.itranswarp.scan.proxy.SecondProxyBean@677dbd89 to origin bean: com.itranswarp.scan.proxy.FirstProxyBean@54afd745
13:29:35.799 [main] DEBUG c.g.c.AnnotationConfigApplicationContext -- BeanPostProcessor SecondProxyBeanPostProcessor specified injection from SecondProxyBean to FirstProxyBean.
13:29:35.799 [main] DEBUG c.i.s.p.FirstProxyBeanPostProcessor -- auto set property for originBean from first proxy com.itranswarp.scan.proxy.FirstProxyBean@54afd745 to origin bean: com.itranswarp.scan.proxy.OriginBean@10027fc9
13:29:35.799 [main] DEBUG c.g.c.AnnotationConfigApplicationContext -- BeanPostProcessor FirstProxyBeanPostProcessor specified injection from FirstProxyBean to OriginBean.
13:29:35.799 [main] DEBUG c.g.c.AnnotationConfigApplicationContext -- Field injection: com.itranswarp.scan.proxy.OriginBean.name = Scan App
13:29:35.799 [main] DEBUG c.g.c.AnnotationConfigApplicationContext -- Method injection: com.itranswarp.scan.proxy.OriginBean.setVersion (v1.0)
13:29:35.799 [main] DEBUG c.g.c.AnnotationConfigApplicationContext -- Field injection: com.itranswarp.scan.destroy.AnnotationDestroyBean.appTitle = Scan App
13:29:35.799 [main] DEBUG c.g.c.AnnotationConfigApplicationContext -- Field injection: com.itranswarp.scan.init.AnnotationInitBean.appTitle = Scan App
13:29:35.799 [main] DEBUG c.g.c.AnnotationConfigApplicationContext -- Field injection: com.itranswarp.scan.init.AnnotationInitBean.appVersion = v1.0
13:29:35.800 [main] DEBUG c.i.s.p.SecondProxyBeanPostProcessor -- auto set property for originBean from second proxy com.itranswarp.scan.proxy.SecondProxyBean@677dbd89 to origin bean: com.itranswarp.scan.proxy.FirstProxyBean@54afd745
13:29:35.800 [main] DEBUG c.g.c.AnnotationConfigApplicationContext -- BeanPostProcessor SecondProxyBeanPostProcessor specified injection from SecondProxyBean to FirstProxyBean.
13:29:35.800 [main] DEBUG c.i.s.p.FirstProxyBeanPostProcessor -- auto set property for originBean from first proxy com.itranswarp.scan.proxy.FirstProxyBean@54afd745 to origin bean: com.itranswarp.scan.proxy.OriginBean@10027fc9
13:29:35.800 [main] DEBUG c.g.c.AnnotationConfigApplicationContext -- BeanPostProcessor FirstProxyBeanPostProcessor specified injection from FirstProxyBean to OriginBean.
13:29:35.800 [main] DEBUG c.g.c.AnnotationConfigApplicationContext -- bean initialized: BeanDefinition [name=firstProxyBeanPostProcessor, beanClass=com.itranswarp.scan.proxy.FirstProxyBeanPostProcessor, factory=null, init-method=null, destroy-method=null, primary=false, instance=com.itranswarp.scan.proxy.FirstProxyBeanPostProcessor@fff25f1]
13:29:35.800 [main] DEBUG c.g.c.AnnotationConfigApplicationContext -- bean initialized: BeanDefinition [name=secondProxyBeanPostProcessor, beanClass=com.itranswarp.scan.proxy.SecondProxyBeanPostProcessor, factory=null, init-method=null, destroy-method=null, primary=false, instance=com.itranswarp.scan.proxy.SecondProxyBeanPostProcessor@c00fff0]
13:29:35.800 [main] DEBUG c.g.c.AnnotationConfigApplicationContext -- bean initialized: BeanDefinition [name=annotationDestroyBean, beanClass=com.itranswarp.scan.destroy.AnnotationDestroyBean, factory=null, init-method=null, destroy-method=destroy, primary=false, instance=com.itranswarp.scan.destroy.AnnotationDestroyBean@263f04ca]
13:29:35.800 [main] DEBUG c.g.c.AnnotationConfigApplicationContext -- bean initialized: BeanDefinition [name=annotationInitBean, beanClass=com.itranswarp.scan.init.AnnotationInitBean, factory=null, init-method=init, destroy-method=null, primary=false, instance=com.itranswarp.scan.init.AnnotationInitBean@2ca47471]
13:29:35.800 [main] DEBUG c.g.c.AnnotationConfigApplicationContext -- bean initialized: BeanDefinition [name=createSpecifyDestroyBean, beanClass=com.itranswarp.scan.destroy.SpecifyDestroyBean, factory=SpecifyDestroyConfiguration.createSpecifyDestroyBean(String), init-method=null, destroy-method=null, primary=false, instance=com.itranswarp.scan.destroy.SpecifyDestroyBean@5a021cb9]
13:29:35.800 [main] DEBUG c.g.c.AnnotationConfigApplicationContext -- bean initialized: BeanDefinition [name=createSpecifyInitBean, beanClass=com.itranswarp.scan.init.SpecifyInitBean, factory=SpecifyInitConfiguration.createSpecifyInitBean(String, String), init-method=null, destroy-method=null, primary=false, instance=com.itranswarp.scan.init.SpecifyInitBean@51768776]
13:29:35.800 [main] DEBUG c.g.c.AnnotationConfigApplicationContext -- bean initialized: BeanDefinition [name=customAnnotation, beanClass=com.itranswarp.scan.custom.annotation.CustomAnnotationBean, factory=null, init-method=null, destroy-method=null, primary=false, instance=com.itranswarp.scan.custom.annotation.CustomAnnotationBean@f31c0c6]
13:29:35.800 [main] DEBUG c.g.c.AnnotationConfigApplicationContext -- bean initialized: BeanDefinition [name=husky, beanClass=com.itranswarp.scan.primary.DogBean, factory=PrimaryConfiguration.husky(), init-method=null, destroy-method=null, primary=true, instance=com.itranswarp.scan.primary.DogBean@b93aad]
13:29:35.800 [main] DEBUG c.g.c.AnnotationConfigApplicationContext -- bean initialized: BeanDefinition [name=injectProxyOnConstructorBean, beanClass=com.itranswarp.scan.proxy.InjectProxyOnConstructorBean, factory=null, init-method=null, destroy-method=null, primary=false, instance=com.itranswarp.scan.proxy.InjectProxyOnConstructorBean@4a9419d7]
13:29:35.800 [main] DEBUG c.g.c.AnnotationConfigApplicationContext -- bean initialized: BeanDefinition [name=injectProxyOnPropertyBean, beanClass=com.itranswarp.scan.proxy.InjectProxyOnPropertyBean, factory=null, init-method=null, destroy-method=null, primary=false, instance=com.itranswarp.scan.proxy.InjectProxyOnPropertyBean@2f3c6ac4]
13:29:35.800 [main] DEBUG c.g.c.AnnotationConfigApplicationContext -- bean initialized: BeanDefinition [name=localDateConfiguration, beanClass=com.itranswarp.imported.LocalDateConfiguration, factory=null, init-method=null, destroy-method=null, primary=false, instance=com.itranswarp.imported.LocalDateConfiguration@2e8ab815]
13:29:35.800 [main] DEBUG c.g.c.AnnotationConfigApplicationContext -- bean initialized: BeanDefinition [name=nestedBean, beanClass=com.itranswarp.scan.nested.OuterBean$NestedBean, factory=null, init-method=null, destroy-method=null, primary=false, instance=com.itranswarp.scan.nested.OuterBean$NestedBean@67af833b]
13:29:35.800 [main] DEBUG c.g.c.AnnotationConfigApplicationContext -- bean initialized: BeanDefinition [name=originBean, beanClass=com.itranswarp.scan.proxy.OriginBean, factory=null, init-method=null, destroy-method=null, primary=false, instance=com.itranswarp.scan.proxy.SecondProxyBean@677dbd89]
13:29:35.800 [main] DEBUG c.g.c.AnnotationConfigApplicationContext -- bean initialized: BeanDefinition [name=outerBean, beanClass=com.itranswarp.scan.nested.OuterBean, factory=null, init-method=null, destroy-method=null, primary=false, instance=com.itranswarp.scan.nested.OuterBean@d1f74b8]
13:29:35.800 [main] DEBUG c.g.c.AnnotationConfigApplicationContext -- bean initialized: BeanDefinition [name=primaryConfiguration, beanClass=com.itranswarp.scan.primary.PrimaryConfiguration, factory=null, init-method=null, destroy-method=null, primary=false, instance=com.itranswarp.scan.primary.PrimaryConfiguration@41394595]
13:29:35.800 [main] DEBUG c.g.c.AnnotationConfigApplicationContext -- bean initialized: BeanDefinition [name=specifyDestroyConfiguration, beanClass=com.itranswarp.scan.destroy.SpecifyDestroyConfiguration, factory=null, init-method=null, destroy-method=null, primary=false, instance=com.itranswarp.scan.destroy.SpecifyDestroyConfiguration@3a0807b7]
13:29:35.800 [main] DEBUG c.g.c.AnnotationConfigApplicationContext -- bean initialized: BeanDefinition [name=specifyInitConfiguration, beanClass=com.itranswarp.scan.init.SpecifyInitConfiguration, factory=null, init-method=null, destroy-method=null, primary=false, instance=com.itranswarp.scan.init.SpecifyInitConfiguration@21a5fd96]
13:29:35.800 [main] DEBUG c.g.c.AnnotationConfigApplicationContext -- bean initialized: BeanDefinition [name=startLocalDate, beanClass=java.time.LocalDate, factory=LocalDateConfiguration.startLocalDate(), init-method=null, destroy-method=null, primary=false, instance=2023-08-17]
13:29:35.800 [main] DEBUG c.g.c.AnnotationConfigApplicationContext -- bean initialized: BeanDefinition [name=startLocalDateTime, beanClass=java.time.LocalDateTime, factory=LocalDateConfiguration.startLocalDateTime(), init-method=null, destroy-method=null, primary=false, instance=2023-08-17T13:29:35.798652600]
13:29:35.800 [main] DEBUG c.g.c.AnnotationConfigApplicationContext -- bean initialized: BeanDefinition [name=startZonedDateTime, beanClass=java.time.ZonedDateTime, factory=ZonedDateConfiguration.startZonedDateTime(), init-method=null, destroy-method=null, primary=false, instance=2023-08-17T13:29:35.798652600+08:00[Asia/Shanghai]]
13:29:35.800 [main] DEBUG c.g.c.AnnotationConfigApplicationContext -- bean initialized: BeanDefinition [name=studentBean, beanClass=com.itranswarp.scan.primary.StudentBean, factory=null, init-method=null, destroy-method=null, primary=false, instance=com.itranswarp.scan.primary.StudentBean@5769e7ae]
13:29:35.800 [main] DEBUG c.g.c.AnnotationConfigApplicationContext -- bean initialized: BeanDefinition [name=sub1Bean, beanClass=com.itranswarp.scan.sub1.Sub1Bean, factory=null, init-method=null, destroy-method=null, primary=false, instance=com.itranswarp.scan.sub1.Sub1Bean@5c77053b]
13:29:35.800 [main] DEBUG c.g.c.AnnotationConfigApplicationContext -- bean initialized: BeanDefinition [name=sub2Bean, beanClass=com.itranswarp.scan.sub1.sub2.Sub2Bean, factory=null, init-method=null, destroy-method=null, primary=false, instance=com.itranswarp.scan.sub1.sub2.Sub2Bean@26b894bd]
13:29:35.800 [main] DEBUG c.g.c.AnnotationConfigApplicationContext -- bean initialized: BeanDefinition [name=sub3Bean, beanClass=com.itranswarp.scan.sub1.sub2.sub3.Sub3Bean, factory=null, init-method=null, destroy-method=null, primary=false, instance=com.itranswarp.scan.sub1.sub2.sub3.Sub3Bean@287f94b1]
13:29:35.800 [main] DEBUG c.g.c.AnnotationConfigApplicationContext -- bean initialized: BeanDefinition [name=teacherBean, beanClass=com.itranswarp.scan.primary.TeacherBean, factory=null, init-method=null, destroy-method=null, primary=true, instance=com.itranswarp.scan.primary.TeacherBean@30b34287]
13:29:35.800 [main] DEBUG c.g.c.AnnotationConfigApplicationContext -- bean initialized: BeanDefinition [name=teddy, beanClass=com.itranswarp.scan.primary.DogBean, factory=PrimaryConfiguration.teddy(), init-method=null, destroy-method=null, primary=false, instance=com.itranswarp.scan.primary.DogBean@5489c777]
13:29:35.800 [main] DEBUG c.g.c.AnnotationConfigApplicationContext -- bean initialized: BeanDefinition [name=valueConverterBean, beanClass=com.itranswarp.scan.convert.ValueConverterBean, factory=null, init-method=null, destroy-method=null, primary=false, instance=com.itranswarp.scan.convert.ValueConverterBean@3676ac27]
13:29:35.800 [main] DEBUG c.g.c.AnnotationConfigApplicationContext -- bean initialized: BeanDefinition [name=zonedDateConfiguration, beanClass=com.itranswarp.imported.ZonedDateConfiguration, factory=null, init-method=null, destroy-method=null, primary=false, instance=com.itranswarp.imported.ZonedDateConfiguration@62f87c44]
]]></system-out>
  </testcase>
  <testcase name="testNested" classname="com.itranswarp.summer.context.AnnotationConfigApplicationContextTest" time="0.018">
    <system-out><![CDATA[13:29:35.802 [main] DEBUG com.gaoda.io.PropertyResolver -- PropertyResolver: =:: = ::\
13:29:35.802 [main] DEBUG com.gaoda.io.PropertyResolver -- PropertyResolver: =D: = D:\Codes\Projects\summer\summer_framework\Summer_Framework
13:29:35.802 [main] DEBUG com.gaoda.io.PropertyResolver -- PropertyResolver: ALLUSERSPROFILE = C:\ProgramData
13:29:35.802 [main] DEBUG com.gaoda.io.PropertyResolver -- PropertyResolver: APPDATA = C:\Users\Gundam\AppData\Roaming
13:29:35.802 [main] DEBUG com.gaoda.io.PropertyResolver -- PropertyResolver: CLASSPATH = .;D:\Code\jdk-18\lib;D:\Code\jdk-18\lib\tools.jar
13:29:35.802 [main] DEBUG com.gaoda.io.PropertyResolver -- PropertyResolver: COMMONPROGRAMFILES = C:\Program Files\Common Files
13:29:35.802 [main] DEBUG com.gaoda.io.PropertyResolver -- PropertyResolver: COMMONPROGRAMFILES(X86) = C:\Program Files (x86)\Common Files
13:29:35.802 [main] DEBUG com.gaoda.io.PropertyResolver -- PropertyResolver: COMMONPROGRAMW6432 = C:\Program Files\Common Files
13:29:35.802 [main] DEBUG com.gaoda.io.PropertyResolver -- PropertyResolver: COMPUTERNAME = DESKTOP-HR12F04
13:29:35.802 [main] DEBUG com.gaoda.io.PropertyResolver -- PropertyResolver: COMSPEC = C:\Windows\system32\cmd.exe
13:29:35.802 [main] DEBUG com.gaoda.io.PropertyResolver -- PropertyResolver: DRIVERDATA = C:\Windows\System32\Drivers\DriverData
13:29:35.802 [main] DEBUG com.gaoda.io.PropertyResolver -- PropertyResolver: FPS_BROWSER_APP_PROFILE_STRING = Internet Explorer
13:29:35.802 [main] DEBUG com.gaoda.io.PropertyResolver -- PropertyResolver: FPS_BROWSER_USER_PROFILE_STRING = Default
13:29:35.802 [main] DEBUG com.gaoda.io.PropertyResolver -- PropertyResolver: HOMEDRIVE = C:
13:29:35.802 [main] DEBUG com.gaoda.io.PropertyResolver -- PropertyResolver: HOMEPATH = \Users\Gundam
13:29:35.802 [main] DEBUG com.gaoda.io.PropertyResolver -- PropertyResolver: IDEA_INITIAL_DIRECTORY = D:\Applications1\code\idea\IntelliJ IDEA 2022.2.1\bin
13:29:35.802 [main] DEBUG com.gaoda.io.PropertyResolver -- PropertyResolver: INTELLIJ IDEA = D:\Applications1\code\idea\IntelliJ IDEA 2022.2.1\bin;
13:29:35.802 [main] DEBUG com.gaoda.io.PropertyResolver -- PropertyResolver: JAVA18_HOME = D:\Code\jdk-18
13:29:35.802 [main] DEBUG com.gaoda.io.PropertyResolver -- PropertyResolver: JAVA8_HOME = D:\Code\jdk-8
13:29:35.802 [main] DEBUG com.gaoda.io.PropertyResolver -- PropertyResolver: JAVA_HOME = D:\Code\jdk-18
13:29:35.802 [main] DEBUG com.gaoda.io.PropertyResolver -- PropertyResolver: LOCALAPPDATA = C:\Users\Gundam\AppData\Local
13:29:35.802 [main] DEBUG com.gaoda.io.PropertyResolver -- PropertyResolver: LOGONSERVER = \\DESKTOP-HR12F04
13:29:35.802 [main] DEBUG com.gaoda.io.PropertyResolver -- PropertyResolver: MAVEN_HOME = D:\Code\Maven\apache-maven-3.8.6
13:29:35.802 [main] DEBUG com.gaoda.io.PropertyResolver -- PropertyResolver: NLS_LANG = SIMPLIFIED CHINESE_CHINA.ZHS16GBK
13:29:35.802 [main] DEBUG com.gaoda.io.PropertyResolver -- PropertyResolver: NUMBER_OF_PROCESSORS = 16
13:29:35.802 [main] DEBUG com.gaoda.io.PropertyResolver -- PropertyResolver: ONEDRIVE = C:\Users\Gundam\OneDrive
13:29:35.802 [main] DEBUG com.gaoda.io.PropertyResolver -- PropertyResolver: OPENSSL_IA32CAP = ~0x200000200000000
13:29:35.802 [main] DEBUG com.gaoda.io.PropertyResolver -- PropertyResolver: ORACLE_HOME = D:\Code\oracle\Ora10InstantClient
13:29:35.802 [main] DEBUG com.gaoda.io.PropertyResolver -- PropertyResolver: OS = Windows_NT
13:29:35.802 [main] DEBUG com.gaoda.io.PropertyResolver -- PropertyResolver: PATH = C:\Windows;D:\Code\jdk-18\bin;D:\Code\jdk-18\jre\bin;C:\Program Files\Common Files\Oracle\Java\javapath;C:\Windows\system32;C:\Windows\System32\Wbem;C:\Windows\System32\WindowsPowerShell\v1.0\;C:\Windows\System32\OpenSSH\;D:\Applications1\computer\Bandizip\;C:\Program Files\NVIDIA Corporation\NVIDIA NvDLISR;C:\Program Files (x86)\NVIDIA Corporation\PhysX\Common;D:\Code\jdk-18;D:\Code\oracle\Ora10InstantClient;D:\Applications1\code\MySQL\bin;D:\Code\Maven\apache-maven-3.8.6\bin;D:\Code\Node.js\;D:\Applications1\code\Git\cmd;D:\Applications1\code\微信web开发者工具\dll;C:\Program Files\TortoiseGit\bin;C:\Program Files\Asiainfo Security\AisEsmAgent\atom_plugins\base_plugin;C:\Users\Gundam\AppData\Local\Programs\Python\Python311\Scripts\;C:\Users\Gundam\AppData\Local\Programs\Python\Python311\;C:\Users\Gundam\AppData\Local\Microsoft\WindowsApps;D:\Applications1\code\idea\IntelliJ IDEA 2022.2.1\bin;;D:\Applications1\code\vscode\Microsoft VS Code\bin;C:\Users\Gundam\AppData\Roaming\npm;D:\Applications1\code\webstorm\WebStorm 2022.3.2\bin;;D:\Applications1\play\QQgame\Hall.57975\
13:29:35.802 [main] DEBUG com.gaoda.io.PropertyResolver -- PropertyResolver: PATHEXT = .COM;.EXE;.BAT;.CMD;.VBS;.VBE;.JS;.JSE;.WSF;.WSH;.MSC
13:29:35.802 [main] DEBUG com.gaoda.io.PropertyResolver -- PropertyResolver: PROCESSOR_ARCHITECTURE = AMD64
13:29:35.802 [main] DEBUG com.gaoda.io.PropertyResolver -- PropertyResolver: PROCESSOR_IDENTIFIER = AMD64 Family 23 Model 96 Stepping 1, AuthenticAMD
13:29:35.802 [main] DEBUG com.gaoda.io.PropertyResolver -- PropertyResolver: PROCESSOR_LEVEL = 23
13:29:35.802 [main] DEBUG com.gaoda.io.PropertyResolver -- PropertyResolver: PROCESSOR_REVISION = 6001
13:29:35.802 [main] DEBUG com.gaoda.io.PropertyResolver -- PropertyResolver: PROGRAMDATA = C:\ProgramData
13:29:35.802 [main] DEBUG com.gaoda.io.PropertyResolver -- PropertyResolver: PROGRAMFILES = C:\Program Files
13:29:35.802 [main] DEBUG com.gaoda.io.PropertyResolver -- PropertyResolver: PROGRAMFILES(X86) = C:\Program Files (x86)
13:29:35.802 [main] DEBUG com.gaoda.io.PropertyResolver -- PropertyResolver: PROGRAMW6432 = C:\Program Files
13:29:35.802 [main] DEBUG com.gaoda.io.PropertyResolver -- PropertyResolver: PROMPT = $P$G
13:29:35.802 [main] DEBUG com.gaoda.io.PropertyResolver -- PropertyResolver: PSMODULEPATH = C:\Program Files\WindowsPowerShell\Modules;C:\Windows\system32\WindowsPowerShell\v1.0\Modules
13:29:35.802 [main] DEBUG com.gaoda.io.PropertyResolver -- PropertyResolver: PUBLIC = C:\Users\Public
13:29:35.802 [main] DEBUG com.gaoda.io.PropertyResolver -- PropertyResolver: SESSIONNAME = Console
13:29:35.802 [main] DEBUG com.gaoda.io.PropertyResolver -- PropertyResolver: SYSTEMDRIVE = C:
13:29:35.802 [main] DEBUG com.gaoda.io.PropertyResolver -- PropertyResolver: SYSTEMROOT = C:\Windows
13:29:35.802 [main] DEBUG com.gaoda.io.PropertyResolver -- PropertyResolver: TEMP = C:\Users\Gundam\AppData\Local\Temp
13:29:35.803 [main] DEBUG com.gaoda.io.PropertyResolver -- PropertyResolver: TMP = C:\Users\Gundam\AppData\Local\Temp
13:29:35.803 [main] DEBUG com.gaoda.io.PropertyResolver -- PropertyResolver: TNS_ADMIN = D:\Code\oracle\Ora10InstantClient
13:29:35.803 [main] DEBUG com.gaoda.io.PropertyResolver -- PropertyResolver: USERDOMAIN = DESKTOP-HR12F04
13:29:35.803 [main] DEBUG com.gaoda.io.PropertyResolver -- PropertyResolver: USERDOMAIN_ROAMINGPROFILE = DESKTOP-HR12F04
13:29:35.803 [main] DEBUG com.gaoda.io.PropertyResolver -- PropertyResolver: USERNAME = Gundam
13:29:35.803 [main] DEBUG com.gaoda.io.PropertyResolver -- PropertyResolver: USERPROFILE = C:\Users\Gundam
13:29:35.803 [main] DEBUG com.gaoda.io.PropertyResolver -- PropertyResolver: WEBSTORM = D:\Applications1\code\webstorm\WebStorm 2022.3.2\bin;
13:29:35.803 [main] DEBUG com.gaoda.io.PropertyResolver -- PropertyResolver: WINDIR = C:\Windows
13:29:35.803 [main] DEBUG com.gaoda.io.PropertyResolver -- PropertyResolver: app.title = Scan App
13:29:35.803 [main] DEBUG com.gaoda.io.PropertyResolver -- PropertyResolver: app.version = v1.0
13:29:35.803 [main] DEBUG com.gaoda.io.PropertyResolver -- PropertyResolver: convert.boolean = true
13:29:35.803 [main] DEBUG com.gaoda.io.PropertyResolver -- PropertyResolver: convert.byte = 123
13:29:35.803 [main] DEBUG com.gaoda.io.PropertyResolver -- PropertyResolver: convert.double = 123456789.87654321
13:29:35.803 [main] DEBUG com.gaoda.io.PropertyResolver -- PropertyResolver: convert.duration = P2DT3H4M
13:29:35.803 [main] DEBUG com.gaoda.io.PropertyResolver -- PropertyResolver: convert.float = 12345.6789
13:29:35.803 [main] DEBUG com.gaoda.io.PropertyResolver -- PropertyResolver: convert.integer = 1234567
13:29:35.803 [main] DEBUG com.gaoda.io.PropertyResolver -- PropertyResolver: convert.localdate = 2023-03-29
13:29:35.803 [main] DEBUG com.gaoda.io.PropertyResolver -- PropertyResolver: convert.localdatetime = 2023-03-29T20:45:01
13:29:35.803 [main] DEBUG com.gaoda.io.PropertyResolver -- PropertyResolver: convert.localtime = 20:45:01
13:29:35.803 [main] DEBUG com.gaoda.io.PropertyResolver -- PropertyResolver: convert.long = 123456789000
13:29:35.803 [main] DEBUG com.gaoda.io.PropertyResolver -- PropertyResolver: convert.short = 12345
13:29:35.803 [main] DEBUG com.gaoda.io.PropertyResolver -- PropertyResolver: convert.zoneddatetime = 2023-03-29T20:45:01+08:00[Asia/Shanghai]
13:29:35.803 [main] DEBUG com.gaoda.io.PropertyResolver -- PropertyResolver: convert.zoneid = Asia/Shanghai
13:29:35.803 [main] DEBUG com.gaoda.io.PropertyResolver -- PropertyResolver: jdbc.password = 
13:29:35.803 [main] DEBUG com.gaoda.io.PropertyResolver -- PropertyResolver: jdbc.url = jdbc:hsqldb:file:testdb.tmp
13:29:35.803 [main] DEBUG com.gaoda.io.PropertyResolver -- PropertyResolver: jdbc.username = sa
13:29:35.803 [main] INFO  c.g.c.AnnotationConfigApplicationContext -- component scan in packages: [com.itranswarp.scan]
13:29:35.803 [main] DEBUG c.g.c.AnnotationConfigApplicationContext -- scan package: com.itranswarp.scan
13:29:35.803 [main] DEBUG com.gaoda.io.ResourceResolver -- scan path: com/itranswarp/scan
13:29:35.804 [main] DEBUG com.gaoda.io.ResourceResolver -- found resource: Resource[path=file:D:\Codes\Projects\summer\summer_framework\Summer_Framework\target\test-classes\com\itranswarp\scan\convert\ValueConverterBean.class, name=com\itranswarp\scan\convert\ValueConverterBean.class]
13:29:35.805 [main] DEBUG com.gaoda.io.ResourceResolver -- found resource: Resource[path=file:D:\Codes\Projects\summer\summer_framework\Summer_Framework\target\test-classes\com\itranswarp\scan\custom\annotation\CustomAnnotation.class, name=com\itranswarp\scan\custom\annotation\CustomAnnotation.class]
13:29:35.806 [main] DEBUG com.gaoda.io.ResourceResolver -- found resource: Resource[path=file:D:\Codes\Projects\summer\summer_framework\Summer_Framework\target\test-classes\com\itranswarp\scan\custom\annotation\CustomAnnotationBean.class, name=com\itranswarp\scan\custom\annotation\CustomAnnotationBean.class]
13:29:35.806 [main] DEBUG com.gaoda.io.ResourceResolver -- found resource: Resource[path=file:D:\Codes\Projects\summer\summer_framework\Summer_Framework\target\test-classes\com\itranswarp\scan\destroy\AnnotationDestroyBean.class, name=com\itranswarp\scan\destroy\AnnotationDestroyBean.class]
13:29:35.806 [main] DEBUG com.gaoda.io.ResourceResolver -- found resource: Resource[path=file:D:\Codes\Projects\summer\summer_framework\Summer_Framework\target\test-classes\com\itranswarp\scan\destroy\SpecifyDestroyBean.class, name=com\itranswarp\scan\destroy\SpecifyDestroyBean.class]
13:29:35.807 [main] DEBUG com.gaoda.io.ResourceResolver -- found resource: Resource[path=file:D:\Codes\Projects\summer\summer_framework\Summer_Framework\target\test-classes\com\itranswarp\scan\destroy\SpecifyDestroyConfiguration.class, name=com\itranswarp\scan\destroy\SpecifyDestroyConfiguration.class]
13:29:35.807 [main] DEBUG com.gaoda.io.ResourceResolver -- found resource: Resource[path=file:D:\Codes\Projects\summer\summer_framework\Summer_Framework\target\test-classes\com\itranswarp\scan\init\AnnotationInitBean.class, name=com\itranswarp\scan\init\AnnotationInitBean.class]
13:29:35.808 [main] DEBUG com.gaoda.io.ResourceResolver -- found resource: Resource[path=file:D:\Codes\Projects\summer\summer_framework\Summer_Framework\target\test-classes\com\itranswarp\scan\init\SpecifyInitBean.class, name=com\itranswarp\scan\init\SpecifyInitBean.class]
13:29:35.808 [main] DEBUG com.gaoda.io.ResourceResolver -- found resource: Resource[path=file:D:\Codes\Projects\summer\summer_framework\Summer_Framework\target\test-classes\com\itranswarp\scan\init\SpecifyInitConfiguration.class, name=com\itranswarp\scan\init\SpecifyInitConfiguration.class]
13:29:35.809 [main] DEBUG com.gaoda.io.ResourceResolver -- found resource: Resource[path=file:D:\Codes\Projects\summer\summer_framework\Summer_Framework\target\test-classes\com\itranswarp\scan\nested\OuterBean$NestedBean.class, name=com\itranswarp\scan\nested\OuterBean$NestedBean.class]
13:29:35.809 [main] DEBUG com.gaoda.io.ResourceResolver -- found resource: Resource[path=file:D:\Codes\Projects\summer\summer_framework\Summer_Framework\target\test-classes\com\itranswarp\scan\nested\OuterBean.class, name=com\itranswarp\scan\nested\OuterBean.class]
13:29:35.809 [main] DEBUG com.gaoda.io.ResourceResolver -- found resource: Resource[path=file:D:\Codes\Projects\summer\summer_framework\Summer_Framework\target\test-classes\com\itranswarp\scan\primary\DogBean.class, name=com\itranswarp\scan\primary\DogBean.class]
13:29:35.810 [main] DEBUG com.gaoda.io.ResourceResolver -- found resource: Resource[path=file:D:\Codes\Projects\summer\summer_framework\Summer_Framework\target\test-classes\com\itranswarp\scan\primary\PersonBean.class, name=com\itranswarp\scan\primary\PersonBean.class]
13:29:35.810 [main] DEBUG com.gaoda.io.ResourceResolver -- found resource: Resource[path=file:D:\Codes\Projects\summer\summer_framework\Summer_Framework\target\test-classes\com\itranswarp\scan\primary\PrimaryConfiguration.class, name=com\itranswarp\scan\primary\PrimaryConfiguration.class]
13:29:35.810 [main] DEBUG com.gaoda.io.ResourceResolver -- found resource: Resource[path=file:D:\Codes\Projects\summer\summer_framework\Summer_Framework\target\test-classes\com\itranswarp\scan\primary\StudentBean.class, name=com\itranswarp\scan\primary\StudentBean.class]
13:29:35.810 [main] DEBUG com.gaoda.io.ResourceResolver -- found resource: Resource[path=file:D:\Codes\Projects\summer\summer_framework\Summer_Framework\target\test-classes\com\itranswarp\scan\primary\TeacherBean.class, name=com\itranswarp\scan\primary\TeacherBean.class]
13:29:35.811 [main] DEBUG com.gaoda.io.ResourceResolver -- found resource: Resource[path=file:D:\Codes\Projects\summer\summer_framework\Summer_Framework\target\test-classes\com\itranswarp\scan\proxy\FirstProxyBean.class, name=com\itranswarp\scan\proxy\FirstProxyBean.class]
13:29:35.811 [main] DEBUG com.gaoda.io.ResourceResolver -- found resource: Resource[path=file:D:\Codes\Projects\summer\summer_framework\Summer_Framework\target\test-classes\com\itranswarp\scan\proxy\FirstProxyBeanPostProcessor.class, name=com\itranswarp\scan\proxy\FirstProxyBeanPostProcessor.class]
13:29:35.811 [main] DEBUG com.gaoda.io.ResourceResolver -- found resource: Resource[path=file:D:\Codes\Projects\summer\summer_framework\Summer_Framework\target\test-classes\com\itranswarp\scan\proxy\InjectProxyOnConstructorBean.class, name=com\itranswarp\scan\proxy\InjectProxyOnConstructorBean.class]
13:29:35.811 [main] DEBUG com.gaoda.io.ResourceResolver -- found resource: Resource[path=file:D:\Codes\Projects\summer\summer_framework\Summer_Framework\target\test-classes\com\itranswarp\scan\proxy\InjectProxyOnPropertyBean.class, name=com\itranswarp\scan\proxy\InjectProxyOnPropertyBean.class]
13:29:35.812 [main] DEBUG com.gaoda.io.ResourceResolver -- found resource: Resource[path=file:D:\Codes\Projects\summer\summer_framework\Summer_Framework\target\test-classes\com\itranswarp\scan\proxy\OriginBean.class, name=com\itranswarp\scan\proxy\OriginBean.class]
13:29:35.812 [main] DEBUG com.gaoda.io.ResourceResolver -- found resource: Resource[path=file:D:\Codes\Projects\summer\summer_framework\Summer_Framework\target\test-classes\com\itranswarp\scan\proxy\SecondProxyBean.class, name=com\itranswarp\scan\proxy\SecondProxyBean.class]
13:29:35.812 [main] DEBUG com.gaoda.io.ResourceResolver -- found resource: Resource[path=file:D:\Codes\Projects\summer\summer_framework\Summer_Framework\target\test-classes\com\itranswarp\scan\proxy\SecondProxyBeanPostProcessor.class, name=com\itranswarp\scan\proxy\SecondProxyBeanPostProcessor.class]
13:29:35.812 [main] DEBUG com.gaoda.io.ResourceResolver -- found resource: Resource[path=file:D:\Codes\Projects\summer\summer_framework\Summer_Framework\target\test-classes\com\itranswarp\scan\ScanApplication.class, name=com\itranswarp\scan\ScanApplication.class]
13:29:35.813 [main] DEBUG com.gaoda.io.ResourceResolver -- found resource: Resource[path=file:D:\Codes\Projects\summer\summer_framework\Summer_Framework\target\test-classes\com\itranswarp\scan\sub1\sub1.txt, name=com\itranswarp\scan\sub1\sub1.txt]
13:29:35.813 [main] DEBUG com.gaoda.io.ResourceResolver -- found resource: Resource[path=file:D:\Codes\Projects\summer\summer_framework\Summer_Framework\target\test-classes\com\itranswarp\scan\sub1\Sub1Bean.class, name=com\itranswarp\scan\sub1\Sub1Bean.class]
13:29:35.813 [main] DEBUG com.gaoda.io.ResourceResolver -- found resource: Resource[path=file:D:\Codes\Projects\summer\summer_framework\Summer_Framework\target\test-classes\com\itranswarp\scan\sub1\sub2\sub2.txt, name=com\itranswarp\scan\sub1\sub2\sub2.txt]
13:29:35.813 [main] DEBUG com.gaoda.io.ResourceResolver -- found resource: Resource[path=file:D:\Codes\Projects\summer\summer_framework\Summer_Framework\target\test-classes\com\itranswarp\scan\sub1\sub2\Sub2Bean.class, name=com\itranswarp\scan\sub1\sub2\Sub2Bean.class]
13:29:35.814 [main] DEBUG com.gaoda.io.ResourceResolver -- found resource: Resource[path=file:D:\Codes\Projects\summer\summer_framework\Summer_Framework\target\test-classes\com\itranswarp\scan\sub1\sub2\sub3\sub3.txt, name=com\itranswarp\scan\sub1\sub2\sub3\sub3.txt]
13:29:35.814 [main] DEBUG com.gaoda.io.ResourceResolver -- found resource: Resource[path=file:D:\Codes\Projects\summer\summer_framework\Summer_Framework\target\test-classes\com\itranswarp\scan\sub1\sub2\sub3\Sub3Bean.class, name=com\itranswarp\scan\sub1\sub2\sub3\Sub3Bean.class]
13:29:35.814 [main] DEBUG c.g.c.AnnotationConfigApplicationContext -- class found by component scan: com.itranswarp.scan.convert.ValueConverterBean
13:29:35.814 [main] DEBUG c.g.c.AnnotationConfigApplicationContext -- class found by component scan: com.itranswarp.scan.custom.annotation.CustomAnnotation
13:29:35.814 [main] DEBUG c.g.c.AnnotationConfigApplicationContext -- class found by component scan: com.itranswarp.scan.custom.annotation.CustomAnnotationBean
13:29:35.814 [main] DEBUG c.g.c.AnnotationConfigApplicationContext -- class found by component scan: com.itranswarp.scan.destroy.AnnotationDestroyBean
13:29:35.814 [main] DEBUG c.g.c.AnnotationConfigApplicationContext -- class found by component scan: com.itranswarp.scan.destroy.SpecifyDestroyBean
13:29:35.814 [main] DEBUG c.g.c.AnnotationConfigApplicationContext -- class found by component scan: com.itranswarp.scan.destroy.SpecifyDestroyConfiguration
13:29:35.814 [main] DEBUG c.g.c.AnnotationConfigApplicationContext -- class found by component scan: com.itranswarp.scan.init.AnnotationInitBean
13:29:35.814 [main] DEBUG c.g.c.AnnotationConfigApplicationContext -- class found by component scan: com.itranswarp.scan.init.SpecifyInitBean
13:29:35.814 [main] DEBUG c.g.c.AnnotationConfigApplicationContext -- class found by component scan: com.itranswarp.scan.init.SpecifyInitConfiguration
13:29:35.814 [main] DEBUG c.g.c.AnnotationConfigApplicationContext -- class found by component scan: com.itranswarp.scan.nested.OuterBean$NestedBean
13:29:35.814 [main] DEBUG c.g.c.AnnotationConfigApplicationContext -- class found by component scan: com.itranswarp.scan.nested.OuterBean
13:29:35.814 [main] DEBUG c.g.c.AnnotationConfigApplicationContext -- class found by component scan: com.itranswarp.scan.primary.DogBean
13:29:35.814 [main] DEBUG c.g.c.AnnotationConfigApplicationContext -- class found by component scan: com.itranswarp.scan.primary.PersonBean
13:29:35.814 [main] DEBUG c.g.c.AnnotationConfigApplicationContext -- class found by component scan: com.itranswarp.scan.primary.PrimaryConfiguration
13:29:35.814 [main] DEBUG c.g.c.AnnotationConfigApplicationContext -- class found by component scan: com.itranswarp.scan.primary.StudentBean
13:29:35.814 [main] DEBUG c.g.c.AnnotationConfigApplicationContext -- class found by component scan: com.itranswarp.scan.primary.TeacherBean
13:29:35.814 [main] DEBUG c.g.c.AnnotationConfigApplicationContext -- class found by component scan: com.itranswarp.scan.proxy.FirstProxyBean
13:29:35.814 [main] DEBUG c.g.c.AnnotationConfigApplicationContext -- class found by component scan: com.itranswarp.scan.proxy.FirstProxyBeanPostProcessor
13:29:35.814 [main] DEBUG c.g.c.AnnotationConfigApplicationContext -- class found by component scan: com.itranswarp.scan.proxy.InjectProxyOnConstructorBean
13:29:35.814 [main] DEBUG c.g.c.AnnotationConfigApplicationContext -- class found by component scan: com.itranswarp.scan.proxy.InjectProxyOnPropertyBean
13:29:35.814 [main] DEBUG c.g.c.AnnotationConfigApplicationContext -- class found by component scan: com.itranswarp.scan.proxy.OriginBean
13:29:35.814 [main] DEBUG c.g.c.AnnotationConfigApplicationContext -- class found by component scan: com.itranswarp.scan.proxy.SecondProxyBean
13:29:35.814 [main] DEBUG c.g.c.AnnotationConfigApplicationContext -- class found by component scan: com.itranswarp.scan.proxy.SecondProxyBeanPostProcessor
13:29:35.814 [main] DEBUG c.g.c.AnnotationConfigApplicationContext -- class found by component scan: com.itranswarp.scan.ScanApplication
13:29:35.814 [main] DEBUG c.g.c.AnnotationConfigApplicationContext -- class found by component scan: com.itranswarp.scan.sub1.Sub1Bean
13:29:35.814 [main] DEBUG c.g.c.AnnotationConfigApplicationContext -- class found by component scan: com.itranswarp.scan.sub1.sub2.Sub2Bean
13:29:35.814 [main] DEBUG c.g.c.AnnotationConfigApplicationContext -- class found by component scan: com.itranswarp.scan.sub1.sub2.sub3.Sub3Bean
13:29:35.814 [main] DEBUG c.g.c.AnnotationConfigApplicationContext -- class found by import: com.itranswarp.imported.LocalDateConfiguration
13:29:35.814 [main] DEBUG c.g.c.AnnotationConfigApplicationContext -- class found by import: com.itranswarp.imported.ZonedDateConfiguration
13:29:35.814 [main] DEBUG c.g.c.AnnotationConfigApplicationContext -- found component: com.itranswarp.scan.proxy.SecondProxyBeanPostProcessor
13:29:35.815 [main] DEBUG c.g.c.AnnotationConfigApplicationContext -- define bean: BeanDefinition [name=secondProxyBeanPostProcessor, beanClass=com.itranswarp.scan.proxy.SecondProxyBeanPostProcessor, factory=null, init-method=null, destroy-method=null, primary=false, instance=null]
13:29:35.815 [main] DEBUG c.g.c.AnnotationConfigApplicationContext -- found component: com.itranswarp.scan.destroy.AnnotationDestroyBean
13:29:35.815 [main] DEBUG c.g.c.AnnotationConfigApplicationContext -- define bean: BeanDefinition [name=annotationDestroyBean, beanClass=com.itranswarp.scan.destroy.AnnotationDestroyBean, factory=null, init-method=null, destroy-method=destroy, primary=false, instance=null]
13:29:35.815 [main] DEBUG c.g.c.AnnotationConfigApplicationContext -- found component: com.itranswarp.scan.primary.StudentBean
13:29:35.815 [main] DEBUG c.g.c.AnnotationConfigApplicationContext -- define bean: BeanDefinition [name=studentBean, beanClass=com.itranswarp.scan.primary.StudentBean, factory=null, init-method=null, destroy-method=null, primary=false, instance=null]
13:29:35.815 [main] DEBUG c.g.c.AnnotationConfigApplicationContext -- found component: com.itranswarp.scan.sub1.sub2.Sub2Bean
13:29:35.815 [main] DEBUG c.g.c.AnnotationConfigApplicationContext -- define bean: BeanDefinition [name=sub2Bean, beanClass=com.itranswarp.scan.sub1.sub2.Sub2Bean, factory=null, init-method=null, destroy-method=null, primary=false, instance=null]
13:29:35.815 [main] DEBUG c.g.c.AnnotationConfigApplicationContext -- found component: com.itranswarp.scan.primary.TeacherBean
13:29:35.815 [main] DEBUG c.g.c.AnnotationConfigApplicationContext -- define bean: BeanDefinition [name=teacherBean, beanClass=com.itranswarp.scan.primary.TeacherBean, factory=null, init-method=null, destroy-method=null, primary=true, instance=null]
13:29:35.815 [main] DEBUG c.g.c.AnnotationConfigApplicationContext -- found component: com.itranswarp.scan.proxy.FirstProxyBeanPostProcessor
13:29:35.815 [main] DEBUG c.g.c.AnnotationConfigApplicationContext -- define bean: BeanDefinition [name=firstProxyBeanPostProcessor, beanClass=com.itranswarp.scan.proxy.FirstProxyBeanPostProcessor, factory=null, init-method=null, destroy-method=null, primary=false, instance=null]
13:29:35.815 [main] DEBUG c.g.c.AnnotationConfigApplicationContext -- found component: com.itranswarp.scan.primary.PrimaryConfiguration
13:29:35.815 [main] DEBUG c.g.c.AnnotationConfigApplicationContext -- define bean: BeanDefinition [name=primaryConfiguration, beanClass=com.itranswarp.scan.primary.PrimaryConfiguration, factory=null, init-method=null, destroy-method=null, primary=false, instance=null]
13:29:35.815 [main] DEBUG c.g.c.AnnotationConfigApplicationContext -- define bean: BeanDefinition [name=teddy, beanClass=com.itranswarp.scan.primary.DogBean, factory=PrimaryConfiguration.teddy(), init-method=null, destroy-method=null, primary=false, instance=null]
13:29:35.815 [main] DEBUG c.g.c.AnnotationConfigApplicationContext -- define bean: BeanDefinition [name=husky, beanClass=com.itranswarp.scan.primary.DogBean, factory=PrimaryConfiguration.husky(), init-method=null, destroy-method=null, primary=true, instance=null]
13:29:35.815 [main] DEBUG c.g.c.AnnotationConfigApplicationContext -- found component: com.itranswarp.imported.ZonedDateConfiguration
13:29:35.815 [main] DEBUG c.g.c.AnnotationConfigApplicationContext -- define bean: BeanDefinition [name=zonedDateConfiguration, beanClass=com.itranswarp.imported.ZonedDateConfiguration, factory=null, init-method=null, destroy-method=null, primary=false, instance=null]
13:29:35.815 [main] DEBUG c.g.c.AnnotationConfigApplicationContext -- define bean: BeanDefinition [name=startZonedDateTime, beanClass=java.time.ZonedDateTime, factory=ZonedDateConfiguration.startZonedDateTime(), init-method=null, destroy-method=null, primary=false, instance=null]
13:29:35.815 [main] DEBUG c.g.c.AnnotationConfigApplicationContext -- found component: com.itranswarp.scan.custom.annotation.CustomAnnotationBean
13:29:35.815 [main] DEBUG c.g.c.AnnotationConfigApplicationContext -- define bean: BeanDefinition [name=customAnnotation, beanClass=com.itranswarp.scan.custom.annotation.CustomAnnotationBean, factory=null, init-method=null, destroy-method=null, primary=false, instance=null]
13:29:35.815 [main] DEBUG c.g.c.AnnotationConfigApplicationContext -- found component: com.itranswarp.imported.LocalDateConfiguration
13:29:35.815 [main] DEBUG c.g.c.AnnotationConfigApplicationContext -- define bean: BeanDefinition [name=localDateConfiguration, beanClass=com.itranswarp.imported.LocalDateConfiguration, factory=null, init-method=null, destroy-method=null, primary=false, instance=null]
13:29:35.815 [main] DEBUG c.g.c.AnnotationConfigApplicationContext -- define bean: BeanDefinition [name=startLocalDate, beanClass=java.time.LocalDate, factory=LocalDateConfiguration.startLocalDate(), init-method=null, destroy-method=null, primary=false, instance=null]
13:29:35.815 [main] DEBUG c.g.c.AnnotationConfigApplicationContext -- define bean: BeanDefinition [name=startLocalDateTime, beanClass=java.time.LocalDateTime, factory=LocalDateConfiguration.startLocalDateTime(), init-method=null, destroy-method=null, primary=false, instance=null]
13:29:35.815 [main] DEBUG c.g.c.AnnotationConfigApplicationContext -- found component: com.itranswarp.scan.convert.ValueConverterBean
13:29:35.815 [main] DEBUG c.g.c.AnnotationConfigApplicationContext -- define bean: BeanDefinition [name=valueConverterBean, beanClass=com.itranswarp.scan.convert.ValueConverterBean, factory=null, init-method=null, destroy-method=null, primary=false, instance=null]
13:29:35.815 [main] DEBUG c.g.c.AnnotationConfigApplicationContext -- found component: com.itranswarp.scan.nested.OuterBean$NestedBean
13:29:35.815 [main] DEBUG c.g.c.AnnotationConfigApplicationContext -- define bean: BeanDefinition [name=nestedBean, beanClass=com.itranswarp.scan.nested.OuterBean$NestedBean, factory=null, init-method=null, destroy-method=null, primary=false, instance=null]
13:29:35.815 [main] DEBUG c.g.c.AnnotationConfigApplicationContext -- found component: com.itranswarp.scan.nested.OuterBean
13:29:35.815 [main] DEBUG c.g.c.AnnotationConfigApplicationContext -- define bean: BeanDefinition [name=outerBean, beanClass=com.itranswarp.scan.nested.OuterBean, factory=null, init-method=null, destroy-method=null, primary=false, instance=null]
13:29:35.815 [main] DEBUG c.g.c.AnnotationConfigApplicationContext -- found component: com.itranswarp.scan.destroy.SpecifyDestroyConfiguration
13:29:35.815 [main] DEBUG c.g.c.AnnotationConfigApplicationContext -- define bean: BeanDefinition [name=specifyDestroyConfiguration, beanClass=com.itranswarp.scan.destroy.SpecifyDestroyConfiguration, factory=null, init-method=null, destroy-method=null, primary=false, instance=null]
13:29:35.815 [main] DEBUG c.g.c.AnnotationConfigApplicationContext -- define bean: BeanDefinition [name=createSpecifyDestroyBean, beanClass=com.itranswarp.scan.destroy.SpecifyDestroyBean, factory=SpecifyDestroyConfiguration.createSpecifyDestroyBean(String), init-method=null, destroy-method=null, primary=false, instance=null]
13:29:35.816 [main] DEBUG c.g.c.AnnotationConfigApplicationContext -- found component: com.itranswarp.scan.proxy.InjectProxyOnConstructorBean
13:29:35.816 [main] DEBUG c.g.c.AnnotationConfigApplicationContext -- define bean: BeanDefinition [name=injectProxyOnConstructorBean, beanClass=com.itranswarp.scan.proxy.InjectProxyOnConstructorBean, factory=null, init-method=null, destroy-method=null, primary=false, instance=null]
13:29:35.816 [main] DEBUG c.g.c.AnnotationConfigApplicationContext -- found component: com.itranswarp.scan.init.SpecifyInitConfiguration
13:29:35.816 [main] DEBUG c.g.c.AnnotationConfigApplicationContext -- define bean: BeanDefinition [name=specifyInitConfiguration, beanClass=com.itranswarp.scan.init.SpecifyInitConfiguration, factory=null, init-method=null, destroy-method=null, primary=false, instance=null]
13:29:35.816 [main] DEBUG c.g.c.AnnotationConfigApplicationContext -- define bean: BeanDefinition [name=createSpecifyInitBean, beanClass=com.itranswarp.scan.init.SpecifyInitBean, factory=SpecifyInitConfiguration.createSpecifyInitBean(String, String), init-method=null, destroy-method=null, primary=false, instance=null]
13:29:35.816 [main] DEBUG c.g.c.AnnotationConfigApplicationContext -- found component: com.itranswarp.scan.proxy.InjectProxyOnPropertyBean
13:29:35.816 [main] DEBUG c.g.c.AnnotationConfigApplicationContext -- define bean: BeanDefinition [name=injectProxyOnPropertyBean, beanClass=com.itranswarp.scan.proxy.InjectProxyOnPropertyBean, factory=null, init-method=null, destroy-method=null, primary=false, instance=null]
13:29:35.816 [main] DEBUG c.g.c.AnnotationConfigApplicationContext -- found component: com.itranswarp.scan.proxy.OriginBean
13:29:35.816 [main] DEBUG c.g.c.AnnotationConfigApplicationContext -- define bean: BeanDefinition [name=originBean, beanClass=com.itranswarp.scan.proxy.OriginBean, factory=null, init-method=null, destroy-method=null, primary=false, instance=null]
13:29:35.816 [main] DEBUG c.g.c.AnnotationConfigApplicationContext -- found component: com.itranswarp.scan.sub1.sub2.sub3.Sub3Bean
13:29:35.816 [main] DEBUG c.g.c.AnnotationConfigApplicationContext -- define bean: BeanDefinition [name=sub3Bean, beanClass=com.itranswarp.scan.sub1.sub2.sub3.Sub3Bean, factory=null, init-method=null, destroy-method=null, primary=false, instance=null]
13:29:35.816 [main] DEBUG c.g.c.AnnotationConfigApplicationContext -- found component: com.itranswarp.scan.sub1.Sub1Bean
13:29:35.816 [main] DEBUG c.g.c.AnnotationConfigApplicationContext -- define bean: BeanDefinition [name=sub1Bean, beanClass=com.itranswarp.scan.sub1.Sub1Bean, factory=null, init-method=null, destroy-method=null, primary=false, instance=null]
13:29:35.816 [main] DEBUG c.g.c.AnnotationConfigApplicationContext -- found component: com.itranswarp.scan.init.AnnotationInitBean
13:29:35.816 [main] DEBUG c.g.c.AnnotationConfigApplicationContext -- define bean: BeanDefinition [name=annotationInitBean, beanClass=com.itranswarp.scan.init.AnnotationInitBean, factory=null, init-method=init, destroy-method=null, primary=false, instance=null]
13:29:35.816 [main] DEBUG c.g.c.AnnotationConfigApplicationContext -- Try create bean 'localDateConfiguration' as early singleton: com.itranswarp.imported.LocalDateConfiguration
13:29:35.816 [main] DEBUG c.g.c.AnnotationConfigApplicationContext -- Try create bean 'primaryConfiguration' as early singleton: com.itranswarp.scan.primary.PrimaryConfiguration
13:29:35.816 [main] DEBUG c.g.c.AnnotationConfigApplicationContext -- Try create bean 'specifyDestroyConfiguration' as early singleton: com.itranswarp.scan.destroy.SpecifyDestroyConfiguration
13:29:35.816 [main] DEBUG c.g.c.AnnotationConfigApplicationContext -- Try create bean 'specifyInitConfiguration' as early singleton: com.itranswarp.scan.init.SpecifyInitConfiguration
13:29:35.816 [main] DEBUG c.g.c.AnnotationConfigApplicationContext -- Try create bean 'zonedDateConfiguration' as early singleton: com.itranswarp.imported.ZonedDateConfiguration
13:29:35.816 [main] DEBUG c.g.c.AnnotationConfigApplicationContext -- Try create bean 'firstProxyBeanPostProcessor' as early singleton: com.itranswarp.scan.proxy.FirstProxyBeanPostProcessor
13:29:35.816 [main] DEBUG c.g.c.AnnotationConfigApplicationContext -- Try create bean 'secondProxyBeanPostProcessor' as early singleton: com.itranswarp.scan.proxy.SecondProxyBeanPostProcessor
13:29:35.816 [main] DEBUG c.g.c.AnnotationConfigApplicationContext -- Try create bean 'annotationDestroyBean' as early singleton: com.itranswarp.scan.destroy.AnnotationDestroyBean
13:29:35.816 [main] DEBUG c.g.c.AnnotationConfigApplicationContext -- Try create bean 'annotationInitBean' as early singleton: com.itranswarp.scan.init.AnnotationInitBean
13:29:35.816 [main] DEBUG c.g.c.AnnotationConfigApplicationContext -- Try create bean 'createSpecifyDestroyBean' as early singleton: com.itranswarp.scan.destroy.SpecifyDestroyBean
13:29:35.817 [main] DEBUG c.g.c.AnnotationConfigApplicationContext -- Try create bean 'createSpecifyInitBean' as early singleton: com.itranswarp.scan.init.SpecifyInitBean
13:29:35.817 [main] DEBUG c.g.c.AnnotationConfigApplicationContext -- Try create bean 'customAnnotation' as early singleton: com.itranswarp.scan.custom.annotation.CustomAnnotationBean
13:29:35.817 [main] DEBUG c.g.c.AnnotationConfigApplicationContext -- Try create bean 'husky' as early singleton: com.itranswarp.scan.primary.DogBean
13:29:35.817 [main] DEBUG c.g.c.AnnotationConfigApplicationContext -- Try create bean 'injectProxyOnConstructorBean' as early singleton: com.itranswarp.scan.proxy.InjectProxyOnConstructorBean
13:29:35.817 [main] DEBUG c.g.c.AnnotationConfigApplicationContext -- Try create bean 'originBean' as early singleton: com.itranswarp.scan.proxy.OriginBean
13:29:35.817 [main] DEBUG c.i.s.p.FirstProxyBeanPostProcessor -- create first proxy for bean 'originBean': com.itranswarp.scan.proxy.OriginBean@48f5bde6
13:29:35.817 [main] DEBUG c.g.c.AnnotationConfigApplicationContext -- Bean 'originBean' was replaced by post processor com.itranswarp.scan.proxy.FirstProxyBeanPostProcessor.
13:29:35.817 [main] DEBUG c.i.s.p.SecondProxyBeanPostProcessor -- create second proxy for bean 'originBean': com.itranswarp.scan.proxy.FirstProxyBean@525d79f0
13:29:35.817 [main] DEBUG c.g.c.AnnotationConfigApplicationContext -- Bean 'originBean' was replaced by post processor com.itranswarp.scan.proxy.SecondProxyBeanPostProcessor.
13:29:35.817 [main] DEBUG c.g.c.AnnotationConfigApplicationContext -- Try create bean 'injectProxyOnPropertyBean' as early singleton: com.itranswarp.scan.proxy.InjectProxyOnPropertyBean
13:29:35.817 [main] DEBUG c.g.c.AnnotationConfigApplicationContext -- Try create bean 'nestedBean' as early singleton: com.itranswarp.scan.nested.OuterBean$NestedBean
13:29:35.817 [main] DEBUG c.g.c.AnnotationConfigApplicationContext -- Try create bean 'outerBean' as early singleton: com.itranswarp.scan.nested.OuterBean
13:29:35.817 [main] DEBUG c.g.c.AnnotationConfigApplicationContext -- Try create bean 'startLocalDate' as early singleton: java.time.LocalDate
13:29:35.817 [main] DEBUG c.g.c.AnnotationConfigApplicationContext -- Try create bean 'startLocalDateTime' as early singleton: java.time.LocalDateTime
13:29:35.817 [main] DEBUG c.g.c.AnnotationConfigApplicationContext -- Try create bean 'startZonedDateTime' as early singleton: java.time.ZonedDateTime
13:29:35.817 [main] DEBUG c.g.c.AnnotationConfigApplicationContext -- Try create bean 'studentBean' as early singleton: com.itranswarp.scan.primary.StudentBean
13:29:35.817 [main] DEBUG c.g.c.AnnotationConfigApplicationContext -- Try create bean 'sub1Bean' as early singleton: com.itranswarp.scan.sub1.Sub1Bean
13:29:35.817 [main] DEBUG c.g.c.AnnotationConfigApplicationContext -- Try create bean 'sub2Bean' as early singleton: com.itranswarp.scan.sub1.sub2.Sub2Bean
13:29:35.817 [main] DEBUG c.g.c.AnnotationConfigApplicationContext -- Try create bean 'sub3Bean' as early singleton: com.itranswarp.scan.sub1.sub2.sub3.Sub3Bean
13:29:35.817 [main] DEBUG c.g.c.AnnotationConfigApplicationContext -- Try create bean 'teacherBean' as early singleton: com.itranswarp.scan.primary.TeacherBean
13:29:35.817 [main] DEBUG c.g.c.AnnotationConfigApplicationContext -- Try create bean 'teddy' as early singleton: com.itranswarp.scan.primary.DogBean
13:29:35.817 [main] DEBUG c.g.c.AnnotationConfigApplicationContext -- Try create bean 'valueConverterBean' as early singleton: com.itranswarp.scan.convert.ValueConverterBean
13:29:35.817 [main] DEBUG c.g.c.AnnotationConfigApplicationContext -- Field injection: com.itranswarp.scan.convert.ValueConverterBean.injectedBooleanPrimitive = true
13:29:35.817 [main] DEBUG c.g.c.AnnotationConfigApplicationContext -- Field injection: com.itranswarp.scan.convert.ValueConverterBean.injectedBoolean = true
13:29:35.817 [main] DEBUG c.g.c.AnnotationConfigApplicationContext -- Field injection: com.itranswarp.scan.convert.ValueConverterBean.injectedBytePrimitive = 123
13:29:35.817 [main] DEBUG c.g.c.AnnotationConfigApplicationContext -- Field injection: com.itranswarp.scan.convert.ValueConverterBean.injectedByte = 123
13:29:35.817 [main] DEBUG c.g.c.AnnotationConfigApplicationContext -- Field injection: com.itranswarp.scan.convert.ValueConverterBean.injectedShortPrimitive = 12345
13:29:35.817 [main] DEBUG c.g.c.AnnotationConfigApplicationContext -- Field injection: com.itranswarp.scan.convert.ValueConverterBean.injectedShort = 12345
13:29:35.817 [main] DEBUG c.g.c.AnnotationConfigApplicationContext -- Field injection: com.itranswarp.scan.convert.ValueConverterBean.injectedIntPrimitive = 1234567
13:29:35.817 [main] DEBUG c.g.c.AnnotationConfigApplicationContext -- Field injection: com.itranswarp.scan.convert.ValueConverterBean.injectedInteger = 1234567
13:29:35.817 [main] DEBUG c.g.c.AnnotationConfigApplicationContext -- Field injection: com.itranswarp.scan.convert.ValueConverterBean.injectedLongPrimitive = 123456789000
13:29:35.818 [main] DEBUG c.g.c.AnnotationConfigApplicationContext -- Field injection: com.itranswarp.scan.convert.ValueConverterBean.injectedLong = 123456789000
13:29:35.818 [main] DEBUG c.g.c.AnnotationConfigApplicationContext -- Field injection: com.itranswarp.scan.convert.ValueConverterBean.injectedFloatPrimitive = 12345.679
13:29:35.818 [main] DEBUG c.g.c.AnnotationConfigApplicationContext -- Field injection: com.itranswarp.scan.convert.ValueConverterBean.injectedFloat = 12345.679
13:29:35.818 [main] DEBUG c.g.c.AnnotationConfigApplicationContext -- Field injection: com.itranswarp.scan.convert.ValueConverterBean.injectedDoublePrimitive = 1.2345678987654321E8
13:29:35.818 [main] DEBUG c.g.c.AnnotationConfigApplicationContext -- Field injection: com.itranswarp.scan.convert.ValueConverterBean.injectedDouble = 1.2345678987654321E8
13:29:35.818 [main] DEBUG c.g.c.AnnotationConfigApplicationContext -- Field injection: com.itranswarp.scan.convert.ValueConverterBean.injectedLocalDate = 2023-03-29
13:29:35.818 [main] DEBUG c.g.c.AnnotationConfigApplicationContext -- Field injection: com.itranswarp.scan.convert.ValueConverterBean.injectedLocalTime = 20:45:01
13:29:35.818 [main] DEBUG c.g.c.AnnotationConfigApplicationContext -- Field injection: com.itranswarp.scan.convert.ValueConverterBean.injectedLocalDateTime = 2023-03-29T20:45:01
13:29:35.818 [main] DEBUG c.g.c.AnnotationConfigApplicationContext -- Field injection: com.itranswarp.scan.convert.ValueConverterBean.injectedZonedDateTime = 2023-03-29T20:45:01+08:00[Asia/Shanghai]
13:29:35.818 [main] DEBUG c.g.c.AnnotationConfigApplicationContext -- Field injection: com.itranswarp.scan.convert.ValueConverterBean.injectedDuration = PT51H4M
13:29:35.818 [main] DEBUG c.g.c.AnnotationConfigApplicationContext -- Field injection: com.itranswarp.scan.convert.ValueConverterBean.injectedZoneId = Asia/Shanghai
13:29:35.818 [main] DEBUG c.g.c.AnnotationConfigApplicationContext -- Field injection: com.itranswarp.scan.proxy.InjectProxyOnPropertyBean.injected = com.itranswarp.scan.proxy.SecondProxyBean@5149f008
13:29:35.818 [main] DEBUG c.i.s.p.SecondProxyBeanPostProcessor -- auto set property for originBean from second proxy com.itranswarp.scan.proxy.SecondProxyBean@5149f008 to origin bean: com.itranswarp.scan.proxy.FirstProxyBean@525d79f0
13:29:35.818 [main] DEBUG c.g.c.AnnotationConfigApplicationContext -- BeanPostProcessor SecondProxyBeanPostProcessor specified injection from SecondProxyBean to FirstProxyBean.
13:29:35.818 [main] DEBUG c.i.s.p.FirstProxyBeanPostProcessor -- auto set property for originBean from first proxy com.itranswarp.scan.proxy.FirstProxyBean@525d79f0 to origin bean: com.itranswarp.scan.proxy.OriginBean@48f5bde6
13:29:35.818 [main] DEBUG c.g.c.AnnotationConfigApplicationContext -- BeanPostProcessor FirstProxyBeanPostProcessor specified injection from FirstProxyBean to OriginBean.
13:29:35.818 [main] DEBUG c.g.c.AnnotationConfigApplicationContext -- Field injection: com.itranswarp.scan.proxy.OriginBean.name = Scan App
13:29:35.818 [main] DEBUG c.g.c.AnnotationConfigApplicationContext -- Method injection: com.itranswarp.scan.proxy.OriginBean.setVersion (v1.0)
13:29:35.819 [main] DEBUG c.g.c.AnnotationConfigApplicationContext -- Field injection: com.itranswarp.scan.destroy.AnnotationDestroyBean.appTitle = Scan App
13:29:35.819 [main] DEBUG c.g.c.AnnotationConfigApplicationContext -- Field injection: com.itranswarp.scan.init.AnnotationInitBean.appTitle = Scan App
13:29:35.819 [main] DEBUG c.g.c.AnnotationConfigApplicationContext -- Field injection: com.itranswarp.scan.init.AnnotationInitBean.appVersion = v1.0
13:29:35.819 [main] DEBUG c.i.s.p.SecondProxyBeanPostProcessor -- auto set property for originBean from second proxy com.itranswarp.scan.proxy.SecondProxyBean@5149f008 to origin bean: com.itranswarp.scan.proxy.FirstProxyBean@525d79f0
13:29:35.819 [main] DEBUG c.g.c.AnnotationConfigApplicationContext -- BeanPostProcessor SecondProxyBeanPostProcessor specified injection from SecondProxyBean to FirstProxyBean.
13:29:35.819 [main] DEBUG c.i.s.p.FirstProxyBeanPostProcessor -- auto set property for originBean from first proxy com.itranswarp.scan.proxy.FirstProxyBean@525d79f0 to origin bean: com.itranswarp.scan.proxy.OriginBean@48f5bde6
13:29:35.819 [main] DEBUG c.g.c.AnnotationConfigApplicationContext -- BeanPostProcessor FirstProxyBeanPostProcessor specified injection from FirstProxyBean to OriginBean.
13:29:35.819 [main] DEBUG c.g.c.AnnotationConfigApplicationContext -- bean initialized: BeanDefinition [name=firstProxyBeanPostProcessor, beanClass=com.itranswarp.scan.proxy.FirstProxyBeanPostProcessor, factory=null, init-method=null, destroy-method=null, primary=false, instance=com.itranswarp.scan.proxy.FirstProxyBeanPostProcessor@7072bc39]
13:29:35.819 [main] DEBUG c.g.c.AnnotationConfigApplicationContext -- bean initialized: BeanDefinition [name=secondProxyBeanPostProcessor, beanClass=com.itranswarp.scan.proxy.SecondProxyBeanPostProcessor, factory=null, init-method=null, destroy-method=null, primary=false, instance=com.itranswarp.scan.proxy.SecondProxyBeanPostProcessor@158d255c]
13:29:35.819 [main] DEBUG c.g.c.AnnotationConfigApplicationContext -- bean initialized: BeanDefinition [name=annotationDestroyBean, beanClass=com.itranswarp.scan.destroy.AnnotationDestroyBean, factory=null, init-method=null, destroy-method=destroy, primary=false, instance=com.itranswarp.scan.destroy.AnnotationDestroyBean@2ca65ce4]
13:29:35.819 [main] DEBUG c.g.c.AnnotationConfigApplicationContext -- bean initialized: BeanDefinition [name=annotationInitBean, beanClass=com.itranswarp.scan.init.AnnotationInitBean, factory=null, init-method=init, destroy-method=null, primary=false, instance=com.itranswarp.scan.init.AnnotationInitBean@327120c8]
13:29:35.819 [main] DEBUG c.g.c.AnnotationConfigApplicationContext -- bean initialized: BeanDefinition [name=createSpecifyDestroyBean, beanClass=com.itranswarp.scan.destroy.SpecifyDestroyBean, factory=SpecifyDestroyConfiguration.createSpecifyDestroyBean(String), init-method=null, destroy-method=null, primary=false, instance=com.itranswarp.scan.destroy.SpecifyDestroyBean@5707c1cb]
13:29:35.819 [main] DEBUG c.g.c.AnnotationConfigApplicationContext -- bean initialized: BeanDefinition [name=createSpecifyInitBean, beanClass=com.itranswarp.scan.init.SpecifyInitBean, factory=SpecifyInitConfiguration.createSpecifyInitBean(String, String), init-method=null, destroy-method=null, primary=false, instance=com.itranswarp.scan.init.SpecifyInitBean@2b5cb9b2]
13:29:35.819 [main] DEBUG c.g.c.AnnotationConfigApplicationContext -- bean initialized: BeanDefinition [name=customAnnotation, beanClass=com.itranswarp.scan.custom.annotation.CustomAnnotationBean, factory=null, init-method=null, destroy-method=null, primary=false, instance=com.itranswarp.scan.custom.annotation.CustomAnnotationBean@35038141]
13:29:35.819 [main] DEBUG c.g.c.AnnotationConfigApplicationContext -- bean initialized: BeanDefinition [name=husky, beanClass=com.itranswarp.scan.primary.DogBean, factory=PrimaryConfiguration.husky(), init-method=null, destroy-method=null, primary=true, instance=com.itranswarp.scan.primary.DogBean@ecf9049]
13:29:35.819 [main] DEBUG c.g.c.AnnotationConfigApplicationContext -- bean initialized: BeanDefinition [name=injectProxyOnConstructorBean, beanClass=com.itranswarp.scan.proxy.InjectProxyOnConstructorBean, factory=null, init-method=null, destroy-method=null, primary=false, instance=com.itranswarp.scan.proxy.InjectProxyOnConstructorBean@672f11c2]
13:29:35.819 [main] DEBUG c.g.c.AnnotationConfigApplicationContext -- bean initialized: BeanDefinition [name=injectProxyOnPropertyBean, beanClass=com.itranswarp.scan.proxy.InjectProxyOnPropertyBean, factory=null, init-method=null, destroy-method=null, primary=false, instance=com.itranswarp.scan.proxy.InjectProxyOnPropertyBean@2970a5bc]
13:29:35.819 [main] DEBUG c.g.c.AnnotationConfigApplicationContext -- bean initialized: BeanDefinition [name=localDateConfiguration, beanClass=com.itranswarp.imported.LocalDateConfiguration, factory=null, init-method=null, destroy-method=null, primary=false, instance=com.itranswarp.imported.LocalDateConfiguration@50305a]
13:29:35.819 [main] DEBUG c.g.c.AnnotationConfigApplicationContext -- bean initialized: BeanDefinition [name=nestedBean, beanClass=com.itranswarp.scan.nested.OuterBean$NestedBean, factory=null, init-method=null, destroy-method=null, primary=false, instance=com.itranswarp.scan.nested.OuterBean$NestedBean@72efb5c1]
13:29:35.819 [main] DEBUG c.g.c.AnnotationConfigApplicationContext -- bean initialized: BeanDefinition [name=originBean, beanClass=com.itranswarp.scan.proxy.OriginBean, factory=null, init-method=null, destroy-method=null, primary=false, instance=com.itranswarp.scan.proxy.SecondProxyBean@5149f008]
13:29:35.819 [main] DEBUG c.g.c.AnnotationConfigApplicationContext -- bean initialized: BeanDefinition [name=outerBean, beanClass=com.itranswarp.scan.nested.OuterBean, factory=null, init-method=null, destroy-method=null, primary=false, instance=com.itranswarp.scan.nested.OuterBean@6d511b5f]
13:29:35.819 [main] DEBUG c.g.c.AnnotationConfigApplicationContext -- bean initialized: BeanDefinition [name=primaryConfiguration, beanClass=com.itranswarp.scan.primary.PrimaryConfiguration, factory=null, init-method=null, destroy-method=null, primary=false, instance=com.itranswarp.scan.primary.PrimaryConfiguration@41200e0c]
13:29:35.819 [main] DEBUG c.g.c.AnnotationConfigApplicationContext -- bean initialized: BeanDefinition [name=specifyDestroyConfiguration, beanClass=com.itranswarp.scan.destroy.SpecifyDestroyConfiguration, factory=null, init-method=null, destroy-method=null, primary=false, instance=com.itranswarp.scan.destroy.SpecifyDestroyConfiguration@40f33492]
13:29:35.819 [main] DEBUG c.g.c.AnnotationConfigApplicationContext -- bean initialized: BeanDefinition [name=specifyInitConfiguration, beanClass=com.itranswarp.scan.init.SpecifyInitConfiguration, factory=null, init-method=null, destroy-method=null, primary=false, instance=com.itranswarp.scan.init.SpecifyInitConfiguration@4fbdc0f0]
13:29:35.819 [main] DEBUG c.g.c.AnnotationConfigApplicationContext -- bean initialized: BeanDefinition [name=startLocalDate, beanClass=java.time.LocalDate, factory=LocalDateConfiguration.startLocalDate(), init-method=null, destroy-method=null, primary=false, instance=2023-08-17]
13:29:35.819 [main] DEBUG c.g.c.AnnotationConfigApplicationContext -- bean initialized: BeanDefinition [name=startLocalDateTime, beanClass=java.time.LocalDateTime, factory=LocalDateConfiguration.startLocalDateTime(), init-method=null, destroy-method=null, primary=false, instance=2023-08-17T13:29:35.817656600]
13:29:35.819 [main] DEBUG c.g.c.AnnotationConfigApplicationContext -- bean initialized: BeanDefinition [name=startZonedDateTime, beanClass=java.time.ZonedDateTime, factory=ZonedDateConfiguration.startZonedDateTime(), init-method=null, destroy-method=null, primary=false, instance=2023-08-17T13:29:35.817656600+08:00[Asia/Shanghai]]
13:29:35.819 [main] DEBUG c.g.c.AnnotationConfigApplicationContext -- bean initialized: BeanDefinition [name=studentBean, beanClass=com.itranswarp.scan.primary.StudentBean, factory=null, init-method=null, destroy-method=null, primary=false, instance=com.itranswarp.scan.primary.StudentBean@2ad3a1bb]
13:29:35.819 [main] DEBUG c.g.c.AnnotationConfigApplicationContext -- bean initialized: BeanDefinition [name=sub1Bean, beanClass=com.itranswarp.scan.sub1.Sub1Bean, factory=null, init-method=null, destroy-method=null, primary=false, instance=com.itranswarp.scan.sub1.Sub1Bean@6bc28a83]
13:29:35.819 [main] DEBUG c.g.c.AnnotationConfigApplicationContext -- bean initialized: BeanDefinition [name=sub2Bean, beanClass=com.itranswarp.scan.sub1.sub2.Sub2Bean, factory=null, init-method=null, destroy-method=null, primary=false, instance=com.itranswarp.scan.sub1.sub2.Sub2Bean@324c64cd]
13:29:35.819 [main] DEBUG c.g.c.AnnotationConfigApplicationContext -- bean initialized: BeanDefinition [name=sub3Bean, beanClass=com.itranswarp.scan.sub1.sub2.sub3.Sub3Bean, factory=null, init-method=null, destroy-method=null, primary=false, instance=com.itranswarp.scan.sub1.sub2.sub3.Sub3Bean@13579834]
13:29:35.819 [main] DEBUG c.g.c.AnnotationConfigApplicationContext -- bean initialized: BeanDefinition [name=teacherBean, beanClass=com.itranswarp.scan.primary.TeacherBean, factory=null, init-method=null, destroy-method=null, primary=true, instance=com.itranswarp.scan.primary.TeacherBean@24be2d9c]
13:29:35.819 [main] DEBUG c.g.c.AnnotationConfigApplicationContext -- bean initialized: BeanDefinition [name=teddy, beanClass=com.itranswarp.scan.primary.DogBean, factory=PrimaryConfiguration.teddy(), init-method=null, destroy-method=null, primary=false, instance=com.itranswarp.scan.primary.DogBean@5bd73d1a]
13:29:35.819 [main] DEBUG c.g.c.AnnotationConfigApplicationContext -- bean initialized: BeanDefinition [name=valueConverterBean, beanClass=com.itranswarp.scan.convert.ValueConverterBean, factory=null, init-method=null, destroy-method=null, primary=false, instance=com.itranswarp.scan.convert.ValueConverterBean@aec50a1]
13:29:35.819 [main] DEBUG c.g.c.AnnotationConfigApplicationContext -- bean initialized: BeanDefinition [name=zonedDateConfiguration, beanClass=com.itranswarp.imported.ZonedDateConfiguration, factory=null, init-method=null, destroy-method=null, primary=false, instance=com.itranswarp.imported.ZonedDateConfiguration@2555fff0]
]]></system-out>
  </testcase>
  <testcase name="testCustomAnnotation" classname="com.itranswarp.summer.context.AnnotationConfigApplicationContextTest" time="0.024">
    <system-out><![CDATA[13:29:35.821 [main] DEBUG com.gaoda.io.PropertyResolver -- PropertyResolver: =:: = ::\
13:29:35.821 [main] DEBUG com.gaoda.io.PropertyResolver -- PropertyResolver: =D: = D:\Codes\Projects\summer\summer_framework\Summer_Framework
13:29:35.821 [main] DEBUG com.gaoda.io.PropertyResolver -- PropertyResolver: ALLUSERSPROFILE = C:\ProgramData
13:29:35.821 [main] DEBUG com.gaoda.io.PropertyResolver -- PropertyResolver: APPDATA = C:\Users\Gundam\AppData\Roaming
13:29:35.821 [main] DEBUG com.gaoda.io.PropertyResolver -- PropertyResolver: CLASSPATH = .;D:\Code\jdk-18\lib;D:\Code\jdk-18\lib\tools.jar
13:29:35.821 [main] DEBUG com.gaoda.io.PropertyResolver -- PropertyResolver: COMMONPROGRAMFILES = C:\Program Files\Common Files
13:29:35.821 [main] DEBUG com.gaoda.io.PropertyResolver -- PropertyResolver: COMMONPROGRAMFILES(X86) = C:\Program Files (x86)\Common Files
13:29:35.821 [main] DEBUG com.gaoda.io.PropertyResolver -- PropertyResolver: COMMONPROGRAMW6432 = C:\Program Files\Common Files
13:29:35.821 [main] DEBUG com.gaoda.io.PropertyResolver -- PropertyResolver: COMPUTERNAME = DESKTOP-HR12F04
13:29:35.821 [main] DEBUG com.gaoda.io.PropertyResolver -- PropertyResolver: COMSPEC = C:\Windows\system32\cmd.exe
13:29:35.821 [main] DEBUG com.gaoda.io.PropertyResolver -- PropertyResolver: DRIVERDATA = C:\Windows\System32\Drivers\DriverData
13:29:35.821 [main] DEBUG com.gaoda.io.PropertyResolver -- PropertyResolver: FPS_BROWSER_APP_PROFILE_STRING = Internet Explorer
13:29:35.821 [main] DEBUG com.gaoda.io.PropertyResolver -- PropertyResolver: FPS_BROWSER_USER_PROFILE_STRING = Default
13:29:35.821 [main] DEBUG com.gaoda.io.PropertyResolver -- PropertyResolver: HOMEDRIVE = C:
13:29:35.821 [main] DEBUG com.gaoda.io.PropertyResolver -- PropertyResolver: HOMEPATH = \Users\Gundam
13:29:35.821 [main] DEBUG com.gaoda.io.PropertyResolver -- PropertyResolver: IDEA_INITIAL_DIRECTORY = D:\Applications1\code\idea\IntelliJ IDEA 2022.2.1\bin
13:29:35.821 [main] DEBUG com.gaoda.io.PropertyResolver -- PropertyResolver: INTELLIJ IDEA = D:\Applications1\code\idea\IntelliJ IDEA 2022.2.1\bin;
13:29:35.821 [main] DEBUG com.gaoda.io.PropertyResolver -- PropertyResolver: JAVA18_HOME = D:\Code\jdk-18
13:29:35.821 [main] DEBUG com.gaoda.io.PropertyResolver -- PropertyResolver: JAVA8_HOME = D:\Code\jdk-8
13:29:35.821 [main] DEBUG com.gaoda.io.PropertyResolver -- PropertyResolver: JAVA_HOME = D:\Code\jdk-18
13:29:35.821 [main] DEBUG com.gaoda.io.PropertyResolver -- PropertyResolver: LOCALAPPDATA = C:\Users\Gundam\AppData\Local
13:29:35.821 [main] DEBUG com.gaoda.io.PropertyResolver -- PropertyResolver: LOGONSERVER = \\DESKTOP-HR12F04
13:29:35.821 [main] DEBUG com.gaoda.io.PropertyResolver -- PropertyResolver: MAVEN_HOME = D:\Code\Maven\apache-maven-3.8.6
13:29:35.821 [main] DEBUG com.gaoda.io.PropertyResolver -- PropertyResolver: NLS_LANG = SIMPLIFIED CHINESE_CHINA.ZHS16GBK
13:29:35.821 [main] DEBUG com.gaoda.io.PropertyResolver -- PropertyResolver: NUMBER_OF_PROCESSORS = 16
13:29:35.821 [main] DEBUG com.gaoda.io.PropertyResolver -- PropertyResolver: ONEDRIVE = C:\Users\Gundam\OneDrive
13:29:35.821 [main] DEBUG com.gaoda.io.PropertyResolver -- PropertyResolver: OPENSSL_IA32CAP = ~0x200000200000000
13:29:35.821 [main] DEBUG com.gaoda.io.PropertyResolver -- PropertyResolver: ORACLE_HOME = D:\Code\oracle\Ora10InstantClient
13:29:35.821 [main] DEBUG com.gaoda.io.PropertyResolver -- PropertyResolver: OS = Windows_NT
13:29:35.821 [main] DEBUG com.gaoda.io.PropertyResolver -- PropertyResolver: PATH = C:\Windows;D:\Code\jdk-18\bin;D:\Code\jdk-18\jre\bin;C:\Program Files\Common Files\Oracle\Java\javapath;C:\Windows\system32;C:\Windows\System32\Wbem;C:\Windows\System32\WindowsPowerShell\v1.0\;C:\Windows\System32\OpenSSH\;D:\Applications1\computer\Bandizip\;C:\Program Files\NVIDIA Corporation\NVIDIA NvDLISR;C:\Program Files (x86)\NVIDIA Corporation\PhysX\Common;D:\Code\jdk-18;D:\Code\oracle\Ora10InstantClient;D:\Applications1\code\MySQL\bin;D:\Code\Maven\apache-maven-3.8.6\bin;D:\Code\Node.js\;D:\Applications1\code\Git\cmd;D:\Applications1\code\微信web开发者工具\dll;C:\Program Files\TortoiseGit\bin;C:\Program Files\Asiainfo Security\AisEsmAgent\atom_plugins\base_plugin;C:\Users\Gundam\AppData\Local\Programs\Python\Python311\Scripts\;C:\Users\Gundam\AppData\Local\Programs\Python\Python311\;C:\Users\Gundam\AppData\Local\Microsoft\WindowsApps;D:\Applications1\code\idea\IntelliJ IDEA 2022.2.1\bin;;D:\Applications1\code\vscode\Microsoft VS Code\bin;C:\Users\Gundam\AppData\Roaming\npm;D:\Applications1\code\webstorm\WebStorm 2022.3.2\bin;;D:\Applications1\play\QQgame\Hall.57975\
13:29:35.821 [main] DEBUG com.gaoda.io.PropertyResolver -- PropertyResolver: PATHEXT = .COM;.EXE;.BAT;.CMD;.VBS;.VBE;.JS;.JSE;.WSF;.WSH;.MSC
13:29:35.821 [main] DEBUG com.gaoda.io.PropertyResolver -- PropertyResolver: PROCESSOR_ARCHITECTURE = AMD64
13:29:35.821 [main] DEBUG com.gaoda.io.PropertyResolver -- PropertyResolver: PROCESSOR_IDENTIFIER = AMD64 Family 23 Model 96 Stepping 1, AuthenticAMD
13:29:35.821 [main] DEBUG com.gaoda.io.PropertyResolver -- PropertyResolver: PROCESSOR_LEVEL = 23
13:29:35.821 [main] DEBUG com.gaoda.io.PropertyResolver -- PropertyResolver: PROCESSOR_REVISION = 6001
13:29:35.821 [main] DEBUG com.gaoda.io.PropertyResolver -- PropertyResolver: PROGRAMDATA = C:\ProgramData
13:29:35.821 [main] DEBUG com.gaoda.io.PropertyResolver -- PropertyResolver: PROGRAMFILES = C:\Program Files
13:29:35.821 [main] DEBUG com.gaoda.io.PropertyResolver -- PropertyResolver: PROGRAMFILES(X86) = C:\Program Files (x86)
13:29:35.821 [main] DEBUG com.gaoda.io.PropertyResolver -- PropertyResolver: PROGRAMW6432 = C:\Program Files
13:29:35.821 [main] DEBUG com.gaoda.io.PropertyResolver -- PropertyResolver: PROMPT = $P$G
13:29:35.821 [main] DEBUG com.gaoda.io.PropertyResolver -- PropertyResolver: PSMODULEPATH = C:\Program Files\WindowsPowerShell\Modules;C:\Windows\system32\WindowsPowerShell\v1.0\Modules
13:29:35.821 [main] DEBUG com.gaoda.io.PropertyResolver -- PropertyResolver: PUBLIC = C:\Users\Public
13:29:35.821 [main] DEBUG com.gaoda.io.PropertyResolver -- PropertyResolver: SESSIONNAME = Console
13:29:35.821 [main] DEBUG com.gaoda.io.PropertyResolver -- PropertyResolver: SYSTEMDRIVE = C:
13:29:35.821 [main] DEBUG com.gaoda.io.PropertyResolver -- PropertyResolver: SYSTEMROOT = C:\Windows
13:29:35.821 [main] DEBUG com.gaoda.io.PropertyResolver -- PropertyResolver: TEMP = C:\Users\Gundam\AppData\Local\Temp
13:29:35.821 [main] DEBUG com.gaoda.io.PropertyResolver -- PropertyResolver: TMP = C:\Users\Gundam\AppData\Local\Temp
13:29:35.821 [main] DEBUG com.gaoda.io.PropertyResolver -- PropertyResolver: TNS_ADMIN = D:\Code\oracle\Ora10InstantClient
13:29:35.821 [main] DEBUG com.gaoda.io.PropertyResolver -- PropertyResolver: USERDOMAIN = DESKTOP-HR12F04
13:29:35.821 [main] DEBUG com.gaoda.io.PropertyResolver -- PropertyResolver: USERDOMAIN_ROAMINGPROFILE = DESKTOP-HR12F04
13:29:35.821 [main] DEBUG com.gaoda.io.PropertyResolver -- PropertyResolver: USERNAME = Gundam
13:29:35.821 [main] DEBUG com.gaoda.io.PropertyResolver -- PropertyResolver: USERPROFILE = C:\Users\Gundam
13:29:35.821 [main] DEBUG com.gaoda.io.PropertyResolver -- PropertyResolver: WEBSTORM = D:\Applications1\code\webstorm\WebStorm 2022.3.2\bin;
13:29:35.821 [main] DEBUG com.gaoda.io.PropertyResolver -- PropertyResolver: WINDIR = C:\Windows
13:29:35.821 [main] DEBUG com.gaoda.io.PropertyResolver -- PropertyResolver: app.title = Scan App
13:29:35.821 [main] DEBUG com.gaoda.io.PropertyResolver -- PropertyResolver: app.version = v1.0
13:29:35.821 [main] DEBUG com.gaoda.io.PropertyResolver -- PropertyResolver: convert.boolean = true
13:29:35.821 [main] DEBUG com.gaoda.io.PropertyResolver -- PropertyResolver: convert.byte = 123
13:29:35.821 [main] DEBUG com.gaoda.io.PropertyResolver -- PropertyResolver: convert.double = 123456789.87654321
13:29:35.821 [main] DEBUG com.gaoda.io.PropertyResolver -- PropertyResolver: convert.duration = P2DT3H4M
13:29:35.821 [main] DEBUG com.gaoda.io.PropertyResolver -- PropertyResolver: convert.float = 12345.6789
13:29:35.821 [main] DEBUG com.gaoda.io.PropertyResolver -- PropertyResolver: convert.integer = 1234567
13:29:35.821 [main] DEBUG com.gaoda.io.PropertyResolver -- PropertyResolver: convert.localdate = 2023-03-29
13:29:35.821 [main] DEBUG com.gaoda.io.PropertyResolver -- PropertyResolver: convert.localdatetime = 2023-03-29T20:45:01
13:29:35.821 [main] DEBUG com.gaoda.io.PropertyResolver -- PropertyResolver: convert.localtime = 20:45:01
13:29:35.821 [main] DEBUG com.gaoda.io.PropertyResolver -- PropertyResolver: convert.long = 123456789000
13:29:35.821 [main] DEBUG com.gaoda.io.PropertyResolver -- PropertyResolver: convert.short = 12345
13:29:35.821 [main] DEBUG com.gaoda.io.PropertyResolver -- PropertyResolver: convert.zoneddatetime = 2023-03-29T20:45:01+08:00[Asia/Shanghai]
13:29:35.821 [main] DEBUG com.gaoda.io.PropertyResolver -- PropertyResolver: convert.zoneid = Asia/Shanghai
13:29:35.821 [main] DEBUG com.gaoda.io.PropertyResolver -- PropertyResolver: jdbc.password = 
13:29:35.821 [main] DEBUG com.gaoda.io.PropertyResolver -- PropertyResolver: jdbc.url = jdbc:hsqldb:file:testdb.tmp
13:29:35.821 [main] DEBUG com.gaoda.io.PropertyResolver -- PropertyResolver: jdbc.username = sa
13:29:35.821 [main] INFO  c.g.c.AnnotationConfigApplicationContext -- component scan in packages: [com.itranswarp.scan]
13:29:35.821 [main] DEBUG c.g.c.AnnotationConfigApplicationContext -- scan package: com.itranswarp.scan
13:29:35.821 [main] DEBUG com.gaoda.io.ResourceResolver -- scan path: com/itranswarp/scan
13:29:35.824 [main] DEBUG com.gaoda.io.ResourceResolver -- found resource: Resource[path=file:D:\Codes\Projects\summer\summer_framework\Summer_Framework\target\test-classes\com\itranswarp\scan\convert\ValueConverterBean.class, name=com\itranswarp\scan\convert\ValueConverterBean.class]
13:29:35.825 [main] DEBUG com.gaoda.io.ResourceResolver -- found resource: Resource[path=file:D:\Codes\Projects\summer\summer_framework\Summer_Framework\target\test-classes\com\itranswarp\scan\custom\annotation\CustomAnnotation.class, name=com\itranswarp\scan\custom\annotation\CustomAnnotation.class]
13:29:35.826 [main] DEBUG com.gaoda.io.ResourceResolver -- found resource: Resource[path=file:D:\Codes\Projects\summer\summer_framework\Summer_Framework\target\test-classes\com\itranswarp\scan\custom\annotation\CustomAnnotationBean.class, name=com\itranswarp\scan\custom\annotation\CustomAnnotationBean.class]
13:29:35.827 [main] DEBUG com.gaoda.io.ResourceResolver -- found resource: Resource[path=file:D:\Codes\Projects\summer\summer_framework\Summer_Framework\target\test-classes\com\itranswarp\scan\destroy\AnnotationDestroyBean.class, name=com\itranswarp\scan\destroy\AnnotationDestroyBean.class]
13:29:35.827 [main] DEBUG com.gaoda.io.ResourceResolver -- found resource: Resource[path=file:D:\Codes\Projects\summer\summer_framework\Summer_Framework\target\test-classes\com\itranswarp\scan\destroy\SpecifyDestroyBean.class, name=com\itranswarp\scan\destroy\SpecifyDestroyBean.class]
13:29:35.828 [main] DEBUG com.gaoda.io.ResourceResolver -- found resource: Resource[path=file:D:\Codes\Projects\summer\summer_framework\Summer_Framework\target\test-classes\com\itranswarp\scan\destroy\SpecifyDestroyConfiguration.class, name=com\itranswarp\scan\destroy\SpecifyDestroyConfiguration.class]
13:29:35.828 [main] DEBUG com.gaoda.io.ResourceResolver -- found resource: Resource[path=file:D:\Codes\Projects\summer\summer_framework\Summer_Framework\target\test-classes\com\itranswarp\scan\init\AnnotationInitBean.class, name=com\itranswarp\scan\init\AnnotationInitBean.class]
13:29:35.829 [main] DEBUG com.gaoda.io.ResourceResolver -- found resource: Resource[path=file:D:\Codes\Projects\summer\summer_framework\Summer_Framework\target\test-classes\com\itranswarp\scan\init\SpecifyInitBean.class, name=com\itranswarp\scan\init\SpecifyInitBean.class]
13:29:35.829 [main] DEBUG com.gaoda.io.ResourceResolver -- found resource: Resource[path=file:D:\Codes\Projects\summer\summer_framework\Summer_Framework\target\test-classes\com\itranswarp\scan\init\SpecifyInitConfiguration.class, name=com\itranswarp\scan\init\SpecifyInitConfiguration.class]
13:29:35.830 [main] DEBUG com.gaoda.io.ResourceResolver -- found resource: Resource[path=file:D:\Codes\Projects\summer\summer_framework\Summer_Framework\target\test-classes\com\itranswarp\scan\nested\OuterBean$NestedBean.class, name=com\itranswarp\scan\nested\OuterBean$NestedBean.class]
13:29:35.831 [main] DEBUG com.gaoda.io.ResourceResolver -- found resource: Resource[path=file:D:\Codes\Projects\summer\summer_framework\Summer_Framework\target\test-classes\com\itranswarp\scan\nested\OuterBean.class, name=com\itranswarp\scan\nested\OuterBean.class]
13:29:35.832 [main] DEBUG com.gaoda.io.ResourceResolver -- found resource: Resource[path=file:D:\Codes\Projects\summer\summer_framework\Summer_Framework\target\test-classes\com\itranswarp\scan\primary\DogBean.class, name=com\itranswarp\scan\primary\DogBean.class]
13:29:35.832 [main] DEBUG com.gaoda.io.ResourceResolver -- found resource: Resource[path=file:D:\Codes\Projects\summer\summer_framework\Summer_Framework\target\test-classes\com\itranswarp\scan\primary\PersonBean.class, name=com\itranswarp\scan\primary\PersonBean.class]
13:29:35.832 [main] DEBUG com.gaoda.io.ResourceResolver -- found resource: Resource[path=file:D:\Codes\Projects\summer\summer_framework\Summer_Framework\target\test-classes\com\itranswarp\scan\primary\PrimaryConfiguration.class, name=com\itranswarp\scan\primary\PrimaryConfiguration.class]
13:29:35.833 [main] DEBUG com.gaoda.io.ResourceResolver -- found resource: Resource[path=file:D:\Codes\Projects\summer\summer_framework\Summer_Framework\target\test-classes\com\itranswarp\scan\primary\StudentBean.class, name=com\itranswarp\scan\primary\StudentBean.class]
13:29:35.833 [main] DEBUG com.gaoda.io.ResourceResolver -- found resource: Resource[path=file:D:\Codes\Projects\summer\summer_framework\Summer_Framework\target\test-classes\com\itranswarp\scan\primary\TeacherBean.class, name=com\itranswarp\scan\primary\TeacherBean.class]
13:29:35.834 [main] DEBUG com.gaoda.io.ResourceResolver -- found resource: Resource[path=file:D:\Codes\Projects\summer\summer_framework\Summer_Framework\target\test-classes\com\itranswarp\scan\proxy\FirstProxyBean.class, name=com\itranswarp\scan\proxy\FirstProxyBean.class]
13:29:35.834 [main] DEBUG com.gaoda.io.ResourceResolver -- found resource: Resource[path=file:D:\Codes\Projects\summer\summer_framework\Summer_Framework\target\test-classes\com\itranswarp\scan\proxy\FirstProxyBeanPostProcessor.class, name=com\itranswarp\scan\proxy\FirstProxyBeanPostProcessor.class]
13:29:35.834 [main] DEBUG com.gaoda.io.ResourceResolver -- found resource: Resource[path=file:D:\Codes\Projects\summer\summer_framework\Summer_Framework\target\test-classes\com\itranswarp\scan\proxy\InjectProxyOnConstructorBean.class, name=com\itranswarp\scan\proxy\InjectProxyOnConstructorBean.class]
13:29:35.835 [main] DEBUG com.gaoda.io.ResourceResolver -- found resource: Resource[path=file:D:\Codes\Projects\summer\summer_framework\Summer_Framework\target\test-classes\com\itranswarp\scan\proxy\InjectProxyOnPropertyBean.class, name=com\itranswarp\scan\proxy\InjectProxyOnPropertyBean.class]
13:29:35.835 [main] DEBUG com.gaoda.io.ResourceResolver -- found resource: Resource[path=file:D:\Codes\Projects\summer\summer_framework\Summer_Framework\target\test-classes\com\itranswarp\scan\proxy\OriginBean.class, name=com\itranswarp\scan\proxy\OriginBean.class]
13:29:35.835 [main] DEBUG com.gaoda.io.ResourceResolver -- found resource: Resource[path=file:D:\Codes\Projects\summer\summer_framework\Summer_Framework\target\test-classes\com\itranswarp\scan\proxy\SecondProxyBean.class, name=com\itranswarp\scan\proxy\SecondProxyBean.class]
13:29:35.836 [main] DEBUG com.gaoda.io.ResourceResolver -- found resource: Resource[path=file:D:\Codes\Projects\summer\summer_framework\Summer_Framework\target\test-classes\com\itranswarp\scan\proxy\SecondProxyBeanPostProcessor.class, name=com\itranswarp\scan\proxy\SecondProxyBeanPostProcessor.class]
13:29:35.836 [main] DEBUG com.gaoda.io.ResourceResolver -- found resource: Resource[path=file:D:\Codes\Projects\summer\summer_framework\Summer_Framework\target\test-classes\com\itranswarp\scan\ScanApplication.class, name=com\itranswarp\scan\ScanApplication.class]
13:29:35.837 [main] DEBUG com.gaoda.io.ResourceResolver -- found resource: Resource[path=file:D:\Codes\Projects\summer\summer_framework\Summer_Framework\target\test-classes\com\itranswarp\scan\sub1\sub1.txt, name=com\itranswarp\scan\sub1\sub1.txt]
13:29:35.837 [main] DEBUG com.gaoda.io.ResourceResolver -- found resource: Resource[path=file:D:\Codes\Projects\summer\summer_framework\Summer_Framework\target\test-classes\com\itranswarp\scan\sub1\Sub1Bean.class, name=com\itranswarp\scan\sub1\Sub1Bean.class]
13:29:35.837 [main] DEBUG com.gaoda.io.ResourceResolver -- found resource: Resource[path=file:D:\Codes\Projects\summer\summer_framework\Summer_Framework\target\test-classes\com\itranswarp\scan\sub1\sub2\sub2.txt, name=com\itranswarp\scan\sub1\sub2\sub2.txt]
13:29:35.838 [main] DEBUG com.gaoda.io.ResourceResolver -- found resource: Resource[path=file:D:\Codes\Projects\summer\summer_framework\Summer_Framework\target\test-classes\com\itranswarp\scan\sub1\sub2\Sub2Bean.class, name=com\itranswarp\scan\sub1\sub2\Sub2Bean.class]
13:29:35.839 [main] DEBUG com.gaoda.io.ResourceResolver -- found resource: Resource[path=file:D:\Codes\Projects\summer\summer_framework\Summer_Framework\target\test-classes\com\itranswarp\scan\sub1\sub2\sub3\sub3.txt, name=com\itranswarp\scan\sub1\sub2\sub3\sub3.txt]
13:29:35.839 [main] DEBUG com.gaoda.io.ResourceResolver -- found resource: Resource[path=file:D:\Codes\Projects\summer\summer_framework\Summer_Framework\target\test-classes\com\itranswarp\scan\sub1\sub2\sub3\Sub3Bean.class, name=com\itranswarp\scan\sub1\sub2\sub3\Sub3Bean.class]
13:29:35.839 [main] DEBUG c.g.c.AnnotationConfigApplicationContext -- class found by component scan: com.itranswarp.scan.convert.ValueConverterBean
13:29:35.839 [main] DEBUG c.g.c.AnnotationConfigApplicationContext -- class found by component scan: com.itranswarp.scan.custom.annotation.CustomAnnotation
13:29:35.839 [main] DEBUG c.g.c.AnnotationConfigApplicationContext -- class found by component scan: com.itranswarp.scan.custom.annotation.CustomAnnotationBean
13:29:35.839 [main] DEBUG c.g.c.AnnotationConfigApplicationContext -- class found by component scan: com.itranswarp.scan.destroy.AnnotationDestroyBean
13:29:35.839 [main] DEBUG c.g.c.AnnotationConfigApplicationContext -- class found by component scan: com.itranswarp.scan.destroy.SpecifyDestroyBean
13:29:35.839 [main] DEBUG c.g.c.AnnotationConfigApplicationContext -- class found by component scan: com.itranswarp.scan.destroy.SpecifyDestroyConfiguration
13:29:35.839 [main] DEBUG c.g.c.AnnotationConfigApplicationContext -- class found by component scan: com.itranswarp.scan.init.AnnotationInitBean
13:29:35.839 [main] DEBUG c.g.c.AnnotationConfigApplicationContext -- class found by component scan: com.itranswarp.scan.init.SpecifyInitBean
13:29:35.839 [main] DEBUG c.g.c.AnnotationConfigApplicationContext -- class found by component scan: com.itranswarp.scan.init.SpecifyInitConfiguration
13:29:35.839 [main] DEBUG c.g.c.AnnotationConfigApplicationContext -- class found by component scan: com.itranswarp.scan.nested.OuterBean$NestedBean
13:29:35.839 [main] DEBUG c.g.c.AnnotationConfigApplicationContext -- class found by component scan: com.itranswarp.scan.nested.OuterBean
13:29:35.839 [main] DEBUG c.g.c.AnnotationConfigApplicationContext -- class found by component scan: com.itranswarp.scan.primary.DogBean
13:29:35.839 [main] DEBUG c.g.c.AnnotationConfigApplicationContext -- class found by component scan: com.itranswarp.scan.primary.PersonBean
13:29:35.839 [main] DEBUG c.g.c.AnnotationConfigApplicationContext -- class found by component scan: com.itranswarp.scan.primary.PrimaryConfiguration
13:29:35.839 [main] DEBUG c.g.c.AnnotationConfigApplicationContext -- class found by component scan: com.itranswarp.scan.primary.StudentBean
13:29:35.839 [main] DEBUG c.g.c.AnnotationConfigApplicationContext -- class found by component scan: com.itranswarp.scan.primary.TeacherBean
13:29:35.839 [main] DEBUG c.g.c.AnnotationConfigApplicationContext -- class found by component scan: com.itranswarp.scan.proxy.FirstProxyBean
13:29:35.839 [main] DEBUG c.g.c.AnnotationConfigApplicationContext -- class found by component scan: com.itranswarp.scan.proxy.FirstProxyBeanPostProcessor
13:29:35.839 [main] DEBUG c.g.c.AnnotationConfigApplicationContext -- class found by component scan: com.itranswarp.scan.proxy.InjectProxyOnConstructorBean
13:29:35.839 [main] DEBUG c.g.c.AnnotationConfigApplicationContext -- class found by component scan: com.itranswarp.scan.proxy.InjectProxyOnPropertyBean
13:29:35.839 [main] DEBUG c.g.c.AnnotationConfigApplicationContext -- class found by component scan: com.itranswarp.scan.proxy.OriginBean
13:29:35.839 [main] DEBUG c.g.c.AnnotationConfigApplicationContext -- class found by component scan: com.itranswarp.scan.proxy.SecondProxyBean
13:29:35.839 [main] DEBUG c.g.c.AnnotationConfigApplicationContext -- class found by component scan: com.itranswarp.scan.proxy.SecondProxyBeanPostProcessor
13:29:35.839 [main] DEBUG c.g.c.AnnotationConfigApplicationContext -- class found by component scan: com.itranswarp.scan.ScanApplication
13:29:35.839 [main] DEBUG c.g.c.AnnotationConfigApplicationContext -- class found by component scan: com.itranswarp.scan.sub1.Sub1Bean
13:29:35.839 [main] DEBUG c.g.c.AnnotationConfigApplicationContext -- class found by component scan: com.itranswarp.scan.sub1.sub2.Sub2Bean
13:29:35.839 [main] DEBUG c.g.c.AnnotationConfigApplicationContext -- class found by component scan: com.itranswarp.scan.sub1.sub2.sub3.Sub3Bean
13:29:35.840 [main] DEBUG c.g.c.AnnotationConfigApplicationContext -- class found by import: com.itranswarp.imported.LocalDateConfiguration
13:29:35.840 [main] DEBUG c.g.c.AnnotationConfigApplicationContext -- class found by import: com.itranswarp.imported.ZonedDateConfiguration
13:29:35.840 [main] DEBUG c.g.c.AnnotationConfigApplicationContext -- found component: com.itranswarp.scan.proxy.SecondProxyBeanPostProcessor
13:29:35.840 [main] DEBUG c.g.c.AnnotationConfigApplicationContext -- define bean: BeanDefinition [name=secondProxyBeanPostProcessor, beanClass=com.itranswarp.scan.proxy.SecondProxyBeanPostProcessor, factory=null, init-method=null, destroy-method=null, primary=false, instance=null]
13:29:35.840 [main] DEBUG c.g.c.AnnotationConfigApplicationContext -- found component: com.itranswarp.scan.destroy.AnnotationDestroyBean
13:29:35.840 [main] DEBUG c.g.c.AnnotationConfigApplicationContext -- define bean: BeanDefinition [name=annotationDestroyBean, beanClass=com.itranswarp.scan.destroy.AnnotationDestroyBean, factory=null, init-method=null, destroy-method=destroy, primary=false, instance=null]
13:29:35.840 [main] DEBUG c.g.c.AnnotationConfigApplicationContext -- found component: com.itranswarp.scan.primary.StudentBean
13:29:35.840 [main] DEBUG c.g.c.AnnotationConfigApplicationContext -- define bean: BeanDefinition [name=studentBean, beanClass=com.itranswarp.scan.primary.StudentBean, factory=null, init-method=null, destroy-method=null, primary=false, instance=null]
13:29:35.840 [main] DEBUG c.g.c.AnnotationConfigApplicationContext -- found component: com.itranswarp.scan.sub1.sub2.Sub2Bean
13:29:35.840 [main] DEBUG c.g.c.AnnotationConfigApplicationContext -- define bean: BeanDefinition [name=sub2Bean, beanClass=com.itranswarp.scan.sub1.sub2.Sub2Bean, factory=null, init-method=null, destroy-method=null, primary=false, instance=null]
13:29:35.840 [main] DEBUG c.g.c.AnnotationConfigApplicationContext -- found component: com.itranswarp.scan.primary.TeacherBean
13:29:35.840 [main] DEBUG c.g.c.AnnotationConfigApplicationContext -- define bean: BeanDefinition [name=teacherBean, beanClass=com.itranswarp.scan.primary.TeacherBean, factory=null, init-method=null, destroy-method=null, primary=true, instance=null]
13:29:35.840 [main] DEBUG c.g.c.AnnotationConfigApplicationContext -- found component: com.itranswarp.scan.proxy.FirstProxyBeanPostProcessor
13:29:35.840 [main] DEBUG c.g.c.AnnotationConfigApplicationContext -- define bean: BeanDefinition [name=firstProxyBeanPostProcessor, beanClass=com.itranswarp.scan.proxy.FirstProxyBeanPostProcessor, factory=null, init-method=null, destroy-method=null, primary=false, instance=null]
13:29:35.840 [main] DEBUG c.g.c.AnnotationConfigApplicationContext -- found component: com.itranswarp.scan.primary.PrimaryConfiguration
13:29:35.840 [main] DEBUG c.g.c.AnnotationConfigApplicationContext -- define bean: BeanDefinition [name=primaryConfiguration, beanClass=com.itranswarp.scan.primary.PrimaryConfiguration, factory=null, init-method=null, destroy-method=null, primary=false, instance=null]
13:29:35.840 [main] DEBUG c.g.c.AnnotationConfigApplicationContext -- define bean: BeanDefinition [name=teddy, beanClass=com.itranswarp.scan.primary.DogBean, factory=PrimaryConfiguration.teddy(), init-method=null, destroy-method=null, primary=false, instance=null]
13:29:35.840 [main] DEBUG c.g.c.AnnotationConfigApplicationContext -- define bean: BeanDefinition [name=husky, beanClass=com.itranswarp.scan.primary.DogBean, factory=PrimaryConfiguration.husky(), init-method=null, destroy-method=null, primary=true, instance=null]
13:29:35.840 [main] DEBUG c.g.c.AnnotationConfigApplicationContext -- found component: com.itranswarp.imported.ZonedDateConfiguration
13:29:35.840 [main] DEBUG c.g.c.AnnotationConfigApplicationContext -- define bean: BeanDefinition [name=zonedDateConfiguration, beanClass=com.itranswarp.imported.ZonedDateConfiguration, factory=null, init-method=null, destroy-method=null, primary=false, instance=null]
13:29:35.840 [main] DEBUG c.g.c.AnnotationConfigApplicationContext -- define bean: BeanDefinition [name=startZonedDateTime, beanClass=java.time.ZonedDateTime, factory=ZonedDateConfiguration.startZonedDateTime(), init-method=null, destroy-method=null, primary=false, instance=null]
13:29:35.840 [main] DEBUG c.g.c.AnnotationConfigApplicationContext -- found component: com.itranswarp.scan.custom.annotation.CustomAnnotationBean
13:29:35.840 [main] DEBUG c.g.c.AnnotationConfigApplicationContext -- define bean: BeanDefinition [name=customAnnotation, beanClass=com.itranswarp.scan.custom.annotation.CustomAnnotationBean, factory=null, init-method=null, destroy-method=null, primary=false, instance=null]
13:29:35.840 [main] DEBUG c.g.c.AnnotationConfigApplicationContext -- found component: com.itranswarp.imported.LocalDateConfiguration
13:29:35.840 [main] DEBUG c.g.c.AnnotationConfigApplicationContext -- define bean: BeanDefinition [name=localDateConfiguration, beanClass=com.itranswarp.imported.LocalDateConfiguration, factory=null, init-method=null, destroy-method=null, primary=false, instance=null]
13:29:35.840 [main] DEBUG c.g.c.AnnotationConfigApplicationContext -- define bean: BeanDefinition [name=startLocalDate, beanClass=java.time.LocalDate, factory=LocalDateConfiguration.startLocalDate(), init-method=null, destroy-method=null, primary=false, instance=null]
13:29:35.840 [main] DEBUG c.g.c.AnnotationConfigApplicationContext -- define bean: BeanDefinition [name=startLocalDateTime, beanClass=java.time.LocalDateTime, factory=LocalDateConfiguration.startLocalDateTime(), init-method=null, destroy-method=null, primary=false, instance=null]
13:29:35.840 [main] DEBUG c.g.c.AnnotationConfigApplicationContext -- found component: com.itranswarp.scan.convert.ValueConverterBean
13:29:35.840 [main] DEBUG c.g.c.AnnotationConfigApplicationContext -- define bean: BeanDefinition [name=valueConverterBean, beanClass=com.itranswarp.scan.convert.ValueConverterBean, factory=null, init-method=null, destroy-method=null, primary=false, instance=null]
13:29:35.840 [main] DEBUG c.g.c.AnnotationConfigApplicationContext -- found component: com.itranswarp.scan.nested.OuterBean$NestedBean
13:29:35.840 [main] DEBUG c.g.c.AnnotationConfigApplicationContext -- define bean: BeanDefinition [name=nestedBean, beanClass=com.itranswarp.scan.nested.OuterBean$NestedBean, factory=null, init-method=null, destroy-method=null, primary=false, instance=null]
13:29:35.840 [main] DEBUG c.g.c.AnnotationConfigApplicationContext -- found component: com.itranswarp.scan.nested.OuterBean
13:29:35.840 [main] DEBUG c.g.c.AnnotationConfigApplicationContext -- define bean: BeanDefinition [name=outerBean, beanClass=com.itranswarp.scan.nested.OuterBean, factory=null, init-method=null, destroy-method=null, primary=false, instance=null]
13:29:35.840 [main] DEBUG c.g.c.AnnotationConfigApplicationContext -- found component: com.itranswarp.scan.destroy.SpecifyDestroyConfiguration
13:29:35.840 [main] DEBUG c.g.c.AnnotationConfigApplicationContext -- define bean: BeanDefinition [name=specifyDestroyConfiguration, beanClass=com.itranswarp.scan.destroy.SpecifyDestroyConfiguration, factory=null, init-method=null, destroy-method=null, primary=false, instance=null]
13:29:35.840 [main] DEBUG c.g.c.AnnotationConfigApplicationContext -- define bean: BeanDefinition [name=createSpecifyDestroyBean, beanClass=com.itranswarp.scan.destroy.SpecifyDestroyBean, factory=SpecifyDestroyConfiguration.createSpecifyDestroyBean(String), init-method=null, destroy-method=null, primary=false, instance=null]
13:29:35.840 [main] DEBUG c.g.c.AnnotationConfigApplicationContext -- found component: com.itranswarp.scan.proxy.InjectProxyOnConstructorBean
13:29:35.840 [main] DEBUG c.g.c.AnnotationConfigApplicationContext -- define bean: BeanDefinition [name=injectProxyOnConstructorBean, beanClass=com.itranswarp.scan.proxy.InjectProxyOnConstructorBean, factory=null, init-method=null, destroy-method=null, primary=false, instance=null]
13:29:35.840 [main] DEBUG c.g.c.AnnotationConfigApplicationContext -- found component: com.itranswarp.scan.init.SpecifyInitConfiguration
13:29:35.840 [main] DEBUG c.g.c.AnnotationConfigApplicationContext -- define bean: BeanDefinition [name=specifyInitConfiguration, beanClass=com.itranswarp.scan.init.SpecifyInitConfiguration, factory=null, init-method=null, destroy-method=null, primary=false, instance=null]
13:29:35.840 [main] DEBUG c.g.c.AnnotationConfigApplicationContext -- define bean: BeanDefinition [name=createSpecifyInitBean, beanClass=com.itranswarp.scan.init.SpecifyInitBean, factory=SpecifyInitConfiguration.createSpecifyInitBean(String, String), init-method=null, destroy-method=null, primary=false, instance=null]
13:29:35.840 [main] DEBUG c.g.c.AnnotationConfigApplicationContext -- found component: com.itranswarp.scan.proxy.InjectProxyOnPropertyBean
13:29:35.840 [main] DEBUG c.g.c.AnnotationConfigApplicationContext -- define bean: BeanDefinition [name=injectProxyOnPropertyBean, beanClass=com.itranswarp.scan.proxy.InjectProxyOnPropertyBean, factory=null, init-method=null, destroy-method=null, primary=false, instance=null]
13:29:35.841 [main] DEBUG c.g.c.AnnotationConfigApplicationContext -- found component: com.itranswarp.scan.proxy.OriginBean
13:29:35.841 [main] DEBUG c.g.c.AnnotationConfigApplicationContext -- define bean: BeanDefinition [name=originBean, beanClass=com.itranswarp.scan.proxy.OriginBean, factory=null, init-method=null, destroy-method=null, primary=false, instance=null]
13:29:35.841 [main] DEBUG c.g.c.AnnotationConfigApplicationContext -- found component: com.itranswarp.scan.sub1.sub2.sub3.Sub3Bean
13:29:35.841 [main] DEBUG c.g.c.AnnotationConfigApplicationContext -- define bean: BeanDefinition [name=sub3Bean, beanClass=com.itranswarp.scan.sub1.sub2.sub3.Sub3Bean, factory=null, init-method=null, destroy-method=null, primary=false, instance=null]
13:29:35.841 [main] DEBUG c.g.c.AnnotationConfigApplicationContext -- found component: com.itranswarp.scan.sub1.Sub1Bean
13:29:35.841 [main] DEBUG c.g.c.AnnotationConfigApplicationContext -- define bean: BeanDefinition [name=sub1Bean, beanClass=com.itranswarp.scan.sub1.Sub1Bean, factory=null, init-method=null, destroy-method=null, primary=false, instance=null]
13:29:35.841 [main] DEBUG c.g.c.AnnotationConfigApplicationContext -- found component: com.itranswarp.scan.init.AnnotationInitBean
13:29:35.841 [main] DEBUG c.g.c.AnnotationConfigApplicationContext -- define bean: BeanDefinition [name=annotationInitBean, beanClass=com.itranswarp.scan.init.AnnotationInitBean, factory=null, init-method=init, destroy-method=null, primary=false, instance=null]
13:29:35.841 [main] DEBUG c.g.c.AnnotationConfigApplicationContext -- Try create bean 'localDateConfiguration' as early singleton: com.itranswarp.imported.LocalDateConfiguration
13:29:35.841 [main] DEBUG c.g.c.AnnotationConfigApplicationContext -- Try create bean 'primaryConfiguration' as early singleton: com.itranswarp.scan.primary.PrimaryConfiguration
13:29:35.841 [main] DEBUG c.g.c.AnnotationConfigApplicationContext -- Try create bean 'specifyDestroyConfiguration' as early singleton: com.itranswarp.scan.destroy.SpecifyDestroyConfiguration
13:29:35.841 [main] DEBUG c.g.c.AnnotationConfigApplicationContext -- Try create bean 'specifyInitConfiguration' as early singleton: com.itranswarp.scan.init.SpecifyInitConfiguration
13:29:35.841 [main] DEBUG c.g.c.AnnotationConfigApplicationContext -- Try create bean 'zonedDateConfiguration' as early singleton: com.itranswarp.imported.ZonedDateConfiguration
13:29:35.841 [main] DEBUG c.g.c.AnnotationConfigApplicationContext -- Try create bean 'firstProxyBeanPostProcessor' as early singleton: com.itranswarp.scan.proxy.FirstProxyBeanPostProcessor
13:29:35.841 [main] DEBUG c.g.c.AnnotationConfigApplicationContext -- Try create bean 'secondProxyBeanPostProcessor' as early singleton: com.itranswarp.scan.proxy.SecondProxyBeanPostProcessor
13:29:35.841 [main] DEBUG c.g.c.AnnotationConfigApplicationContext -- Try create bean 'annotationDestroyBean' as early singleton: com.itranswarp.scan.destroy.AnnotationDestroyBean
13:29:35.841 [main] DEBUG c.g.c.AnnotationConfigApplicationContext -- Try create bean 'annotationInitBean' as early singleton: com.itranswarp.scan.init.AnnotationInitBean
13:29:35.841 [main] DEBUG c.g.c.AnnotationConfigApplicationContext -- Try create bean 'createSpecifyDestroyBean' as early singleton: com.itranswarp.scan.destroy.SpecifyDestroyBean
13:29:35.841 [main] DEBUG c.g.c.AnnotationConfigApplicationContext -- Try create bean 'createSpecifyInitBean' as early singleton: com.itranswarp.scan.init.SpecifyInitBean
13:29:35.841 [main] DEBUG c.g.c.AnnotationConfigApplicationContext -- Try create bean 'customAnnotation' as early singleton: com.itranswarp.scan.custom.annotation.CustomAnnotationBean
13:29:35.841 [main] DEBUG c.g.c.AnnotationConfigApplicationContext -- Try create bean 'husky' as early singleton: com.itranswarp.scan.primary.DogBean
13:29:35.841 [main] DEBUG c.g.c.AnnotationConfigApplicationContext -- Try create bean 'injectProxyOnConstructorBean' as early singleton: com.itranswarp.scan.proxy.InjectProxyOnConstructorBean
13:29:35.841 [main] DEBUG c.g.c.AnnotationConfigApplicationContext -- Try create bean 'originBean' as early singleton: com.itranswarp.scan.proxy.OriginBean
13:29:35.841 [main] DEBUG c.i.s.p.FirstProxyBeanPostProcessor -- create first proxy for bean 'originBean': com.itranswarp.scan.proxy.OriginBean@70d2e40b
13:29:35.841 [main] DEBUG c.g.c.AnnotationConfigApplicationContext -- Bean 'originBean' was replaced by post processor com.itranswarp.scan.proxy.FirstProxyBeanPostProcessor.
13:29:35.841 [main] DEBUG c.i.s.p.SecondProxyBeanPostProcessor -- create second proxy for bean 'originBean': com.itranswarp.scan.proxy.FirstProxyBean@120f38e6
13:29:35.841 [main] DEBUG c.g.c.AnnotationConfigApplicationContext -- Bean 'originBean' was replaced by post processor com.itranswarp.scan.proxy.SecondProxyBeanPostProcessor.
13:29:35.841 [main] DEBUG c.g.c.AnnotationConfigApplicationContext -- Try create bean 'injectProxyOnPropertyBean' as early singleton: com.itranswarp.scan.proxy.InjectProxyOnPropertyBean
13:29:35.841 [main] DEBUG c.g.c.AnnotationConfigApplicationContext -- Try create bean 'nestedBean' as early singleton: com.itranswarp.scan.nested.OuterBean$NestedBean
13:29:35.841 [main] DEBUG c.g.c.AnnotationConfigApplicationContext -- Try create bean 'outerBean' as early singleton: com.itranswarp.scan.nested.OuterBean
13:29:35.841 [main] DEBUG c.g.c.AnnotationConfigApplicationContext -- Try create bean 'startLocalDate' as early singleton: java.time.LocalDate
13:29:35.841 [main] DEBUG c.g.c.AnnotationConfigApplicationContext -- Try create bean 'startLocalDateTime' as early singleton: java.time.LocalDateTime
13:29:35.841 [main] DEBUG c.g.c.AnnotationConfigApplicationContext -- Try create bean 'startZonedDateTime' as early singleton: java.time.ZonedDateTime
13:29:35.841 [main] DEBUG c.g.c.AnnotationConfigApplicationContext -- Try create bean 'studentBean' as early singleton: com.itranswarp.scan.primary.StudentBean
13:29:35.841 [main] DEBUG c.g.c.AnnotationConfigApplicationContext -- Try create bean 'sub1Bean' as early singleton: com.itranswarp.scan.sub1.Sub1Bean
13:29:35.841 [main] DEBUG c.g.c.AnnotationConfigApplicationContext -- Try create bean 'sub2Bean' as early singleton: com.itranswarp.scan.sub1.sub2.Sub2Bean
13:29:35.841 [main] DEBUG c.g.c.AnnotationConfigApplicationContext -- Try create bean 'sub3Bean' as early singleton: com.itranswarp.scan.sub1.sub2.sub3.Sub3Bean
13:29:35.841 [main] DEBUG c.g.c.AnnotationConfigApplicationContext -- Try create bean 'teacherBean' as early singleton: com.itranswarp.scan.primary.TeacherBean
13:29:35.842 [main] DEBUG c.g.c.AnnotationConfigApplicationContext -- Try create bean 'teddy' as early singleton: com.itranswarp.scan.primary.DogBean
13:29:35.842 [main] DEBUG c.g.c.AnnotationConfigApplicationContext -- Try create bean 'valueConverterBean' as early singleton: com.itranswarp.scan.convert.ValueConverterBean
13:29:35.842 [main] DEBUG c.g.c.AnnotationConfigApplicationContext -- Field injection: com.itranswarp.scan.convert.ValueConverterBean.injectedBooleanPrimitive = true
13:29:35.842 [main] DEBUG c.g.c.AnnotationConfigApplicationContext -- Field injection: com.itranswarp.scan.convert.ValueConverterBean.injectedBoolean = true
13:29:35.842 [main] DEBUG c.g.c.AnnotationConfigApplicationContext -- Field injection: com.itranswarp.scan.convert.ValueConverterBean.injectedBytePrimitive = 123
13:29:35.842 [main] DEBUG c.g.c.AnnotationConfigApplicationContext -- Field injection: com.itranswarp.scan.convert.ValueConverterBean.injectedByte = 123
13:29:35.842 [main] DEBUG c.g.c.AnnotationConfigApplicationContext -- Field injection: com.itranswarp.scan.convert.ValueConverterBean.injectedShortPrimitive = 12345
13:29:35.842 [main] DEBUG c.g.c.AnnotationConfigApplicationContext -- Field injection: com.itranswarp.scan.convert.ValueConverterBean.injectedShort = 12345
13:29:35.842 [main] DEBUG c.g.c.AnnotationConfigApplicationContext -- Field injection: com.itranswarp.scan.convert.ValueConverterBean.injectedIntPrimitive = 1234567
13:29:35.842 [main] DEBUG c.g.c.AnnotationConfigApplicationContext -- Field injection: com.itranswarp.scan.convert.ValueConverterBean.injectedInteger = 1234567
13:29:35.842 [main] DEBUG c.g.c.AnnotationConfigApplicationContext -- Field injection: com.itranswarp.scan.convert.ValueConverterBean.injectedLongPrimitive = 123456789000
13:29:35.842 [main] DEBUG c.g.c.AnnotationConfigApplicationContext -- Field injection: com.itranswarp.scan.convert.ValueConverterBean.injectedLong = 123456789000
13:29:35.842 [main] DEBUG c.g.c.AnnotationConfigApplicationContext -- Field injection: com.itranswarp.scan.convert.ValueConverterBean.injectedFloatPrimitive = 12345.679
13:29:35.842 [main] DEBUG c.g.c.AnnotationConfigApplicationContext -- Field injection: com.itranswarp.scan.convert.ValueConverterBean.injectedFloat = 12345.679
13:29:35.842 [main] DEBUG c.g.c.AnnotationConfigApplicationContext -- Field injection: com.itranswarp.scan.convert.ValueConverterBean.injectedDoublePrimitive = 1.2345678987654321E8
13:29:35.842 [main] DEBUG c.g.c.AnnotationConfigApplicationContext -- Field injection: com.itranswarp.scan.convert.ValueConverterBean.injectedDouble = 1.2345678987654321E8
13:29:35.842 [main] DEBUG c.g.c.AnnotationConfigApplicationContext -- Field injection: com.itranswarp.scan.convert.ValueConverterBean.injectedLocalDate = 2023-03-29
13:29:35.842 [main] DEBUG c.g.c.AnnotationConfigApplicationContext -- Field injection: com.itranswarp.scan.convert.ValueConverterBean.injectedLocalTime = 20:45:01
13:29:35.842 [main] DEBUG c.g.c.AnnotationConfigApplicationContext -- Field injection: com.itranswarp.scan.convert.ValueConverterBean.injectedLocalDateTime = 2023-03-29T20:45:01
13:29:35.842 [main] DEBUG c.g.c.AnnotationConfigApplicationContext -- Field injection: com.itranswarp.scan.convert.ValueConverterBean.injectedZonedDateTime = 2023-03-29T20:45:01+08:00[Asia/Shanghai]
13:29:35.842 [main] DEBUG c.g.c.AnnotationConfigApplicationContext -- Field injection: com.itranswarp.scan.convert.ValueConverterBean.injectedDuration = PT51H4M
13:29:35.843 [main] DEBUG c.g.c.AnnotationConfigApplicationContext -- Field injection: com.itranswarp.scan.convert.ValueConverterBean.injectedZoneId = Asia/Shanghai
13:29:35.843 [main] DEBUG c.g.c.AnnotationConfigApplicationContext -- Field injection: com.itranswarp.scan.proxy.InjectProxyOnPropertyBean.injected = com.itranswarp.scan.proxy.SecondProxyBean@7a0e1b5e
13:29:35.843 [main] DEBUG c.i.s.p.SecondProxyBeanPostProcessor -- auto set property for originBean from second proxy com.itranswarp.scan.proxy.SecondProxyBean@7a0e1b5e to origin bean: com.itranswarp.scan.proxy.FirstProxyBean@120f38e6
13:29:35.843 [main] DEBUG c.g.c.AnnotationConfigApplicationContext -- BeanPostProcessor SecondProxyBeanPostProcessor specified injection from SecondProxyBean to FirstProxyBean.
13:29:35.843 [main] DEBUG c.i.s.p.FirstProxyBeanPostProcessor -- auto set property for originBean from first proxy com.itranswarp.scan.proxy.FirstProxyBean@120f38e6 to origin bean: com.itranswarp.scan.proxy.OriginBean@70d2e40b
13:29:35.843 [main] DEBUG c.g.c.AnnotationConfigApplicationContext -- BeanPostProcessor FirstProxyBeanPostProcessor specified injection from FirstProxyBean to OriginBean.
13:29:35.843 [main] DEBUG c.g.c.AnnotationConfigApplicationContext -- Field injection: com.itranswarp.scan.proxy.OriginBean.name = Scan App
13:29:35.843 [main] DEBUG c.g.c.AnnotationConfigApplicationContext -- Method injection: com.itranswarp.scan.proxy.OriginBean.setVersion (v1.0)
13:29:35.843 [main] DEBUG c.g.c.AnnotationConfigApplicationContext -- Field injection: com.itranswarp.scan.destroy.AnnotationDestroyBean.appTitle = Scan App
13:29:35.843 [main] DEBUG c.g.c.AnnotationConfigApplicationContext -- Field injection: com.itranswarp.scan.init.AnnotationInitBean.appTitle = Scan App
13:29:35.843 [main] DEBUG c.g.c.AnnotationConfigApplicationContext -- Field injection: com.itranswarp.scan.init.AnnotationInitBean.appVersion = v1.0
13:29:35.843 [main] DEBUG c.i.s.p.SecondProxyBeanPostProcessor -- auto set property for originBean from second proxy com.itranswarp.scan.proxy.SecondProxyBean@7a0e1b5e to origin bean: com.itranswarp.scan.proxy.FirstProxyBean@120f38e6
13:29:35.843 [main] DEBUG c.g.c.AnnotationConfigApplicationContext -- BeanPostProcessor SecondProxyBeanPostProcessor specified injection from SecondProxyBean to FirstProxyBean.
13:29:35.843 [main] DEBUG c.i.s.p.FirstProxyBeanPostProcessor -- auto set property for originBean from first proxy com.itranswarp.scan.proxy.FirstProxyBean@120f38e6 to origin bean: com.itranswarp.scan.proxy.OriginBean@70d2e40b
13:29:35.843 [main] DEBUG c.g.c.AnnotationConfigApplicationContext -- BeanPostProcessor FirstProxyBeanPostProcessor specified injection from FirstProxyBean to OriginBean.
13:29:35.843 [main] DEBUG c.g.c.AnnotationConfigApplicationContext -- bean initialized: BeanDefinition [name=firstProxyBeanPostProcessor, beanClass=com.itranswarp.scan.proxy.FirstProxyBeanPostProcessor, factory=null, init-method=null, destroy-method=null, primary=false, instance=com.itranswarp.scan.proxy.FirstProxyBeanPostProcessor@702ed190]
13:29:35.843 [main] DEBUG c.g.c.AnnotationConfigApplicationContext -- bean initialized: BeanDefinition [name=secondProxyBeanPostProcessor, beanClass=com.itranswarp.scan.proxy.SecondProxyBeanPostProcessor, factory=null, init-method=null, destroy-method=null, primary=false, instance=com.itranswarp.scan.proxy.SecondProxyBeanPostProcessor@173b9122]
13:29:35.843 [main] DEBUG c.g.c.AnnotationConfigApplicationContext -- bean initialized: BeanDefinition [name=annotationDestroyBean, beanClass=com.itranswarp.scan.destroy.AnnotationDestroyBean, factory=null, init-method=null, destroy-method=destroy, primary=false, instance=com.itranswarp.scan.destroy.AnnotationDestroyBean@7c18432b]
13:29:35.843 [main] DEBUG c.g.c.AnnotationConfigApplicationContext -- bean initialized: BeanDefinition [name=annotationInitBean, beanClass=com.itranswarp.scan.init.AnnotationInitBean, factory=null, init-method=init, destroy-method=null, primary=false, instance=com.itranswarp.scan.init.AnnotationInitBean@7646731d]
13:29:35.843 [main] DEBUG c.g.c.AnnotationConfigApplicationContext -- bean initialized: BeanDefinition [name=createSpecifyDestroyBean, beanClass=com.itranswarp.scan.destroy.SpecifyDestroyBean, factory=SpecifyDestroyConfiguration.createSpecifyDestroyBean(String), init-method=null, destroy-method=null, primary=false, instance=com.itranswarp.scan.destroy.SpecifyDestroyBean@70e29e14]
13:29:35.843 [main] DEBUG c.g.c.AnnotationConfigApplicationContext -- bean initialized: BeanDefinition [name=createSpecifyInitBean, beanClass=com.itranswarp.scan.init.SpecifyInitBean, factory=SpecifyInitConfiguration.createSpecifyInitBean(String, String), init-method=null, destroy-method=null, primary=false, instance=com.itranswarp.scan.init.SpecifyInitBean@3b1bb3ab]
13:29:35.843 [main] DEBUG c.g.c.AnnotationConfigApplicationContext -- bean initialized: BeanDefinition [name=customAnnotation, beanClass=com.itranswarp.scan.custom.annotation.CustomAnnotationBean, factory=null, init-method=null, destroy-method=null, primary=false, instance=com.itranswarp.scan.custom.annotation.CustomAnnotationBean@5a4bef8]
13:29:35.843 [main] DEBUG c.g.c.AnnotationConfigApplicationContext -- bean initialized: BeanDefinition [name=husky, beanClass=com.itranswarp.scan.primary.DogBean, factory=PrimaryConfiguration.husky(), init-method=null, destroy-method=null, primary=true, instance=com.itranswarp.scan.primary.DogBean@40bffbca]
13:29:35.843 [main] DEBUG c.g.c.AnnotationConfigApplicationContext -- bean initialized: BeanDefinition [name=injectProxyOnConstructorBean, beanClass=com.itranswarp.scan.proxy.InjectProxyOnConstructorBean, factory=null, init-method=null, destroy-method=null, primary=false, instance=com.itranswarp.scan.proxy.InjectProxyOnConstructorBean@2449cff7]
13:29:35.843 [main] DEBUG c.g.c.AnnotationConfigApplicationContext -- bean initialized: BeanDefinition [name=injectProxyOnPropertyBean, beanClass=com.itranswarp.scan.proxy.InjectProxyOnPropertyBean, factory=null, init-method=null, destroy-method=null, primary=false, instance=com.itranswarp.scan.proxy.InjectProxyOnPropertyBean@42a9a63e]
13:29:35.843 [main] DEBUG c.g.c.AnnotationConfigApplicationContext -- bean initialized: BeanDefinition [name=localDateConfiguration, beanClass=com.itranswarp.imported.LocalDateConfiguration, factory=null, init-method=null, destroy-method=null, primary=false, instance=com.itranswarp.imported.LocalDateConfiguration@62da83ed]
13:29:35.843 [main] DEBUG c.g.c.AnnotationConfigApplicationContext -- bean initialized: BeanDefinition [name=nestedBean, beanClass=com.itranswarp.scan.nested.OuterBean$NestedBean, factory=null, init-method=null, destroy-method=null, primary=false, instance=com.itranswarp.scan.nested.OuterBean$NestedBean@5d8445d7]
13:29:35.843 [main] DEBUG c.g.c.AnnotationConfigApplicationContext -- bean initialized: BeanDefinition [name=originBean, beanClass=com.itranswarp.scan.proxy.OriginBean, factory=null, init-method=null, destroy-method=null, primary=false, instance=com.itranswarp.scan.proxy.SecondProxyBean@7a0e1b5e]
13:29:35.843 [main] DEBUG c.g.c.AnnotationConfigApplicationContext -- bean initialized: BeanDefinition [name=outerBean, beanClass=com.itranswarp.scan.nested.OuterBean, factory=null, init-method=null, destroy-method=null, primary=false, instance=com.itranswarp.scan.nested.OuterBean@37d80fe7]
13:29:35.843 [main] DEBUG c.g.c.AnnotationConfigApplicationContext -- bean initialized: BeanDefinition [name=primaryConfiguration, beanClass=com.itranswarp.scan.primary.PrimaryConfiguration, factory=null, init-method=null, destroy-method=null, primary=false, instance=com.itranswarp.scan.primary.PrimaryConfiguration@384fc774]
13:29:35.843 [main] DEBUG c.g.c.AnnotationConfigApplicationContext -- bean initialized: BeanDefinition [name=specifyDestroyConfiguration, beanClass=com.itranswarp.scan.destroy.SpecifyDestroyConfiguration, factory=null, init-method=null, destroy-method=null, primary=false, instance=com.itranswarp.scan.destroy.SpecifyDestroyConfiguration@e3cee7b]
13:29:35.843 [main] DEBUG c.g.c.AnnotationConfigApplicationContext -- bean initialized: BeanDefinition [name=specifyInitConfiguration, beanClass=com.itranswarp.scan.init.SpecifyInitConfiguration, factory=null, init-method=null, destroy-method=null, primary=false, instance=com.itranswarp.scan.init.SpecifyInitConfiguration@71e9a896]
13:29:35.843 [main] DEBUG c.g.c.AnnotationConfigApplicationContext -- bean initialized: BeanDefinition [name=startLocalDate, beanClass=java.time.LocalDate, factory=LocalDateConfiguration.startLocalDate(), init-method=null, destroy-method=null, primary=false, instance=2023-08-17]
13:29:35.843 [main] DEBUG c.g.c.AnnotationConfigApplicationContext -- bean initialized: BeanDefinition [name=startLocalDateTime, beanClass=java.time.LocalDateTime, factory=LocalDateConfiguration.startLocalDateTime(), init-method=null, destroy-method=null, primary=false, instance=2023-08-17T13:29:35.841661200]
13:29:35.843 [main] DEBUG c.g.c.AnnotationConfigApplicationContext -- bean initialized: BeanDefinition [name=startZonedDateTime, beanClass=java.time.ZonedDateTime, factory=ZonedDateConfiguration.startZonedDateTime(), init-method=null, destroy-method=null, primary=false, instance=2023-08-17T13:29:35.841661200+08:00[Asia/Shanghai]]
13:29:35.844 [main] DEBUG c.g.c.AnnotationConfigApplicationContext -- bean initialized: BeanDefinition [name=studentBean, beanClass=com.itranswarp.scan.primary.StudentBean, factory=null, init-method=null, destroy-method=null, primary=false, instance=com.itranswarp.scan.primary.StudentBean@6b9267b]
13:29:35.844 [main] DEBUG c.g.c.AnnotationConfigApplicationContext -- bean initialized: BeanDefinition [name=sub1Bean, beanClass=com.itranswarp.scan.sub1.Sub1Bean, factory=null, init-method=null, destroy-method=null, primary=false, instance=com.itranswarp.scan.sub1.Sub1Bean@408b35bf]
13:29:35.844 [main] DEBUG c.g.c.AnnotationConfigApplicationContext -- bean initialized: BeanDefinition [name=sub2Bean, beanClass=com.itranswarp.scan.sub1.sub2.Sub2Bean, factory=null, init-method=null, destroy-method=null, primary=false, instance=com.itranswarp.scan.sub1.sub2.Sub2Bean@29ad44e3]
13:29:35.844 [main] DEBUG c.g.c.AnnotationConfigApplicationContext -- bean initialized: BeanDefinition [name=sub3Bean, beanClass=com.itranswarp.scan.sub1.sub2.sub3.Sub3Bean, factory=null, init-method=null, destroy-method=null, primary=false, instance=com.itranswarp.scan.sub1.sub2.sub3.Sub3Bean@15bcf458]
13:29:35.844 [main] DEBUG c.g.c.AnnotationConfigApplicationContext -- bean initialized: BeanDefinition [name=teacherBean, beanClass=com.itranswarp.scan.primary.TeacherBean, factory=null, init-method=null, destroy-method=null, primary=true, instance=com.itranswarp.scan.primary.TeacherBean@5af9926a]
13:29:35.844 [main] DEBUG c.g.c.AnnotationConfigApplicationContext -- bean initialized: BeanDefinition [name=teddy, beanClass=com.itranswarp.scan.primary.DogBean, factory=PrimaryConfiguration.teddy(), init-method=null, destroy-method=null, primary=false, instance=com.itranswarp.scan.primary.DogBean@43c67247]
13:29:35.844 [main] DEBUG c.g.c.AnnotationConfigApplicationContext -- bean initialized: BeanDefinition [name=valueConverterBean, beanClass=com.itranswarp.scan.convert.ValueConverterBean, factory=null, init-method=null, destroy-method=null, primary=false, instance=com.itranswarp.scan.convert.ValueConverterBean@fac80]
13:29:35.844 [main] DEBUG c.g.c.AnnotationConfigApplicationContext -- bean initialized: BeanDefinition [name=zonedDateConfiguration, beanClass=com.itranswarp.imported.ZonedDateConfiguration, factory=null, init-method=null, destroy-method=null, primary=false, instance=com.itranswarp.imported.ZonedDateConfiguration@726386ed]
]]></system-out>
  </testcase>
</testsuite>