<?xml version="1.0" encoding="UTF-8"?>
<testsuite xmlns:xsi="http://www.w3.org/2001/XMLSchema-instance" xsi:noNamespaceSchemaLocation="https://maven.apache.org/surefire/maven-surefire-plugin/xsd/surefire-test-report-3.0.xsd" version="3.0" name="com.itranswarp.summer.aop.around.AroundProxyTest" time="0.045" tests="1" errors="0" skipped="0" failures="0">
  <properties>
    <property name="java.specification.version" value="18"/>
    <property name="sun.cpu.isalist" value="amd64"/>
    <property name="sun.jnu.encoding" value="GBK"/>
    <property name="java.class.path" value="D:\Codes\Projects\summer\summer_framework\Summer_Framework\target\test-classes;D:\Codes\Projects\summer\summer_framework\Summer_Framework\target\classes;D:\Code\Maven\maven_repository\jakarta\annotation\jakarta.annotation-api\2.1.1\jakarta.annotation-api-2.1.1.jar;D:\Code\Maven\maven_repository\org\slf4j\slf4j-api\2.0.7\slf4j-api-2.0.7.jar;D:\Code\Maven\maven_repository\ch\qos\logback\logback-classic\1.4.6\logback-classic-1.4.6.jar;D:\Code\Maven\maven_repository\ch\qos\logback\logback-core\1.4.6\logback-core-1.4.6.jar;D:\Code\Maven\maven_repository\org\yaml\snakeyaml\2.0\snakeyaml-2.0.jar;D:\Code\Maven\maven_repository\org\junit\jupiter\junit-jupiter\5.9.2\junit-jupiter-5.9.2.jar;D:\Code\Maven\maven_repository\org\junit\jupiter\junit-jupiter-api\5.9.2\junit-jupiter-api-5.9.2.jar;D:\Code\Maven\maven_repository\org\opentest4j\opentest4j\1.2.0\opentest4j-1.2.0.jar;D:\Code\Maven\maven_repository\org\junit\platform\junit-platform-commons\1.9.2\junit-platform-commons-1.9.2.jar;D:\Code\Maven\maven_repository\org\apiguardian\apiguardian-api\1.1.2\apiguardian-api-1.1.2.jar;D:\Code\Maven\maven_repository\org\junit\jupiter\junit-jupiter-params\5.9.2\junit-jupiter-params-5.9.2.jar;D:\Code\Maven\maven_repository\org\junit\jupiter\junit-jupiter-engine\5.9.2\junit-jupiter-engine-5.9.2.jar;D:\Code\Maven\maven_repository\org\junit\platform\junit-platform-engine\1.9.2\junit-platform-engine-1.9.2.jar;D:\Code\Maven\maven_repository\net\bytebuddy\byte-buddy\1.14.2\byte-buddy-1.14.2.jar;D:\Code\Maven\maven_repository\com\zaxxer\HikariCP\5.0.1\HikariCP-5.0.1.jar;D:\Code\Maven\maven_repository\org\xerial\sqlite-jdbc\3.41.2.2\sqlite-jdbc-3.41.2.2.jar;D:\Code\Maven\maven_repository\jakarta\servlet\jakarta.servlet-api\6.0.0\jakarta.servlet-api-6.0.0.jar;"/>
    <property name="java.vm.vendor" value="Oracle Corporation"/>
    <property name="sun.arch.data.model" value="64"/>
    <property name="user.variant" value=""/>
    <property name="java.vendor.url" value="https://java.oracle.com/"/>
    <property name="user.timezone" value="Asia/Shanghai"/>
    <property name="os.name" value="Windows 10"/>
    <property name="java.vm.specification.version" value="18"/>
    <property name="sun.java.launcher" value="SUN_STANDARD"/>
    <property name="user.country" value="CN"/>
    <property name="sun.boot.library.path" value="D:\Code\jdk-18\bin"/>
    <property name="sun.java.command" value="C:\Users\Gundam\AppData\Local\Temp\surefire8140604588398297323\surefirebooter-20230817132933096_3.jar C:\Users\Gundam\AppData\Local\Temp\surefire8140604588398297323 2023-08-17T13-29-32_746-jvmRun1 surefire-20230817132933096_1tmp surefire_0-20230817132933096_2tmp"/>
    <property name="jdk.debug" value="release"/>
    <property name="surefire.test.class.path" value="D:\Codes\Projects\summer\summer_framework\Summer_Framework\target\test-classes;D:\Codes\Projects\summer\summer_framework\Summer_Framework\target\classes;D:\Code\Maven\maven_repository\jakarta\annotation\jakarta.annotation-api\2.1.1\jakarta.annotation-api-2.1.1.jar;D:\Code\Maven\maven_repository\org\slf4j\slf4j-api\2.0.7\slf4j-api-2.0.7.jar;D:\Code\Maven\maven_repository\ch\qos\logback\logback-classic\1.4.6\logback-classic-1.4.6.jar;D:\Code\Maven\maven_repository\ch\qos\logback\logback-core\1.4.6\logback-core-1.4.6.jar;D:\Code\Maven\maven_repository\org\yaml\snakeyaml\2.0\snakeyaml-2.0.jar;D:\Code\Maven\maven_repository\org\junit\jupiter\junit-jupiter\5.9.2\junit-jupiter-5.9.2.jar;D:\Code\Maven\maven_repository\org\junit\jupiter\junit-jupiter-api\5.9.2\junit-jupiter-api-5.9.2.jar;D:\Code\Maven\maven_repository\org\opentest4j\opentest4j\1.2.0\opentest4j-1.2.0.jar;D:\Code\Maven\maven_repository\org\junit\platform\junit-platform-commons\1.9.2\junit-platform-commons-1.9.2.jar;D:\Code\Maven\maven_repository\org\apiguardian\apiguardian-api\1.1.2\apiguardian-api-1.1.2.jar;D:\Code\Maven\maven_repository\org\junit\jupiter\junit-jupiter-params\5.9.2\junit-jupiter-params-5.9.2.jar;D:\Code\Maven\maven_repository\org\junit\jupiter\junit-jupiter-engine\5.9.2\junit-jupiter-engine-5.9.2.jar;D:\Code\Maven\maven_repository\org\junit\platform\junit-platform-engine\1.9.2\junit-platform-engine-1.9.2.jar;D:\Code\Maven\maven_repository\net\bytebuddy\byte-buddy\1.14.2\byte-buddy-1.14.2.jar;D:\Code\Maven\maven_repository\com\zaxxer\HikariCP\5.0.1\HikariCP-5.0.1.jar;D:\Code\Maven\maven_repository\org\xerial\sqlite-jdbc\3.41.2.2\sqlite-jdbc-3.41.2.2.jar;D:\Code\Maven\maven_repository\jakarta\servlet\jakarta.servlet-api\6.0.0\jakarta.servlet-api-6.0.0.jar;"/>
    <property name="sun.cpu.endian" value="little"/>
    <property name="user.home" value="C:\Users\Gundam"/>
    <property name="user.language" value="zh"/>
    <property name="java.specification.vendor" value="Oracle Corporation"/>
    <property name="java.version.date" value="2022-08-18"/>
    <property name="java.home" value="D:\Code\jdk-18"/>
    <property name="file.separator" value="\"/>
    <property name="basedir" value="D:\Codes\Projects\summer\summer_framework\Summer_Framework"/>
    <property name="java.vm.compressedOopsMode" value="Zero based"/>
    <property name="line.separator" value="&#10;"/>
    <property name="java.vm.specification.vendor" value="Oracle Corporation"/>
    <property name="java.specification.name" value="Java Platform API Specification"/>
    <property name="surefire.real.class.path" value="C:\Users\Gundam\AppData\Local\Temp\surefire8140604588398297323\surefirebooter-20230817132933096_3.jar"/>
    <property name="user.script" value=""/>
    <property name="sun.management.compiler" value="HotSpot 64-Bit Tiered Compilers"/>
    <property name="java.runtime.version" value="18.0.2.1+1-1"/>
    <property name="user.name" value="Gundam"/>
    <property name="path.separator" value=";"/>
    <property name="os.version" value="10.0"/>
    <property name="java.runtime.name" value="Java(TM) SE Runtime Environment"/>
    <property name="file.encoding" value="UTF-8"/>
    <property name="java.vm.name" value="Java HotSpot(TM) 64-Bit Server VM"/>
    <property name="localRepository" value="D:\Code\Maven\maven_repository"/>
    <property name="java.vendor.url.bug" value="https://bugreport.java.com/bugreport/"/>
    <property name="java.io.tmpdir" value="C:\Users\Gundam\AppData\Local\Temp\"/>
    <property name="idea.version" value="2022.2.2"/>
    <property name="java.version" value="18.0.2.1"/>
    <property name="user.dir" value="D:\Codes\Projects\summer\summer_framework\Summer_Framework"/>
    <property name="os.arch" value="amd64"/>
    <property name="java.vm.specification.name" value="Java Virtual Machine Specification"/>
    <property name="sun.os.patch.level" value=""/>
    <property name="native.encoding" value="GBK"/>
    <property name="java.library.path" value="D:\Code\jdk-18\bin;C:\Windows\Sun\Java\bin;C:\Windows\system32;C:\Windows;C:\Windows;D:\Code\jdk-18\bin;D:\Code\jdk-18\jre\bin;C:\Program Files\Common Files\Oracle\Java\javapath;C:\Windows\system32;C:\Windows\System32\Wbem;C:\Windows\System32\WindowsPowerShell\v1.0\;C:\Windows\System32\OpenSSH\;D:\Applications1\computer\Bandizip\;C:\Program Files\NVIDIA Corporation\NVIDIA NvDLISR;C:\Program Files (x86)\NVIDIA Corporation\PhysX\Common;D:\Code\jdk-18;D:\Code\oracle\Ora10InstantClient;D:\Applications1\code\MySQL\bin;D:\Code\Maven\apache-maven-3.8.6\bin;D:\Code\Node.js\;D:\Applications1\code\Git\cmd;D:\Applications1\code\微信web开发者工具\dll;C:\Program Files\TortoiseGit\bin;C:\Program Files\Asiainfo Security\AisEsmAgent\atom_plugins\base_plugin;C:\Users\Gundam\AppData\Local\Programs\Python\Python311\Scripts\;C:\Users\Gundam\AppData\Local\Programs\Python\Python311\;C:\Users\Gundam\AppData\Local\Microsoft\WindowsApps;D:\Applications1\code\idea\IntelliJ IDEA 2022.2.1\bin;;D:\Applications1\code\vscode\Microsoft VS Code\bin;C:\Users\Gundam\AppData\Roaming\npm;D:\Applications1\code\webstorm\WebStorm 2022.3.2\bin;;D:\Applications1\play\QQgame\Hall.57975\;."/>
    <property name="java.vm.info" value="mixed mode, sharing"/>
    <property name="java.vendor" value="Oracle Corporation"/>
    <property name="java.vm.version" value="18.0.2.1+1-1"/>
    <property name="sun.io.unicode.encoding" value="UnicodeLittle"/>
    <property name="java.class.version" value="62.0"/>
  </properties>
  <testcase name="testAroundProxy" classname="com.itranswarp.summer.aop.around.AroundProxyTest" time="0.043">
    <system-out><![CDATA[13:29:35.369 [main] DEBUG com.gaoda.io.PropertyResolver -- PropertyResolver: =:: = ::\
13:29:35.369 [main] DEBUG com.gaoda.io.PropertyResolver -- PropertyResolver: =D: = D:\Codes\Projects\summer\summer_framework\Summer_Framework
13:29:35.369 [main] DEBUG com.gaoda.io.PropertyResolver -- PropertyResolver: ALLUSERSPROFILE = C:\ProgramData
13:29:35.369 [main] DEBUG com.gaoda.io.PropertyResolver -- PropertyResolver: APPDATA = C:\Users\Gundam\AppData\Roaming
13:29:35.369 [main] DEBUG com.gaoda.io.PropertyResolver -- PropertyResolver: CLASSPATH = .;D:\Code\jdk-18\lib;D:\Code\jdk-18\lib\tools.jar
13:29:35.369 [main] DEBUG com.gaoda.io.PropertyResolver -- PropertyResolver: COMMONPROGRAMFILES = C:\Program Files\Common Files
13:29:35.369 [main] DEBUG com.gaoda.io.PropertyResolver -- PropertyResolver: COMMONPROGRAMFILES(X86) = C:\Program Files (x86)\Common Files
13:29:35.369 [main] DEBUG com.gaoda.io.PropertyResolver -- PropertyResolver: COMMONPROGRAMW6432 = C:\Program Files\Common Files
13:29:35.369 [main] DEBUG com.gaoda.io.PropertyResolver -- PropertyResolver: COMPUTERNAME = DESKTOP-HR12F04
13:29:35.369 [main] DEBUG com.gaoda.io.PropertyResolver -- PropertyResolver: COMSPEC = C:\Windows\system32\cmd.exe
13:29:35.369 [main] DEBUG com.gaoda.io.PropertyResolver -- PropertyResolver: DRIVERDATA = C:\Windows\System32\Drivers\DriverData
13:29:35.369 [main] DEBUG com.gaoda.io.PropertyResolver -- PropertyResolver: FPS_BROWSER_APP_PROFILE_STRING = Internet Explorer
13:29:35.369 [main] DEBUG com.gaoda.io.PropertyResolver -- PropertyResolver: FPS_BROWSER_USER_PROFILE_STRING = Default
13:29:35.369 [main] DEBUG com.gaoda.io.PropertyResolver -- PropertyResolver: HOMEDRIVE = C:
13:29:35.369 [main] DEBUG com.gaoda.io.PropertyResolver -- PropertyResolver: HOMEPATH = \Users\Gundam
13:29:35.369 [main] DEBUG com.gaoda.io.PropertyResolver -- PropertyResolver: IDEA_INITIAL_DIRECTORY = D:\Applications1\code\idea\IntelliJ IDEA 2022.2.1\bin
13:29:35.369 [main] DEBUG com.gaoda.io.PropertyResolver -- PropertyResolver: INTELLIJ IDEA = D:\Applications1\code\idea\IntelliJ IDEA 2022.2.1\bin;
13:29:35.369 [main] DEBUG com.gaoda.io.PropertyResolver -- PropertyResolver: JAVA18_HOME = D:\Code\jdk-18
13:29:35.370 [main] DEBUG com.gaoda.io.PropertyResolver -- PropertyResolver: JAVA8_HOME = D:\Code\jdk-8
13:29:35.370 [main] DEBUG com.gaoda.io.PropertyResolver -- PropertyResolver: JAVA_HOME = D:\Code\jdk-18
13:29:35.370 [main] DEBUG com.gaoda.io.PropertyResolver -- PropertyResolver: LOCALAPPDATA = C:\Users\Gundam\AppData\Local
13:29:35.370 [main] DEBUG com.gaoda.io.PropertyResolver -- PropertyResolver: LOGONSERVER = \\DESKTOP-HR12F04
13:29:35.370 [main] DEBUG com.gaoda.io.PropertyResolver -- PropertyResolver: MAVEN_HOME = D:\Code\Maven\apache-maven-3.8.6
13:29:35.370 [main] DEBUG com.gaoda.io.PropertyResolver -- PropertyResolver: NLS_LANG = SIMPLIFIED CHINESE_CHINA.ZHS16GBK
13:29:35.370 [main] DEBUG com.gaoda.io.PropertyResolver -- PropertyResolver: NUMBER_OF_PROCESSORS = 16
13:29:35.370 [main] DEBUG com.gaoda.io.PropertyResolver -- PropertyResolver: ONEDRIVE = C:\Users\Gundam\OneDrive
13:29:35.370 [main] DEBUG com.gaoda.io.PropertyResolver -- PropertyResolver: OPENSSL_IA32CAP = ~0x200000200000000
13:29:35.370 [main] DEBUG com.gaoda.io.PropertyResolver -- PropertyResolver: ORACLE_HOME = D:\Code\oracle\Ora10InstantClient
13:29:35.370 [main] DEBUG com.gaoda.io.PropertyResolver -- PropertyResolver: OS = Windows_NT
13:29:35.370 [main] DEBUG com.gaoda.io.PropertyResolver -- PropertyResolver: PATH = C:\Windows;D:\Code\jdk-18\bin;D:\Code\jdk-18\jre\bin;C:\Program Files\Common Files\Oracle\Java\javapath;C:\Windows\system32;C:\Windows\System32\Wbem;C:\Windows\System32\WindowsPowerShell\v1.0\;C:\Windows\System32\OpenSSH\;D:\Applications1\computer\Bandizip\;C:\Program Files\NVIDIA Corporation\NVIDIA NvDLISR;C:\Program Files (x86)\NVIDIA Corporation\PhysX\Common;D:\Code\jdk-18;D:\Code\oracle\Ora10InstantClient;D:\Applications1\code\MySQL\bin;D:\Code\Maven\apache-maven-3.8.6\bin;D:\Code\Node.js\;D:\Applications1\code\Git\cmd;D:\Applications1\code\微信web开发者工具\dll;C:\Program Files\TortoiseGit\bin;C:\Program Files\Asiainfo Security\AisEsmAgent\atom_plugins\base_plugin;C:\Users\Gundam\AppData\Local\Programs\Python\Python311\Scripts\;C:\Users\Gundam\AppData\Local\Programs\Python\Python311\;C:\Users\Gundam\AppData\Local\Microsoft\WindowsApps;D:\Applications1\code\idea\IntelliJ IDEA 2022.2.1\bin;;D:\Applications1\code\vscode\Microsoft VS Code\bin;C:\Users\Gundam\AppData\Roaming\npm;D:\Applications1\code\webstorm\WebStorm 2022.3.2\bin;;D:\Applications1\play\QQgame\Hall.57975\
13:29:35.370 [main] DEBUG com.gaoda.io.PropertyResolver -- PropertyResolver: PATHEXT = .COM;.EXE;.BAT;.CMD;.VBS;.VBE;.JS;.JSE;.WSF;.WSH;.MSC
13:29:35.370 [main] DEBUG com.gaoda.io.PropertyResolver -- PropertyResolver: PROCESSOR_ARCHITECTURE = AMD64
13:29:35.370 [main] DEBUG com.gaoda.io.PropertyResolver -- PropertyResolver: PROCESSOR_IDENTIFIER = AMD64 Family 23 Model 96 Stepping 1, AuthenticAMD
13:29:35.370 [main] DEBUG com.gaoda.io.PropertyResolver -- PropertyResolver: PROCESSOR_LEVEL = 23
13:29:35.370 [main] DEBUG com.gaoda.io.PropertyResolver -- PropertyResolver: PROCESSOR_REVISION = 6001
13:29:35.371 [main] DEBUG com.gaoda.io.PropertyResolver -- PropertyResolver: PROGRAMDATA = C:\ProgramData
13:29:35.371 [main] DEBUG com.gaoda.io.PropertyResolver -- PropertyResolver: PROGRAMFILES = C:\Program Files
13:29:35.371 [main] DEBUG com.gaoda.io.PropertyResolver -- PropertyResolver: PROGRAMFILES(X86) = C:\Program Files (x86)
13:29:35.371 [main] DEBUG com.gaoda.io.PropertyResolver -- PropertyResolver: PROGRAMW6432 = C:\Program Files
13:29:35.371 [main] DEBUG com.gaoda.io.PropertyResolver -- PropertyResolver: PROMPT = $P$G
13:29:35.371 [main] DEBUG com.gaoda.io.PropertyResolver -- PropertyResolver: PSMODULEPATH = C:\Program Files\WindowsPowerShell\Modules;C:\Windows\system32\WindowsPowerShell\v1.0\Modules
13:29:35.371 [main] DEBUG com.gaoda.io.PropertyResolver -- PropertyResolver: PUBLIC = C:\Users\Public
13:29:35.371 [main] DEBUG com.gaoda.io.PropertyResolver -- PropertyResolver: SESSIONNAME = Console
13:29:35.371 [main] DEBUG com.gaoda.io.PropertyResolver -- PropertyResolver: SYSTEMDRIVE = C:
13:29:35.371 [main] DEBUG com.gaoda.io.PropertyResolver -- PropertyResolver: SYSTEMROOT = C:\Windows
13:29:35.371 [main] DEBUG com.gaoda.io.PropertyResolver -- PropertyResolver: TEMP = C:\Users\Gundam\AppData\Local\Temp
13:29:35.371 [main] DEBUG com.gaoda.io.PropertyResolver -- PropertyResolver: TMP = C:\Users\Gundam\AppData\Local\Temp
13:29:35.371 [main] DEBUG com.gaoda.io.PropertyResolver -- PropertyResolver: TNS_ADMIN = D:\Code\oracle\Ora10InstantClient
13:29:35.371 [main] DEBUG com.gaoda.io.PropertyResolver -- PropertyResolver: USERDOMAIN = DESKTOP-HR12F04
13:29:35.371 [main] DEBUG com.gaoda.io.PropertyResolver -- PropertyResolver: USERDOMAIN_ROAMINGPROFILE = DESKTOP-HR12F04
13:29:35.371 [main] DEBUG com.gaoda.io.PropertyResolver -- PropertyResolver: USERNAME = Gundam
13:29:35.372 [main] DEBUG com.gaoda.io.PropertyResolver -- PropertyResolver: USERPROFILE = C:\Users\Gundam
13:29:35.372 [main] DEBUG com.gaoda.io.PropertyResolver -- PropertyResolver: WEBSTORM = D:\Applications1\code\webstorm\WebStorm 2022.3.2\bin;
13:29:35.372 [main] DEBUG com.gaoda.io.PropertyResolver -- PropertyResolver: WINDIR = C:\Windows
13:29:35.372 [main] DEBUG com.gaoda.io.PropertyResolver -- PropertyResolver: customer.name = Bob
13:29:35.372 [main] INFO  c.g.c.AnnotationConfigApplicationContext -- component scan in packages: [com.itranswarp.summer.aop.around]
13:29:35.372 [main] DEBUG c.g.c.AnnotationConfigApplicationContext -- scan package: com.itranswarp.summer.aop.around
13:29:35.372 [main] DEBUG com.gaoda.io.ResourceResolver -- scan path: com/itranswarp/summer/aop/around
13:29:35.374 [main] DEBUG com.gaoda.io.ResourceResolver -- found resource: Resource[path=file:D:\Codes\Projects\summer\summer_framework\Summer_Framework\target\test-classes\com\itranswarp\summer\aop\around\AroundApplication.class, name=com\itranswarp\summer\aop\around\AroundApplication.class]
13:29:35.375 [main] DEBUG com.gaoda.io.ResourceResolver -- found resource: Resource[path=file:D:\Codes\Projects\summer\summer_framework\Summer_Framework\target\test-classes\com\itranswarp\summer\aop\around\AroundInvocationHandler.class, name=com\itranswarp\summer\aop\around\AroundInvocationHandler.class]
13:29:35.376 [main] DEBUG com.gaoda.io.ResourceResolver -- found resource: Resource[path=file:D:\Codes\Projects\summer\summer_framework\Summer_Framework\target\test-classes\com\itranswarp\summer\aop\around\AroundProxyTest.class, name=com\itranswarp\summer\aop\around\AroundProxyTest.class]
13:29:35.376 [main] DEBUG com.gaoda.io.ResourceResolver -- found resource: Resource[path=file:D:\Codes\Projects\summer\summer_framework\Summer_Framework\target\test-classes\com\itranswarp\summer\aop\around\OriginBean.class, name=com\itranswarp\summer\aop\around\OriginBean.class]
13:29:35.377 [main] DEBUG com.gaoda.io.ResourceResolver -- found resource: Resource[path=file:D:\Codes\Projects\summer\summer_framework\Summer_Framework\target\test-classes\com\itranswarp\summer\aop\around\OtherBean.class, name=com\itranswarp\summer\aop\around\OtherBean.class]
13:29:35.377 [main] DEBUG com.gaoda.io.ResourceResolver -- found resource: Resource[path=file:D:\Codes\Projects\summer\summer_framework\Summer_Framework\target\test-classes\com\itranswarp\summer\aop\around\Polite.class, name=com\itranswarp\summer\aop\around\Polite.class]
13:29:35.378 [main] DEBUG c.g.c.AnnotationConfigApplicationContext -- class found by component scan: com.itranswarp.summer.aop.around.AroundApplication
13:29:35.378 [main] DEBUG c.g.c.AnnotationConfigApplicationContext -- class found by component scan: com.itranswarp.summer.aop.around.AroundInvocationHandler
13:29:35.378 [main] DEBUG c.g.c.AnnotationConfigApplicationContext -- class found by component scan: com.itranswarp.summer.aop.around.AroundProxyTest
13:29:35.378 [main] DEBUG c.g.c.AnnotationConfigApplicationContext -- class found by component scan: com.itranswarp.summer.aop.around.OriginBean
13:29:35.378 [main] DEBUG c.g.c.AnnotationConfigApplicationContext -- class found by component scan: com.itranswarp.summer.aop.around.OtherBean
13:29:35.378 [main] DEBUG c.g.c.AnnotationConfigApplicationContext -- class found by component scan: com.itranswarp.summer.aop.around.Polite
13:29:35.380 [main] DEBUG c.g.c.AnnotationConfigApplicationContext -- found component: com.itranswarp.summer.aop.around.OtherBean
13:29:35.382 [main] DEBUG c.g.c.AnnotationConfigApplicationContext -- define bean: BeanDefinition [name=otherBean, beanClass=com.itranswarp.summer.aop.around.OtherBean, factory=null, init-method=null, destroy-method=null, primary=false, instance=null]
13:29:35.384 [main] DEBUG c.g.c.AnnotationConfigApplicationContext -- found component: com.itranswarp.summer.aop.around.OriginBean
13:29:35.386 [main] DEBUG c.g.c.AnnotationConfigApplicationContext -- define bean: BeanDefinition [name=originBean, beanClass=com.itranswarp.summer.aop.around.OriginBean, factory=null, init-method=null, destroy-method=null, primary=false, instance=null]
13:29:35.388 [main] DEBUG c.g.c.AnnotationConfigApplicationContext -- found component: com.itranswarp.summer.aop.around.AroundInvocationHandler
13:29:35.388 [main] DEBUG c.g.c.AnnotationConfigApplicationContext -- define bean: BeanDefinition [name=aroundInvocationHandler, beanClass=com.itranswarp.summer.aop.around.AroundInvocationHandler, factory=null, init-method=null, destroy-method=null, primary=false, instance=null]
13:29:35.389 [main] DEBUG c.g.c.AnnotationConfigApplicationContext -- found component: com.itranswarp.summer.aop.around.AroundApplication
13:29:35.389 [main] DEBUG c.g.c.AnnotationConfigApplicationContext -- define bean: BeanDefinition [name=aroundApplication, beanClass=com.itranswarp.summer.aop.around.AroundApplication, factory=null, init-method=null, destroy-method=null, primary=false, instance=null]
13:29:35.389 [main] DEBUG c.g.c.AnnotationConfigApplicationContext -- define bean: BeanDefinition [name=createAroundProxyBeanPostProcessor, beanClass=com.gaoda.aop.AroundProxyBeanPostProcessor, factory=AroundApplication.createAroundProxyBeanPostProcessor(), init-method=null, destroy-method=null, primary=false, instance=null]
13:29:35.389 [main] DEBUG c.g.c.AnnotationConfigApplicationContext -- Try create bean 'aroundApplication' as early singleton: com.itranswarp.summer.aop.around.AroundApplication
13:29:35.390 [main] DEBUG c.g.c.AnnotationConfigApplicationContext -- Try create bean 'createAroundProxyBeanPostProcessor' as early singleton: com.gaoda.aop.AroundProxyBeanPostProcessor
13:29:35.390 [main] DEBUG c.g.c.AnnotationConfigApplicationContext -- Try create bean 'otherBean' as early singleton: com.itranswarp.summer.aop.around.OtherBean
13:29:35.391 [main] DEBUG c.g.c.AnnotationConfigApplicationContext -- Try create bean 'originBean' as early singleton: com.itranswarp.summer.aop.around.OriginBean
13:29:35.392 [main] DEBUG c.g.c.AnnotationConfigApplicationContext -- Try create bean 'aroundInvocationHandler' as early singleton: com.itranswarp.summer.aop.around.AroundInvocationHandler
13:29:35.392 [main] DEBUG com.gaoda.aop.ProxyResolver -- create proxy for bean com.itranswarp.summer.aop.around.OriginBean @37f21974
13:29:35.399 [main] DEBUG c.g.c.AnnotationConfigApplicationContext -- Bean 'originBean' was replaced by post processor com.gaoda.aop.AroundProxyBeanPostProcessor.
13:29:35.400 [main] DEBUG c.g.c.AnnotationConfigApplicationContext -- BeanPostProcessor AroundProxyBeanPostProcessor specified injection from OriginBean$ByteBuddy$aOW7BxAh to OriginBean.
13:29:35.403 [main] DEBUG c.g.c.AnnotationConfigApplicationContext -- Field injection: com.itranswarp.summer.aop.around.OriginBean.name = Bob
13:29:35.404 [main] DEBUG c.g.c.AnnotationConfigApplicationContext -- BeanPostProcessor AroundProxyBeanPostProcessor specified injection from OriginBean$ByteBuddy$aOW7BxAh to OriginBean.
13:29:35.404 [main] DEBUG c.g.c.AnnotationConfigApplicationContext -- bean initialized: BeanDefinition [name=otherBean, beanClass=com.itranswarp.summer.aop.around.OtherBean, factory=null, init-method=null, destroy-method=null, primary=false, instance=com.itranswarp.summer.aop.around.OtherBean@1d9bec4d]
13:29:35.404 [main] DEBUG c.g.c.AnnotationConfigApplicationContext -- bean initialized: BeanDefinition [name=aroundApplication, beanClass=com.itranswarp.summer.aop.around.AroundApplication, factory=null, init-method=null, destroy-method=null, primary=false, instance=com.itranswarp.summer.aop.around.AroundApplication@5c48c0c0]
13:29:35.404 [main] DEBUG c.g.c.AnnotationConfigApplicationContext -- bean initialized: BeanDefinition [name=aroundInvocationHandler, beanClass=com.itranswarp.summer.aop.around.AroundInvocationHandler, factory=null, init-method=null, destroy-method=null, primary=false, instance=com.itranswarp.summer.aop.around.AroundInvocationHandler@10c8f62]
13:29:35.404 [main] DEBUG c.g.c.AnnotationConfigApplicationContext -- bean initialized: BeanDefinition [name=createAroundProxyBeanPostProcessor, beanClass=com.gaoda.aop.AroundProxyBeanPostProcessor, factory=AroundApplication.createAroundProxyBeanPostProcessor(), init-method=null, destroy-method=null, primary=false, instance=com.gaoda.aop.AroundProxyBeanPostProcessor@674c583e]
13:29:35.405 [main] DEBUG c.g.c.AnnotationConfigApplicationContext -- bean initialized: BeanDefinition [name=originBean, beanClass=com.itranswarp.summer.aop.around.OriginBean, factory=null, init-method=null, destroy-method=null, primary=false, instance=com.itranswarp.summer.aop.around.OriginBean@37f21974]
com.itranswarp.summer.aop.around.OriginBean$ByteBuddy$aOW7BxAh
13:29:35.408 [main] INFO  c.g.c.AnnotationConfigApplicationContext -- Closing com.gaoda.context.AnnotationConfigApplicationContext...
13:29:35.409 [main] DEBUG c.g.c.AnnotationConfigApplicationContext -- BeanPostProcessor AroundProxyBeanPostProcessor specified injection from OriginBean$ByteBuddy$aOW7BxAh to OriginBean.
13:29:35.409 [main] INFO  c.g.c.AnnotationConfigApplicationContext -- com.gaoda.context.AnnotationConfigApplicationContext closed.
]]></system-out>
  </testcase>
</testsuite>