<?xml version="1.0" encoding="UTF-8"?>
<testsuite xmlns:xsi="http://www.w3.org/2001/XMLSchema-instance" xsi:noNamespaceSchemaLocation="https://maven.apache.org/surefire/maven-surefire-plugin/xsd/surefire-test-report-3.0.xsd" version="3.0" name="com.itranswarp.summer.io.ResourceResolverTest" time="0.069" tests="3" errors="0" skipped="0" failures="0">
  <properties>
    <property name="java.specification.version" value="18"/>
    <property name="sun.cpu.isalist" value="amd64"/>
    <property name="sun.jnu.encoding" value="GBK"/>
    <property name="java.class.path" value="D:\Codes\Projects\summer\summer_framework\Summer_Framework\target\test-classes;D:\Codes\Projects\summer\summer_framework\Summer_Framework\target\classes;D:\Code\Maven\maven_repository\jakarta\annotation\jakarta.annotation-api\2.1.1\jakarta.annotation-api-2.1.1.jar;D:\Code\Maven\maven_repository\org\slf4j\slf4j-api\2.0.7\slf4j-api-2.0.7.jar;D:\Code\Maven\maven_repository\ch\qos\logback\logback-classic\1.4.6\logback-classic-1.4.6.jar;D:\Code\Maven\maven_repository\ch\qos\logback\logback-core\1.4.6\logback-core-1.4.6.jar;D:\Code\Maven\maven_repository\org\yaml\snakeyaml\2.0\snakeyaml-2.0.jar;D:\Code\Maven\maven_repository\org\junit\jupiter\junit-jupiter\5.9.2\junit-jupiter-5.9.2.jar;D:\Code\Maven\maven_repository\org\junit\jupiter\junit-jupiter-api\5.9.2\junit-jupiter-api-5.9.2.jar;D:\Code\Maven\maven_repository\org\opentest4j\opentest4j\1.2.0\opentest4j-1.2.0.jar;D:\Code\Maven\maven_repository\org\junit\platform\junit-platform-commons\1.9.2\junit-platform-commons-1.9.2.jar;D:\Code\Maven\maven_repository\org\apiguardian\apiguardian-api\1.1.2\apiguardian-api-1.1.2.jar;D:\Code\Maven\maven_repository\org\junit\jupiter\junit-jupiter-params\5.9.2\junit-jupiter-params-5.9.2.jar;D:\Code\Maven\maven_repository\org\junit\jupiter\junit-jupiter-engine\5.9.2\junit-jupiter-engine-5.9.2.jar;D:\Code\Maven\maven_repository\org\junit\platform\junit-platform-engine\1.9.2\junit-platform-engine-1.9.2.jar;D:\Code\Maven\maven_repository\net\bytebuddy\byte-buddy\1.14.2\byte-buddy-1.14.2.jar;D:\Code\Maven\maven_repository\com\zaxxer\HikariCP\5.0.1\HikariCP-5.0.1.jar;D:\Code\Maven\maven_repository\org\xerial\sqlite-jdbc\3.41.2.2\sqlite-jdbc-3.41.2.2.jar;D:\Code\Maven\maven_repository\jakarta\servlet\jakarta.servlet-api\6.0.0\jakarta.servlet-api-6.0.0.jar;"/>
    <property name="java.vm.vendor" value="Oracle Corporation"/>
    <property name="sun.arch.data.model" value="64"/>
    <property name="user.variant" value=""/>
    <property name="java.vendor.url" value="https://java.oracle.com/"/>
    <property name="user.timezone" value="Asia/Shanghai"/>
    <property name="os.name" value="Windows 10"/>
    <property name="java.vm.specification.version" value="18"/>
    <property name="sun.java.launcher" value="SUN_STANDARD"/>
    <property name="user.country" value="CN"/>
    <property name="sun.boot.library.path" value="D:\Code\jdk-18\bin"/>
    <property name="sun.java.command" value="C:\Users\Gundam\AppData\Local\Temp\surefire8140604588398297323\surefirebooter-20230817132933096_3.jar C:\Users\Gundam\AppData\Local\Temp\surefire8140604588398297323 2023-08-17T13-29-32_746-jvmRun1 surefire-20230817132933096_1tmp surefire_0-20230817132933096_2tmp"/>
    <property name="jdk.debug" value="release"/>
    <property name="surefire.test.class.path" value="D:\Codes\Projects\summer\summer_framework\Summer_Framework\target\test-classes;D:\Codes\Projects\summer\summer_framework\Summer_Framework\target\classes;D:\Code\Maven\maven_repository\jakarta\annotation\jakarta.annotation-api\2.1.1\jakarta.annotation-api-2.1.1.jar;D:\Code\Maven\maven_repository\org\slf4j\slf4j-api\2.0.7\slf4j-api-2.0.7.jar;D:\Code\Maven\maven_repository\ch\qos\logback\logback-classic\1.4.6\logback-classic-1.4.6.jar;D:\Code\Maven\maven_repository\ch\qos\logback\logback-core\1.4.6\logback-core-1.4.6.jar;D:\Code\Maven\maven_repository\org\yaml\snakeyaml\2.0\snakeyaml-2.0.jar;D:\Code\Maven\maven_repository\org\junit\jupiter\junit-jupiter\5.9.2\junit-jupiter-5.9.2.jar;D:\Code\Maven\maven_repository\org\junit\jupiter\junit-jupiter-api\5.9.2\junit-jupiter-api-5.9.2.jar;D:\Code\Maven\maven_repository\org\opentest4j\opentest4j\1.2.0\opentest4j-1.2.0.jar;D:\Code\Maven\maven_repository\org\junit\platform\junit-platform-commons\1.9.2\junit-platform-commons-1.9.2.jar;D:\Code\Maven\maven_repository\org\apiguardian\apiguardian-api\1.1.2\apiguardian-api-1.1.2.jar;D:\Code\Maven\maven_repository\org\junit\jupiter\junit-jupiter-params\5.9.2\junit-jupiter-params-5.9.2.jar;D:\Code\Maven\maven_repository\org\junit\jupiter\junit-jupiter-engine\5.9.2\junit-jupiter-engine-5.9.2.jar;D:\Code\Maven\maven_repository\org\junit\platform\junit-platform-engine\1.9.2\junit-platform-engine-1.9.2.jar;D:\Code\Maven\maven_repository\net\bytebuddy\byte-buddy\1.14.2\byte-buddy-1.14.2.jar;D:\Code\Maven\maven_repository\com\zaxxer\HikariCP\5.0.1\HikariCP-5.0.1.jar;D:\Code\Maven\maven_repository\org\xerial\sqlite-jdbc\3.41.2.2\sqlite-jdbc-3.41.2.2.jar;D:\Code\Maven\maven_repository\jakarta\servlet\jakarta.servlet-api\6.0.0\jakarta.servlet-api-6.0.0.jar;"/>
    <property name="sun.cpu.endian" value="little"/>
    <property name="user.home" value="C:\Users\Gundam"/>
    <property name="user.language" value="zh"/>
    <property name="java.specification.vendor" value="Oracle Corporation"/>
    <property name="java.version.date" value="2022-08-18"/>
    <property name="java.home" value="D:\Code\jdk-18"/>
    <property name="file.separator" value="\"/>
    <property name="basedir" value="D:\Codes\Projects\summer\summer_framework\Summer_Framework"/>
    <property name="java.vm.compressedOopsMode" value="Zero based"/>
    <property name="line.separator" value="&#10;"/>
    <property name="java.vm.specification.vendor" value="Oracle Corporation"/>
    <property name="java.specification.name" value="Java Platform API Specification"/>
    <property name="surefire.real.class.path" value="C:\Users\Gundam\AppData\Local\Temp\surefire8140604588398297323\surefirebooter-20230817132933096_3.jar"/>
    <property name="user.script" value=""/>
    <property name="sun.management.compiler" value="HotSpot 64-Bit Tiered Compilers"/>
    <property name="java.runtime.version" value="18.0.2.1+1-1"/>
    <property name="user.name" value="Gundam"/>
    <property name="path.separator" value=";"/>
    <property name="os.version" value="10.0"/>
    <property name="java.runtime.name" value="Java(TM) SE Runtime Environment"/>
    <property name="file.encoding" value="UTF-8"/>
    <property name="java.vm.name" value="Java HotSpot(TM) 64-Bit Server VM"/>
    <property name="localRepository" value="D:\Code\Maven\maven_repository"/>
    <property name="java.vendor.url.bug" value="https://bugreport.java.com/bugreport/"/>
    <property name="java.io.tmpdir" value="C:\Users\Gundam\AppData\Local\Temp\"/>
    <property name="idea.version" value="2022.2.2"/>
    <property name="java.version" value="18.0.2.1"/>
    <property name="user.dir" value="D:\Codes\Projects\summer\summer_framework\Summer_Framework"/>
    <property name="os.arch" value="amd64"/>
    <property name="java.vm.specification.name" value="Java Virtual Machine Specification"/>
    <property name="sun.os.patch.level" value=""/>
    <property name="native.encoding" value="GBK"/>
    <property name="java.library.path" value="D:\Code\jdk-18\bin;C:\Windows\Sun\Java\bin;C:\Windows\system32;C:\Windows;C:\Windows;D:\Code\jdk-18\bin;D:\Code\jdk-18\jre\bin;C:\Program Files\Common Files\Oracle\Java\javapath;C:\Windows\system32;C:\Windows\System32\Wbem;C:\Windows\System32\WindowsPowerShell\v1.0\;C:\Windows\System32\OpenSSH\;D:\Applications1\computer\Bandizip\;C:\Program Files\NVIDIA Corporation\NVIDIA NvDLISR;C:\Program Files (x86)\NVIDIA Corporation\PhysX\Common;D:\Code\jdk-18;D:\Code\oracle\Ora10InstantClient;D:\Applications1\code\MySQL\bin;D:\Code\Maven\apache-maven-3.8.6\bin;D:\Code\Node.js\;D:\Applications1\code\Git\cmd;D:\Applications1\code\微信web开发者工具\dll;C:\Program Files\TortoiseGit\bin;C:\Program Files\Asiainfo Security\AisEsmAgent\atom_plugins\base_plugin;C:\Users\Gundam\AppData\Local\Programs\Python\Python311\Scripts\;C:\Users\Gundam\AppData\Local\Programs\Python\Python311\;C:\Users\Gundam\AppData\Local\Microsoft\WindowsApps;D:\Applications1\code\idea\IntelliJ IDEA 2022.2.1\bin;;D:\Applications1\code\vscode\Microsoft VS Code\bin;C:\Users\Gundam\AppData\Roaming\npm;D:\Applications1\code\webstorm\WebStorm 2022.3.2\bin;;D:\Applications1\play\QQgame\Hall.57975\;."/>
    <property name="java.vm.info" value="mixed mode, sharing"/>
    <property name="java.vendor" value="Oracle Corporation"/>
    <property name="java.vm.version" value="18.0.2.1+1-1"/>
    <property name="sun.io.unicode.encoding" value="UnicodeLittle"/>
    <property name="java.class.version" value="62.0"/>
  </properties>
  <testcase name="scanClass" classname="com.itranswarp.summer.io.ResourceResolverTest" time="0.015">
    <system-out><![CDATA[13:29:35.867 [main] DEBUG com.gaoda.io.ResourceResolver -- scan path: com/itranswarp/scan
13:29:35.869 [main] DEBUG com.gaoda.io.ResourceResolver -- found resource: Resource[path=file:D:\Codes\Projects\summer\summer_framework\Summer_Framework\target\test-classes\com\itranswarp\scan\convert\ValueConverterBean.class, name=com\itranswarp\scan\convert\ValueConverterBean.class]
13:29:35.870 [main] DEBUG com.gaoda.io.ResourceResolver -- found resource: Resource[path=file:D:\Codes\Projects\summer\summer_framework\Summer_Framework\target\test-classes\com\itranswarp\scan\custom\annotation\CustomAnnotation.class, name=com\itranswarp\scan\custom\annotation\CustomAnnotation.class]
13:29:35.870 [main] DEBUG com.gaoda.io.ResourceResolver -- found resource: Resource[path=file:D:\Codes\Projects\summer\summer_framework\Summer_Framework\target\test-classes\com\itranswarp\scan\custom\annotation\CustomAnnotationBean.class, name=com\itranswarp\scan\custom\annotation\CustomAnnotationBean.class]
13:29:35.871 [main] DEBUG com.gaoda.io.ResourceResolver -- found resource: Resource[path=file:D:\Codes\Projects\summer\summer_framework\Summer_Framework\target\test-classes\com\itranswarp\scan\destroy\AnnotationDestroyBean.class, name=com\itranswarp\scan\destroy\AnnotationDestroyBean.class]
13:29:35.871 [main] DEBUG com.gaoda.io.ResourceResolver -- found resource: Resource[path=file:D:\Codes\Projects\summer\summer_framework\Summer_Framework\target\test-classes\com\itranswarp\scan\destroy\SpecifyDestroyBean.class, name=com\itranswarp\scan\destroy\SpecifyDestroyBean.class]
13:29:35.871 [main] DEBUG com.gaoda.io.ResourceResolver -- found resource: Resource[path=file:D:\Codes\Projects\summer\summer_framework\Summer_Framework\target\test-classes\com\itranswarp\scan\destroy\SpecifyDestroyConfiguration.class, name=com\itranswarp\scan\destroy\SpecifyDestroyConfiguration.class]
13:29:35.872 [main] DEBUG com.gaoda.io.ResourceResolver -- found resource: Resource[path=file:D:\Codes\Projects\summer\summer_framework\Summer_Framework\target\test-classes\com\itranswarp\scan\init\AnnotationInitBean.class, name=com\itranswarp\scan\init\AnnotationInitBean.class]
13:29:35.872 [main] DEBUG com.gaoda.io.ResourceResolver -- found resource: Resource[path=file:D:\Codes\Projects\summer\summer_framework\Summer_Framework\target\test-classes\com\itranswarp\scan\init\SpecifyInitBean.class, name=com\itranswarp\scan\init\SpecifyInitBean.class]
13:29:35.872 [main] DEBUG com.gaoda.io.ResourceResolver -- found resource: Resource[path=file:D:\Codes\Projects\summer\summer_framework\Summer_Framework\target\test-classes\com\itranswarp\scan\init\SpecifyInitConfiguration.class, name=com\itranswarp\scan\init\SpecifyInitConfiguration.class]
13:29:35.873 [main] DEBUG com.gaoda.io.ResourceResolver -- found resource: Resource[path=file:D:\Codes\Projects\summer\summer_framework\Summer_Framework\target\test-classes\com\itranswarp\scan\nested\OuterBean$NestedBean.class, name=com\itranswarp\scan\nested\OuterBean$NestedBean.class]
13:29:35.873 [main] DEBUG com.gaoda.io.ResourceResolver -- found resource: Resource[path=file:D:\Codes\Projects\summer\summer_framework\Summer_Framework\target\test-classes\com\itranswarp\scan\nested\OuterBean.class, name=com\itranswarp\scan\nested\OuterBean.class]
13:29:35.874 [main] DEBUG com.gaoda.io.ResourceResolver -- found resource: Resource[path=file:D:\Codes\Projects\summer\summer_framework\Summer_Framework\target\test-classes\com\itranswarp\scan\primary\DogBean.class, name=com\itranswarp\scan\primary\DogBean.class]
13:29:35.874 [main] DEBUG com.gaoda.io.ResourceResolver -- found resource: Resource[path=file:D:\Codes\Projects\summer\summer_framework\Summer_Framework\target\test-classes\com\itranswarp\scan\primary\PersonBean.class, name=com\itranswarp\scan\primary\PersonBean.class]
13:29:35.874 [main] DEBUG com.gaoda.io.ResourceResolver -- found resource: Resource[path=file:D:\Codes\Projects\summer\summer_framework\Summer_Framework\target\test-classes\com\itranswarp\scan\primary\PrimaryConfiguration.class, name=com\itranswarp\scan\primary\PrimaryConfiguration.class]
13:29:35.874 [main] DEBUG com.gaoda.io.ResourceResolver -- found resource: Resource[path=file:D:\Codes\Projects\summer\summer_framework\Summer_Framework\target\test-classes\com\itranswarp\scan\primary\StudentBean.class, name=com\itranswarp\scan\primary\StudentBean.class]
13:29:35.875 [main] DEBUG com.gaoda.io.ResourceResolver -- found resource: Resource[path=file:D:\Codes\Projects\summer\summer_framework\Summer_Framework\target\test-classes\com\itranswarp\scan\primary\TeacherBean.class, name=com\itranswarp\scan\primary\TeacherBean.class]
13:29:35.875 [main] DEBUG com.gaoda.io.ResourceResolver -- found resource: Resource[path=file:D:\Codes\Projects\summer\summer_framework\Summer_Framework\target\test-classes\com\itranswarp\scan\proxy\FirstProxyBean.class, name=com\itranswarp\scan\proxy\FirstProxyBean.class]
13:29:35.876 [main] DEBUG com.gaoda.io.ResourceResolver -- found resource: Resource[path=file:D:\Codes\Projects\summer\summer_framework\Summer_Framework\target\test-classes\com\itranswarp\scan\proxy\FirstProxyBeanPostProcessor.class, name=com\itranswarp\scan\proxy\FirstProxyBeanPostProcessor.class]
13:29:35.876 [main] DEBUG com.gaoda.io.ResourceResolver -- found resource: Resource[path=file:D:\Codes\Projects\summer\summer_framework\Summer_Framework\target\test-classes\com\itranswarp\scan\proxy\InjectProxyOnConstructorBean.class, name=com\itranswarp\scan\proxy\InjectProxyOnConstructorBean.class]
13:29:35.876 [main] DEBUG com.gaoda.io.ResourceResolver -- found resource: Resource[path=file:D:\Codes\Projects\summer\summer_framework\Summer_Framework\target\test-classes\com\itranswarp\scan\proxy\InjectProxyOnPropertyBean.class, name=com\itranswarp\scan\proxy\InjectProxyOnPropertyBean.class]
13:29:35.876 [main] DEBUG com.gaoda.io.ResourceResolver -- found resource: Resource[path=file:D:\Codes\Projects\summer\summer_framework\Summer_Framework\target\test-classes\com\itranswarp\scan\proxy\OriginBean.class, name=com\itranswarp\scan\proxy\OriginBean.class]
13:29:35.877 [main] DEBUG com.gaoda.io.ResourceResolver -- found resource: Resource[path=file:D:\Codes\Projects\summer\summer_framework\Summer_Framework\target\test-classes\com\itranswarp\scan\proxy\SecondProxyBean.class, name=com\itranswarp\scan\proxy\SecondProxyBean.class]
13:29:35.877 [main] DEBUG com.gaoda.io.ResourceResolver -- found resource: Resource[path=file:D:\Codes\Projects\summer\summer_framework\Summer_Framework\target\test-classes\com\itranswarp\scan\proxy\SecondProxyBeanPostProcessor.class, name=com\itranswarp\scan\proxy\SecondProxyBeanPostProcessor.class]
13:29:35.877 [main] DEBUG com.gaoda.io.ResourceResolver -- found resource: Resource[path=file:D:\Codes\Projects\summer\summer_framework\Summer_Framework\target\test-classes\com\itranswarp\scan\ScanApplication.class, name=com\itranswarp\scan\ScanApplication.class]
13:29:35.878 [main] DEBUG com.gaoda.io.ResourceResolver -- found resource: Resource[path=file:D:\Codes\Projects\summer\summer_framework\Summer_Framework\target\test-classes\com\itranswarp\scan\sub1\sub1.txt, name=com\itranswarp\scan\sub1\sub1.txt]
13:29:35.878 [main] DEBUG com.gaoda.io.ResourceResolver -- found resource: Resource[path=file:D:\Codes\Projects\summer\summer_framework\Summer_Framework\target\test-classes\com\itranswarp\scan\sub1\Sub1Bean.class, name=com\itranswarp\scan\sub1\Sub1Bean.class]
13:29:35.879 [main] DEBUG com.gaoda.io.ResourceResolver -- found resource: Resource[path=file:D:\Codes\Projects\summer\summer_framework\Summer_Framework\target\test-classes\com\itranswarp\scan\sub1\sub2\sub2.txt, name=com\itranswarp\scan\sub1\sub2\sub2.txt]
13:29:35.879 [main] DEBUG com.gaoda.io.ResourceResolver -- found resource: Resource[path=file:D:\Codes\Projects\summer\summer_framework\Summer_Framework\target\test-classes\com\itranswarp\scan\sub1\sub2\Sub2Bean.class, name=com\itranswarp\scan\sub1\sub2\Sub2Bean.class]
13:29:35.880 [main] DEBUG com.gaoda.io.ResourceResolver -- found resource: Resource[path=file:D:\Codes\Projects\summer\summer_framework\Summer_Framework\target\test-classes\com\itranswarp\scan\sub1\sub2\sub3\sub3.txt, name=com\itranswarp\scan\sub1\sub2\sub3\sub3.txt]
13:29:35.880 [main] DEBUG com.gaoda.io.ResourceResolver -- found resource: Resource[path=file:D:\Codes\Projects\summer\summer_framework\Summer_Framework\target\test-classes\com\itranswarp\scan\sub1\sub2\sub3\Sub3Bean.class, name=com\itranswarp\scan\sub1\sub2\sub3\Sub3Bean.class]
[com.itranswarp.scan.ScanApplication, com.itranswarp.scan.convert.ValueConverterBean, com.itranswarp.scan.custom.annotation.CustomAnnotation, com.itranswarp.scan.custom.annotation.CustomAnnotationBean, com.itranswarp.scan.destroy.AnnotationDestroyBean, com.itranswarp.scan.destroy.SpecifyDestroyBean, com.itranswarp.scan.destroy.SpecifyDestroyConfiguration, com.itranswarp.scan.init.AnnotationInitBean, com.itranswarp.scan.init.SpecifyInitBean, com.itranswarp.scan.init.SpecifyInitConfiguration, com.itranswarp.scan.nested.OuterBean, com.itranswarp.scan.nested.OuterBean$NestedBean, com.itranswarp.scan.primary.DogBean, com.itranswarp.scan.primary.PersonBean, com.itranswarp.scan.primary.PrimaryConfiguration, com.itranswarp.scan.primary.StudentBean, com.itranswarp.scan.primary.TeacherBean, com.itranswarp.scan.proxy.FirstProxyBean, com.itranswarp.scan.proxy.FirstProxyBeanPostProcessor, com.itranswarp.scan.proxy.InjectProxyOnConstructorBean, com.itranswarp.scan.proxy.InjectProxyOnPropertyBean, com.itranswarp.scan.proxy.OriginBean, com.itranswarp.scan.proxy.SecondProxyBean, com.itranswarp.scan.proxy.SecondProxyBeanPostProcessor, com.itranswarp.scan.sub1.Sub1Bean, com.itranswarp.scan.sub1.sub2.Sub2Bean, com.itranswarp.scan.sub1.sub2.sub3.Sub3Bean]
]]></system-out>
  </testcase>
  <testcase name="scanJar" classname="com.itranswarp.summer.io.ResourceResolverTest" time="0.037">
    <system-out><![CDATA[13:29:35.882 [main] DEBUG com.gaoda.io.ResourceResolver -- scan path: jakarta/annotation
13:29:35.885 [main] DEBUG com.gaoda.io.ResourceResolver -- found resource: Resource[path=file:D:\Codes\Projects\summer\summer_framework\Summer_Framework\target\test-classes\jakarta\annotation\sub\AnnoScan.class, name=jakarta\annotation\sub\AnnoScan.class]
13:29:35.914 [main] DEBUG com.gaoda.io.ResourceResolver -- found resource: Resource[path=jar:file:/D:/Code/Maven/maven_repository/jakarta/annotation/jakarta.annotation-api/2.1.1/jakarta.annotation-api-2.1.1.jar!, name=jakarta/annotation/Nullable.class]
13:29:35.914 [main] DEBUG com.gaoda.io.ResourceResolver -- found resource: Resource[path=jar:file:/D:/Code/Maven/maven_repository/jakarta/annotation/jakarta.annotation-api/2.1.1/jakarta.annotation-api-2.1.1.jar!, name=jakarta/annotation/ManagedBean.class]
13:29:35.914 [main] DEBUG com.gaoda.io.ResourceResolver -- found resource: Resource[path=jar:file:/D:/Code/Maven/maven_repository/jakarta/annotation/jakarta.annotation-api/2.1.1/jakarta.annotation-api-2.1.1.jar!, name=jakarta/annotation/Generated.class]
13:29:35.914 [main] DEBUG com.gaoda.io.ResourceResolver -- found resource: Resource[path=jar:file:/D:/Code/Maven/maven_repository/jakarta/annotation/jakarta.annotation-api/2.1.1/jakarta.annotation-api-2.1.1.jar!, name=jakarta/annotation/Priority.class]
13:29:35.915 [main] DEBUG com.gaoda.io.ResourceResolver -- found resource: Resource[path=jar:file:/D:/Code/Maven/maven_repository/jakarta/annotation/jakarta.annotation-api/2.1.1/jakarta.annotation-api-2.1.1.jar!, name=jakarta/annotation/PreDestroy.class]
13:29:35.915 [main] DEBUG com.gaoda.io.ResourceResolver -- found resource: Resource[path=jar:file:/D:/Code/Maven/maven_repository/jakarta/annotation/jakarta.annotation-api/2.1.1/jakarta.annotation-api-2.1.1.jar!, name=jakarta/annotation/PostConstruct.class]
13:29:35.915 [main] DEBUG com.gaoda.io.ResourceResolver -- found resource: Resource[path=jar:file:/D:/Code/Maven/maven_repository/jakarta/annotation/jakarta.annotation-api/2.1.1/jakarta.annotation-api-2.1.1.jar!, name=jakarta/annotation/Resources.class]
13:29:35.915 [main] DEBUG com.gaoda.io.ResourceResolver -- found resource: Resource[path=jar:file:/D:/Code/Maven/maven_repository/jakarta/annotation/jakarta.annotation-api/2.1.1/jakarta.annotation-api-2.1.1.jar!, name=jakarta/annotation/Resource.class]
13:29:35.915 [main] DEBUG com.gaoda.io.ResourceResolver -- found resource: Resource[path=jar:file:/D:/Code/Maven/maven_repository/jakarta/annotation/jakarta.annotation-api/2.1.1/jakarta.annotation-api-2.1.1.jar!, name=jakarta/annotation/Resource$AuthenticationType.class]
13:29:35.915 [main] DEBUG com.gaoda.io.ResourceResolver -- found resource: Resource[path=jar:file:/D:/Code/Maven/maven_repository/jakarta/annotation/jakarta.annotation-api/2.1.1/jakarta.annotation-api-2.1.1.jar!, name=jakarta/annotation/Nonnull.class]
13:29:35.915 [main] DEBUG com.gaoda.io.ResourceResolver -- found resource: Resource[path=jar:file:/D:/Code/Maven/maven_repository/jakarta/annotation/jakarta.annotation-api/2.1.1/jakarta.annotation-api-2.1.1.jar!, name=jakarta/annotation/sql/DataSourceDefinition.class]
13:29:35.915 [main] DEBUG com.gaoda.io.ResourceResolver -- found resource: Resource[path=jar:file:/D:/Code/Maven/maven_repository/jakarta/annotation/jakarta.annotation-api/2.1.1/jakarta.annotation-api-2.1.1.jar!, name=jakarta/annotation/sql/DataSourceDefinitions.class]
13:29:35.915 [main] DEBUG com.gaoda.io.ResourceResolver -- found resource: Resource[path=jar:file:/D:/Code/Maven/maven_repository/jakarta/annotation/jakarta.annotation-api/2.1.1/jakarta.annotation-api-2.1.1.jar!, name=jakarta/annotation/security/RunAs.class]
13:29:35.915 [main] DEBUG com.gaoda.io.ResourceResolver -- found resource: Resource[path=jar:file:/D:/Code/Maven/maven_repository/jakarta/annotation/jakarta.annotation-api/2.1.1/jakarta.annotation-api-2.1.1.jar!, name=jakarta/annotation/security/RolesAllowed.class]
13:29:35.915 [main] DEBUG com.gaoda.io.ResourceResolver -- found resource: Resource[path=jar:file:/D:/Code/Maven/maven_repository/jakarta/annotation/jakarta.annotation-api/2.1.1/jakarta.annotation-api-2.1.1.jar!, name=jakarta/annotation/security/DenyAll.class]
13:29:35.915 [main] DEBUG com.gaoda.io.ResourceResolver -- found resource: Resource[path=jar:file:/D:/Code/Maven/maven_repository/jakarta/annotation/jakarta.annotation-api/2.1.1/jakarta.annotation-api-2.1.1.jar!, name=jakarta/annotation/security/PermitAll.class]
13:29:35.915 [main] DEBUG com.gaoda.io.ResourceResolver -- found resource: Resource[path=jar:file:/D:/Code/Maven/maven_repository/jakarta/annotation/jakarta.annotation-api/2.1.1/jakarta.annotation-api-2.1.1.jar!, name=jakarta/annotation/security/DeclareRoles.class]
]]></system-out>
  </testcase>
  <testcase name="scanTxt" classname="com.itranswarp.summer.io.ResourceResolverTest" time="0.016">
    <system-out><![CDATA[13:29:35.919 [main] DEBUG com.gaoda.io.ResourceResolver -- scan path: com/itranswarp/scan
13:29:35.921 [main] DEBUG com.gaoda.io.ResourceResolver -- found resource: Resource[path=file:D:\Codes\Projects\summer\summer_framework\Summer_Framework\target\test-classes\com\itranswarp\scan\convert\ValueConverterBean.class, name=com\itranswarp\scan\convert\ValueConverterBean.class]
13:29:35.922 [main] DEBUG com.gaoda.io.ResourceResolver -- found resource: Resource[path=file:D:\Codes\Projects\summer\summer_framework\Summer_Framework\target\test-classes\com\itranswarp\scan\custom\annotation\CustomAnnotation.class, name=com\itranswarp\scan\custom\annotation\CustomAnnotation.class]
13:29:35.922 [main] DEBUG com.gaoda.io.ResourceResolver -- found resource: Resource[path=file:D:\Codes\Projects\summer\summer_framework\Summer_Framework\target\test-classes\com\itranswarp\scan\custom\annotation\CustomAnnotationBean.class, name=com\itranswarp\scan\custom\annotation\CustomAnnotationBean.class]
13:29:35.922 [main] DEBUG com.gaoda.io.ResourceResolver -- found resource: Resource[path=file:D:\Codes\Projects\summer\summer_framework\Summer_Framework\target\test-classes\com\itranswarp\scan\destroy\AnnotationDestroyBean.class, name=com\itranswarp\scan\destroy\AnnotationDestroyBean.class]
13:29:35.923 [main] DEBUG com.gaoda.io.ResourceResolver -- found resource: Resource[path=file:D:\Codes\Projects\summer\summer_framework\Summer_Framework\target\test-classes\com\itranswarp\scan\destroy\SpecifyDestroyBean.class, name=com\itranswarp\scan\destroy\SpecifyDestroyBean.class]
13:29:35.923 [main] DEBUG com.gaoda.io.ResourceResolver -- found resource: Resource[path=file:D:\Codes\Projects\summer\summer_framework\Summer_Framework\target\test-classes\com\itranswarp\scan\destroy\SpecifyDestroyConfiguration.class, name=com\itranswarp\scan\destroy\SpecifyDestroyConfiguration.class]
13:29:35.923 [main] DEBUG com.gaoda.io.ResourceResolver -- found resource: Resource[path=file:D:\Codes\Projects\summer\summer_framework\Summer_Framework\target\test-classes\com\itranswarp\scan\init\AnnotationInitBean.class, name=com\itranswarp\scan\init\AnnotationInitBean.class]
13:29:35.923 [main] DEBUG com.gaoda.io.ResourceResolver -- found resource: Resource[path=file:D:\Codes\Projects\summer\summer_framework\Summer_Framework\target\test-classes\com\itranswarp\scan\init\SpecifyInitBean.class, name=com\itranswarp\scan\init\SpecifyInitBean.class]
13:29:35.924 [main] DEBUG com.gaoda.io.ResourceResolver -- found resource: Resource[path=file:D:\Codes\Projects\summer\summer_framework\Summer_Framework\target\test-classes\com\itranswarp\scan\init\SpecifyInitConfiguration.class, name=com\itranswarp\scan\init\SpecifyInitConfiguration.class]
13:29:35.925 [main] DEBUG com.gaoda.io.ResourceResolver -- found resource: Resource[path=file:D:\Codes\Projects\summer\summer_framework\Summer_Framework\target\test-classes\com\itranswarp\scan\nested\OuterBean$NestedBean.class, name=com\itranswarp\scan\nested\OuterBean$NestedBean.class]
13:29:35.925 [main] DEBUG com.gaoda.io.ResourceResolver -- found resource: Resource[path=file:D:\Codes\Projects\summer\summer_framework\Summer_Framework\target\test-classes\com\itranswarp\scan\nested\OuterBean.class, name=com\itranswarp\scan\nested\OuterBean.class]
13:29:35.926 [main] DEBUG com.gaoda.io.ResourceResolver -- found resource: Resource[path=file:D:\Codes\Projects\summer\summer_framework\Summer_Framework\target\test-classes\com\itranswarp\scan\primary\DogBean.class, name=com\itranswarp\scan\primary\DogBean.class]
13:29:35.926 [main] DEBUG com.gaoda.io.ResourceResolver -- found resource: Resource[path=file:D:\Codes\Projects\summer\summer_framework\Summer_Framework\target\test-classes\com\itranswarp\scan\primary\PersonBean.class, name=com\itranswarp\scan\primary\PersonBean.class]
13:29:35.926 [main] DEBUG com.gaoda.io.ResourceResolver -- found resource: Resource[path=file:D:\Codes\Projects\summer\summer_framework\Summer_Framework\target\test-classes\com\itranswarp\scan\primary\PrimaryConfiguration.class, name=com\itranswarp\scan\primary\PrimaryConfiguration.class]
13:29:35.927 [main] DEBUG com.gaoda.io.ResourceResolver -- found resource: Resource[path=file:D:\Codes\Projects\summer\summer_framework\Summer_Framework\target\test-classes\com\itranswarp\scan\primary\StudentBean.class, name=com\itranswarp\scan\primary\StudentBean.class]
13:29:35.927 [main] DEBUG com.gaoda.io.ResourceResolver -- found resource: Resource[path=file:D:\Codes\Projects\summer\summer_framework\Summer_Framework\target\test-classes\com\itranswarp\scan\primary\TeacherBean.class, name=com\itranswarp\scan\primary\TeacherBean.class]
13:29:35.928 [main] DEBUG com.gaoda.io.ResourceResolver -- found resource: Resource[path=file:D:\Codes\Projects\summer\summer_framework\Summer_Framework\target\test-classes\com\itranswarp\scan\proxy\FirstProxyBean.class, name=com\itranswarp\scan\proxy\FirstProxyBean.class]
13:29:35.929 [main] DEBUG com.gaoda.io.ResourceResolver -- found resource: Resource[path=file:D:\Codes\Projects\summer\summer_framework\Summer_Framework\target\test-classes\com\itranswarp\scan\proxy\FirstProxyBeanPostProcessor.class, name=com\itranswarp\scan\proxy\FirstProxyBeanPostProcessor.class]
13:29:35.929 [main] DEBUG com.gaoda.io.ResourceResolver -- found resource: Resource[path=file:D:\Codes\Projects\summer\summer_framework\Summer_Framework\target\test-classes\com\itranswarp\scan\proxy\InjectProxyOnConstructorBean.class, name=com\itranswarp\scan\proxy\InjectProxyOnConstructorBean.class]
13:29:35.929 [main] DEBUG com.gaoda.io.ResourceResolver -- found resource: Resource[path=file:D:\Codes\Projects\summer\summer_framework\Summer_Framework\target\test-classes\com\itranswarp\scan\proxy\InjectProxyOnPropertyBean.class, name=com\itranswarp\scan\proxy\InjectProxyOnPropertyBean.class]
13:29:35.929 [main] DEBUG com.gaoda.io.ResourceResolver -- found resource: Resource[path=file:D:\Codes\Projects\summer\summer_framework\Summer_Framework\target\test-classes\com\itranswarp\scan\proxy\OriginBean.class, name=com\itranswarp\scan\proxy\OriginBean.class]
13:29:35.930 [main] DEBUG com.gaoda.io.ResourceResolver -- found resource: Resource[path=file:D:\Codes\Projects\summer\summer_framework\Summer_Framework\target\test-classes\com\itranswarp\scan\proxy\SecondProxyBean.class, name=com\itranswarp\scan\proxy\SecondProxyBean.class]
13:29:35.930 [main] DEBUG com.gaoda.io.ResourceResolver -- found resource: Resource[path=file:D:\Codes\Projects\summer\summer_framework\Summer_Framework\target\test-classes\com\itranswarp\scan\proxy\SecondProxyBeanPostProcessor.class, name=com\itranswarp\scan\proxy\SecondProxyBeanPostProcessor.class]
13:29:35.930 [main] DEBUG com.gaoda.io.ResourceResolver -- found resource: Resource[path=file:D:\Codes\Projects\summer\summer_framework\Summer_Framework\target\test-classes\com\itranswarp\scan\ScanApplication.class, name=com\itranswarp\scan\ScanApplication.class]
13:29:35.931 [main] DEBUG com.gaoda.io.ResourceResolver -- found resource: Resource[path=file:D:\Codes\Projects\summer\summer_framework\Summer_Framework\target\test-classes\com\itranswarp\scan\sub1\sub1.txt, name=com\itranswarp\scan\sub1\sub1.txt]
13:29:35.931 [main] DEBUG com.gaoda.io.ResourceResolver -- found resource: Resource[path=file:D:\Codes\Projects\summer\summer_framework\Summer_Framework\target\test-classes\com\itranswarp\scan\sub1\Sub1Bean.class, name=com\itranswarp\scan\sub1\Sub1Bean.class]
13:29:35.931 [main] DEBUG com.gaoda.io.ResourceResolver -- found resource: Resource[path=file:D:\Codes\Projects\summer\summer_framework\Summer_Framework\target\test-classes\com\itranswarp\scan\sub1\sub2\sub2.txt, name=com\itranswarp\scan\sub1\sub2\sub2.txt]
13:29:35.932 [main] DEBUG com.gaoda.io.ResourceResolver -- found resource: Resource[path=file:D:\Codes\Projects\summer\summer_framework\Summer_Framework\target\test-classes\com\itranswarp\scan\sub1\sub2\Sub2Bean.class, name=com\itranswarp\scan\sub1\sub2\Sub2Bean.class]
13:29:35.932 [main] DEBUG com.gaoda.io.ResourceResolver -- found resource: Resource[path=file:D:\Codes\Projects\summer\summer_framework\Summer_Framework\target\test-classes\com\itranswarp\scan\sub1\sub2\sub3\sub3.txt, name=com\itranswarp\scan\sub1\sub2\sub3\sub3.txt]
13:29:35.932 [main] DEBUG com.gaoda.io.ResourceResolver -- found resource: Resource[path=file:D:\Codes\Projects\summer\summer_framework\Summer_Framework\target\test-classes\com\itranswarp\scan\sub1\sub2\sub3\Sub3Bean.class, name=com\itranswarp\scan\sub1\sub2\sub3\Sub3Bean.class]
]]></system-out>
  </testcase>
</testsuite>